#
# A fatal error has been detected by the Java Runtime Environment:
#
#  SIGSEGV (0xb) at pc=0x000000010d74d1b6, pid=3747, tid=0x0000000000002a03
#
# JRE version: Java(TM) SE Runtime Environment (8.0_221-b11) (build 1.8.0_221-b11)
# Java VM: Java HotSpot(TM) 64-Bit Server VM (25.221-b11 mixed mode bsd-amd64 compressed oops)
# Problematic frame:
# V  [libjvm.dylib+0x2c61b6]  void PSParallelCompact::mark_and_push<unsigned int>(ParCompactionManager*, unsigned int*)+0x58
#
# Failed to write core dump. Core dumps have been disabled. To enable core dumping, try "ulimit -c unlimited" before starting Java again
#
# If you would like to submit a bug report, please visit:
#   http://bugreport.java.com/bugreport/crash.jsp
#

---------------  T H R E A D  ---------------

Current thread (0x00007feada80b000):  GCTaskThread [stack: 0x000070000638b000,0x000070000648b000] [id=10755]

siginfo: si_signo: 11 (SIGSEGV), si_code: 0 (unknown), si_addr: 0x0000000000000000

Registers:
RAX=0x0000000122a7a000, RBX=0x00007feada6049b0, RCX=0x03ffffffe6000000, RDX=0x1fffffff30000000
RSP=0x000070000648abe0, RBP=0x000070000648ac00, RSI=0x00000006c25cdbdc, RDI=0x00007feada6049b0
R8 =0x000000000000004b, R9 =0x000000000000739d, R10=0x0100024004800901, R11=0x0020000000000000
R12=0x00000006c25cdbdc, R13=0x00000006c25cdc20, R14=0x0000000040000000, R15=0x00000007c013f728
RIP=0x000000010d74d1b6, EFLAGS=0x0000000000010206, ERR=0x0000000000000000
  TRAPNO=0x000000000000000d

Top of Stack: (sp=0x000070000648abe0)
0x000070000648abe0:   000070000648ac50 00007feada6049b0
0x000070000648abf0:   00000007c013f720 00000007c013f728
0x000070000648ac00:   000070000648ac50 000000010d749f0d
0x000070000648ac10:   00007feada6049b0 00000006c25cdbc0
0x000070000648ac20:   0000000772b08928 00007feada6049b0
0x000070000648ac30:   00000006c25cdbc0 0000000000000200
0x000070000648ac40:   00007feada6049b8 000000010dccef60
0x000070000648ac50:   000070000648ace0 000000010d947d6c
0x000070000648ac60:   00003c0000000000 00007feada6049f0
0x000070000648ac70:   00007feada604a38 00007feada604a70
0x000070000648ac80:   0000000773365110 0000000100000200
0x000070000648ac90:   00000006c25cdbc0 000070000648ad88
0x000070000648aca0:   0000000000000078 000000010dd98c30
0x000070000648acb0:   0000000800000021 00007feada6049b0
0x000070000648acc0:   0000000000000000 000000010daa038b
0x000070000648acd0:   000070000648ad88 0000000000000001
0x000070000648ace0:   000070000648adb0 000000010d93a82b
0x000070000648acf0:   0000000000000000 00007feada40bf68
0x000070000648ad00:   000070000648ad60 00007fff55d587a7
0x000070000648ad10:   00007feada407fa0 00007feada40bf68
0x000070000648ad20:   0000000000000000 0000000000000001
0x000070000648ad30:   0000700000000000 00007feada40bf00
0x000070000648ad40:   0000000000000000 000000010da7cba7
0x000070000648ad50:   00007feada40bf28 0000000000000003
0x000070000648ad60:   000070000648ad80 000000010d911e3e
0x000070000648ad70:   000000010dd677d0 00007feada407f00
0x000070000648ad80:   000070000648ad88 000000010dd677a0
0x000070000648ad90:   0000000000000000 00007feada6049b0
0x000070000648ada0:   00007feada80b000 00007feada600b60
0x000070000648adb0:   000070000648ae90 000000010d70049b
0x000070000648adc0:   000070000648adf0 00007feada40a2c0
0x000070000648add0:   00007feada40a2f0 00007feada40a300 

Instructions: (pc=0x000000010d74d1b6)
0x000000010d74d196:   10 48 c1 ea 03 48 8d 0d 06 63 56 00 8a 09 48 d3
0x000000010d74d1a6:   ea 48 89 d1 48 83 e1 c0 48 c1 e9 03 48 8b 40 30
0x000000010d74d1b6:   48 8b 04 08 48 0f a3 d0 72 5d 4c 89 f7 e8 44 4f
0x000000010d74d1c6:   ee ff 4c 63 f8 48 8d 3d 6e 5c 63 00 4c 89 f6 4c 

Register to memory mapping:

RAX=0x0000000122a7a000 is an unknown value
RBX=0x00007feada6049b0 is an unknown value
RCX=0x03ffffffe6000000 is an unknown value
RDX=0x1fffffff30000000 is an unknown value
RSP=0x000070000648abe0 is an unknown value
RBP=0x000070000648ac00 is an unknown value
RSI=0x00000006c25cdbdc is pointing into object: 0x00000006c25cdbc0
org.apache.maven.model.Dependency 
 - klass: 'org/apache/maven/model/Dependency'
RDI=0x00007feada6049b0 is an unknown value
R8 =0x000000000000004b is an unknown value
R9 =0x000000000000739d is an unknown value
R10=0x0100024004800901 is an unknown value
R11=0x0020000000000000 is an unknown value
R12=0x00000006c25cdbdc is pointing into object: 0x00000006c25cdbc0
org.apache.maven.model.Dependency 
 - klass: 'org/apache/maven/model/Dependency'
R13=0x00000006c25cdc20 is an oop
java.util.ArrayList 
 - klass: 'java/util/ArrayList'
R14=0x0000000040000000 is an unknown value
R15=0x00000007c013f728 is pointing into metadata


Stack: [0x000070000638b000,0x000070000648b000],  sp=0x000070000648abe0,  free space=1022k
Native frames: (J=compiled Java code, j=interpreted, Vv=VM code, C=native code)
V  [libjvm.dylib+0x2c61b6]  void PSParallelCompact::mark_and_push<unsigned int>(ParCompactionManager*, unsigned int*)+0x58
V  [libjvm.dylib+0x2c2f0d]  InstanceKlass::oop_follow_contents(ParCompactionManager*, oopDesc*)+0x10d
V  [libjvm.dylib+0x4c0d6c]  ParCompactionManager::follow_marking_stacks()+0xb4
V  [libjvm.dylib+0x4b382b]  MarkFromRootsTask::do_it(GCTaskManager*, unsigned int)+0x1b9
V  [libjvm.dylib+0x27949b]  GCTaskThread::run()+0x1a1
V  [libjvm.dylib+0x48f30a]  java_start(Thread*)+0xf6
C  [libsystem_pthread.dylib+0x3661]  _pthread_body+0x154
C  [libsystem_pthread.dylib+0x350d]  _pthread_body+0x0
C  [libsystem_pthread.dylib+0x2bf9]  thread_start+0xd


---------------  P R O C E S S  ---------------

Java Threads: ( => current thread )
  0x00007feadc38a000 JavaThread "Attach Listener" daemon [_thread_blocked, id=15875, stack(0x0000700006faf000,0x00007000070af000)]
  0x00007feadb811800 JavaThread "Service Thread" daemon [_thread_blocked, id=18179, stack(0x0000700006da9000,0x0000700006ea9000)]
  0x00007feadb82b000 JavaThread "C1 CompilerThread2" daemon [_thread_blocked, id=18691, stack(0x0000700006ca6000,0x0000700006da6000)]
  0x00007feadb811000 JavaThread "C2 CompilerThread1" daemon [_thread_blocked, id=19203, stack(0x0000700006ba3000,0x0000700006ca3000)]
  0x00007feadc079800 JavaThread "C2 CompilerThread0" daemon [_thread_blocked, id=19459, stack(0x0000700006aa0000,0x0000700006ba0000)]
  0x00007feadc078000 JavaThread "Monitor Ctrl-Break" daemon [_thread_in_native, id=14595, stack(0x000070000699d000,0x0000700006a9d000)]
  0x00007feadb816800 JavaThread "Signal Dispatcher" daemon [_thread_blocked, id=14087, stack(0x000070000689a000,0x000070000699a000)]
  0x00007feadb00c800 JavaThread "Finalizer" daemon [_thread_blocked, id=12291, stack(0x0000700006797000,0x0000700006897000)]
  0x00007feadc037800 JavaThread "Reference Handler" daemon [_thread_blocked, id=12035, stack(0x0000700006694000,0x0000700006794000)]
  0x00007feadb802000 JavaThread "main" [_thread_blocked, id=9987, stack(0x0000700006082000,0x0000700006182000)]

Other Threads:
  0x00007feadc031000 VMThread [stack: 0x0000700006591000,0x0000700006691000] [id=11779]
  0x00007feadb043800 WatcherThread [stack: 0x0000700006eac000,0x0000700006fac000] [id=15619]

=>0x00007feada80b000 (exited) GCTaskThread [stack: 0x000070000638b000,0x000070000648b000] [id=10755]

VM state:at safepoint (normal execution)

VM Mutex/Monitor currently owned by a thread:  ([mutex/lock_event])
[0x00007feada50f960] Threads_lock - owner thread: 0x00007feadc031000
[0x00007feada50fe60] Heap_lock - owner thread: 0x00007feadb802000

heap address: 0x00000006c0000000, size: 4096 MB, Compressed Oops mode: Zero based, Oop shift amount: 3
Narrow klass base: 0x0000000000000000, Narrow klass shift: 3
Compressed class space size: 1073741824 Address: 0x00000007c0000000

Heap:
 PSYoungGen      total 141824K, used 10745K [0x000000076ab00000, 0x000000077ff00000, 0x00000007c0000000)
  eden space 131072K, 0% used [0x000000076ab00000,0x000000076ab00000,0x0000000772b00000)
  from space 10752K, 99% used [0x0000000772b00000,0x000000077357e760,0x0000000773580000)
  to   space 43008K, 0% used [0x000000077d500000,0x000000077d500000,0x000000077ff00000)
 ParOldGen       total 175104K, used 44984K [0x00000006c0000000, 0x00000006cab00000, 0x000000076ab00000)
  object space 175104K, 25% used [0x00000006c0000000,0x00000006c2bee2c8,0x00000006cab00000)
 Metaspace       used 20602K, capacity 21196K, committed 21296K, reserved 1069056K
  class space    used 2395K, capacity 2565K, committed 2608K, reserved 1048576K

Card table byte_map: [0x000000010f1c0000,0x000000010f9c1000] byte_map_base: 0x000000010bbc0000

Marking Bits: (ParMarkBitMap*) 0x000000010dd82e40
 Begin Bits: [0x0000000122a7a000, 0x0000000126a7a000)
 End Bits:   [0x0000000126a7a000, 0x000000012aa7a000)

Polling page: 0x000000010e484000

CodeCache: size=245760Kb used=12183Kb max_used=12183Kb free=233576Kb
 bounds [0x0000000113a7a000, 0x000000011466a000, 0x0000000122a7a000]
 total_blobs=3942 nmethods=3558 adapters=297
 compilation: enabled

Compilation events (10 events):
Event: 6.321 Thread 0x00007feadb82b000 3568       3       com.sun.tools.javac.util.ArrayUtils::ensureCapacity (30 bytes)
Event: 6.321 Thread 0x00007feadb82b000 nmethod 3568 0x0000000114666e10 code [0x0000000114666fa0, 0x0000000114667348]
Event: 6.321 Thread 0x00007feadb82b000 3569       3       com.sun.tools.javac.util.List::nil (4 bytes)
Event: 6.321 Thread 0x00007feadb82b000 nmethod 3569 0x0000000114666b10 code [0x0000000114666c60, 0x0000000114666d90]
Event: 6.321 Thread 0x00007feadb82b000 3570       3       com.sun.tools.javac.code.AnnoConstruct::<init> (5 bytes)
Event: 6.321 Thread 0x00007feadb82b000 nmethod 3570 0x0000000114666750 code [0x00000001146668c0, 0x0000000114666a70]
Event: 6.321 Thread 0x00007feadb82b000 3571       3       com.sun.tools.javac.util.Assert::check (8 bytes)
Event: 6.321 Thread 0x00007feadb82b000 nmethod 3571 0x0000000114666210 code [0x0000000114666380, 0x0000000114666608]
Event: 6.321 Thread 0x00007feadb82b000 3572       3       com.sun.tools.javac.util.List::<init> (15 bytes)
Event: 6.321 Thread 0x00007feadb82b000 nmethod 3572 0x0000000114665d50 code [0x0000000114665ec0, 0x0000000114666110]

GC Heap History (10 events):
Event: 0.866 GC heap after
Heap after GC invocations=1 (full 0):
 PSYoungGen      total 76288K, used 8355K [0x000000076ab00000, 0x0000000770000000, 0x00000007c0000000)
  eden space 65536K, 0% used [0x000000076ab00000,0x000000076ab00000,0x000000076eb00000)
  from space 10752K, 77% used [0x000000076eb00000,0x000000076f328d40,0x000000076f580000)
  to   space 10752K, 0% used [0x000000076f580000,0x000000076f580000,0x0000000770000000)
 ParOldGen       total 175104K, used 16K [0x00000006c0000000, 0x00000006cab00000, 0x000000076ab00000)
  object space 175104K, 0% used [0x00000006c0000000,0x00000006c0004000,0x00000006cab00000)
 Metaspace       used 10844K, capacity 10966K, committed 11136K, reserved 1058816K
  class space    used 1314K, capacity 1378K, committed 1408K, reserved 1048576K
}
Event: 1.739 GC heap before
{Heap before GC invocations=2 (full 0):
 PSYoungGen      total 76288K, used 73891K [0x000000076ab00000, 0x0000000770000000, 0x00000007c0000000)
  eden space 65536K, 100% used [0x000000076ab00000,0x000000076eb00000,0x000000076eb00000)
  from space 10752K, 77% used [0x000000076eb00000,0x000000076f328d40,0x000000076f580000)
  to   space 10752K, 0% used [0x000000076f580000,0x000000076f580000,0x0000000770000000)
 ParOldGen       total 175104K, used 16K [0x00000006c0000000, 0x00000006cab00000, 0x000000076ab00000)
  object space 175104K, 0% used [0x00000006c0000000,0x00000006c0004000,0x00000006cab00000)
 Metaspace       used 15889K, capacity 16242K, committed 16384K, reserved 1062912K
  class space    used 1905K, capacity 2010K, committed 2048K, reserved 1048576K
Event: 1.750 GC heap after
Heap after GC invocations=2 (full 0):
 PSYoungGen      total 76288K, used 10748K [0x000000076ab00000, 0x0000000774000000, 0x00000007c0000000)
  eden space 65536K, 0% used [0x000000076ab00000,0x000000076ab00000,0x000000076eb00000)
  from space 10752K, 99% used [0x000000076f580000,0x000000076ffff1b8,0x0000000770000000)
  to   space 10752K, 0% used [0x000000076eb00000,0x000000076eb00000,0x000000076f580000)
 ParOldGen       total 175104K, used 359K [0x00000006c0000000, 0x00000006cab00000, 0x000000076ab00000)
  object space 175104K, 0% used [0x00000006c0000000,0x00000006c0059e08,0x00000006cab00000)
 Metaspace       used 15889K, capacity 16242K, committed 16384K, reserved 1062912K
  class space    used 1905K, capacity 2010K, committed 2048K, reserved 1048576K
}
Event: 2.359 GC heap before
{Heap before GC invocations=3 (full 0):
 PSYoungGen      total 76288K, used 76284K [0x000000076ab00000, 0x0000000774000000, 0x00000007c0000000)
  eden space 65536K, 100% used [0x000000076ab00000,0x000000076eb00000,0x000000076eb00000)
  from space 10752K, 99% used [0x000000076f580000,0x000000076ffff1b8,0x0000000770000000)
  to   space 10752K, 0% used [0x000000076eb00000,0x000000076eb00000,0x000000076f580000)
 ParOldGen       total 175104K, used 359K [0x00000006c0000000, 0x00000006cab00000, 0x000000076ab00000)
  object space 175104K, 0% used [0x00000006c0000000,0x00000006c0059e08,0x00000006cab00000)
 Metaspace       used 16452K, capacity 16864K, committed 17152K, reserved 1064960K
  class space    used 1934K, capacity 2017K, committed 2048K, reserved 1048576K
Event: 2.408 GC heap after
Heap after GC invocations=3 (full 0):
 PSYoungGen      total 76288K, used 10720K [0x000000076ab00000, 0x0000000774000000, 0x00000007c0000000)
  eden space 65536K, 0% used [0x000000076ab00000,0x000000076ab00000,0x000000076eb00000)
  from space 10752K, 99% used [0x000000076eb00000,0x000000076f578020,0x000000076f580000)
  to   space 10752K, 0% used [0x0000000773580000,0x0000000773580000,0x0000000774000000)
 ParOldGen       total 175104K, used 38674K [0x00000006c0000000, 0x00000006cab00000, 0x000000076ab00000)
  object space 175104K, 22% used [0x00000006c0000000,0x00000006c25c4ae0,0x00000006cab00000)
 Metaspace       used 16452K, capacity 16864K, committed 17152K, reserved 1064960K
  class space    used 1934K, capacity 2017K, committed 2048K, reserved 1048576K
}
Event: 6.013 GC heap before
{Heap before GC invocations=4 (full 0):
 PSYoungGen      total 76288K, used 76256K [0x000000076ab00000, 0x0000000774000000, 0x00000007c0000000)
  eden space 65536K, 100% used [0x000000076ab00000,0x000000076eb00000,0x000000076eb00000)
  from space 10752K, 99% used [0x000000076eb00000,0x000000076f578020,0x000000076f580000)
  to   space 10752K, 0% used [0x0000000773580000,0x0000000773580000,0x0000000774000000)
 ParOldGen       total 175104K, used 38674K [0x00000006c0000000, 0x00000006cab00000, 0x000000076ab00000)
  object space 175104K, 22% used [0x00000006c0000000,0x00000006c25c4ae0,0x00000006cab00000)
 Metaspace       used 17885K, capacity 18402K, committed 18688K, reserved 1064960K
  class space    used 2065K, capacity 2228K, committed 2304K, reserved 1048576K
Event: 6.028 GC heap after
Heap after GC invocations=4 (full 0):
 PSYoungGen      total 141824K, used 10736K [0x000000076ab00000, 0x0000000774000000, 0x00000007c0000000)
  eden space 131072K, 0% used [0x000000076ab00000,0x000000076ab00000,0x0000000772b00000)
  from space 10752K, 99% used [0x0000000773580000,0x0000000773ffc030,0x0000000774000000)
  to   space 10752K, 0% used [0x0000000772b00000,0x0000000772b00000,0x0000000773580000)
 ParOldGen       total 175104K, used 42705K [0x00000006c0000000, 0x00000006cab00000, 0x000000076ab00000)
  object space 175104K, 24% used [0x00000006c0000000,0x00000006c29b47e0,0x00000006cab00000)
 Metaspace       used 17885K, capacity 18402K, committed 18688K, reserved 1064960K
  class space    used 2065K, capacity 2228K, committed 2304K, reserved 1048576K
}
Event: 6.350 GC heap before
{Heap before GC invocations=5 (full 0):
 PSYoungGen      total 141824K, used 44967K [0x000000076ab00000, 0x0000000774000000, 0x00000007c0000000)
  eden space 131072K, 26% used [0x000000076ab00000,0x000000076cc6de40,0x0000000772b00000)
  from space 10752K, 99% used [0x0000000773580000,0x0000000773ffc030,0x0000000774000000)
  to   space 10752K, 0% used [0x0000000772b00000,0x0000000772b00000,0x0000000773580000)
 ParOldGen       total 175104K, used 42705K [0x00000006c0000000, 0x00000006cab00000, 0x000000076ab00000)
  object space 175104K, 24% used [0x00000006c0000000,0x00000006c29b47e0,0x00000006cab00000)
 Metaspace       used 20602K, capacity 21196K, committed 21296K, reserved 1069056K
  class space    used 2395K, capacity 2565K, committed 2608K, reserved 1048576K
Event: 6.364 GC heap after
Heap after GC invocations=5 (full 0):
 PSYoungGen      total 141824K, used 10745K [0x000000076ab00000, 0x000000077ff00000, 0x00000007c0000000)
  eden space 131072K, 0% used [0x000000076ab00000,0x000000076ab00000,0x0000000772b00000)
  from space 10752K, 99% used [0x0000000772b00000,0x000000077357e760,0x0000000773580000)
  to   space 43008K, 0% used [0x000000077d500000,0x000000077d500000,0x000000077ff00000)
 ParOldGen       total 175104K, used 44984K [0x00000006c0000000, 0x00000006cab00000, 0x000000076ab00000)
  object space 175104K, 25% used [0x00000006c0000000,0x00000006c2bee2c8,0x00000006cab00000)
 Metaspace       used 20602K, capacity 21196K, committed 21296K, reserved 1069056K
  class space    used 2395K, capacity 2565K, committed 2608K, reserved 1048576K
}
Event: 6.364 GC heap before
{Heap before GC invocations=6 (full 1):
 PSYoungGen      total 141824K, used 10745K [0x000000076ab00000, 0x000000077ff00000, 0x00000007c0000000)
  eden space 131072K, 0% used [0x000000076ab00000,0x000000076ab00000,0x0000000772b00000)
  from space 10752K, 99% used [0x0000000772b00000,0x000000077357e760,0x0000000773580000)
  to   space 43008K, 0% used [0x000000077d500000,0x000000077d500000,0x000000077ff00000)
 ParOldGen       total 175104K, used 44984K [0x00000006c0000000, 0x00000006cab00000, 0x000000076ab00000)
  object space 175104K, 25% used [0x00000006c0000000,0x00000006c2bee2c8,0x00000006cab00000)
 Metaspace       used 20602K, capacity 21196K, committed 21296K, reserved 1069056K
  class space    used 2395K, capacity 2565K, committed 2608K, reserved 1048576K

Deoptimization events (10 events):
Event: 2.764 Thread 0x00007feadb802000 Uncommon trap: reason=class_check action=maybe_recompile pc=0x0000000113fb750c method=com.google.inject.internal.LinkedBindingImpl.acceptTargetVisitor(Lcom/google/inject/spi/BindingTargetVisitor;)Ljava/lang/Object; @ 2
Event: 2.764 Thread 0x00007feadb802000 Uncommon trap: reason=class_check action=maybe_recompile pc=0x0000000113fb750c method=com.google.inject.internal.LinkedBindingImpl.acceptTargetVisitor(Lcom/google/inject/spi/BindingTargetVisitor;)Ljava/lang/Object; @ 2
Event: 5.877 Thread 0x00007feadb802000 Uncommon trap: reason=predicate action=maybe_recompile pc=0x0000000114520b80 method=java.util.TimSort.binarySort([Ljava/lang/Object;IIILjava/util/Comparator;)V @ 37
Event: 5.887 Thread 0x00007feadb802000 Uncommon trap: reason=unstable_if action=reinterpret pc=0x000000011425d4a4 method=java.lang.ClassLoader.getPackage(Ljava/lang/String;)Ljava/lang/Package; @ 60
Event: 5.890 Thread 0x00007feadb802000 Uncommon trap: reason=array_check action=maybe_recompile pc=0x000000011452aaa0 method=java.util.TimSort.binarySort([Ljava/lang/Object;IIILjava/util/Comparator;)V @ 215
Event: 5.890 Thread 0x00007feadb802000 Uncommon trap: reason=array_check action=maybe_recompile pc=0x000000011452aaa0 method=java.util.TimSort.binarySort([Ljava/lang/Object;IIILjava/util/Comparator;)V @ 215
Event: 5.890 Thread 0x00007feadb802000 Uncommon trap: reason=array_check action=maybe_recompile pc=0x000000011452ab88 method=java.util.TimSort.binarySort([Ljava/lang/Object;IIILjava/util/Comparator;)V @ 193
Event: 5.891 Thread 0x00007feadb802000 Uncommon trap: reason=array_check action=maybe_recompile pc=0x000000011452ac74 method=java.util.TimSort.binarySort([Ljava/lang/Object;IIILjava/util/Comparator;)V @ 183
Event: 5.892 Thread 0x00007feadb802000 Uncommon trap: reason=array_check action=maybe_recompile pc=0x000000011452ac74 method=java.util.TimSort.binarySort([Ljava/lang/Object;IIILjava/util/Comparator;)V @ 183
Event: 5.930 Thread 0x00007feadb802000 Uncommon trap: reason=unstable_if action=reinterpret pc=0x00000001141974b8 method=sun.nio.cs.UTF_8$Encoder.encodeArrayLoop(Ljava/nio/CharBuffer;Ljava/nio/ByteBuffer;)Ljava/nio/charset/CoderResult; @ 87

Classes redefined (0 events):
No events

Internal exceptions (10 events):
Event: 1.361 Thread 0x00007feadb802000 Exception <a 'java/lang/NullPointerException'> (0x000000076ceeaf10) thrown at [/Users/java_re/workspace/8-2-build-macosx-x86_64/jdk8u221/13320/hotspot/src/share/vm/interpreter/linkResolver.cpp, line 1185]
Event: 1.361 Thread 0x00007feadb802000 Exception <a 'java/lang/NullPointerException'> (0x000000076ceeb128) thrown at [/Users/java_re/workspace/8-2-build-macosx-x86_64/jdk8u221/13320/hotspot/src/share/vm/interpreter/linkResolver.cpp, line 1185]
Event: 1.361 Thread 0x00007feadb802000 Exception <a 'java/lang/NullPointerException'> (0x000000076ceeb340) thrown at [/Users/java_re/workspace/8-2-build-macosx-x86_64/jdk8u221/13320/hotspot/src/share/vm/interpreter/linkResolver.cpp, line 1185]
Event: 1.389 Thread 0x00007feadb802000 Implicit null exception at 0x0000000113d8bbb5 to 0x0000000113d8bf61
Event: 1.389 Thread 0x00007feadb802000 Implicit null exception at 0x0000000113cc65b6 to 0x0000000113cc6969
Event: 2.198 Thread 0x00007feadb802000 Implicit null exception at 0x00000001142b5780 to 0x00000001142b73fd
Event: 2.504 Thread 0x00007feadb802000 Implicit null exception at 0x00000001143b1a9e to 0x00000001143b2581
Event: 2.551 Thread 0x00007feadb802000 Implicit null exception at 0x0000000113e1d075 to 0x0000000113e1d285
Event: 2.552 Thread 0x00007feadb802000 Implicit null exception at 0x0000000113e161af to 0x0000000113e16219
Event: 6.255 Thread 0x00007feadb802000 Exception <a 'java/lang/ClassNotFoundException': com/sun/tools/javac/api/JavacTool> (0x000000076c20c1c0) thrown at [/Users/java_re/workspace/8-2-build-macosx-x86_64/jdk8u221/13320/hotspot/src/share/vm/classfile/systemDictionary.cpp, line 210]

Events (10 events):
Event: 6.348 loading class com/sun/tools/javac/api/Formattable$LocalizedString done
Event: 6.348 loading class com/sun/tools/javac/api/Formattable
Event: 6.348 loading class com/sun/tools/javac/api/Formattable done
Event: 6.348 loading class com/sun/tools/javac/comp/Resolve$MethodResolutionPhase
Event: 6.348 loading class com/sun/tools/javac/comp/Resolve$MethodResolutionPhase done
Event: 6.348 loading class com/sun/tools/javac/comp/Resolve$MethodResolutionPhase$1
Event: 6.348 loading class com/sun/tools/javac/comp/Resolve$MethodResolutionPhase$1 done
Event: 6.349 loading class com/sun/tools/javac/comp/Attr
Event: 6.349 loading class com/sun/tools/javac/comp/Attr done
Event: 6.350 Executing VM operation: CollectForMetadataAllocation


Dynamic libraries:
0x00007fff2d2c7000 	/System/Library/Frameworks/Cocoa.framework/Versions/A/Cocoa
0x00007fff398ed000 	/System/Library/Frameworks/Security.framework/Versions/A/Security
0x00007fff2bf05000 	/System/Library/Frameworks/ApplicationServices.framework/Versions/A/ApplicationServices
0x00007fff55826000 	/usr/lib/libz.1.dylib
0x00007fff53753000 	/usr/lib/libSystem.B.dylib
0x00007fff54e0c000 	/usr/lib/libobjc.A.dylib
0x00007fff2da7a000 	/System/Library/Frameworks/CoreFoundation.framework/Versions/A/CoreFoundation
0x00007fff2fbde000 	/System/Library/Frameworks/Foundation.framework/Versions/C/Foundation
0x00007fff2b055000 	/System/Library/Frameworks/AppKit.framework/Versions/C/AppKit
0x00007fff2d63f000 	/System/Library/Frameworks/CoreData.framework/Versions/A/CoreData
0x00007fff4d008000 	/System/Library/PrivateFrameworks/RemoteViewServices.framework/Versions/A/RemoteViewServices
0x00007fff51784000 	/System/Library/PrivateFrameworks/UIFoundation.framework/Versions/A/UIFoundation
0x00007fff41e04000 	/System/Library/PrivateFrameworks/DFRFoundation.framework/Versions/A/DFRFoundation
0x00007fff3224b000 	/System/Library/Frameworks/Metal.framework/Versions/A/Metal
0x00007fff41fa1000 	/System/Library/PrivateFrameworks/DesktopServicesPriv.framework/Versions/A/DesktopServicesPriv
0x00007fff54359000 	/usr/lib/libenergytrace.dylib
0x00007fff4f7f0000 	/System/Library/PrivateFrameworks/SkyLight.framework/Versions/A/SkyLight
0x00007fff2df1f000 	/System/Library/Frameworks/CoreGraphics.framework/Versions/A/CoreGraphics
0x00007fff5374e000 	/usr/lib/libScreenReader.dylib
0x00007fff29fef000 	/System/Library/Frameworks/Accelerate.framework/Versions/A/Accelerate
0x00007fff30359000 	/System/Library/Frameworks/IOSurface.framework/Versions/A/IOSurface
0x00007fff2c450000 	/System/Library/Frameworks/AudioToolbox.framework/Versions/A/AudioToolbox
0x00007fff2c6e0000 	/System/Library/Frameworks/AudioUnit.framework/Versions/A/AudioUnit
0x00007fff41e9c000 	/System/Library/PrivateFrameworks/DataDetectorsCore.framework/Versions/A/DataDetectorsCore
0x00007fff2cdba000 	/System/Library/Frameworks/Carbon.framework/Versions/A/Frameworks/HIToolbox.framework/Versions/A/HIToolbox
0x00007fff544b3000 	/usr/lib/libicucore.A.dylib
0x00007fff38e68000 	/System/Library/Frameworks/QuartzCore.framework/Versions/A/QuartzCore
0x00007fff4ea91000 	/System/Library/PrivateFrameworks/SignpostNotification.framework/Versions/A/SignpostNotification
0x00007fff2d1a0000 	/System/Library/Frameworks/Carbon.framework/Versions/A/Frameworks/SpeechRecognition.framework/Versions/A/SpeechRecognition
0x00007fff538af000 	/usr/lib/libauto.dylib
0x00007fff55715000 	/usr/lib/libxml2.2.dylib
0x00007fff41a54000 	/System/Library/PrivateFrameworks/CoreUI.framework/Versions/A/CoreUI
0x00007fff2d51b000 	/System/Library/Frameworks/CoreAudio.framework/Versions/A/CoreAudio
0x00007fff2fa18000 	/System/Library/Frameworks/DiskArbitration.framework/Versions/A/DiskArbitration
0x00007fff54727000 	/usr/lib/liblangid.dylib
0x00007fff4950f000 	/System/Library/PrivateFrameworks/MultitouchSupport.framework/Versions/A/MultitouchSupport
0x00007fff302bc000 	/System/Library/Frameworks/IOKit.framework/Versions/A/IOKit
0x00007fff533dd000 	/usr/lib/libDiagnosticMessagesClient.dylib
0x00007fff2ebf5000 	/System/Library/Frameworks/CoreServices.framework/Versions/A/CoreServices
0x00007fff4b044000 	/System/Library/PrivateFrameworks/PerformanceAnalysis.framework/Versions/A/PerformanceAnalysis
0x00007fff38005000 	/System/Library/Frameworks/OpenGL.framework/Versions/A/OpenGL
0x00007fff2d2d5000 	/System/Library/Frameworks/ColorSync.framework/Versions/A/ColorSync
0x00007fff2e531000 	/System/Library/Frameworks/CoreImage.framework/Versions/A/CoreImage
0x00007fff2f586000 	/System/Library/Frameworks/CoreText.framework/Versions/A/CoreText
0x00007fff303b7000 	/System/Library/Frameworks/ImageIO.framework/Versions/A/ImageIO
0x00007fff3e700000 	/System/Library/PrivateFrameworks/Backup.framework/Versions/A/Backup
0x00007fff537ff000 	/usr/lib/libarchive.2.dylib
0x00007fff2ca03000 	/System/Library/Frameworks/CFNetwork.framework/Versions/A/CFNetwork
0x00007fff3a080000 	/System/Library/Frameworks/SystemConfiguration.framework/Versions/A/SystemConfiguration
0x00007fff53306000 	/usr/lib/libCRFSuite.dylib
0x00007fff53989000 	/usr/lib/libc++.1.dylib
0x00007fff539e0000 	/usr/lib/libc++abi.dylib
0x00007fff558d4000 	/usr/lib/system/libcache.dylib
0x00007fff558d9000 	/usr/lib/system/libcommonCrypto.dylib
0x00007fff558e4000 	/usr/lib/system/libcompiler_rt.dylib
0x00007fff558ec000 	/usr/lib/system/libcopyfile.dylib
0x00007fff558f6000 	/usr/lib/system/libcorecrypto.dylib
0x00007fff55a03000 	/usr/lib/system/libdispatch.dylib
0x00007fff55a3d000 	/usr/lib/system/libdyld.dylib
0x00007fff55a5b000 	/usr/lib/system/libkeymgr.dylib
0x00007fff55a69000 	/usr/lib/system/liblaunch.dylib
0x00007fff55a6a000 	/usr/lib/system/libmacho.dylib
0x00007fff55a6f000 	/usr/lib/system/libquarantine.dylib
0x00007fff55a72000 	/usr/lib/system/libremovefile.dylib
0x00007fff55a74000 	/usr/lib/system/libsystem_asl.dylib
0x00007fff55a8c000 	/usr/lib/system/libsystem_blocks.dylib
0x00007fff55a8d000 	/usr/lib/system/libsystem_c.dylib
0x00007fff55b17000 	/usr/lib/system/libsystem_configuration.dylib
0x00007fff55b1b000 	/usr/lib/system/libsystem_coreservices.dylib
0x00007fff55b1f000 	/usr/lib/system/libsystem_darwin.dylib
0x00007fff55b21000 	/usr/lib/system/libsystem_dnssd.dylib
0x00007fff55b28000 	/usr/lib/system/libsystem_info.dylib
0x00007fff55b99000 	/usr/lib/system/libsystem_m.dylib
0x00007fff55be5000 	/usr/lib/system/libsystem_malloc.dylib
0x00007fff55c05000 	/usr/lib/system/libsystem_network.dylib
0x00007fff55d36000 	/usr/lib/system/libsystem_networkextension.dylib
0x00007fff55d41000 	/usr/lib/system/libsystem_notify.dylib
0x00007fff55d5f000 	/usr/lib/system/libsystem_sandbox.dylib
0x00007fff55d63000 	/usr/lib/system/libsystem_secinit.dylib
0x00007fff55b72000 	/usr/lib/system/libsystem_kernel.dylib
0x00007fff55d4b000 	/usr/lib/system/libsystem_platform.dylib
0x00007fff55d53000 	/usr/lib/system/libsystem_pthread.dylib
0x00007fff55d65000 	/usr/lib/system/libsystem_symptoms.dylib
0x00007fff55d6d000 	/usr/lib/system/libsystem_trace.dylib
0x00007fff55d83000 	/usr/lib/system/libunwind.dylib
0x00007fff55d89000 	/usr/lib/system/libxpc.dylib
0x00007fff53219000 	/usr/lib/closure/libclosured.dylib
0x00007fff5396a000 	/usr/lib/libbsm.0.dylib
0x00007fff55a5c000 	/usr/lib/system/libkxld.dylib
0x00007fff53617000 	/usr/lib/libOpenScriptingUtil.dylib
0x00007fff53cd9000 	/usr/lib/libcoretls.dylib
0x00007fff53cf2000 	/usr/lib/libcoretls_cfhelpers.dylib
0x00007fff5520d000 	/usr/lib/libpam.2.dylib
0x00007fff55338000 	/usr/lib/libsqlite3.dylib
0x00007fff55704000 	/usr/lib/libxar.1.dylib
0x00007fff5397b000 	/usr/lib/libbz2.1.0.dylib
0x00007fff54729000 	/usr/lib/liblzma.5.dylib
0x00007fff54c0a000 	/usr/lib/libnetwork.dylib
0x00007fff537e8000 	/usr/lib/libapple_nghttp2.dylib
0x00007fff55214000 	/usr/lib/libpcap.A.dylib
0x00007fff538b0000 	/usr/lib/libboringssl.dylib
0x00007fff5569f000 	/usr/lib/libusrtcp.dylib
0x00007fff537e7000 	/usr/lib/libapple_crypto.dylib
0x00007fff2ef78000 	/System/Library/Frameworks/CoreServices.framework/Versions/A/Frameworks/FSEvents.framework/Versions/A/FSEvents
0x00007fff2ec6b000 	/System/Library/Frameworks/CoreServices.framework/Versions/A/Frameworks/CarbonCore.framework/Versions/A/CarbonCore
0x00007fff2f140000 	/System/Library/Frameworks/CoreServices.framework/Versions/A/Frameworks/Metadata.framework/Versions/A/Metadata
0x00007fff2f1f1000 	/System/Library/Frameworks/CoreServices.framework/Versions/A/Frameworks/OSServices.framework/Versions/A/OSServices
0x00007fff2f252000 	/System/Library/Frameworks/CoreServices.framework/Versions/A/Frameworks/SearchKit.framework/Versions/A/SearchKit
0x00007fff2ebf6000 	/System/Library/Frameworks/CoreServices.framework/Versions/A/Frameworks/AE.framework/Versions/A/AE
0x00007fff2ef81000 	/System/Library/Frameworks/CoreServices.framework/Versions/A/Frameworks/LaunchServices.framework/Versions/A/LaunchServices
0x00007fff2ef43000 	/System/Library/Frameworks/CoreServices.framework/Versions/A/Frameworks/DictionaryServices.framework/Versions/A/DictionaryServices
0x00007fff2f2c1000 	/System/Library/Frameworks/CoreServices.framework/Versions/A/Frameworks/SharedFileList.framework/Versions/A/SharedFileList
0x00007fff33481000 	/System/Library/Frameworks/NetFS.framework/Versions/A/NetFS
0x00007fff497a0000 	/System/Library/PrivateFrameworks/NetAuth.framework/Versions/A/NetAuth
0x00007fff530b0000 	/System/Library/PrivateFrameworks/login.framework/Versions/A/Frameworks/loginsupport.framework/Versions/A/loginsupport
0x00007fff51401000 	/System/Library/PrivateFrameworks/TCC.framework/Versions/A/TCC
0x00007fff5480a000 	/usr/lib/libmecabra.dylib
0x00007fff2bf06000 	/System/Library/Frameworks/ApplicationServices.framework/Versions/A/Frameworks/ATS.framework/Versions/A/ATS
0x00007fff2c2b5000 	/System/Library/Frameworks/ApplicationServices.framework/Versions/A/Frameworks/ColorSyncLegacy.framework/Versions/A/ColorSyncLegacy
0x00007fff2c359000 	/System/Library/Frameworks/ApplicationServices.framework/Versions/A/Frameworks/HIServices.framework/Versions/A/HIServices
0x00007fff2c3ac000 	/System/Library/Frameworks/ApplicationServices.framework/Versions/A/Frameworks/LangAnalysis.framework/Versions/A/LangAnalysis
0x00007fff2c3bb000 	/System/Library/Frameworks/ApplicationServices.framework/Versions/A/Frameworks/PrintCore.framework/Versions/A/PrintCore
0x00007fff2c408000 	/System/Library/Frameworks/ApplicationServices.framework/Versions/A/Frameworks/QD.framework/Versions/A/QD
0x00007fff2c443000 	/System/Library/Frameworks/ApplicationServices.framework/Versions/A/Frameworks/SpeechSynthesis.framework/Versions/A/SpeechSynthesis
0x00007fff2d996000 	/System/Library/Frameworks/CoreDisplay.framework/Versions/A/CoreDisplay
0x00007fff2a007000 	/System/Library/Frameworks/Accelerate.framework/Versions/A/Frameworks/vImage.framework/Versions/A/vImage
0x00007fff2ad61000 	/System/Library/Frameworks/Accelerate.framework/Versions/A/Frameworks/vecLib.framework/Versions/A/vecLib
0x00007fff2ab01000 	/System/Library/Frameworks/Accelerate.framework/Versions/A/Frameworks/vecLib.framework/Versions/A/libvDSP.dylib
0x00007fff2a661000 	/System/Library/Frameworks/Accelerate.framework/Versions/A/Frameworks/vecLib.framework/Versions/A/libBNNS.dylib
0x00007fff2aa66000 	/System/Library/Frameworks/Accelerate.framework/Versions/A/Frameworks/vecLib.framework/Versions/A/libQuadrature.dylib
0x00007fff2acaf000 	/System/Library/Frameworks/Accelerate.framework/Versions/A/Frameworks/vecLib.framework/Versions/A/libvMisc.dylib
0x00007fff2a690000 	/System/Library/Frameworks/Accelerate.framework/Versions/A/Frameworks/vecLib.framework/Versions/A/libLAPACK.dylib
0x00007fff2a506000 	/System/Library/Frameworks/Accelerate.framework/Versions/A/Frameworks/vecLib.framework/Versions/A/libBLAS.dylib
0x00007fff2aa50000 	/System/Library/Frameworks/Accelerate.framework/Versions/A/Frameworks/vecLib.framework/Versions/A/libLinearAlgebra.dylib
0x00007fff2aa6c000 	/System/Library/Frameworks/Accelerate.framework/Versions/A/Frameworks/vecLib.framework/Versions/A/libSparse.dylib
0x00007fff2aaed000 	/System/Library/Frameworks/Accelerate.framework/Versions/A/Frameworks/vecLib.framework/Versions/A/libSparseBLAS.dylib
0x00007fff465db000 	/System/Library/PrivateFrameworks/GPUWrangler.framework/Versions/A/GPUWrangler
0x00007fff47d6f000 	/System/Library/PrivateFrameworks/IOAccelerator.framework/Versions/A/IOAccelerator
0x00007fff47d7a000 	/System/Library/PrivateFrameworks/IOPresentment.framework/Versions/A/IOPresentment
0x00007fff41e16000 	/System/Library/PrivateFrameworks/DSExternalDisplay.framework/Versions/A/DSExternalDisplay
0x00007fff37484000 	/System/Library/Frameworks/OpenGL.framework/Versions/A/Libraries/libCoreFSCache.dylib
0x00007fff2f6d7000 	/System/Library/Frameworks/CoreVideo.framework/Versions/A/CoreVideo
0x00007fff47356000 	/System/Library/PrivateFrameworks/GraphVisualizer.framework/Versions/A/GraphVisualizer
0x00007fff32482000 	/System/Library/Frameworks/MetalPerformanceShaders.framework/Versions/A/MetalPerformanceShaders
0x00007fff53415000 	/usr/lib/libFosl_dynamic.dylib
0x00007fff42ee5000 	/System/Library/PrivateFrameworks/FaceCore.framework/Versions/A/FaceCore
0x00007fff3627f000 	/System/Library/Frameworks/OpenCL.framework/Versions/A/OpenCL
0x00007fff53a17000 	/usr/lib/libcompression.dylib
0x00007fff2c005000 	/System/Library/Frameworks/ApplicationServices.framework/Versions/A/Frameworks/ATS.framework/Versions/A/Resources/libFontParser.dylib
0x00007fff2c128000 	/System/Library/Frameworks/ApplicationServices.framework/Versions/A/Frameworks/ATS.framework/Versions/A/Resources/libFontRegistry.dylib
0x00007fff3061f000 	/System/Library/Frameworks/ImageIO.framework/Versions/A/Resources/libJPEG.dylib
0x00007fff30948000 	/System/Library/Frameworks/ImageIO.framework/Versions/A/Resources/libTIFF.dylib
0x00007fff3091e000 	/System/Library/Frameworks/ImageIO.framework/Versions/A/Resources/libPng.dylib
0x00007fff30532000 	/System/Library/Frameworks/ImageIO.framework/Versions/A/Resources/libGIF.dylib
0x00007fff30537000 	/System/Library/Frameworks/ImageIO.framework/Versions/A/Resources/libJP2.dylib
0x00007fff30945000 	/System/Library/Frameworks/ImageIO.framework/Versions/A/Resources/libRadiance.dylib
0x00007fff3de2a000 	/System/Library/PrivateFrameworks/AppleJPEG.framework/Versions/A/AppleJPEG
0x00007fff322e9000 	/System/Library/Frameworks/MetalPerformanceShaders.framework/Frameworks/MPSCore.framework/Versions/A/MPSCore
0x00007fff32305000 	/System/Library/Frameworks/MetalPerformanceShaders.framework/Frameworks/MPSImage.framework/Versions/A/MPSImage
0x00007fff3239a000 	/System/Library/Frameworks/MetalPerformanceShaders.framework/Frameworks/MPSNeuralNetwork.framework/Versions/A/MPSNeuralNetwork
0x00007fff32375000 	/System/Library/Frameworks/MetalPerformanceShaders.framework/Frameworks/MPSMatrix.framework/Versions/A/MPSMatrix
0x00007fff49271000 	/System/Library/PrivateFrameworks/MetalTools.framework/Versions/A/MetalTools
0x00007fff3764f000 	/System/Library/Frameworks/OpenGL.framework/Versions/A/Libraries/libGLU.dylib
0x00007fff3748f000 	/System/Library/Frameworks/OpenGL.framework/Versions/A/Libraries/libGFXShared.dylib
0x00007fff37499000 	/System/Library/Frameworks/OpenGL.framework/Versions/A/Libraries/libGL.dylib
0x00007fff374a5000 	/System/Library/Frameworks/OpenGL.framework/Versions/A/Libraries/libGLImage.dylib
0x00007fff37481000 	/System/Library/Frameworks/OpenGL.framework/Versions/A/Libraries/libCVMSPluginSupport.dylib
0x00007fff3748a000 	/System/Library/Frameworks/OpenGL.framework/Versions/A/Libraries/libCoreVMClient.dylib
0x00007fff541c4000 	/usr/lib/libcups.2.dylib
0x00007fff31850000 	/System/Library/Frameworks/Kerberos.framework/Versions/A/Kerberos
0x00007fff30016000 	/System/Library/Frameworks/GSS.framework/Versions/A/GSS
0x00007fff552cb000 	/usr/lib/libresolv.9.dylib
0x00007fff543c1000 	/usr/lib/libiconv.2.dylib
0x00007fff473e8000 	/System/Library/PrivateFrameworks/Heimdal.framework/Versions/A/Heimdal
0x00007fff54390000 	/usr/lib/libheimdal-asn1.dylib
0x00007fff362f7000 	/System/Library/Frameworks/OpenDirectory.framework/Versions/A/OpenDirectory
0x00007fff40141000 	/System/Library/PrivateFrameworks/CommonAuth.framework/Versions/A/CommonAuth
0x00007fff362da000 	/System/Library/Frameworks/OpenDirectory.framework/Versions/A/Frameworks/CFOpenDirectory.framework/Versions/A/CFOpenDirectory
0x00007fff39c19000 	/System/Library/Frameworks/SecurityFoundation.framework/Versions/A/SecurityFoundation
0x00007fff3cfed000 	/System/Library/PrivateFrameworks/APFS.framework/Versions/A/APFS
0x00007fff55700000 	/usr/lib/libutil.dylib
0x00007fff3dead000 	/System/Library/PrivateFrameworks/AppleSauce.framework/Versions/A/AppleSauce
0x00007fff48557000 	/System/Library/PrivateFrameworks/LinguisticData.framework/Versions/A/LinguisticData
0x00007fff54743000 	/usr/lib/libmarisa.dylib
0x00007fff48511000 	/System/Library/PrivateFrameworks/Lexicon.framework/Versions/A/Lexicon
0x00007fff53340000 	/usr/lib/libChineseTokenizer.dylib
0x00007fff53a06000 	/usr/lib/libcmph.dylib
0x00007fff4841b000 	/System/Library/PrivateFrameworks/LanguageModeling.framework/Versions/A/LanguageModeling
0x00007fff40c5e000 	/System/Library/PrivateFrameworks/CoreEmoji.framework/Versions/A/CoreEmoji
0x00007fff39cd7000 	/System/Library/Frameworks/ServiceManagement.framework/Versions/A/ServiceManagement
0x00007fff3e6f8000 	/System/Library/PrivateFrameworks/BackgroundTaskManagement.framework/Versions/A/BackgroundTaskManagement
0x00007fff557fd000 	/usr/lib/libxslt.1.dylib
0x00007fff2d0ca000 	/System/Library/Frameworks/Carbon.framework/Versions/A/Frameworks/Ink.framework/Versions/A/Ink
0x00007fff51616000 	/System/Library/PrivateFrameworks/TextureIO.framework/Versions/A/TextureIO
0x00007fff5382a000 	/usr/lib/libate.dylib
0x00007fff41d75000 	/System/Library/PrivateFrameworks/CrashReporterSupport.framework/Versions/A/CrashReporterSupport
0x00007fff4e951000 	/System/Library/PrivateFrameworks/Sharing.framework/Versions/A/Sharing
0x00007fff4815c000 	/System/Library/PrivateFrameworks/IconServices.framework/Versions/A/IconServices
0x00007fff3e328000 	/System/Library/PrivateFrameworks/AuthKit.framework/Versions/A/AuthKit
0x00007fff3dcad000 	/System/Library/PrivateFrameworks/Apple80211.framework/Versions/A/Apple80211
0x00007fff41b8a000 	/System/Library/PrivateFrameworks/CoreUtils.framework/Versions/A/CoreUtils
0x00007fff2f712000 	/System/Library/Frameworks/CoreWLAN.framework/Versions/A/CoreWLAN
0x00007fff30158000 	/System/Library/Frameworks/IOBluetooth.framework/Versions/A/IOBluetooth
0x00007fff4ce13000 	/System/Library/PrivateFrameworks/ProtocolBuffer.framework/Versions/A/ProtocolBuffer
0x00007fff4946a000 	/System/Library/PrivateFrameworks/MobileKeyBag.framework/Versions/A/MobileKeyBag
0x00007fff41402000 	/System/Library/PrivateFrameworks/CorePhoneNumbers.framework/Versions/A/CorePhoneNumbers
0x00007fff3dde5000 	/System/Library/PrivateFrameworks/AppleIDAuthSupport.framework/Versions/A/AppleIDAuthSupport
0x00007fff48407000 	/System/Library/PrivateFrameworks/KeychainCircle.framework/Versions/A/KeychainCircle
0x00007fff41d10000 	/System/Library/PrivateFrameworks/CoreWiFi.framework/Versions/A/CoreWiFi
0x00007fff2d615000 	/System/Library/Frameworks/CoreBluetooth.framework/Versions/A/CoreBluetooth
0x00007fff41f60000 	/System/Library/PrivateFrameworks/DebugSymbols.framework/Versions/A/DebugSymbols
0x00007fff41940000 	/System/Library/PrivateFrameworks/CoreSymbolication.framework/Versions/A/CoreSymbolication
0x00007fff50e08000 	/System/Library/PrivateFrameworks/Symbolication.framework/Versions/A/Symbolication
0x00007fff3dcd7000 	/System/Library/PrivateFrameworks/AppleFSCompression.framework/Versions/A/AppleFSCompression
0x00007fff50255000 	/System/Library/PrivateFrameworks/SpeechRecognitionCore.framework/Versions/A/SpeechRecognitionCore
0x00007fff25ff2000 	/System/Library/CoreServices/Encodings/libSimplifiedChineseConverter.dylib
0x000000010d487000 	/Library/Java/JavaVirtualMachines/jdk1.8.0_221.jdk/Contents/Home/jre/lib/server/libjvm.dylib
0x00007fff555cd000 	/usr/lib/libstdc++.6.0.9.dylib
0x000000010e440000 	/Library/Java/JavaVirtualMachines/jdk1.8.0_221.jdk/Contents/Home/jre/lib/libverify.dylib
0x000000010e44e000 	/Library/Java/JavaVirtualMachines/jdk1.8.0_221.jdk/Contents/Home/jre/lib/libjava.dylib
0x000000010e485000 	/Library/Java/JavaVirtualMachines/jdk1.8.0_221.jdk/Contents/Home/jre/lib/libinstrument.dylib
0x000000010e523000 	/Library/Java/JavaVirtualMachines/jdk1.8.0_221.jdk/Contents/Home/jre/lib/libzip.dylib
0x0000000112188000 	/Library/Java/JavaVirtualMachines/jdk1.8.0_221.jdk/Contents/Home/jre/lib/libnet.dylib
0x00000001122d0000 	/Library/Java/JavaVirtualMachines/jdk1.8.0_221.jdk/Contents/Home/jre/lib/libnio.dylib
0x00000001122e0000 	/private/var/folders/9j/bb60lzvj79j824_brfwh6qyr0000gn/T/libjansi-1.17.1-7874156753744435452.jnilib

VM Arguments:
jvm_args: -Dmaven.multiModuleProjectDirectory=/Users/wangxuefeng/workspace/activity -Dmaven.home=/Applications/IntelliJ IDEA.app/Contents/plugins/maven/lib/maven3 -Dclassworlds.conf=/Applications/IntelliJ IDEA.app/Contents/plugins/maven/lib/maven3/bin/m2.conf -Dmaven.ext.class.path=/Applications/IntelliJ IDEA.app/Contents/plugins/maven/lib/maven-event-listener.jar -javaagent:/Applications/IntelliJ IDEA.app/Contents/lib/idea_rt.jar=54329:/Applications/IntelliJ IDEA.app/Contents/bin -Dfile.encoding=UTF-8 
java_command: org.codehaus.classworlds.Launcher -Didea.version2020.1.2 clean compile install
java_class_path (initial): /Applications/IntelliJ IDEA.app/Contents/plugins/maven/lib/maven3/boot/plexus-classworlds.license:/Applications/IntelliJ IDEA.app/Contents/plugins/maven/lib/maven3/boot/plexus-classworlds-2.6.0.jar:/Applications/IntelliJ IDEA.app/Contents/lib/idea_rt.jar
Launcher Type: SUN_STANDARD

Environment Variables:
PATH=/usr/local/bin:/usr/bin:/bin:/usr/sbin:/sbin:/Library/Frameworks/Mono.framework/Versions/Current/Commands:/Users/wangxuefeng/mysoft/apache-maven-3.6.0/bin
SHELL=/bin/bash

Signal Handlers:
SIGSEGV: [libjvm.dylib+0x5b71a7], sa_mask[0]=11111111011111110111111111111111, sa_flags=SA_ONSTACK|SA_RESTART|SA_SIGINFO
SIGBUS: [libjvm.dylib+0x5b71a7], sa_mask[0]=11111111011111110111111111111111, sa_flags=SA_RESTART|SA_SIGINFO
SIGFPE: [libjvm.dylib+0x48c8fc], sa_mask[0]=11111111011111110111111111111111, sa_flags=SA_RESTART|SA_SIGINFO
SIGPIPE: [libjvm.dylib+0x48c8fc], sa_mask[0]=11111111011111110111111111111111, sa_flags=SA_RESTART|SA_SIGINFO
SIGXFSZ: [libjvm.dylib+0x48c8fc], sa_mask[0]=11111111011111110111111111111111, sa_flags=SA_RESTART|SA_SIGINFO
SIGILL: [libjvm.dylib+0x48c8fc], sa_mask[0]=11111111011111110111111111111111, sa_flags=SA_RESTART|SA_SIGINFO
SIGUSR1: SIG_DFL, sa_mask[0]=00000000000000000000000000000000, sa_flags=none
SIGUSR2: [libjvm.dylib+0x48c41a], sa_mask[0]=00100000000000000000000000000000, sa_flags=SA_RESTART|SA_SIGINFO
SIGHUP: [libjvm.dylib+0x48a9a5], sa_mask[0]=11111111011111110111111111111111, sa_flags=SA_RESTART|SA_SIGINFO
SIGINT: [libjvm.dylib+0x48a9a5], sa_mask[0]=11111111011111110111111111111111, sa_flags=SA_RESTART|SA_SIGINFO
SIGTERM: [libjvm.dylib+0x48a9a5], sa_mask[0]=11111111011111110111111111111111, sa_flags=SA_RESTART|SA_SIGINFO
SIGQUIT: [libjvm.dylib+0x48a9a5], sa_mask[0]=11111111011111110111111111111111, sa_flags=SA_RESTART|SA_SIGINFO


---------------  S Y S T E M  ---------------

OS:Bsduname:Darwin 17.7.0 Darwin Kernel Version 17.7.0: Sun Dec  1 19:19:56 PST 2019; root:xnu-4570.71.63~1/RELEASE_X86_64 x86_64
rlimit: STACK 8192k, CORE 0k, NPROC 1418, NOFILE 10240, AS infinity
load average:4.60 3.13 2.72

CPU:total 4 (initial active 4) (4 cores per cpu, 1 threads per core) family 6 model 60 stepping 3, cmov, cx8, fxsr, mmx, sse, sse2, sse3, ssse3, sse4.1, sse4.2, popcnt, avx, avx2, aes, clmul, erms, lzcnt, tsc, tscinvbit, bmi1, bmi2

Memory: 4k page, physical 16777216k(3330576k free)

/proc/meminfo:


vm_info: Java HotSpot(TM) 64-Bit Server VM (25.221-b11) for bsd-amd64 JRE (1.8.0_221-b11), built on Jul  4 2019 04:36:22 by "java_re" with gcc 4.2.1 (Based on Apple Inc. build 5658) (LLVM build 2336.11.00)

time: Tue Jun 23 14:57:06 2020
timezone: CST
elapsed time: 6 seconds (0d 0h 0m 6s)

