#
# A fatal error has been detected by the Java Runtime Environment:
#
#  SIGBUS (0xa) at pc=0x000000010e30499f, pid=3746, tid=0x0000000000001703
#
# JRE version: Java(TM) SE Runtime Environment (8.0_221-b11) (build 1.8.0_221-b11)
# Java VM: Java HotSpot(TM) 64-Bit Server VM (25.221-b11 mixed mode bsd-amd64 compressed oops)
# Problematic frame:
# J 657 C1 java.lang.Class.reflectionData()Ljava/lang/Class$ReflectionData; (49 bytes) @ 0x000000010e30499f [0x000000010e304720+0x27f]
#
# Failed to write core dump. Core dumps have been disabled. To enable core dumping, try "ulimit -c unlimited" before starting Java again
#
# If you would like to submit a bug report, please visit:
#   http://bugreport.java.com/bugreport/crash.jsp
#

---------------  T H R E A D  ---------------

Current thread (0x00007fae7c806800):  JavaThread "main" [_thread_in_Java, id=5891, stack(0x0000700007846000,0x0000700007946000)]

siginfo: si_signo: 10 (SIGBUS), si_code: 2 (BUS_ADRERR), si_addr: 0x000000072f105100

Registers:
RAX=0x0000000000000148, RBX=0x000000010b6a1f80, RCX=0x0000000000000000, RDX=0x000000076f1050d0
RSP=0x00007000079439c0, RBP=0x0000700007943d68, RSI=0x000000076eb5f538, RDI=0x000000072f1050f8
R8 =0x00000007c001f200, R9 =0x00000000000000b2, R10=0x0000000000000000, R11=0x000000000000000a
R12=0x0000000000000000, R13=0x000000000000030d, R14=0x0000700007943a90, R15=0x00007fae7c806800
RIP=0x000000010e30499f, EFLAGS=0x0000000000010202, ERR=0x0000000000000004
  TRAPNO=0x000000000000000e

Top of Stack: (sp=0x00007000079439c0)
0x00007000079439c0:   000000076d2d3aa0 0000000100000012
0x00007000079439d0:   0000000700000000 00000006c00009a8
0x00007000079439e0:   0000000000000000 000000076d2d37a8
0x00007000079439f0:   0000700007943d68 000000010e384e3c
0x0000700007943a00:   000000076d2d3cb0 000000010e38be24
0x0000700007943a10:   0000700007943d68 000000010e319d2c
0x0000700007943a20:   00007fae7af05990 000000010d6bfd38
0x0000700007943a30:   0000000000000000 000000000000030d
0x0000700007943a40:   0000700007943a90 00007fae7c806800
0x0000700007943a50:   0000700007943aa0 000000010e2d70ac
0x0000700007943a60:   00000007c0100cf8 00000006c0000928
0x0000700007943a70:   000000076eb5f538 0000000600000000
0x0000700007943a80:   000000076d2d3aa0 000000076ebebfe8
0x0000700007943a90:   00000006c0000078 0000700007943b18
0x0000700007943aa0:   0000700007943d68 000000010e3945d4
0x0000700007943ab0:   00007fae7c806800 00007fae7c806800
0x0000700007943ac0:   00007fae7c806800 000000010b3e9930
0x0000700007943ad0:   0000000000000000 0000700007943b70
0x0000700007943ae0:   0000700007943b38 00007fae7c806800
0x0000700007943af0:   0000700007943b50 000000010e1039aa
0x0000700007943b00:   0000000000000000 000000076d2ce368
0x0000700007943b10:   0000700007943be0 000000076d2ce368
0x0000700007943b20:   000000010d627c40 00007fae7c806800
0x0000700007943b30:   000000000000001e 00000006c0000ac8
0x0000700007943b40:   000000010b4a2730 0000700007943b90
0x0000700007943b50:   0000700007943bd8 000000010e00a2bd
0x0000700007943b60:   000000010b4a2758 000000010e00a2bd
0x0000700007943b70:   0000000000000000 000000076d2d38e0
0x0000700007943b80:   000000076d2d3900 000000076d2d3918
0x0000700007943b90:   0000000000000000 0000000100000001
0x0000700007943ba0:   000000076eb5f538 000000076d2d38c8
0x0000700007943bb0:   000000076d2d39f8 000000076d2d3a58 

Instructions: (pc=0x000000010e30499f)
0x000000010e30497f:   c3 b3 0b 01 00 00 00 81 88 70 01 00 00 00 01 00
0x000000010e30498f:   00 e9 c1 00 00 00 49 b8 00 f2 01 c0 07 00 00 00
0x000000010e30499f:   8b 5f 08 48 c1 e3 03 4c 3b c3 0f 85 8b 00 00 00
0x000000010e3049af:   48 b8 20 c3 b3 0b 01 00 00 00 44 8b 47 08 49 c1 

Register to memory mapping:

RAX=0x0000000000000148 is an unknown value
RBX=0x000000010b6a1f80 is pointing into metadata
RCX=0x0000000000000000 is an unknown value
RDX=0x000000076f1050d0 is an oop
java.lang.ref.SoftReference 
 - klass: 'java/lang/ref/SoftReference'
RSP=0x00007000079439c0 is pointing into the stack for thread: 0x00007fae7c806800
RBP=0x0000700007943d68 is pointing into the stack for thread: 0x00007fae7c806800
RSI=0x000000076eb5f538 is an oop
java.lang.Class 
 - klass: 'java/lang/Class'
RDI=0x000000072f1050f8 is an unallocated location in the heap
R8 =0x00000007c001f200 is pointing into metadata
R9 =0x00000000000000b2 is an unknown value
R10=0x0000000000000000 is an unknown value
R11=0x000000000000000a is an unknown value
R12=0x0000000000000000 is an unknown value
R13=0x000000000000030d is an unknown value
R14=0x0000700007943a90 is pointing into the stack for thread: 0x00007fae7c806800
R15=0x00007fae7c806800 is a thread


Stack: [0x0000700007846000,0x0000700007946000],  sp=0x00007000079439c0,  free space=1014k
Native frames: (J=compiled Java code, j=interpreted, Vv=VM code, C=native code)
J 657 C1 java.lang.Class.reflectionData()Ljava/lang/Class$ReflectionData; (49 bytes) @ 0x000000010e30499f [0x000000010e304720+0x27f]
J 699 C1 java.lang.Class.privateGetDeclaredFields(Z)[Ljava/lang/reflect/Field; (67 bytes) @ 0x000000010e319d2c [0x000000010e319b20+0x20c]
J 880 C1 com.google.inject.spi.InjectionPoint.getInjectionPoints(Lcom/google/inject/TypeLiteral;ZLcom/google/inject/internal/Errors;)Ljava/util/Set; (489 bytes) @ 0x000000010e3945d4 [0x000000010e393ea0+0x734]
J 986 C1 com.google.inject.spi.InjectionPoint.forInstanceMethodsAndFields(Lcom/google/inject/TypeLiteral;)Ljava/util/Set; (40 bytes) @ 0x000000010e3d8654 [0x000000010e3d84c0+0x194]
J 1131 C1 com.google.inject.spi.InjectionPoint.forInstanceMethodsAndFields(Ljava/lang/Class;)Ljava/util/Set; (8 bytes) @ 0x000000010e4427ec [0x000000010e4426e0+0x10c]
j  com.google.inject.internal.BindingBuilder.toInstance(Ljava/lang/Object;)V+12
j  org.eclipse.sisu.wire.ElementAnalyzer.wireParameters(Lcom/google/inject/Key;Ljava/util/Map;)V+21
j  org.eclipse.sisu.wire.ElementAnalyzer.apply(Lorg/eclipse/sisu/wire/WireModule$Strategy;)V+82
j  org.eclipse.sisu.wire.WireModule.configure(Lcom/google/inject/Binder;)V+60
j  com.google.inject.spi.Elements$RecordingBinder.install(Lcom/google/inject/Module;)V+161
j  com.google.inject.spi.Elements.getElements(Lcom/google/inject/Stage;Ljava/lang/Iterable;)Ljava/util/List;+40
j  com.google.inject.internal.InjectorShell$Builder.build(Lcom/google/inject/internal/Initializer;Lcom/google/inject/internal/ProcessedBindingData;Lcom/google/inject/internal/util/Stopwatch;Lcom/google/inject/internal/Errors;)Ljava/util/List;+122
j  com.google.inject.internal.InternalInjectorCreator.build()Lcom/google/inject/Injector;+48
j  com.google.inject.Guice.createInjector(Lcom/google/inject/Stage;Ljava/lang/Iterable;)Lcom/google/inject/Injector;+15
j  com.google.inject.Guice.createInjector(Ljava/lang/Iterable;)Lcom/google/inject/Injector;+4
j  com.google.inject.Guice.createInjector([Lcom/google/inject/Module;)Lcom/google/inject/Injector;+4
j  org.codehaus.plexus.DefaultPlexusContainer.addPlexusInjector(Ljava/util/List;[Lcom/google/inject/Module;)Lcom/google/inject/Injector;+88
j  org.codehaus.plexus.DefaultPlexusContainer.discoverComponents(Lorg/codehaus/plexus/classworlds/realm/ClassRealm;[Lcom/google/inject/Module;)Ljava/util/List;+174
j  org.apache.maven.plugin.internal.DefaultMavenPluginManager.discoverPluginComponents(Lorg/codehaus/plexus/classworlds/realm/ClassRealm;Lorg/apache/maven/model/Plugin;Lorg/apache/maven/plugin/descriptor/PluginDescriptor;)V+97
j  org.apache.maven.plugin.internal.DefaultMavenPluginManager.createPluginRealm(Lorg/apache/maven/plugin/descriptor/PluginDescriptor;Lorg/apache/maven/execution/MavenSession;Ljava/lang/ClassLoader;Ljava/util/Map;Lorg/eclipse/aether/graph/DependencyFilter;)V+141
j  org.apache.maven.plugin.internal.DefaultMavenPluginManager.setupPluginRealm(Lorg/apache/maven/plugin/descriptor/PluginDescriptor;Lorg/apache/maven/execution/MavenSession;Ljava/lang/ClassLoader;Ljava/util/List;Lorg/eclipse/aether/graph/DependencyFilter;)V+263
j  org.apache.maven.plugin.DefaultBuildPluginManager.getPluginRealm(Lorg/apache/maven/execution/MavenSession;Lorg/apache/maven/plugin/descriptor/PluginDescriptor;)Lorg/codehaus/plexus/classworlds/realm/ClassRealm;+20
j  org.apache.maven.plugin.DefaultBuildPluginManager.executeMojo(Lorg/apache/maven/execution/MavenSession;Lorg/apache/maven/plugin/MojoExecution;)V+21
j  org.apache.maven.lifecycle.internal.MojoExecutor.execute(Lorg/apache/maven/execution/MavenSession;Lorg/apache/maven/plugin/MojoExecution;Lorg/apache/maven/lifecycle/internal/ProjectIndex;Lorg/apache/maven/lifecycle/internal/DependencyContext;)V+215
j  org.apache.maven.lifecycle.internal.MojoExecutor.execute(Lorg/apache/maven/execution/MavenSession;Lorg/apache/maven/plugin/MojoExecution;Lorg/apache/maven/lifecycle/internal/ProjectIndex;Lorg/apache/maven/lifecycle/internal/DependencyContext;Lorg/apache/maven/lifecycle/internal/PhaseRecorder;)V+6
j  org.apache.maven.lifecycle.internal.MojoExecutor.execute(Lorg/apache/maven/execution/MavenSession;Ljava/util/List;Lorg/apache/maven/lifecycle/internal/ProjectIndex;)V+60
j  org.apache.maven.lifecycle.internal.LifecycleModuleBuilder.buildProject(Lorg/apache/maven/execution/MavenSession;Lorg/apache/maven/execution/MavenSession;Lorg/apache/maven/lifecycle/internal/ReactorContext;Lorg/apache/maven/project/MavenProject;Lorg/apache/maven/lifecycle/internal/TaskSegment;)V+179
j  org.apache.maven.lifecycle.internal.LifecycleModuleBuilder.buildProject(Lorg/apache/maven/execution/MavenSession;Lorg/apache/maven/lifecycle/internal/ReactorContext;Lorg/apache/maven/project/MavenProject;Lorg/apache/maven/lifecycle/internal/TaskSegment;)V+7
j  org.apache.maven.lifecycle.internal.builder.singlethreaded.SingleThreadedBuilder.build(Lorg/apache/maven/execution/MavenSession;Lorg/apache/maven/lifecycle/internal/ReactorContext;Lorg/apache/maven/lifecycle/internal/ProjectBuildList;Ljava/util/List;Lorg/apache/maven/lifecycle/internal/ReactorBuildStatus;)V+77
j  org.apache.maven.lifecycle.internal.LifecycleStarter.execute(Lorg/apache/maven/execution/MavenSession;)V+348
j  org.apache.maven.DefaultMaven.doExecute(Lorg/apache/maven/execution/MavenExecutionRequest;Lorg/apache/maven/execution/MavenSession;Lorg/apache/maven/execution/MavenExecutionResult;Lorg/eclipse/aether/DefaultRepositorySystemSession;)Lorg/apache/maven/execution/MavenExecutionResult;+425
j  org.apache.maven.DefaultMaven.doExecute(Lorg/apache/maven/execution/MavenExecutionRequest;)Lorg/apache/maven/execution/MavenExecutionResult;+98
j  org.apache.maven.DefaultMaven.execute(Lorg/apache/maven/execution/MavenExecutionRequest;)Lorg/apache/maven/execution/MavenExecutionResult;+2
j  org.apache.maven.cli.MavenCli.execute(Lorg/apache/maven/cli/CliRequest;)I+27
j  org.apache.maven.cli.MavenCli.doMain(Lorg/apache/maven/cli/CliRequest;)I+66
j  org.apache.maven.cli.MavenCli.main([Ljava/lang/String;Lorg/codehaus/plexus/classworlds/ClassWorld;)I+24
v  ~StubRoutines::call_stub
V  [libjvm.dylib+0x2f0d1e]  JavaCalls::call_helper(JavaValue*, methodHandle*, JavaCallArguments*, Thread*)+0x6ae
V  [libjvm.dylib+0x4d7790]  Reflection::invoke(instanceKlassHandle, methodHandle, Handle, bool, objArrayHandle, BasicType, objArrayHandle, bool, Thread*)+0xe12
V  [libjvm.dylib+0x4d7cc4]  Reflection::invoke_method(oopDesc*, Handle, objArrayHandle, Thread*)+0x16c
V  [libjvm.dylib+0x34926c]  JVM_InvokeMethod+0x166
j  sun.reflect.NativeMethodAccessorImpl.invoke0(Ljava/lang/reflect/Method;Ljava/lang/Object;[Ljava/lang/Object;)Ljava/lang/Object;+0
j  sun.reflect.NativeMethodAccessorImpl.invoke(Ljava/lang/Object;[Ljava/lang/Object;)Ljava/lang/Object;+100
j  sun.reflect.DelegatingMethodAccessorImpl.invoke(Ljava/lang/Object;[Ljava/lang/Object;)Ljava/lang/Object;+6
j  java.lang.reflect.Method.invoke(Ljava/lang/Object;[Ljava/lang/Object;)Ljava/lang/Object;+56
j  org.codehaus.plexus.classworlds.launcher.Launcher.launchEnhanced([Ljava/lang/String;)V+45
j  org.codehaus.plexus.classworlds.launcher.Launcher.launch([Ljava/lang/String;)V+2
j  org.codehaus.plexus.classworlds.launcher.Launcher.mainWithExitCode([Ljava/lang/String;)I+101
j  org.codehaus.plexus.classworlds.launcher.Launcher.main([Ljava/lang/String;)V+1
j  org.codehaus.classworlds.Launcher.main([Ljava/lang/String;)V+1
v  ~StubRoutines::call_stub
V  [libjvm.dylib+0x2f0d1e]  JavaCalls::call_helper(JavaValue*, methodHandle*, JavaCallArguments*, Thread*)+0x6ae
V  [libjvm.dylib+0x327cc5]  jni_invoke_static(JNIEnv_*, JavaValue*, _jobject*, JNICallType, _jmethodID*, JNI_ArgumentPusher*, Thread*)+0x1bf
V  [libjvm.dylib+0x320a51]  jni_CallStaticVoidMethod+0x15d
C  [java+0x38c6]  JavaMain+0x9c4
C  [libsystem_pthread.dylib+0x3661]  _pthread_body+0x154
C  [libsystem_pthread.dylib+0x350d]  _pthread_body+0x0
C  [libsystem_pthread.dylib+0x2bf9]  thread_start+0xd
C  0x0000000000000000


---------------  P R O C E S S  ---------------

Java Threads: ( => current thread )
  0x00007fae7c1e6800 JavaThread "Attach Listener" daemon [_thread_blocked, id=15875, stack(0x00007000087f6000,0x00007000088f6000)]
  0x00007fae7c046000 JavaThread "Service Thread" daemon [_thread_blocked, id=17667, stack(0x00007000085f0000,0x00007000086f0000)]
  0x00007fae7c03d800 JavaThread "C1 CompilerThread2" daemon [_thread_blocked, id=14851, stack(0x00007000084ed000,0x00007000085ed000)]
  0x00007fae7c032800 JavaThread "C2 CompilerThread1" daemon [_thread_blocked, id=18179, stack(0x00007000083ea000,0x00007000084ea000)]
  0x00007fae7b856800 JavaThread "C2 CompilerThread0" daemon [_thread_in_native, id=14339, stack(0x00007000082e7000,0x00007000083e7000)]
  0x00007fae7b81c000 JavaThread "Monitor Ctrl-Break" daemon [_thread_in_native, id=14083, stack(0x00007000081e4000,0x00007000082e4000)]
  0x00007fae7c031800 JavaThread "Signal Dispatcher" daemon [_thread_blocked, id=13571, stack(0x00007000080e1000,0x00007000081e1000)]
  0x00007fae7b017800 JavaThread "Finalizer" daemon [_thread_blocked, id=20739, stack(0x0000700007f5b000,0x000070000805b000)]
  0x00007fae7c833800 JavaThread "Reference Handler" daemon [_thread_blocked, id=11779, stack(0x0000700007e58000,0x0000700007f58000)]
=>0x00007fae7c806800 JavaThread "main" [_thread_in_Java, id=5891, stack(0x0000700007846000,0x0000700007946000)]

Other Threads:
  0x00007fae7c030800 VMThread [stack: 0x0000700007d55000,0x0000700007e55000] [id=21251]
  0x00007fae7b823000 WatcherThread [stack: 0x00007000086f3000,0x00007000087f3000] [id=17411]

VM state:not at safepoint (normal execution)

VM Mutex/Monitor currently owned by a thread: None

heap address: 0x00000006c0000000, size: 4096 MB, Compressed Oops mode: Zero based, Oop shift amount: 3
Narrow klass base: 0x0000000000000000, Narrow klass shift: 3
Compressed class space size: 1073741824 Address: 0x00000007c0000000

Heap:
 PSYoungGen      total 76288K, used 52199K [0x000000076ab00000, 0x0000000774000000, 0x00000007c0000000)
  eden space 65536K, 63% used [0x000000076ab00000,0x000000076d37df30,0x000000076eb00000)
  from space 10752K, 99% used [0x000000076eb00000,0x000000076f57c030,0x000000076f580000)
  to   space 10752K, 0% used [0x0000000773580000,0x0000000773580000,0x0000000774000000)
 ParOldGen       total 175104K, used 5983K [0x00000006c0000000, 0x00000006cab00000, 0x000000076ab00000)
  object space 175104K, 3% used [0x00000006c0000000,0x00000006c05d7d60,0x00000006cab00000)
 Metaspace       used 17031K, capacity 17504K, committed 17792K, reserved 1064960K
  class space    used 1972K, capacity 2055K, committed 2176K, reserved 1048576K

Card table byte_map: [0x0000000101e29000,0x000000010262a000] byte_map_base: 0x00000000fe829000

Marking Bits: (ParMarkBitMap*) 0x00000001012fbe40
 Begin Bits: [0x0000000102b80000, 0x0000000106b80000)
 End Bits:   [0x0000000106b80000, 0x000000010ab80000)

Polling page: 0x00000001001cf000

CodeCache: size=245760Kb used=10966Kb max_used=10966Kb free=234793Kb
 bounds [0x000000010e002000, 0x000000010ead2000, 0x000000011d002000]
 total_blobs=3461 nmethods=3101 adapters=273
 compilation: enabled

Compilation events (10 events):
Event: 3.464 Thread 0x00007fae7c03d800 nmethod 3104 0x000000010eabe090 code [0x000000010eabe220, 0x000000010eabe578]
Event: 3.465 Thread 0x00007fae7c03d800 3105       3       com.google.common.collect.ImmutableSet::asList (23 bytes)
Event: 3.465 Thread 0x00007fae7c03d800 nmethod 3105 0x000000010eabdbd0 code [0x000000010eabdd40, 0x000000010eabdfe8]
Event: 3.465 Thread 0x00007fae7c03d800 3106       3       java.util.ArrayList::set (20 bytes)
Event: 3.466 Thread 0x00007fae7c032800 3107       4       java.util.ArrayList::rangeCheck (22 bytes)
Event: 3.466 Thread 0x00007fae7c03d800 nmethod 3106 0x000000010eabd250 code [0x000000010eabd400, 0x000000010eabd938]
Event: 3.466 Thread 0x00007fae7c03d800 3108       1       java.util.ArrayList::elementData (7 bytes)
Event: 3.466 Thread 0x00007fae7c03d800 nmethod 3108 0x000000010eab4850 code [0x000000010eab49a0, 0x000000010eab4ad0]
Event: 3.466 Thread 0x00007fae7c032800 nmethod 3107 0x000000010e999390 code [0x000000010e9994e0, 0x000000010e999558]
Event: 3.472 Thread 0x00007fae7c03d800 3109       3       com.google.common.collect.ImmutableSet::construct (252 bytes)

GC Heap History (6 events):
Event: 1.037 GC heap before
{Heap before GC invocations=1 (full 0):
 PSYoungGen      total 76288K, used 65536K [0x000000076ab00000, 0x0000000770000000, 0x00000007c0000000)
  eden space 65536K, 100% used [0x000000076ab00000,0x000000076eb00000,0x000000076eb00000)
  from space 10752K, 0% used [0x000000076f580000,0x000000076f580000,0x0000000770000000)
  to   space 10752K, 0% used [0x000000076eb00000,0x000000076eb00000,0x000000076f580000)
 ParOldGen       total 175104K, used 0K [0x00000006c0000000, 0x00000006cab00000, 0x000000076ab00000)
  object space 175104K, 0% used [0x00000006c0000000,0x00000006c0000000,0x00000006cab00000)
 Metaspace       used 10834K, capacity 10966K, committed 11136K, reserved 1058816K
  class space    used 1314K, capacity 1378K, committed 1408K, reserved 1048576K
Event: 1.045 GC heap after
Heap after GC invocations=1 (full 0):
 PSYoungGen      total 76288K, used 8380K [0x000000076ab00000, 0x0000000770000000, 0x00000007c0000000)
  eden space 65536K, 0% used [0x000000076ab00000,0x000000076ab00000,0x000000076eb00000)
  from space 10752K, 77% used [0x000000076eb00000,0x000000076f32f0f8,0x000000076f580000)
  to   space 10752K, 0% used [0x000000076f580000,0x000000076f580000,0x0000000770000000)
 ParOldGen       total 175104K, used 16K [0x00000006c0000000, 0x00000006cab00000, 0x000000076ab00000)
  object space 175104K, 0% used [0x00000006c0000000,0x00000006c0004000,0x00000006cab00000)
 Metaspace       used 10834K, capacity 10966K, committed 11136K, reserved 1058816K
  class space    used 1314K, capacity 1378K, committed 1408K, reserved 1048576K
}
Event: 2.206 GC heap before
{Heap before GC invocations=2 (full 0):
 PSYoungGen      total 76288K, used 73916K [0x000000076ab00000, 0x0000000770000000, 0x00000007c0000000)
  eden space 65536K, 100% used [0x000000076ab00000,0x000000076eb00000,0x000000076eb00000)
  from space 10752K, 77% used [0x000000076eb00000,0x000000076f32f0f8,0x000000076f580000)
  to   space 10752K, 0% used [0x000000076f580000,0x000000076f580000,0x0000000770000000)
 ParOldGen       total 175104K, used 16K [0x00000006c0000000, 0x00000006cab00000, 0x000000076ab00000)
  object space 175104K, 0% used [0x00000006c0000000,0x00000006c0004000,0x00000006cab00000)
 Metaspace       used 15865K, capacity 16178K, committed 16384K, reserved 1062912K
  class space    used 1906K, capacity 2010K, committed 2048K, reserved 1048576K
Event: 2.217 GC heap after
Heap after GC invocations=2 (full 0):
 PSYoungGen      total 76288K, used 10750K [0x000000076ab00000, 0x0000000770000000, 0x00000007c0000000)
  eden space 65536K, 0% used [0x000000076ab00000,0x000000076ab00000,0x000000076eb00000)
  from space 10752K, 99% used [0x000000076f580000,0x000000076ffffa58,0x0000000770000000)
  to   space 10752K, 0% used [0x000000076eb00000,0x000000076eb00000,0x000000076f580000)
 ParOldGen       total 175104K, used 364K [0x00000006c0000000, 0x00000006cab00000, 0x000000076ab00000)
  object space 175104K, 0% used [0x00000006c0000000,0x00000006c005b1e8,0x00000006cab00000)
 Metaspace       used 15865K, capacity 16178K, committed 16384K, reserved 1062912K
  class space    used 1906K, capacity 2010K, committed 2048K, reserved 1048576K
}
Event: 2.979 GC heap before
{Heap before GC invocations=3 (full 0):
 PSYoungGen      total 76288K, used 76286K [0x000000076ab00000, 0x0000000770000000, 0x00000007c0000000)
  eden space 65536K, 100% used [0x000000076ab00000,0x000000076eb00000,0x000000076eb00000)
  from space 10752K, 99% used [0x000000076f580000,0x000000076ffffa58,0x0000000770000000)
  to   space 10752K, 0% used [0x000000076eb00000,0x000000076eb00000,0x000000076f580000)
 ParOldGen       total 175104K, used 364K [0x00000006c0000000, 0x00000006cab00000, 0x000000076ab00000)
  object space 175104K, 0% used [0x00000006c0000000,0x00000006c005b1e8,0x00000006cab00000)
 Metaspace       used 16452K, capacity 16812K, committed 17152K, reserved 1064960K
  class space    used 1935K, capacity 2019K, committed 2048K, reserved 1048576K
Event: 2.994 GC heap after
Heap after GC invocations=3 (full 0):
 PSYoungGen      total 76288K, used 10736K [0x000000076ab00000, 0x0000000774000000, 0x00000007c0000000)
  eden space 65536K, 0% used [0x000000076ab00000,0x000000076ab00000,0x000000076eb00000)
  from space 10752K, 99% used [0x000000076eb00000,0x000000076f57c030,0x000000076f580000)
  to   space 10752K, 0% used [0x0000000773580000,0x0000000773580000,0x0000000774000000)
 ParOldGen       total 175104K, used 5983K [0x00000006c0000000, 0x00000006cab00000, 0x000000076ab00000)
  object space 175104K, 3% used [0x00000006c0000000,0x00000006c05d7d60,0x00000006cab00000)
 Metaspace       used 16452K, capacity 16812K, committed 17152K, reserved 1064960K
  class space    used 1935K, capacity 2019K, committed 2048K, reserved 1048576K
}

Deoptimization events (10 events):
Event: 2.773 Thread 0x00007fae7c806800 Uncommon trap: reason=null_check action=make_not_entrant pc=0x000000010e86bf3c method=org.apache.maven.model.validation.DefaultModelValidator.validateEffectiveDependency(Lorg/apache/maven/model/building/ModelProblemCollector;Lorg/apache/maven/model/Depend
Event: 2.851 Thread 0x00007fae7c806800 Uncommon trap: reason=unstable_if action=reinterpret pc=0x000000010e6d349c method=java.util.LinkedHashMap.afterNodeInsertion(Z)V @ 18
Event: 3.165 Thread 0x00007fae7c806800 Uncommon trap: reason=unstable_if action=reinterpret pc=0x000000010e3a3acc method=java.util.HashMap.hash(Ljava/lang/Object;)I @ 1
Event: 3.166 Thread 0x00007fae7c806800 Uncommon trap: reason=unstable_if action=reinterpret pc=0x000000010e3a01a4 method=java.util.HashMap.getNode(ILjava/lang/Object;)Ljava/util/HashMap$Node; @ 53
Event: 3.441 Thread 0x00007fae7c806800 Uncommon trap: reason=unstable_if action=reinterpret pc=0x000000010e9a376c method=org.codehaus.plexus.util.StringUtils.isNotEmpty(Ljava/lang/String;)Z @ 8
Event: 3.463 Thread 0x00007fae7c806800 Uncommon trap: reason=unstable_if action=reinterpret pc=0x000000010e519488 method=sun.net.www.protocol.jar.Handler.parseURL(Ljava/net/URL;Ljava/lang/String;II)V @ 94
Event: 3.465 Thread 0x00007fae7c806800 Uncommon trap: reason=class_check action=maybe_recompile pc=0x000000010e4ffb0c method=com.google.inject.internal.LinkedBindingImpl.acceptTargetVisitor(Lcom/google/inject/spi/BindingTargetVisitor;)Ljava/lang/Object; @ 2
Event: 3.465 Thread 0x00007fae7c806800 Uncommon trap: reason=class_check action=maybe_recompile pc=0x000000010e4ffb0c method=com.google.inject.internal.LinkedBindingImpl.acceptTargetVisitor(Lcom/google/inject/spi/BindingTargetVisitor;)Ljava/lang/Object; @ 2
Event: 3.472 Thread 0x00007fae7c806800 Uncommon trap: reason=class_check action=maybe_recompile pc=0x000000010e4ffb0c method=com.google.inject.internal.LinkedBindingImpl.acceptTargetVisitor(Lcom/google/inject/spi/BindingTargetVisitor;)Ljava/lang/Object; @ 2
Event: 3.472 Thread 0x00007fae7c806800 Uncommon trap: reason=class_check action=maybe_recompile pc=0x000000010e4ffb0c method=com.google.inject.internal.LinkedBindingImpl.acceptTargetVisitor(Lcom/google/inject/spi/BindingTargetVisitor;)Ljava/lang/Object; @ 2

Classes redefined (0 events):
No events

Internal exceptions (10 events):
Event: 1.707 Thread 0x00007fae7c806800 Exception <a 'java/lang/NullPointerException'> (0x000000076ced68e0) thrown at [/Users/java_re/workspace/8-2-build-macosx-x86_64/jdk8u221/13320/hotspot/src/share/vm/interpreter/linkResolver.cpp, line 1185]
Event: 1.707 Thread 0x00007fae7c806800 Exception <a 'java/lang/NullPointerException'> (0x000000076ced6af8) thrown at [/Users/java_re/workspace/8-2-build-macosx-x86_64/jdk8u221/13320/hotspot/src/share/vm/interpreter/linkResolver.cpp, line 1185]
Event: 1.707 Thread 0x00007fae7c806800 Exception <a 'java/lang/NullPointerException'> (0x000000076cee0d58) thrown at [/Users/java_re/workspace/8-2-build-macosx-x86_64/jdk8u221/13320/hotspot/src/share/vm/interpreter/linkResolver.cpp, line 1185]
Event: 1.707 Thread 0x00007fae7c806800 Exception <a 'java/lang/NullPointerException'> (0x000000076cee0f70) thrown at [/Users/java_re/workspace/8-2-build-macosx-x86_64/jdk8u221/13320/hotspot/src/share/vm/interpreter/linkResolver.cpp, line 1185]
Event: 1.707 Thread 0x00007fae7c806800 Exception <a 'java/lang/NullPointerException'> (0x000000076cee1188) thrown at [/Users/java_re/workspace/8-2-build-macosx-x86_64/jdk8u221/13320/hotspot/src/share/vm/interpreter/linkResolver.cpp, line 1185]
Event: 1.756 Thread 0x00007fae7c806800 Implicit null exception at 0x000000010e2e24f5 to 0x000000010e2e28a1
Event: 1.756 Thread 0x00007fae7c806800 Implicit null exception at 0x000000010e2495f6 to 0x000000010e2499a9
Event: 2.309 Thread 0x00007fae7c806800 Implicit null exception at 0x000000010e702979 to 0x000000010e7032e5
Event: 2.773 Thread 0x00007fae7c806800 Implicit null exception at 0x000000010e86b068 to 0x000000010e86bf19
Event: 3.165 Thread 0x00007fae7c806800 Implicit null exception at 0x000000010e3a38b5 to 0x000000010e3a3abd

Events (10 events):
Event: 3.470 loading class com/google/inject/internal/Errors$1
Event: 3.470 loading class com/google/inject/internal/Errors$1 done
Event: 3.471 loading class com/google/common/collect/Iterables
Event: 3.471 loading class com/google/common/collect/Iterables done
Event: 3.472 Thread 0x00007fae7c806800 Uncommon trap: trap_request=0xffffffde fr.pc=0x000000010e4ffb0c
Event: 3.472 Thread 0x00007fae7c806800 DEOPT PACKING pc=0x000000010e4ffb0c sp=0x0000700007943d10
Event: 3.472 Thread 0x00007fae7c806800 DEOPT UNPACKING pc=0x000000010e04773a sp=0x0000700007943cd0 mode 2
Event: 3.472 Thread 0x00007fae7c806800 Uncommon trap: trap_request=0xffffffde fr.pc=0x000000010e4ffb0c
Event: 3.472 Thread 0x00007fae7c806800 DEOPT PACKING pc=0x000000010e4ffb0c sp=0x0000700007943d10
Event: 3.472 Thread 0x00007fae7c806800 DEOPT UNPACKING pc=0x000000010e04773a sp=0x0000700007943cd0 mode 2


Dynamic libraries:
0x00007fff2d2c7000 	/System/Library/Frameworks/Cocoa.framework/Versions/A/Cocoa
0x00007fff398ed000 	/System/Library/Frameworks/Security.framework/Versions/A/Security
0x00007fff2bf05000 	/System/Library/Frameworks/ApplicationServices.framework/Versions/A/ApplicationServices
0x00007fff55826000 	/usr/lib/libz.1.dylib
0x00007fff53753000 	/usr/lib/libSystem.B.dylib
0x00007fff54e0c000 	/usr/lib/libobjc.A.dylib
0x00007fff2da7a000 	/System/Library/Frameworks/CoreFoundation.framework/Versions/A/CoreFoundation
0x00007fff2fbde000 	/System/Library/Frameworks/Foundation.framework/Versions/C/Foundation
0x00007fff2b055000 	/System/Library/Frameworks/AppKit.framework/Versions/C/AppKit
0x00007fff2d63f000 	/System/Library/Frameworks/CoreData.framework/Versions/A/CoreData
0x00007fff4d008000 	/System/Library/PrivateFrameworks/RemoteViewServices.framework/Versions/A/RemoteViewServices
0x00007fff51784000 	/System/Library/PrivateFrameworks/UIFoundation.framework/Versions/A/UIFoundation
0x00007fff41e04000 	/System/Library/PrivateFrameworks/DFRFoundation.framework/Versions/A/DFRFoundation
0x00007fff3224b000 	/System/Library/Frameworks/Metal.framework/Versions/A/Metal
0x00007fff41fa1000 	/System/Library/PrivateFrameworks/DesktopServicesPriv.framework/Versions/A/DesktopServicesPriv
0x00007fff54359000 	/usr/lib/libenergytrace.dylib
0x00007fff4f7f0000 	/System/Library/PrivateFrameworks/SkyLight.framework/Versions/A/SkyLight
0x00007fff2df1f000 	/System/Library/Frameworks/CoreGraphics.framework/Versions/A/CoreGraphics
0x00007fff5374e000 	/usr/lib/libScreenReader.dylib
0x00007fff29fef000 	/System/Library/Frameworks/Accelerate.framework/Versions/A/Accelerate
0x00007fff30359000 	/System/Library/Frameworks/IOSurface.framework/Versions/A/IOSurface
0x00007fff2c450000 	/System/Library/Frameworks/AudioToolbox.framework/Versions/A/AudioToolbox
0x00007fff2c6e0000 	/System/Library/Frameworks/AudioUnit.framework/Versions/A/AudioUnit
0x00007fff41e9c000 	/System/Library/PrivateFrameworks/DataDetectorsCore.framework/Versions/A/DataDetectorsCore
0x00007fff2cdba000 	/System/Library/Frameworks/Carbon.framework/Versions/A/Frameworks/HIToolbox.framework/Versions/A/HIToolbox
0x00007fff544b3000 	/usr/lib/libicucore.A.dylib
0x00007fff38e68000 	/System/Library/Frameworks/QuartzCore.framework/Versions/A/QuartzCore
0x00007fff4ea91000 	/System/Library/PrivateFrameworks/SignpostNotification.framework/Versions/A/SignpostNotification
0x00007fff2d1a0000 	/System/Library/Frameworks/Carbon.framework/Versions/A/Frameworks/SpeechRecognition.framework/Versions/A/SpeechRecognition
0x00007fff538af000 	/usr/lib/libauto.dylib
0x00007fff55715000 	/usr/lib/libxml2.2.dylib
0x00007fff41a54000 	/System/Library/PrivateFrameworks/CoreUI.framework/Versions/A/CoreUI
0x00007fff2d51b000 	/System/Library/Frameworks/CoreAudio.framework/Versions/A/CoreAudio
0x00007fff2fa18000 	/System/Library/Frameworks/DiskArbitration.framework/Versions/A/DiskArbitration
0x00007fff54727000 	/usr/lib/liblangid.dylib
0x00007fff4950f000 	/System/Library/PrivateFrameworks/MultitouchSupport.framework/Versions/A/MultitouchSupport
0x00007fff302bc000 	/System/Library/Frameworks/IOKit.framework/Versions/A/IOKit
0x00007fff533dd000 	/usr/lib/libDiagnosticMessagesClient.dylib
0x00007fff2ebf5000 	/System/Library/Frameworks/CoreServices.framework/Versions/A/CoreServices
0x00007fff4b044000 	/System/Library/PrivateFrameworks/PerformanceAnalysis.framework/Versions/A/PerformanceAnalysis
0x00007fff38005000 	/System/Library/Frameworks/OpenGL.framework/Versions/A/OpenGL
0x00007fff2d2d5000 	/System/Library/Frameworks/ColorSync.framework/Versions/A/ColorSync
0x00007fff2e531000 	/System/Library/Frameworks/CoreImage.framework/Versions/A/CoreImage
0x00007fff2f586000 	/System/Library/Frameworks/CoreText.framework/Versions/A/CoreText
0x00007fff303b7000 	/System/Library/Frameworks/ImageIO.framework/Versions/A/ImageIO
0x00007fff3e700000 	/System/Library/PrivateFrameworks/Backup.framework/Versions/A/Backup
0x00007fff537ff000 	/usr/lib/libarchive.2.dylib
0x00007fff2ca03000 	/System/Library/Frameworks/CFNetwork.framework/Versions/A/CFNetwork
0x00007fff3a080000 	/System/Library/Frameworks/SystemConfiguration.framework/Versions/A/SystemConfiguration
0x00007fff53306000 	/usr/lib/libCRFSuite.dylib
0x00007fff53989000 	/usr/lib/libc++.1.dylib
0x00007fff539e0000 	/usr/lib/libc++abi.dylib
0x00007fff558d4000 	/usr/lib/system/libcache.dylib
0x00007fff558d9000 	/usr/lib/system/libcommonCrypto.dylib
0x00007fff558e4000 	/usr/lib/system/libcompiler_rt.dylib
0x00007fff558ec000 	/usr/lib/system/libcopyfile.dylib
0x00007fff558f6000 	/usr/lib/system/libcorecrypto.dylib
0x00007fff55a03000 	/usr/lib/system/libdispatch.dylib
0x00007fff55a3d000 	/usr/lib/system/libdyld.dylib
0x00007fff55a5b000 	/usr/lib/system/libkeymgr.dylib
0x00007fff55a69000 	/usr/lib/system/liblaunch.dylib
0x00007fff55a6a000 	/usr/lib/system/libmacho.dylib
0x00007fff55a6f000 	/usr/lib/system/libquarantine.dylib
0x00007fff55a72000 	/usr/lib/system/libremovefile.dylib
0x00007fff55a74000 	/usr/lib/system/libsystem_asl.dylib
0x00007fff55a8c000 	/usr/lib/system/libsystem_blocks.dylib
0x00007fff55a8d000 	/usr/lib/system/libsystem_c.dylib
0x00007fff55b17000 	/usr/lib/system/libsystem_configuration.dylib
0x00007fff55b1b000 	/usr/lib/system/libsystem_coreservices.dylib
0x00007fff55b1f000 	/usr/lib/system/libsystem_darwin.dylib
0x00007fff55b21000 	/usr/lib/system/libsystem_dnssd.dylib
0x00007fff55b28000 	/usr/lib/system/libsystem_info.dylib
0x00007fff55b99000 	/usr/lib/system/libsystem_m.dylib
0x00007fff55be5000 	/usr/lib/system/libsystem_malloc.dylib
0x00007fff55c05000 	/usr/lib/system/libsystem_network.dylib
0x00007fff55d36000 	/usr/lib/system/libsystem_networkextension.dylib
0x00007fff55d41000 	/usr/lib/system/libsystem_notify.dylib
0x00007fff55d5f000 	/usr/lib/system/libsystem_sandbox.dylib
0x00007fff55d63000 	/usr/lib/system/libsystem_secinit.dylib
0x00007fff55b72000 	/usr/lib/system/libsystem_kernel.dylib
0x00007fff55d4b000 	/usr/lib/system/libsystem_platform.dylib
0x00007fff55d53000 	/usr/lib/system/libsystem_pthread.dylib
0x00007fff55d65000 	/usr/lib/system/libsystem_symptoms.dylib
0x00007fff55d6d000 	/usr/lib/system/libsystem_trace.dylib
0x00007fff55d83000 	/usr/lib/system/libunwind.dylib
0x00007fff55d89000 	/usr/lib/system/libxpc.dylib
0x00007fff53219000 	/usr/lib/closure/libclosured.dylib
0x00007fff5396a000 	/usr/lib/libbsm.0.dylib
0x00007fff55a5c000 	/usr/lib/system/libkxld.dylib
0x00007fff53617000 	/usr/lib/libOpenScriptingUtil.dylib
0x00007fff53cd9000 	/usr/lib/libcoretls.dylib
0x00007fff53cf2000 	/usr/lib/libcoretls_cfhelpers.dylib
0x00007fff5520d000 	/usr/lib/libpam.2.dylib
0x00007fff55338000 	/usr/lib/libsqlite3.dylib
0x00007fff55704000 	/usr/lib/libxar.1.dylib
0x00007fff5397b000 	/usr/lib/libbz2.1.0.dylib
0x00007fff54729000 	/usr/lib/liblzma.5.dylib
0x00007fff54c0a000 	/usr/lib/libnetwork.dylib
0x00007fff537e8000 	/usr/lib/libapple_nghttp2.dylib
0x00007fff55214000 	/usr/lib/libpcap.A.dylib
0x00007fff538b0000 	/usr/lib/libboringssl.dylib
0x00007fff5569f000 	/usr/lib/libusrtcp.dylib
0x00007fff537e7000 	/usr/lib/libapple_crypto.dylib
0x00007fff2ef78000 	/System/Library/Frameworks/CoreServices.framework/Versions/A/Frameworks/FSEvents.framework/Versions/A/FSEvents
0x00007fff2ec6b000 	/System/Library/Frameworks/CoreServices.framework/Versions/A/Frameworks/CarbonCore.framework/Versions/A/CarbonCore
0x00007fff2f140000 	/System/Library/Frameworks/CoreServices.framework/Versions/A/Frameworks/Metadata.framework/Versions/A/Metadata
0x00007fff2f1f1000 	/System/Library/Frameworks/CoreServices.framework/Versions/A/Frameworks/OSServices.framework/Versions/A/OSServices
0x00007fff2f252000 	/System/Library/Frameworks/CoreServices.framework/Versions/A/Frameworks/SearchKit.framework/Versions/A/SearchKit
0x00007fff2ebf6000 	/System/Library/Frameworks/CoreServices.framework/Versions/A/Frameworks/AE.framework/Versions/A/AE
0x00007fff2ef81000 	/System/Library/Frameworks/CoreServices.framework/Versions/A/Frameworks/LaunchServices.framework/Versions/A/LaunchServices
0x00007fff2ef43000 	/System/Library/Frameworks/CoreServices.framework/Versions/A/Frameworks/DictionaryServices.framework/Versions/A/DictionaryServices
0x00007fff2f2c1000 	/System/Library/Frameworks/CoreServices.framework/Versions/A/Frameworks/SharedFileList.framework/Versions/A/SharedFileList
0x00007fff33481000 	/System/Library/Frameworks/NetFS.framework/Versions/A/NetFS
0x00007fff497a0000 	/System/Library/PrivateFrameworks/NetAuth.framework/Versions/A/NetAuth
0x00007fff530b0000 	/System/Library/PrivateFrameworks/login.framework/Versions/A/Frameworks/loginsupport.framework/Versions/A/loginsupport
0x00007fff51401000 	/System/Library/PrivateFrameworks/TCC.framework/Versions/A/TCC
0x00007fff5480a000 	/usr/lib/libmecabra.dylib
0x00007fff2bf06000 	/System/Library/Frameworks/ApplicationServices.framework/Versions/A/Frameworks/ATS.framework/Versions/A/ATS
0x00007fff2c2b5000 	/System/Library/Frameworks/ApplicationServices.framework/Versions/A/Frameworks/ColorSyncLegacy.framework/Versions/A/ColorSyncLegacy
0x00007fff2c359000 	/System/Library/Frameworks/ApplicationServices.framework/Versions/A/Frameworks/HIServices.framework/Versions/A/HIServices
0x00007fff2c3ac000 	/System/Library/Frameworks/ApplicationServices.framework/Versions/A/Frameworks/LangAnalysis.framework/Versions/A/LangAnalysis
0x00007fff2c3bb000 	/System/Library/Frameworks/ApplicationServices.framework/Versions/A/Frameworks/PrintCore.framework/Versions/A/PrintCore
0x00007fff2c408000 	/System/Library/Frameworks/ApplicationServices.framework/Versions/A/Frameworks/QD.framework/Versions/A/QD
0x00007fff2c443000 	/System/Library/Frameworks/ApplicationServices.framework/Versions/A/Frameworks/SpeechSynthesis.framework/Versions/A/SpeechSynthesis
0x00007fff2d996000 	/System/Library/Frameworks/CoreDisplay.framework/Versions/A/CoreDisplay
0x00007fff2a007000 	/System/Library/Frameworks/Accelerate.framework/Versions/A/Frameworks/vImage.framework/Versions/A/vImage
0x00007fff2ad61000 	/System/Library/Frameworks/Accelerate.framework/Versions/A/Frameworks/vecLib.framework/Versions/A/vecLib
0x00007fff2ab01000 	/System/Library/Frameworks/Accelerate.framework/Versions/A/Frameworks/vecLib.framework/Versions/A/libvDSP.dylib
0x00007fff2a661000 	/System/Library/Frameworks/Accelerate.framework/Versions/A/Frameworks/vecLib.framework/Versions/A/libBNNS.dylib
0x00007fff2aa66000 	/System/Library/Frameworks/Accelerate.framework/Versions/A/Frameworks/vecLib.framework/Versions/A/libQuadrature.dylib
0x00007fff2acaf000 	/System/Library/Frameworks/Accelerate.framework/Versions/A/Frameworks/vecLib.framework/Versions/A/libvMisc.dylib
0x00007fff2a690000 	/System/Library/Frameworks/Accelerate.framework/Versions/A/Frameworks/vecLib.framework/Versions/A/libLAPACK.dylib
0x00007fff2a506000 	/System/Library/Frameworks/Accelerate.framework/Versions/A/Frameworks/vecLib.framework/Versions/A/libBLAS.dylib
0x00007fff2aa50000 	/System/Library/Frameworks/Accelerate.framework/Versions/A/Frameworks/vecLib.framework/Versions/A/libLinearAlgebra.dylib
0x00007fff2aa6c000 	/System/Library/Frameworks/Accelerate.framework/Versions/A/Frameworks/vecLib.framework/Versions/A/libSparse.dylib
0x00007fff2aaed000 	/System/Library/Frameworks/Accelerate.framework/Versions/A/Frameworks/vecLib.framework/Versions/A/libSparseBLAS.dylib
0x00007fff465db000 	/System/Library/PrivateFrameworks/GPUWrangler.framework/Versions/A/GPUWrangler
0x00007fff47d6f000 	/System/Library/PrivateFrameworks/IOAccelerator.framework/Versions/A/IOAccelerator
0x00007fff47d7a000 	/System/Library/PrivateFrameworks/IOPresentment.framework/Versions/A/IOPresentment
0x00007fff41e16000 	/System/Library/PrivateFrameworks/DSExternalDisplay.framework/Versions/A/DSExternalDisplay
0x00007fff37484000 	/System/Library/Frameworks/OpenGL.framework/Versions/A/Libraries/libCoreFSCache.dylib
0x00007fff2f6d7000 	/System/Library/Frameworks/CoreVideo.framework/Versions/A/CoreVideo
0x00007fff47356000 	/System/Library/PrivateFrameworks/GraphVisualizer.framework/Versions/A/GraphVisualizer
0x00007fff32482000 	/System/Library/Frameworks/MetalPerformanceShaders.framework/Versions/A/MetalPerformanceShaders
0x00007fff53415000 	/usr/lib/libFosl_dynamic.dylib
0x00007fff42ee5000 	/System/Library/PrivateFrameworks/FaceCore.framework/Versions/A/FaceCore
0x00007fff3627f000 	/System/Library/Frameworks/OpenCL.framework/Versions/A/OpenCL
0x00007fff53a17000 	/usr/lib/libcompression.dylib
0x00007fff2c005000 	/System/Library/Frameworks/ApplicationServices.framework/Versions/A/Frameworks/ATS.framework/Versions/A/Resources/libFontParser.dylib
0x00007fff2c128000 	/System/Library/Frameworks/ApplicationServices.framework/Versions/A/Frameworks/ATS.framework/Versions/A/Resources/libFontRegistry.dylib
0x00007fff3061f000 	/System/Library/Frameworks/ImageIO.framework/Versions/A/Resources/libJPEG.dylib
0x00007fff30948000 	/System/Library/Frameworks/ImageIO.framework/Versions/A/Resources/libTIFF.dylib
0x00007fff3091e000 	/System/Library/Frameworks/ImageIO.framework/Versions/A/Resources/libPng.dylib
0x00007fff30532000 	/System/Library/Frameworks/ImageIO.framework/Versions/A/Resources/libGIF.dylib
0x00007fff30537000 	/System/Library/Frameworks/ImageIO.framework/Versions/A/Resources/libJP2.dylib
0x00007fff30945000 	/System/Library/Frameworks/ImageIO.framework/Versions/A/Resources/libRadiance.dylib
0x00007fff3de2a000 	/System/Library/PrivateFrameworks/AppleJPEG.framework/Versions/A/AppleJPEG
0x00007fff322e9000 	/System/Library/Frameworks/MetalPerformanceShaders.framework/Frameworks/MPSCore.framework/Versions/A/MPSCore
0x00007fff32305000 	/System/Library/Frameworks/MetalPerformanceShaders.framework/Frameworks/MPSImage.framework/Versions/A/MPSImage
0x00007fff3239a000 	/System/Library/Frameworks/MetalPerformanceShaders.framework/Frameworks/MPSNeuralNetwork.framework/Versions/A/MPSNeuralNetwork
0x00007fff32375000 	/System/Library/Frameworks/MetalPerformanceShaders.framework/Frameworks/MPSMatrix.framework/Versions/A/MPSMatrix
0x00007fff49271000 	/System/Library/PrivateFrameworks/MetalTools.framework/Versions/A/MetalTools
0x00007fff3764f000 	/System/Library/Frameworks/OpenGL.framework/Versions/A/Libraries/libGLU.dylib
0x00007fff3748f000 	/System/Library/Frameworks/OpenGL.framework/Versions/A/Libraries/libGFXShared.dylib
0x00007fff37499000 	/System/Library/Frameworks/OpenGL.framework/Versions/A/Libraries/libGL.dylib
0x00007fff374a5000 	/System/Library/Frameworks/OpenGL.framework/Versions/A/Libraries/libGLImage.dylib
0x00007fff37481000 	/System/Library/Frameworks/OpenGL.framework/Versions/A/Libraries/libCVMSPluginSupport.dylib
0x00007fff3748a000 	/System/Library/Frameworks/OpenGL.framework/Versions/A/Libraries/libCoreVMClient.dylib
0x00007fff541c4000 	/usr/lib/libcups.2.dylib
0x00007fff31850000 	/System/Library/Frameworks/Kerberos.framework/Versions/A/Kerberos
0x00007fff30016000 	/System/Library/Frameworks/GSS.framework/Versions/A/GSS
0x00007fff552cb000 	/usr/lib/libresolv.9.dylib
0x00007fff543c1000 	/usr/lib/libiconv.2.dylib
0x00007fff473e8000 	/System/Library/PrivateFrameworks/Heimdal.framework/Versions/A/Heimdal
0x00007fff54390000 	/usr/lib/libheimdal-asn1.dylib
0x00007fff362f7000 	/System/Library/Frameworks/OpenDirectory.framework/Versions/A/OpenDirectory
0x00007fff40141000 	/System/Library/PrivateFrameworks/CommonAuth.framework/Versions/A/CommonAuth
0x00007fff362da000 	/System/Library/Frameworks/OpenDirectory.framework/Versions/A/Frameworks/CFOpenDirectory.framework/Versions/A/CFOpenDirectory
0x00007fff39c19000 	/System/Library/Frameworks/SecurityFoundation.framework/Versions/A/SecurityFoundation
0x00007fff3cfed000 	/System/Library/PrivateFrameworks/APFS.framework/Versions/A/APFS
0x00007fff55700000 	/usr/lib/libutil.dylib
0x00007fff3dead000 	/System/Library/PrivateFrameworks/AppleSauce.framework/Versions/A/AppleSauce
0x00007fff48557000 	/System/Library/PrivateFrameworks/LinguisticData.framework/Versions/A/LinguisticData
0x00007fff54743000 	/usr/lib/libmarisa.dylib
0x00007fff48511000 	/System/Library/PrivateFrameworks/Lexicon.framework/Versions/A/Lexicon
0x00007fff53340000 	/usr/lib/libChineseTokenizer.dylib
0x00007fff53a06000 	/usr/lib/libcmph.dylib
0x00007fff4841b000 	/System/Library/PrivateFrameworks/LanguageModeling.framework/Versions/A/LanguageModeling
0x00007fff40c5e000 	/System/Library/PrivateFrameworks/CoreEmoji.framework/Versions/A/CoreEmoji
0x00007fff39cd7000 	/System/Library/Frameworks/ServiceManagement.framework/Versions/A/ServiceManagement
0x00007fff3e6f8000 	/System/Library/PrivateFrameworks/BackgroundTaskManagement.framework/Versions/A/BackgroundTaskManagement
0x00007fff557fd000 	/usr/lib/libxslt.1.dylib
0x00007fff2d0ca000 	/System/Library/Frameworks/Carbon.framework/Versions/A/Frameworks/Ink.framework/Versions/A/Ink
0x00007fff51616000 	/System/Library/PrivateFrameworks/TextureIO.framework/Versions/A/TextureIO
0x00007fff5382a000 	/usr/lib/libate.dylib
0x00007fff41d75000 	/System/Library/PrivateFrameworks/CrashReporterSupport.framework/Versions/A/CrashReporterSupport
0x00007fff4e951000 	/System/Library/PrivateFrameworks/Sharing.framework/Versions/A/Sharing
0x00007fff4815c000 	/System/Library/PrivateFrameworks/IconServices.framework/Versions/A/IconServices
0x00007fff3e328000 	/System/Library/PrivateFrameworks/AuthKit.framework/Versions/A/AuthKit
0x00007fff3dcad000 	/System/Library/PrivateFrameworks/Apple80211.framework/Versions/A/Apple80211
0x00007fff41b8a000 	/System/Library/PrivateFrameworks/CoreUtils.framework/Versions/A/CoreUtils
0x00007fff2f712000 	/System/Library/Frameworks/CoreWLAN.framework/Versions/A/CoreWLAN
0x00007fff30158000 	/System/Library/Frameworks/IOBluetooth.framework/Versions/A/IOBluetooth
0x00007fff4ce13000 	/System/Library/PrivateFrameworks/ProtocolBuffer.framework/Versions/A/ProtocolBuffer
0x00007fff4946a000 	/System/Library/PrivateFrameworks/MobileKeyBag.framework/Versions/A/MobileKeyBag
0x00007fff41402000 	/System/Library/PrivateFrameworks/CorePhoneNumbers.framework/Versions/A/CorePhoneNumbers
0x00007fff3dde5000 	/System/Library/PrivateFrameworks/AppleIDAuthSupport.framework/Versions/A/AppleIDAuthSupport
0x00007fff48407000 	/System/Library/PrivateFrameworks/KeychainCircle.framework/Versions/A/KeychainCircle
0x00007fff41d10000 	/System/Library/PrivateFrameworks/CoreWiFi.framework/Versions/A/CoreWiFi
0x00007fff2d615000 	/System/Library/Frameworks/CoreBluetooth.framework/Versions/A/CoreBluetooth
0x00007fff41f60000 	/System/Library/PrivateFrameworks/DebugSymbols.framework/Versions/A/DebugSymbols
0x00007fff41940000 	/System/Library/PrivateFrameworks/CoreSymbolication.framework/Versions/A/CoreSymbolication
0x00007fff50e08000 	/System/Library/PrivateFrameworks/Symbolication.framework/Versions/A/Symbolication
0x00007fff3dcd7000 	/System/Library/PrivateFrameworks/AppleFSCompression.framework/Versions/A/AppleFSCompression
0x00007fff50255000 	/System/Library/PrivateFrameworks/SpeechRecognitionCore.framework/Versions/A/SpeechRecognitionCore
0x00007fff25ff2000 	/System/Library/CoreServices/Encodings/libSimplifiedChineseConverter.dylib
0x0000000100a00000 	/Library/Java/JavaVirtualMachines/jdk1.8.0_221.jdk/Contents/Home/jre/lib/server/libjvm.dylib
0x00007fff555cd000 	/usr/lib/libstdc++.6.0.9.dylib
0x00000001001c1000 	/Library/Java/JavaVirtualMachines/jdk1.8.0_221.jdk/Contents/Home/jre/lib/libverify.dylib
0x00000001019b9000 	/Library/Java/JavaVirtualMachines/jdk1.8.0_221.jdk/Contents/Home/jre/lib/libjava.dylib
0x00000001001d0000 	/Library/Java/JavaVirtualMachines/jdk1.8.0_221.jdk/Contents/Home/jre/lib/libinstrument.dylib
0x0000000101a60000 	/Library/Java/JavaVirtualMachines/jdk1.8.0_221.jdk/Contents/Home/jre/lib/libzip.dylib
0x000000010cec2000 	/Library/Java/JavaVirtualMachines/jdk1.8.0_221.jdk/Contents/Home/jre/lib/libnet.dylib
0x000000010d00a000 	/Library/Java/JavaVirtualMachines/jdk1.8.0_221.jdk/Contents/Home/jre/lib/libnio.dylib
0x000000010d01a000 	/private/var/folders/9j/bb60lzvj79j824_brfwh6qyr0000gn/T/libjansi-1.17.1-5317775757409340448.jnilib

VM Arguments:
jvm_args: -Dmaven.multiModuleProjectDirectory=/Users/wangxuefeng/workspace/activity -Dmaven.home=/Applications/IntelliJ IDEA.app/Contents/plugins/maven/lib/maven3 -Dclassworlds.conf=/Applications/IntelliJ IDEA.app/Contents/plugins/maven/lib/maven3/bin/m2.conf -Dmaven.ext.class.path=/Applications/IntelliJ IDEA.app/Contents/plugins/maven/lib/maven-event-listener.jar -javaagent:/Applications/IntelliJ IDEA.app/Contents/lib/idea_rt.jar=54327:/Applications/IntelliJ IDEA.app/Contents/bin -Dfile.encoding=UTF-8 
java_command: org.codehaus.classworlds.Launcher -Didea.version2020.1.2 clean compile install
java_class_path (initial): /Applications/IntelliJ IDEA.app/Contents/plugins/maven/lib/maven3/boot/plexus-classworlds.license:/Applications/IntelliJ IDEA.app/Contents/plugins/maven/lib/maven3/boot/plexus-classworlds-2.6.0.jar:/Applications/IntelliJ IDEA.app/Contents/lib/idea_rt.jar
Launcher Type: SUN_STANDARD

Environment Variables:
PATH=/usr/local/bin:/usr/bin:/bin:/usr/sbin:/sbin:/Library/Frameworks/Mono.framework/Versions/Current/Commands:/Users/wangxuefeng/mysoft/apache-maven-3.6.0/bin
SHELL=/bin/bash

Signal Handlers:
SIGSEGV: [libjvm.dylib+0x5b71a7], sa_mask[0]=11111111011111110111111111111111, sa_flags=SA_ONSTACK|SA_RESTART|SA_SIGINFO
SIGBUS: [libjvm.dylib+0x5b71a7], sa_mask[0]=11111111011111110111111111111111, sa_flags=SA_RESTART|SA_SIGINFO
SIGFPE: [libjvm.dylib+0x48c8fc], sa_mask[0]=11111111011111110111111111111111, sa_flags=SA_RESTART|SA_SIGINFO
SIGPIPE: [libjvm.dylib+0x48c8fc], sa_mask[0]=11111111011111110111111111111111, sa_flags=SA_RESTART|SA_SIGINFO
SIGXFSZ: [libjvm.dylib+0x48c8fc], sa_mask[0]=11111111011111110111111111111111, sa_flags=SA_RESTART|SA_SIGINFO
SIGILL: [libjvm.dylib+0x48c8fc], sa_mask[0]=11111111011111110111111111111111, sa_flags=SA_RESTART|SA_SIGINFO
SIGUSR1: SIG_DFL, sa_mask[0]=00000000000000000000000000000000, sa_flags=none
SIGUSR2: [libjvm.dylib+0x48c41a], sa_mask[0]=00100000000000000000000000000000, sa_flags=SA_RESTART|SA_SIGINFO
SIGHUP: [libjvm.dylib+0x48a9a5], sa_mask[0]=11111111011111110111111111111111, sa_flags=SA_RESTART|SA_SIGINFO
SIGINT: [libjvm.dylib+0x48a9a5], sa_mask[0]=11111111011111110111111111111111, sa_flags=SA_RESTART|SA_SIGINFO
SIGTERM: [libjvm.dylib+0x48a9a5], sa_mask[0]=11111111011111110111111111111111, sa_flags=SA_RESTART|SA_SIGINFO
SIGQUIT: [libjvm.dylib+0x48a9a5], sa_mask[0]=11111111011111110111111111111111, sa_flags=SA_RESTART|SA_SIGINFO


---------------  S Y S T E M  ---------------

OS:Bsduname:Darwin 17.7.0 Darwin Kernel Version 17.7.0: Sun Dec  1 19:19:56 PST 2019; root:xnu-4570.71.63~1/RELEASE_X86_64 x86_64
rlimit: STACK 8192k, CORE 0k, NPROC 1418, NOFILE 10240, AS infinity
load average:4.79 3.11 2.71

CPU:total 4 (initial active 4) (4 cores per cpu, 1 threads per core) family 6 model 60 stepping 3, cmov, cx8, fxsr, mmx, sse, sse2, sse3, ssse3, sse4.1, sse4.2, popcnt, avx, avx2, aes, clmul, erms, lzcnt, tsc, tscinvbit, bmi1, bmi2

Memory: 4k page, physical 16777216k(3433368k free)

/proc/meminfo:


vm_info: Java HotSpot(TM) 64-Bit Server VM (25.221-b11) for bsd-amd64 JRE (1.8.0_221-b11), built on Jul  4 2019 04:36:22 by "java_re" with gcc 4.2.1 (Based on Apple Inc. build 5658) (LLVM build 2336.11.00)

time: Tue Jun 23 14:56:55 2020
timezone: CST
elapsed time: 3 seconds (0d 0h 0m 3s)

