#
# A fatal error has been detected by the Java Runtime Environment:
#
#  SIGSEGV (0xb) at pc=0x0000000100e1f69b, pid=16311, tid=28419
#
# JRE version: Java(TM) SE Runtime Environment (11.0.1+13) (build 11.0.1+13-LTS)
# Java VM: Java HotSpot(TM) 64-Bit Server VM (11.0.1+13-LTS, mixed mode, tiered, compressed oops, g1 gc, bsd-amd64)
# Problematic frame:
# V  [libjvm.dylib+0x1c069b]  LiveRangeMap::find(unsigned int)+0xb
#
# No core dump will be written. Core dumps have been disabled. To enable core dumping, try "ulimit -c unlimited" before starting Java again
#
# If you would like to submit a bug report, please visit:
#   http://bugreport.java.com/bugreport/crash.jsp
#

---------------  S U M M A R Y ------------

Command Line: -ea -Didea.test.cyclic.buffer.size=1048576 -javaagent:/Applications/IntelliJ IDEA.app/Contents/lib/idea_rt.jar=54094:/Applications/IntelliJ IDEA.app/Contents/bin -Dfile.encoding=UTF-8 com.intellij.rt.junit.JUnitStarter -ideVersion5 -junit4 com.hsbc.activity.HelloWorldTest,completeTask

Host: iMac14,3 x86_64 2900 MHz, 4 cores, 16G, Darwin 17.7.0
Time: Wed Jun 24 14:28:09 2020 CST elapsed time: 6 seconds (0d 0h 0m 6s)

---------------  T H R E A D  ---------------

Current thread (0x00007fc208ed2000):  JavaThread "C2 CompilerThread1" daemon [_thread_in_native, id=28419, stack(0x000070000237d000,0x000070000247d000)]


Current CompileTask:
C2:   6898 5049       4       org.springframework.core.annotation.TypeMappedAnnotations::get (52 bytes)

Stack: [0x000070000237d000,0x000070000247d000],  sp=0x00007000024795e0,  free space=1009k
Native frames: (J=compiled Java code, A=aot compiled Java code, j=interpreted, Vv=VM code, C=native code)
V  [libjvm.dylib+0x1c069b]  LiveRangeMap::find(unsigned int)+0xb
V  [libjvm.dylib+0x1c31d4]  PhaseChaitin::bias_color(LRG&, int)+0xb2
V  [libjvm.dylib+0x1c297b]  PhaseChaitin::Select()+0x187
V  [libjvm.dylib+0x1c138f]  PhaseChaitin::Register_Allocate()+0x725
V  [libjvm.dylib+0x23034d]  Compile::Code_Gen()+0x211
V  [libjvm.dylib+0x22e578]  Compile::Compile(ciEnv*, C2Compiler*, ciMethod*, int, bool, bool, bool, DirectiveSet*)+0x8d2
V  [libjvm.dylib+0x1ad2c3]  C2Compiler::compile_method(ciEnv*, ciMethod*, int, DirectiveSet*)+0xad
V  [libjvm.dylib+0x23aa02]  CompileBroker::invoke_compiler_on_method(CompileTask*)+0x578
V  [libjvm.dylib+0x23a328]  CompileBroker::compiler_thread_loop()+0x1b8
V  [libjvm.dylib+0x700342]  JavaThread::thread_main_inner()+0x82
V  [libjvm.dylib+0x70018d]  JavaThread::run()+0x1ab
V  [libjvm.dylib+0x600ad3]  thread_native_entry(Thread*)+0x135
C  [libsystem_pthread.dylib+0x3661]  _pthread_body+0x154
C  [libsystem_pthread.dylib+0x350d]  _pthread_body+0x0
C  [libsystem_pthread.dylib+0x2bf9]  thread_start+0xd


siginfo: si_signo: 11 (SIGSEGV), si_code: 1 (SEGV_MAPERR), si_addr: 0x00007fc20ed8f610

Register to memory mapping:

RAX=0x0 is NULL
RBX=0x000070000247b190 is pointing into the stack for thread: 0x00007fc208ed2000
RCX=0x0000000000003300 is an unknown value
RDX=0x0000000000000033 is an unknown value
RSP=0x00007000024795e0 is pointing into the stack for thread: 0x00007fc208ed2000
RBP=0x00007000024795e0 is pointing into the stack for thread: 0x00007fc208ed2000
RSI=0x0000000001000000 is an unknown value
RDI=0x000070000247b190 is pointing into the stack for thread: 0x00007fc208ed2000
R8 =0x0000000001000000 is an unknown value
R9 =0x00007fc20ad8f610 points into unknown readable memory
R10=0x0000000129baeef0 points into unknown readable memory
R11=0x00007000024795f8 is pointing into the stack for thread: 0x00007fc208ed2000
R12=0x0000000129fc13f0 points into unknown readable memory
R13=0x00007000024795f8 is pointing into the stack for thread: 0x00007fc208ed2000
R14=0x0 is NULL
R15=0x000070000247b0a8 is pointing into the stack for thread: 0x00007fc208ed2000


Registers:
RAX=0x0000000000000000, RBX=0x000070000247b190, RCX=0x0000000000003300, RDX=0x0000000000000033
RSP=0x00007000024795e0, RBP=0x00007000024795e0, RSI=0x0000000001000000, RDI=0x000070000247b190
R8 =0x0000000001000000, R9 =0x00007fc20ad8f610, R10=0x0000000129baeef0, R11=0x00007000024795f8
R12=0x0000000129fc13f0, R13=0x00007000024795f8, R14=0x0000000000000000, R15=0x000070000247b0a8
RIP=0x0000000100e1f69b, EFLAGS=0x0000000000010246, ERR=0x0000000000000004
  TRAPNO=0x000000000000000e

Top of Stack: (sp=0x00007000024795e0)
0x00007000024795e0:   0000700002479680 0000000100e221d4
0x00007000024795f0:   0000700002479680 00000ed400000000
0x0000700002479600:   0000000200000008 00007fc20ac93d00
0x0000700002479610:   00007fc200000033 00007fc20b3c9b18
0x0000700002479620:   0000700000000033 0000000129baeef0
0x0000700002479630:   0000700000000000 0000000100000008
0x0000700002479640:   0000000000000002 0000000100000001
0x0000700002479650:   000070000247b190 0000000129fc1428
0x0000700002479660:   000070000247b0a8 00000000000943e0
0x0000700002479670:   0000000000000000 00007000024796f0
0x0000700002479680:   0000700002479770 0000000100e2197b
0x0000700002479690:   0000000000000000 0000000000000000
0x00007000024796a0:   0000000000000000 0000000100d9aa00
0x00007000024796b0:   0000700002479600 00000001013f10c5
0x00007000024796c0:   00000001013f10d5 0000000000000000
0x00007000024796d0:   0000000000000000 0000000000000000
0x00007000024796e0:   00000001013f10d5 00000ed400000000
0x00007000024796f0:   0000700000000000 00007fc200000008
0x0000700002479700:   0000700000000001 00007fc200000001
0x0000700002479710:   0000700000000001 0000000100000001
0x0000700002479720:   4733426172c74d82 0000000129fc13f0
0x0000700002479730:   0000000129f2d010 ffffffff00000000
0x0000700002479740:   0000752fffffffff 000070000247b190
0x0000700002479750:   000070000247b0a8 0000700002479870
0x0000700002479760:   00007000024797e8 0000000000000000
0x0000700002479770:   0000700002479a00 0000000100e2038f
0x0000700002479780:   000070000000000a 000070000247bfa0
0x0000700002479790:   00000001279c4010 0000000000000000
0x00007000024797a0:   0000000127913010 00007fc208427e10
0x00007000024797b0:   00007fc20842c6d8 00007fc20baffbb0
0x00007000024797c0:   000070000247b288 000070000247b1b8
0x00007000024797d0:   00007fc2000032dc 0000700002479840 

Instructions: (pc=0x0000000100e1f69b)
0x0000000100e1f67b:   41 39 df 75 d6 48 83 c4 08 5b 41 5c 41 5d 41 5e
0x0000000100e1f68b:   41 5f 5d c3 90 55 48 89 e5 4c 8b 4f 20 4c 63 c6
0x0000000100e1f69b:   43 8b 04 81 44 39 c0 74 30 89 c1 48 63 d1 41 8b
0x0000000100e1f6ab:   0c 91 39 d1 75 f5 39 f1 74 1f 43 89 0c 81 39 c8 


---------------  P R O C E S S  ---------------

Threads class SMR info:
_java_thread_list=0x00007fc20961cf20, length=19, elements={
0x00007fc207808000, 0x00007fc207814000, 0x00007fc207817000, 0x00007fc208003000,
0x00007fc20803a000, 0x00007fc20781a000, 0x00007fc2088e5800, 0x00007fc2080e0000,
0x00007fc20786b000, 0x00007fc207023000, 0x00007fc2078f7000, 0x00007fc207bfd800,
0x00007fc207707800, 0x00007fc209ecf000, 0x00007fc20a34a800, 0x00007fc20b803000,
0x00007fc20b806000, 0x00007fc20b800800, 0x00007fc208ed2000
}

Java Threads: ( => current thread )
  0x00007fc207808000 JavaThread "main" [_thread_in_vm, id=9475, stack(0x0000000102200000,0x0000000102300000)]
  0x00007fc207814000 JavaThread "Reference Handler" daemon [_thread_blocked, id=18691, stack(0x0000700000e3e000,0x0000700000f3e000)]
  0x00007fc207817000 JavaThread "Finalizer" daemon [_thread_blocked, id=17923, stack(0x0000700000f41000,0x0000700001041000)]
  0x00007fc208003000 JavaThread "Signal Dispatcher" daemon [_thread_blocked, id=13575, stack(0x0000700001044000,0x0000700001144000)]
  0x00007fc20803a000 JavaThread "C2 CompilerThread0" daemon [_thread_in_native, id=16131, stack(0x0000700001147000,0x0000700001247000)]
  0x00007fc20781a000 JavaThread "C1 CompilerThread0" daemon [_thread_blocked, id=16643, stack(0x000070000124a000,0x000070000134a000)]
  0x00007fc2088e5800 JavaThread "Sweeper thread" daemon [_thread_blocked, id=43011, stack(0x000070000134d000,0x000070000144d000)]
  0x00007fc2080e0000 JavaThread "Common-Cleaner" daemon [_thread_blocked, id=22019, stack(0x0000700001450000,0x0000700001550000)]
  0x00007fc20786b000 JavaThread "Monitor Ctrl-Break" daemon [_thread_in_native, id=22531, stack(0x0000700001553000,0x0000700001653000)]
  0x00007fc207023000 JavaThread "Service Thread" daemon [_thread_blocked, id=23043, stack(0x0000700001656000,0x0000700001756000)]
  0x00007fc2078f7000 JavaThread "Attach Listener" daemon [_thread_blocked, id=25347, stack(0x0000700001c68000,0x0000700001d68000)]
  0x00007fc207bfd800 JavaThread "logback-1" daemon [_thread_blocked, id=39943, stack(0x0000700001d6b000,0x0000700001e6b000)]
  0x00007fc207707800 JavaThread "mysql-cj-abandoned-connection-cleanup" daemon [_thread_blocked, id=25915, stack(0x0000700001e6e000,0x0000700001f6e000)]
  0x00007fc209ecf000 JavaThread "HikariPool-1 housekeeper" daemon [_thread_blocked, id=39427, stack(0x0000700001f71000,0x0000700002071000)]
  0x00007fc20a34a800 JavaThread "HikariPool-1 connection adder" daemon [_thread_blocked, id=25095, stack(0x0000700001b65000,0x0000700001c65000)]
  0x00007fc20b803000 JavaThread "activiti-acquire-async-jobs" [_thread_blocked, id=3079, stack(0x0000700002074000,0x0000700002174000)]
  0x00007fc20b806000 JavaThread "activiti-acquire-timer-jobs" [_thread_blocked, id=39175, stack(0x0000700002177000,0x0000700002277000)]
  0x00007fc20b800800 JavaThread "activiti-reset-expired-jobs" [_thread_blocked, id=38915, stack(0x000070000227a000,0x000070000237a000)]
=>0x00007fc208ed2000 JavaThread "C2 CompilerThread1" daemon [_thread_in_native, id=28419, stack(0x000070000237d000,0x000070000247d000)]

Other Threads:
  0x00007fc2088d6000 VMThread "VM Thread" [stack: 0x0000700000d3b000,0x0000700000e3b000] [id=19459]
  0x00007fc207018000 WatcherThread [stack: 0x0000700001759000,0x0000700001859000] [id=23555]
  0x00007fc208803800 GCTaskThread "GC Thread#0" [stack: 0x000070000082c000,0x000070000092c000] [id=11523]
  0x00007fc20893f000 GCTaskThread "GC Thread#1" [stack: 0x000070000185c000,0x000070000195c000] [id=41475]
  0x00007fc208a4c800 GCTaskThread "GC Thread#2" [stack: 0x000070000195f000,0x0000700001a5f000] [id=24067]
  0x00007fc2080a7800 GCTaskThread "GC Thread#3" [stack: 0x0000700001a62000,0x0000700001b62000] [id=41219]
  0x00007fc208841800 ConcurrentGCThread "G1 Main Marker" [stack: 0x000070000092f000,0x0000700000a2f000] [id=11779]
  0x00007fc208842800 ConcurrentGCThread "G1 Conc#0" [stack: 0x0000700000a32000,0x0000700000b32000] [id=12547]
  0x00007fc2088d3000 ConcurrentGCThread "G1 Refine#0" [stack: 0x0000700000b35000,0x0000700000c35000] [id=20227]
  0x00007fc20800c800 ConcurrentGCThread "G1 Young RemSet Sampling" [stack: 0x0000700000c38000,0x0000700000d38000] [id=13059]

Threads with active compile tasks:
C2 CompilerThread05184   !   4       org.springframework.core.annotation.AnnotationsScanner::processMethodHierarchy (286 bytes)
C2 CompilerThread15049       4       org.springframework.core.annotation.TypeMappedAnnotations::get (52 bytes)

VM state:not at safepoint (normal execution)

VM Mutex/Monitor currently owned by a thread: None

Heap address: 0x0000000700000000, size: 4096 MB, Compressed Oops mode: Zero based, Oop shift amount: 3
Narrow klass base: 0x0000000800000000, Narrow klass shift: 0
Compressed class space size: 1073741824 Address: 0x0000000800000000

Heap:
 garbage-first heap   total 315392K, used 39018K [0x0000000700000000, 0x0000000800000000)
  region size 1024K, 30 young (30720K), 17 survivors (17408K)
 Metaspace       used 51748K, capacity 52861K, committed 53168K, reserved 1095680K
  class space    used 6185K, capacity 6634K, committed 6656K, reserved 1048576K
Heap Regions: E=young(eden), S=young(survivor), O=old, HS=humongous(starts), HC=humongous(continues), CS=collection set, F=free, A=archive, TAMS=top-at-mark-start (previous, next)
|   0|0x0000000700000000, 0x0000000700100000, 0x0000000700100000|100%| O|  |TAMS 0x0000000700100000, 0x0000000700000000| Untracked 
|   1|0x0000000700100000, 0x0000000700200000, 0x0000000700200000|100%| O|  |TAMS 0x0000000700200000, 0x0000000700100000| Untracked 
|   2|0x0000000700200000, 0x0000000700300000, 0x0000000700300000|100%| O|  |TAMS 0x0000000700300000, 0x0000000700200000| Untracked 
|   3|0x0000000700300000, 0x0000000700400000, 0x0000000700400000|100%| O|  |TAMS 0x0000000700400000, 0x0000000700300000| Untracked 
|   4|0x0000000700400000, 0x0000000700500000, 0x0000000700500000|100%| O|  |TAMS 0x0000000700500000, 0x0000000700400000| Untracked 
|   5|0x0000000700500000, 0x0000000700600000, 0x0000000700600000|100%| O|  |TAMS 0x000000070057aa00, 0x0000000700500000| Untracked 
|   6|0x0000000700600000, 0x0000000700700000, 0x0000000700700000|100%| O|  |TAMS 0x0000000700600000, 0x0000000700600000| Untracked 
|   7|0x0000000700700000, 0x0000000700800000, 0x0000000700800000|100%| O|  |TAMS 0x0000000700700000, 0x0000000700700000| Untracked 
|   8|0x0000000700800000, 0x0000000700900000, 0x0000000700900000|100%| O|  |TAMS 0x0000000700800000, 0x0000000700800000| Untracked 
|   9|0x0000000700900000, 0x000000070099aa00, 0x0000000700a00000| 60%| O|  |TAMS 0x0000000700900000, 0x0000000700900000| Untracked 
|  10|0x0000000700a00000, 0x0000000700a00000, 0x0000000700b00000|  0%| F|  |TAMS 0x0000000700a00000, 0x0000000700a00000| Untracked 
|  11|0x0000000700b00000, 0x0000000700b00000, 0x0000000700c00000|  0%| F|  |TAMS 0x0000000700b00000, 0x0000000700b00000| Untracked 
|  12|0x0000000700c00000, 0x0000000700c00000, 0x0000000700d00000|  0%| F|  |TAMS 0x0000000700c00000, 0x0000000700c00000| Untracked 
|  13|0x0000000700d00000, 0x0000000700d00000, 0x0000000700e00000|  0%| F|  |TAMS 0x0000000700d00000, 0x0000000700d00000| Untracked 
|  14|0x0000000700e00000, 0x0000000700e00000, 0x0000000700f00000|  0%| F|  |TAMS 0x0000000700e00000, 0x0000000700e00000| Untracked 
|  15|0x0000000700f00000, 0x0000000700f00000, 0x0000000701000000|  0%| F|  |TAMS 0x0000000700f00000, 0x0000000700f00000| Untracked 
|  16|0x0000000701000000, 0x0000000701000000, 0x0000000701100000|  0%| F|  |TAMS 0x0000000701000000, 0x0000000701000000| Untracked 
|  17|0x0000000701100000, 0x0000000701100000, 0x0000000701200000|  0%| F|  |TAMS 0x0000000701100000, 0x0000000701100000| Untracked 
|  18|0x0000000701200000, 0x0000000701200000, 0x0000000701300000|  0%| F|  |TAMS 0x0000000701200000, 0x0000000701200000| Untracked 
|  19|0x0000000701300000, 0x0000000701300000, 0x0000000701400000|  0%| F|  |TAMS 0x0000000701300000, 0x0000000701300000| Untracked 
|  20|0x0000000701400000, 0x0000000701400000, 0x0000000701500000|  0%| F|  |TAMS 0x0000000701400000, 0x0000000701400000| Untracked 
|  21|0x0000000701500000, 0x0000000701500000, 0x0000000701600000|  0%| F|  |TAMS 0x0000000701500000, 0x0000000701500000| Untracked 
|  22|0x0000000701600000, 0x0000000701600000, 0x0000000701700000|  0%| F|  |TAMS 0x0000000701600000, 0x0000000701600000| Untracked 
|  23|0x0000000701700000, 0x0000000701700000, 0x0000000701800000|  0%| F|  |TAMS 0x0000000701700000, 0x0000000701700000| Untracked 
|  24|0x0000000701800000, 0x0000000701800000, 0x0000000701900000|  0%| F|  |TAMS 0x0000000701800000, 0x0000000701800000| Untracked 
|  25|0x0000000701900000, 0x0000000701900000, 0x0000000701a00000|  0%| F|  |TAMS 0x0000000701900000, 0x0000000701900000| Untracked 
|  26|0x0000000701a00000, 0x0000000701a00000, 0x0000000701b00000|  0%| F|  |TAMS 0x0000000701a00000, 0x0000000701a00000| Untracked 
|  27|0x0000000701b00000, 0x0000000701b00000, 0x0000000701c00000|  0%| F|  |TAMS 0x0000000701b00000, 0x0000000701b00000| Untracked 
|  28|0x0000000701c00000, 0x0000000701c00000, 0x0000000701d00000|  0%| F|  |TAMS 0x0000000701c00000, 0x0000000701c00000| Untracked 
|  29|0x0000000701d00000, 0x0000000701d00000, 0x0000000701e00000|  0%| F|  |TAMS 0x0000000701d00000, 0x0000000701d00000| Untracked 
|  30|0x0000000701e00000, 0x0000000701e00000, 0x0000000701f00000|  0%| F|  |TAMS 0x0000000701e00000, 0x0000000701e00000| Untracked 
|  31|0x0000000701f00000, 0x0000000701f00000, 0x0000000702000000|  0%| F|  |TAMS 0x0000000701f00000, 0x0000000701f00000| Untracked 
|  32|0x0000000702000000, 0x0000000702000000, 0x0000000702100000|  0%| F|  |TAMS 0x0000000702000000, 0x0000000702000000| Untracked 
|  33|0x0000000702100000, 0x0000000702100000, 0x0000000702200000|  0%| F|  |TAMS 0x0000000702100000, 0x0000000702100000| Untracked 
|  34|0x0000000702200000, 0x0000000702200000, 0x0000000702300000|  0%| F|  |TAMS 0x0000000702200000, 0x0000000702200000| Untracked 
|  35|0x0000000702300000, 0x0000000702300000, 0x0000000702400000|  0%| F|  |TAMS 0x0000000702300000, 0x0000000702300000| Untracked 
|  36|0x0000000702400000, 0x0000000702400000, 0x0000000702500000|  0%| F|  |TAMS 0x0000000702400000, 0x0000000702400000| Untracked 
|  37|0x0000000702500000, 0x0000000702500000, 0x0000000702600000|  0%| F|  |TAMS 0x0000000702500000, 0x0000000702500000| Untracked 
|  38|0x0000000702600000, 0x0000000702600000, 0x0000000702700000|  0%| F|  |TAMS 0x0000000702600000, 0x0000000702600000| Untracked 
|  39|0x0000000702700000, 0x0000000702700000, 0x0000000702800000|  0%| F|  |TAMS 0x0000000702700000, 0x0000000702700000| Untracked 
|  40|0x0000000702800000, 0x0000000702800000, 0x0000000702900000|  0%| F|  |TAMS 0x0000000702800000, 0x0000000702800000| Untracked 
|  41|0x0000000702900000, 0x0000000702900000, 0x0000000702a00000|  0%| F|  |TAMS 0x0000000702900000, 0x0000000702900000| Untracked 
|  42|0x0000000702a00000, 0x0000000702a00000, 0x0000000702b00000|  0%| F|  |TAMS 0x0000000702a00000, 0x0000000702a00000| Untracked 
|  43|0x0000000702b00000, 0x0000000702b00000, 0x0000000702c00000|  0%| F|  |TAMS 0x0000000702b00000, 0x0000000702b00000| Untracked 
|  44|0x0000000702c00000, 0x0000000702c00000, 0x0000000702d00000|  0%| F|  |TAMS 0x0000000702c00000, 0x0000000702c00000| Untracked 
|  45|0x0000000702d00000, 0x0000000702d00000, 0x0000000702e00000|  0%| F|  |TAMS 0x0000000702d00000, 0x0000000702d00000| Untracked 
|  46|0x0000000702e00000, 0x0000000702e00000, 0x0000000702f00000|  0%| F|  |TAMS 0x0000000702e00000, 0x0000000702e00000| Untracked 
|  47|0x0000000702f00000, 0x0000000702f00000, 0x0000000703000000|  0%| F|  |TAMS 0x0000000702f00000, 0x0000000702f00000| Untracked 
|  48|0x0000000703000000, 0x0000000703000000, 0x0000000703100000|  0%| F|  |TAMS 0x0000000703000000, 0x0000000703000000| Untracked 
|  49|0x0000000703100000, 0x0000000703100000, 0x0000000703200000|  0%| F|  |TAMS 0x0000000703100000, 0x0000000703100000| Untracked 
|  50|0x0000000703200000, 0x0000000703200000, 0x0000000703300000|  0%| F|  |TAMS 0x0000000703200000, 0x0000000703200000| Untracked 
|  51|0x0000000703300000, 0x0000000703300000, 0x0000000703400000|  0%| F|  |TAMS 0x0000000703300000, 0x0000000703300000| Untracked 
|  52|0x0000000703400000, 0x0000000703400000, 0x0000000703500000|  0%| F|  |TAMS 0x0000000703400000, 0x0000000703400000| Untracked 
|  53|0x0000000703500000, 0x0000000703500000, 0x0000000703600000|  0%| F|  |TAMS 0x0000000703500000, 0x0000000703500000| Untracked 
|  54|0x0000000703600000, 0x0000000703600000, 0x0000000703700000|  0%| F|  |TAMS 0x0000000703600000, 0x0000000703600000| Untracked 
|  55|0x0000000703700000, 0x0000000703700000, 0x0000000703800000|  0%| F|  |TAMS 0x0000000703700000, 0x0000000703700000| Untracked 
|  56|0x0000000703800000, 0x0000000703800000, 0x0000000703900000|  0%| F|  |TAMS 0x0000000703800000, 0x0000000703800000| Untracked 
|  57|0x0000000703900000, 0x0000000703900000, 0x0000000703a00000|  0%| F|  |TAMS 0x0000000703900000, 0x0000000703900000| Untracked 
|  58|0x0000000703a00000, 0x0000000703a00000, 0x0000000703b00000|  0%| F|  |TAMS 0x0000000703a00000, 0x0000000703a00000| Untracked 
|  59|0x0000000703b00000, 0x0000000703b00000, 0x0000000703c00000|  0%| F|  |TAMS 0x0000000703b00000, 0x0000000703b00000| Untracked 
|  60|0x0000000703c00000, 0x0000000703c00000, 0x0000000703d00000|  0%| F|  |TAMS 0x0000000703c00000, 0x0000000703c00000| Untracked 
|  61|0x0000000703d00000, 0x0000000703d00000, 0x0000000703e00000|  0%| F|  |TAMS 0x0000000703d00000, 0x0000000703d00000| Untracked 
|  62|0x0000000703e00000, 0x0000000703e00000, 0x0000000703f00000|  0%| F|  |TAMS 0x0000000703e00000, 0x0000000703e00000| Untracked 
|  63|0x0000000703f00000, 0x0000000703f00000, 0x0000000704000000|  0%| F|  |TAMS 0x0000000703f00000, 0x0000000703f00000| Untracked 
|  64|0x0000000704000000, 0x0000000704000000, 0x0000000704100000|  0%| F|  |TAMS 0x0000000704000000, 0x0000000704000000| Untracked 
|  65|0x0000000704100000, 0x0000000704100000, 0x0000000704200000|  0%| F|  |TAMS 0x0000000704100000, 0x0000000704100000| Untracked 
|  66|0x0000000704200000, 0x0000000704200000, 0x0000000704300000|  0%| F|  |TAMS 0x0000000704200000, 0x0000000704200000| Untracked 
|  67|0x0000000704300000, 0x0000000704300000, 0x0000000704400000|  0%| F|  |TAMS 0x0000000704300000, 0x0000000704300000| Untracked 
|  68|0x0000000704400000, 0x0000000704400000, 0x0000000704500000|  0%| F|  |TAMS 0x0000000704400000, 0x0000000704400000| Untracked 
|  69|0x0000000704500000, 0x0000000704500000, 0x0000000704600000|  0%| F|  |TAMS 0x0000000704500000, 0x0000000704500000| Untracked 
|  70|0x0000000704600000, 0x0000000704600000, 0x0000000704700000|  0%| F|  |TAMS 0x0000000704600000, 0x0000000704600000| Untracked 
|  71|0x0000000704700000, 0x0000000704700000, 0x0000000704800000|  0%| F|  |TAMS 0x0000000704700000, 0x0000000704700000| Untracked 
|  72|0x0000000704800000, 0x0000000704800000, 0x0000000704900000|  0%| F|  |TAMS 0x0000000704800000, 0x0000000704800000| Untracked 
|  73|0x0000000704900000, 0x0000000704900000, 0x0000000704a00000|  0%| F|  |TAMS 0x0000000704900000, 0x0000000704900000| Untracked 
|  74|0x0000000704a00000, 0x0000000704a00000, 0x0000000704b00000|  0%| F|  |TAMS 0x0000000704a00000, 0x0000000704a00000| Untracked 
|  75|0x0000000704b00000, 0x0000000704b00000, 0x0000000704c00000|  0%| F|  |TAMS 0x0000000704b00000, 0x0000000704b00000| Untracked 
|  76|0x0000000704c00000, 0x0000000704c00000, 0x0000000704d00000|  0%| F|  |TAMS 0x0000000704c00000, 0x0000000704c00000| Untracked 
|  77|0x0000000704d00000, 0x0000000704d00000, 0x0000000704e00000|  0%| F|  |TAMS 0x0000000704d00000, 0x0000000704d00000| Untracked 
|  78|0x0000000704e00000, 0x0000000704e00000, 0x0000000704f00000|  0%| F|  |TAMS 0x0000000704e00000, 0x0000000704e00000| Untracked 
|  79|0x0000000704f00000, 0x0000000704f00000, 0x0000000705000000|  0%| F|  |TAMS 0x0000000704f00000, 0x0000000704f00000| Untracked 
|  80|0x0000000705000000, 0x0000000705000000, 0x0000000705100000|  0%| F|  |TAMS 0x0000000705000000, 0x0000000705000000| Untracked 
|  81|0x0000000705100000, 0x0000000705100000, 0x0000000705200000|  0%| F|  |TAMS 0x0000000705100000, 0x0000000705100000| Untracked 
|  82|0x0000000705200000, 0x0000000705200000, 0x0000000705300000|  0%| F|  |TAMS 0x0000000705200000, 0x0000000705200000| Untracked 
|  83|0x0000000705300000, 0x0000000705300000, 0x0000000705400000|  0%| F|  |TAMS 0x0000000705300000, 0x0000000705300000| Untracked 
|  84|0x0000000705400000, 0x0000000705400000, 0x0000000705500000|  0%| F|  |TAMS 0x0000000705400000, 0x0000000705400000| Untracked 
|  85|0x0000000705500000, 0x0000000705500000, 0x0000000705600000|  0%| F|  |TAMS 0x0000000705500000, 0x0000000705500000| Untracked 
|  86|0x0000000705600000, 0x0000000705600000, 0x0000000705700000|  0%| F|  |TAMS 0x0000000705600000, 0x0000000705600000| Untracked 
|  87|0x0000000705700000, 0x0000000705700000, 0x0000000705800000|  0%| F|  |TAMS 0x0000000705700000, 0x0000000705700000| Untracked 
|  88|0x0000000705800000, 0x0000000705800000, 0x0000000705900000|  0%| F|  |TAMS 0x0000000705800000, 0x0000000705800000| Untracked 
|  89|0x0000000705900000, 0x0000000705900000, 0x0000000705a00000|  0%| F|  |TAMS 0x0000000705900000, 0x0000000705900000| Untracked 
|  90|0x0000000705a00000, 0x0000000705a00000, 0x0000000705b00000|  0%| F|  |TAMS 0x0000000705a00000, 0x0000000705a00000| Untracked 
|  91|0x0000000705b00000, 0x0000000705b00000, 0x0000000705c00000|  0%| F|  |TAMS 0x0000000705b00000, 0x0000000705b00000| Untracked 
|  92|0x0000000705c00000, 0x0000000705c00000, 0x0000000705d00000|  0%| F|  |TAMS 0x0000000705c00000, 0x0000000705c00000| Untracked 
|  93|0x0000000705d00000, 0x0000000705d00000, 0x0000000705e00000|  0%| F|  |TAMS 0x0000000705d00000, 0x0000000705d00000| Untracked 
|  94|0x0000000705e00000, 0x0000000705e00000, 0x0000000705f00000|  0%| F|  |TAMS 0x0000000705e00000, 0x0000000705e00000| Untracked 
|  95|0x0000000705f00000, 0x0000000705f00000, 0x0000000706000000|  0%| F|  |TAMS 0x0000000705f00000, 0x0000000705f00000| Untracked 
|  96|0x0000000706000000, 0x0000000706000000, 0x0000000706100000|  0%| F|  |TAMS 0x0000000706000000, 0x0000000706000000| Untracked 
|  97|0x0000000706100000, 0x0000000706100000, 0x0000000706200000|  0%| F|  |TAMS 0x0000000706100000, 0x0000000706100000| Untracked 
|  98|0x0000000706200000, 0x0000000706200000, 0x0000000706300000|  0%| F|  |TAMS 0x0000000706200000, 0x0000000706200000| Untracked 
|  99|0x0000000706300000, 0x0000000706300000, 0x0000000706400000|  0%| F|  |TAMS 0x0000000706300000, 0x0000000706300000| Untracked 
| 100|0x0000000706400000, 0x0000000706400000, 0x0000000706500000|  0%| F|  |TAMS 0x0000000706400000, 0x0000000706400000| Untracked 
| 101|0x0000000706500000, 0x0000000706500000, 0x0000000706600000|  0%| F|  |TAMS 0x0000000706500000, 0x0000000706500000| Untracked 
| 102|0x0000000706600000, 0x0000000706600000, 0x0000000706700000|  0%| F|  |TAMS 0x0000000706600000, 0x0000000706600000| Untracked 
| 103|0x0000000706700000, 0x0000000706700000, 0x0000000706800000|  0%| F|  |TAMS 0x0000000706700000, 0x0000000706700000| Untracked 
| 104|0x0000000706800000, 0x0000000706800000, 0x0000000706900000|  0%| F|  |TAMS 0x0000000706800000, 0x0000000706800000| Untracked 
| 105|0x0000000706900000, 0x0000000706900000, 0x0000000706a00000|  0%| F|  |TAMS 0x0000000706900000, 0x0000000706900000| Untracked 
| 106|0x0000000706a00000, 0x0000000706a00000, 0x0000000706b00000|  0%| F|  |TAMS 0x0000000706a00000, 0x0000000706a00000| Untracked 
| 107|0x0000000706b00000, 0x0000000706b80000, 0x0000000706c00000| 50%| S|CS|TAMS 0x0000000706b00000, 0x0000000706b00000| Complete 
| 108|0x0000000706c00000, 0x0000000706c00000, 0x0000000706d00000|  0%| F|  |TAMS 0x0000000706c00000, 0x0000000706c00000| Untracked 
| 109|0x0000000706d00000, 0x0000000706d00000, 0x0000000706e00000|  0%| F|  |TAMS 0x0000000706d00000, 0x0000000706d00000| Untracked 
| 110|0x0000000706e00000, 0x0000000706e00000, 0x0000000706f00000|  0%| F|  |TAMS 0x0000000706e00000, 0x0000000706e00000| Untracked 
| 111|0x0000000706f00000, 0x0000000706f00000, 0x0000000707000000|  0%| F|  |TAMS 0x0000000706f00000, 0x0000000706f00000| Untracked 
| 112|0x0000000707000000, 0x0000000707000000, 0x0000000707100000|  0%| F|  |TAMS 0x0000000707000000, 0x0000000707000000| Untracked 
| 113|0x0000000707100000, 0x0000000707100000, 0x0000000707200000|  0%| F|  |TAMS 0x0000000707100000, 0x0000000707100000| Untracked 
| 114|0x0000000707200000, 0x0000000707200000, 0x0000000707300000|  0%| F|  |TAMS 0x0000000707200000, 0x0000000707200000| Untracked 
| 115|0x0000000707300000, 0x0000000707300000, 0x0000000707400000|  0%| F|  |TAMS 0x0000000707300000, 0x0000000707300000| Untracked 
| 116|0x0000000707400000, 0x0000000707400000, 0x0000000707500000|  0%| F|  |TAMS 0x0000000707400000, 0x0000000707400000| Untracked 
| 117|0x0000000707500000, 0x0000000707500000, 0x0000000707600000|  0%| F|  |TAMS 0x0000000707500000, 0x0000000707500000| Untracked 
| 118|0x0000000707600000, 0x0000000707600000, 0x0000000707700000|  0%| F|  |TAMS 0x0000000707600000, 0x0000000707600000| Untracked 
| 119|0x0000000707700000, 0x0000000707700000, 0x0000000707800000|  0%| F|  |TAMS 0x0000000707700000, 0x0000000707700000| Untracked 
| 120|0x0000000707800000, 0x0000000707800000, 0x0000000707900000|  0%| F|  |TAMS 0x0000000707800000, 0x0000000707800000| Untracked 
| 121|0x0000000707900000, 0x0000000707900000, 0x0000000707a00000|  0%| F|  |TAMS 0x0000000707900000, 0x0000000707900000| Untracked 
| 122|0x0000000707a00000, 0x0000000707a00000, 0x0000000707b00000|  0%| F|  |TAMS 0x0000000707a00000, 0x0000000707a00000| Untracked 
| 123|0x0000000707b00000, 0x0000000707b00000, 0x0000000707c00000|  0%| F|  |TAMS 0x0000000707b00000, 0x0000000707b00000| Untracked 
| 124|0x0000000707c00000, 0x0000000707d00000, 0x0000000707d00000|100%| S|CS|TAMS 0x0000000707c00000, 0x0000000707c00000| Complete 
| 125|0x0000000707d00000, 0x0000000707e00000, 0x0000000707e00000|100%| S|CS|TAMS 0x0000000707d00000, 0x0000000707d00000| Complete 
| 126|0x0000000707e00000, 0x0000000707f00000, 0x0000000707f00000|100%| S|CS|TAMS 0x0000000707e00000, 0x0000000707e00000| Complete 
| 127|0x0000000707f00000, 0x0000000708000000, 0x0000000708000000|100%| S|CS|TAMS 0x0000000707f00000, 0x0000000707f00000| Complete 
| 128|0x0000000708000000, 0x0000000708100000, 0x0000000708100000|100%| S|CS|TAMS 0x0000000708000000, 0x0000000708000000| Complete 
| 129|0x0000000708100000, 0x0000000708200000, 0x0000000708200000|100%| S|CS|TAMS 0x0000000708100000, 0x0000000708100000| Complete 
| 130|0x0000000708200000, 0x0000000708300000, 0x0000000708300000|100%| S|CS|TAMS 0x0000000708200000, 0x0000000708200000| Complete 
| 131|0x0000000708300000, 0x0000000708400000, 0x0000000708400000|100%| S|CS|TAMS 0x0000000708300000, 0x0000000708300000| Complete 
| 132|0x0000000708400000, 0x0000000708500000, 0x0000000708500000|100%| S|CS|TAMS 0x0000000708400000, 0x0000000708400000| Complete 
| 133|0x0000000708500000, 0x0000000708600000, 0x0000000708600000|100%| S|CS|TAMS 0x0000000708500000, 0x0000000708500000| Complete 
| 134|0x0000000708600000, 0x0000000708700000, 0x0000000708700000|100%| S|CS|TAMS 0x0000000708600000, 0x0000000708600000| Complete 
| 135|0x0000000708700000, 0x0000000708800000, 0x0000000708800000|100%| S|CS|TAMS 0x0000000708700000, 0x0000000708700000| Complete 
| 136|0x0000000708800000, 0x0000000708900000, 0x0000000708900000|100%| S|CS|TAMS 0x0000000708800000, 0x0000000708800000| Complete 
| 137|0x0000000708900000, 0x0000000708a00000, 0x0000000708a00000|100%| S|CS|TAMS 0x0000000708900000, 0x0000000708900000| Complete 
| 138|0x0000000708a00000, 0x0000000708b00000, 0x0000000708b00000|100%| S|CS|TAMS 0x0000000708a00000, 0x0000000708a00000| Complete 
| 139|0x0000000708b00000, 0x0000000708c00000, 0x0000000708c00000|100%| S|CS|TAMS 0x0000000708b00000, 0x0000000708b00000| Complete 
| 140|0x0000000708c00000, 0x0000000708c00000, 0x0000000708d00000|  0%| F|  |TAMS 0x0000000708c00000, 0x0000000708c00000| Untracked 
| 141|0x0000000708d00000, 0x0000000708d00000, 0x0000000708e00000|  0%| F|  |TAMS 0x0000000708d00000, 0x0000000708d00000| Untracked 
| 142|0x0000000708e00000, 0x0000000708e00000, 0x0000000708f00000|  0%| F|  |TAMS 0x0000000708e00000, 0x0000000708e00000| Untracked 
| 143|0x0000000708f00000, 0x0000000708f00000, 0x0000000709000000|  0%| F|  |TAMS 0x0000000708f00000, 0x0000000708f00000| Untracked 
| 144|0x0000000709000000, 0x0000000709000000, 0x0000000709100000|  0%| F|  |TAMS 0x0000000709000000, 0x0000000709000000| Untracked 
| 145|0x0000000709100000, 0x0000000709100000, 0x0000000709200000|  0%| F|  |TAMS 0x0000000709100000, 0x0000000709100000| Untracked 
| 146|0x0000000709200000, 0x0000000709200000, 0x0000000709300000|  0%| F|  |TAMS 0x0000000709200000, 0x0000000709200000| Untracked 
| 147|0x0000000709300000, 0x0000000709300000, 0x0000000709400000|  0%| F|  |TAMS 0x0000000709300000, 0x0000000709300000| Untracked 
| 148|0x0000000709400000, 0x0000000709400000, 0x0000000709500000|  0%| F|  |TAMS 0x0000000709400000, 0x0000000709400000| Untracked 
| 149|0x0000000709500000, 0x0000000709500000, 0x0000000709600000|  0%| F|  |TAMS 0x0000000709500000, 0x0000000709500000| Untracked 
| 150|0x0000000709600000, 0x0000000709600000, 0x0000000709700000|  0%| F|  |TAMS 0x0000000709600000, 0x0000000709600000| Untracked 
| 151|0x0000000709700000, 0x0000000709700000, 0x0000000709800000|  0%| F|  |TAMS 0x0000000709700000, 0x0000000709700000| Untracked 
| 152|0x0000000709800000, 0x0000000709800000, 0x0000000709900000|  0%| F|  |TAMS 0x0000000709800000, 0x0000000709800000| Untracked 
| 153|0x0000000709900000, 0x0000000709900000, 0x0000000709a00000|  0%| F|  |TAMS 0x0000000709900000, 0x0000000709900000| Untracked 
| 154|0x0000000709a00000, 0x0000000709a00000, 0x0000000709b00000|  0%| F|  |TAMS 0x0000000709a00000, 0x0000000709a00000| Untracked 
| 155|0x0000000709b00000, 0x0000000709b00000, 0x0000000709c00000|  0%| F|  |TAMS 0x0000000709b00000, 0x0000000709b00000| Untracked 
| 156|0x0000000709c00000, 0x0000000709c00000, 0x0000000709d00000|  0%| F|  |TAMS 0x0000000709c00000, 0x0000000709c00000| Untracked 
| 157|0x0000000709d00000, 0x0000000709d00000, 0x0000000709e00000|  0%| F|  |TAMS 0x0000000709d00000, 0x0000000709d00000| Untracked 
| 158|0x0000000709e00000, 0x0000000709e00000, 0x0000000709f00000|  0%| F|  |TAMS 0x0000000709e00000, 0x0000000709e00000| Untracked 
| 159|0x0000000709f00000, 0x0000000709f00000, 0x000000070a000000|  0%| F|  |TAMS 0x0000000709f00000, 0x0000000709f00000| Untracked 
| 160|0x000000070a000000, 0x000000070a000000, 0x000000070a100000|  0%| F|  |TAMS 0x000000070a000000, 0x000000070a000000| Untracked 
| 161|0x000000070a100000, 0x000000070a100000, 0x000000070a200000|  0%| F|  |TAMS 0x000000070a100000, 0x000000070a100000| Untracked 
| 162|0x000000070a200000, 0x000000070a200000, 0x000000070a300000|  0%| F|  |TAMS 0x000000070a200000, 0x000000070a200000| Untracked 
| 163|0x000000070a300000, 0x000000070a300000, 0x000000070a400000|  0%| F|  |TAMS 0x000000070a300000, 0x000000070a300000| Untracked 
| 164|0x000000070a400000, 0x000000070a400000, 0x000000070a500000|  0%| F|  |TAMS 0x000000070a400000, 0x000000070a400000| Untracked 
| 165|0x000000070a500000, 0x000000070a500000, 0x000000070a600000|  0%| F|  |TAMS 0x000000070a500000, 0x000000070a500000| Untracked 
| 166|0x000000070a600000, 0x000000070a600000, 0x000000070a700000|  0%| F|  |TAMS 0x000000070a600000, 0x000000070a600000| Untracked 
| 167|0x000000070a700000, 0x000000070a700000, 0x000000070a800000|  0%| F|  |TAMS 0x000000070a700000, 0x000000070a700000| Untracked 
| 168|0x000000070a800000, 0x000000070a800000, 0x000000070a900000|  0%| F|  |TAMS 0x000000070a800000, 0x000000070a800000| Untracked 
| 169|0x000000070a900000, 0x000000070a900000, 0x000000070aa00000|  0%| F|  |TAMS 0x000000070a900000, 0x000000070a900000| Untracked 
| 170|0x000000070aa00000, 0x000000070aa00000, 0x000000070ab00000|  0%| F|  |TAMS 0x000000070aa00000, 0x000000070aa00000| Untracked 
| 171|0x000000070ab00000, 0x000000070ab00000, 0x000000070ac00000|  0%| F|  |TAMS 0x000000070ab00000, 0x000000070ab00000| Untracked 
| 172|0x000000070ac00000, 0x000000070ac00000, 0x000000070ad00000|  0%| F|  |TAMS 0x000000070ac00000, 0x000000070ac00000| Untracked 
| 173|0x000000070ad00000, 0x000000070ad00000, 0x000000070ae00000|  0%| F|  |TAMS 0x000000070ad00000, 0x000000070ad00000| Untracked 
| 174|0x000000070ae00000, 0x000000070ae00000, 0x000000070af00000|  0%| F|  |TAMS 0x000000070ae00000, 0x000000070ae00000| Untracked 
| 175|0x000000070af00000, 0x000000070af00000, 0x000000070b000000|  0%| F|  |TAMS 0x000000070af00000, 0x000000070af00000| Untracked 
| 176|0x000000070b000000, 0x000000070b000000, 0x000000070b100000|  0%| F|  |TAMS 0x000000070b000000, 0x000000070b000000| Untracked 
| 177|0x000000070b100000, 0x000000070b100000, 0x000000070b200000|  0%| F|  |TAMS 0x000000070b100000, 0x000000070b100000| Untracked 
| 178|0x000000070b200000, 0x000000070b200000, 0x000000070b300000|  0%| F|  |TAMS 0x000000070b200000, 0x000000070b200000| Untracked 
| 179|0x000000070b300000, 0x000000070b300000, 0x000000070b400000|  0%| F|  |TAMS 0x000000070b300000, 0x000000070b300000| Untracked 
| 180|0x000000070b400000, 0x000000070b400000, 0x000000070b500000|  0%| F|  |TAMS 0x000000070b400000, 0x000000070b400000| Untracked 
| 181|0x000000070b500000, 0x000000070b500000, 0x000000070b600000|  0%| F|  |TAMS 0x000000070b500000, 0x000000070b500000| Untracked 
| 182|0x000000070b600000, 0x000000070b600000, 0x000000070b700000|  0%| F|  |TAMS 0x000000070b600000, 0x000000070b600000| Untracked 
| 183|0x000000070b700000, 0x000000070b700000, 0x000000070b800000|  0%| F|  |TAMS 0x000000070b700000, 0x000000070b700000| Untracked 
| 184|0x000000070b800000, 0x000000070b800000, 0x000000070b900000|  0%| F|  |TAMS 0x000000070b800000, 0x000000070b800000| Untracked 
| 185|0x000000070b900000, 0x000000070b900000, 0x000000070ba00000|  0%| F|  |TAMS 0x000000070b900000, 0x000000070b900000| Untracked 
| 186|0x000000070ba00000, 0x000000070ba00000, 0x000000070bb00000|  0%| F|  |TAMS 0x000000070ba00000, 0x000000070ba00000| Untracked 
| 187|0x000000070bb00000, 0x000000070bb00000, 0x000000070bc00000|  0%| F|  |TAMS 0x000000070bb00000, 0x000000070bb00000| Untracked 
| 188|0x000000070bc00000, 0x000000070bc00000, 0x000000070bd00000|  0%| F|  |TAMS 0x000000070bc00000, 0x000000070bc00000| Untracked 
| 189|0x000000070bd00000, 0x000000070bd00000, 0x000000070be00000|  0%| F|  |TAMS 0x000000070bd00000, 0x000000070bd00000| Untracked 
| 190|0x000000070be00000, 0x000000070be00000, 0x000000070bf00000|  0%| F|  |TAMS 0x000000070be00000, 0x000000070be00000| Untracked 
| 191|0x000000070bf00000, 0x000000070bf00000, 0x000000070c000000|  0%| F|  |TAMS 0x000000070bf00000, 0x000000070bf00000| Untracked 
| 192|0x000000070c000000, 0x000000070c000000, 0x000000070c100000|  0%| F|  |TAMS 0x000000070c000000, 0x000000070c000000| Untracked 
| 193|0x000000070c100000, 0x000000070c100000, 0x000000070c200000|  0%| F|  |TAMS 0x000000070c100000, 0x000000070c100000| Untracked 
| 194|0x000000070c200000, 0x000000070c200000, 0x000000070c300000|  0%| F|  |TAMS 0x000000070c200000, 0x000000070c200000| Untracked 
| 195|0x000000070c300000, 0x000000070c300000, 0x000000070c400000|  0%| F|  |TAMS 0x000000070c300000, 0x000000070c300000| Untracked 
| 196|0x000000070c400000, 0x000000070c400000, 0x000000070c500000|  0%| F|  |TAMS 0x000000070c400000, 0x000000070c400000| Untracked 
| 197|0x000000070c500000, 0x000000070c500000, 0x000000070c600000|  0%| F|  |TAMS 0x000000070c500000, 0x000000070c500000| Untracked 
| 198|0x000000070c600000, 0x000000070c600000, 0x000000070c700000|  0%| F|  |TAMS 0x000000070c600000, 0x000000070c600000| Untracked 
| 199|0x000000070c700000, 0x000000070c700000, 0x000000070c800000|  0%| F|  |TAMS 0x000000070c700000, 0x000000070c700000| Untracked 
| 200|0x000000070c800000, 0x000000070c800000, 0x000000070c900000|  0%| F|  |TAMS 0x000000070c800000, 0x000000070c800000| Untracked 
| 201|0x000000070c900000, 0x000000070c900000, 0x000000070ca00000|  0%| F|  |TAMS 0x000000070c900000, 0x000000070c900000| Untracked 
| 202|0x000000070ca00000, 0x000000070ca00000, 0x000000070cb00000|  0%| F|  |TAMS 0x000000070ca00000, 0x000000070ca00000| Untracked 
| 203|0x000000070cb00000, 0x000000070cb00000, 0x000000070cc00000|  0%| F|  |TAMS 0x000000070cb00000, 0x000000070cb00000| Untracked 
| 204|0x000000070cc00000, 0x000000070cc00000, 0x000000070cd00000|  0%| F|  |TAMS 0x000000070cc00000, 0x000000070cc00000| Untracked 
| 205|0x000000070cd00000, 0x000000070cd00000, 0x000000070ce00000|  0%| F|  |TAMS 0x000000070cd00000, 0x000000070cd00000| Untracked 
| 206|0x000000070ce00000, 0x000000070ce00000, 0x000000070cf00000|  0%| F|  |TAMS 0x000000070ce00000, 0x000000070ce00000| Untracked 
| 207|0x000000070cf00000, 0x000000070cf00000, 0x000000070d000000|  0%| F|  |TAMS 0x000000070cf00000, 0x000000070cf00000| Untracked 
| 208|0x000000070d000000, 0x000000070d000000, 0x000000070d100000|  0%| F|  |TAMS 0x000000070d000000, 0x000000070d000000| Untracked 
| 209|0x000000070d100000, 0x000000070d100000, 0x000000070d200000|  0%| F|  |TAMS 0x000000070d100000, 0x000000070d100000| Untracked 
| 210|0x000000070d200000, 0x000000070d200000, 0x000000070d300000|  0%| F|  |TAMS 0x000000070d200000, 0x000000070d200000| Untracked 
| 211|0x000000070d300000, 0x000000070d300000, 0x000000070d400000|  0%| F|  |TAMS 0x000000070d300000, 0x000000070d300000| Untracked 
| 212|0x000000070d400000, 0x000000070d400000, 0x000000070d500000|  0%| F|  |TAMS 0x000000070d400000, 0x000000070d400000| Untracked 
| 213|0x000000070d500000, 0x000000070d500000, 0x000000070d600000|  0%| F|  |TAMS 0x000000070d500000, 0x000000070d500000| Untracked 
| 214|0x000000070d600000, 0x000000070d600000, 0x000000070d700000|  0%| F|  |TAMS 0x000000070d600000, 0x000000070d600000| Untracked 
| 215|0x000000070d700000, 0x000000070d700000, 0x000000070d800000|  0%| F|  |TAMS 0x000000070d700000, 0x000000070d700000| Untracked 
| 216|0x000000070d800000, 0x000000070d800000, 0x000000070d900000|  0%| F|  |TAMS 0x000000070d800000, 0x000000070d800000| Untracked 
| 217|0x000000070d900000, 0x000000070d900000, 0x000000070da00000|  0%| F|  |TAMS 0x000000070d900000, 0x000000070d900000| Untracked 
| 218|0x000000070da00000, 0x000000070da00000, 0x000000070db00000|  0%| F|  |TAMS 0x000000070da00000, 0x000000070da00000| Untracked 
| 219|0x000000070db00000, 0x000000070db00000, 0x000000070dc00000|  0%| F|  |TAMS 0x000000070db00000, 0x000000070db00000| Untracked 
| 220|0x000000070dc00000, 0x000000070dc00000, 0x000000070dd00000|  0%| F|  |TAMS 0x000000070dc00000, 0x000000070dc00000| Untracked 
| 221|0x000000070dd00000, 0x000000070dd00000, 0x000000070de00000|  0%| F|  |TAMS 0x000000070dd00000, 0x000000070dd00000| Untracked 
| 222|0x000000070de00000, 0x000000070de00000, 0x000000070df00000|  0%| F|  |TAMS 0x000000070de00000, 0x000000070de00000| Untracked 
| 223|0x000000070df00000, 0x000000070df00000, 0x000000070e000000|  0%| F|  |TAMS 0x000000070df00000, 0x000000070df00000| Untracked 
| 224|0x000000070e000000, 0x000000070e000000, 0x000000070e100000|  0%| F|  |TAMS 0x000000070e000000, 0x000000070e000000| Untracked 
| 225|0x000000070e100000, 0x000000070e100000, 0x000000070e200000|  0%| F|  |TAMS 0x000000070e100000, 0x000000070e100000| Untracked 
| 226|0x000000070e200000, 0x000000070e200000, 0x000000070e300000|  0%| F|  |TAMS 0x000000070e200000, 0x000000070e200000| Untracked 
| 227|0x000000070e300000, 0x000000070e300000, 0x000000070e400000|  0%| F|  |TAMS 0x000000070e300000, 0x000000070e300000| Untracked 
| 228|0x000000070e400000, 0x000000070e400000, 0x000000070e500000|  0%| F|  |TAMS 0x000000070e400000, 0x000000070e400000| Untracked 
| 229|0x000000070e500000, 0x000000070e500000, 0x000000070e600000|  0%| F|  |TAMS 0x000000070e500000, 0x000000070e500000| Untracked 
| 230|0x000000070e600000, 0x000000070e600000, 0x000000070e700000|  0%| F|  |TAMS 0x000000070e600000, 0x000000070e600000| Untracked 
| 231|0x000000070e700000, 0x000000070e700000, 0x000000070e800000|  0%| F|  |TAMS 0x000000070e700000, 0x000000070e700000| Untracked 
| 232|0x000000070e800000, 0x000000070e800000, 0x000000070e900000|  0%| F|  |TAMS 0x000000070e800000, 0x000000070e800000| Untracked 
| 233|0x000000070e900000, 0x000000070e900000, 0x000000070ea00000|  0%| F|  |TAMS 0x000000070e900000, 0x000000070e900000| Untracked 
| 234|0x000000070ea00000, 0x000000070ea00000, 0x000000070eb00000|  0%| F|  |TAMS 0x000000070ea00000, 0x000000070ea00000| Untracked 
| 235|0x000000070eb00000, 0x000000070eb00000, 0x000000070ec00000|  0%| F|  |TAMS 0x000000070eb00000, 0x000000070eb00000| Untracked 
| 236|0x000000070ec00000, 0x000000070ec00000, 0x000000070ed00000|  0%| F|  |TAMS 0x000000070ec00000, 0x000000070ec00000| Untracked 
| 237|0x000000070ed00000, 0x000000070ed00000, 0x000000070ee00000|  0%| F|  |TAMS 0x000000070ed00000, 0x000000070ed00000| Untracked 
| 238|0x000000070ee00000, 0x000000070ee00000, 0x000000070ef00000|  0%| F|  |TAMS 0x000000070ee00000, 0x000000070ee00000| Untracked 
| 239|0x000000070ef00000, 0x000000070ef00000, 0x000000070f000000|  0%| F|  |TAMS 0x000000070ef00000, 0x000000070ef00000| Untracked 
| 240|0x000000070f000000, 0x000000070f000000, 0x000000070f100000|  0%| F|  |TAMS 0x000000070f000000, 0x000000070f000000| Untracked 
| 241|0x000000070f100000, 0x000000070f100000, 0x000000070f200000|  0%| F|  |TAMS 0x000000070f100000, 0x000000070f100000| Untracked 
| 242|0x000000070f200000, 0x000000070f200000, 0x000000070f300000|  0%| F|  |TAMS 0x000000070f200000, 0x000000070f200000| Untracked 
| 243|0x000000070f300000, 0x000000070f300000, 0x000000070f400000|  0%| F|  |TAMS 0x000000070f300000, 0x000000070f300000| Untracked 
| 244|0x000000070f400000, 0x000000070f400000, 0x000000070f500000|  0%| F|  |TAMS 0x000000070f400000, 0x000000070f400000| Untracked 
| 245|0x000000070f500000, 0x000000070f500000, 0x000000070f600000|  0%| F|  |TAMS 0x000000070f500000, 0x000000070f500000| Untracked 
| 246|0x000000070f600000, 0x000000070f600000, 0x000000070f700000|  0%| F|  |TAMS 0x000000070f600000, 0x000000070f600000| Untracked 
| 247|0x000000070f700000, 0x000000070f700000, 0x000000070f800000|  0%| F|  |TAMS 0x000000070f700000, 0x000000070f700000| Untracked 
| 248|0x000000070f800000, 0x000000070f800000, 0x000000070f900000|  0%| F|  |TAMS 0x000000070f800000, 0x000000070f800000| Untracked 
| 249|0x000000070f900000, 0x000000070f900000, 0x000000070fa00000|  0%| F|  |TAMS 0x000000070f900000, 0x000000070f900000| Untracked 
| 250|0x000000070fa00000, 0x000000070fa00000, 0x000000070fb00000|  0%| F|  |TAMS 0x000000070fa00000, 0x000000070fa00000| Untracked 
| 251|0x000000070fb00000, 0x000000070fb00000, 0x000000070fc00000|  0%| F|  |TAMS 0x000000070fb00000, 0x000000070fb00000| Untracked 
| 252|0x000000070fc00000, 0x000000070fc00000, 0x000000070fd00000|  0%| F|  |TAMS 0x000000070fc00000, 0x000000070fc00000| Untracked 
| 253|0x000000070fd00000, 0x000000070fd00000, 0x000000070fe00000|  0%| F|  |TAMS 0x000000070fd00000, 0x000000070fd00000| Untracked 
| 254|0x000000070fe00000, 0x000000070fe00000, 0x000000070ff00000|  0%| F|  |TAMS 0x000000070fe00000, 0x000000070fe00000| Untracked 
| 255|0x000000070ff00000, 0x000000070ff00000, 0x0000000710000000|  0%| F|  |TAMS 0x000000070ff00000, 0x000000070ff00000| Untracked 
| 256|0x0000000710000000, 0x0000000710000000, 0x0000000710100000|  0%| F|  |TAMS 0x0000000710000000, 0x0000000710000000| Untracked 
| 257|0x0000000710100000, 0x0000000710100000, 0x0000000710200000|  0%| F|  |TAMS 0x0000000710100000, 0x0000000710100000| Untracked 
| 258|0x0000000710200000, 0x0000000710200000, 0x0000000710300000|  0%| F|  |TAMS 0x0000000710200000, 0x0000000710200000| Untracked 
| 259|0x0000000710300000, 0x0000000710300000, 0x0000000710400000|  0%| F|  |TAMS 0x0000000710300000, 0x0000000710300000| Untracked 
| 260|0x0000000710400000, 0x0000000710400000, 0x0000000710500000|  0%| F|  |TAMS 0x0000000710400000, 0x0000000710400000| Untracked 
| 261|0x0000000710500000, 0x0000000710500000, 0x0000000710600000|  0%| F|  |TAMS 0x0000000710500000, 0x0000000710500000| Untracked 
| 262|0x0000000710600000, 0x0000000710600000, 0x0000000710700000|  0%| F|  |TAMS 0x0000000710600000, 0x0000000710600000| Untracked 
| 263|0x0000000710700000, 0x0000000710700000, 0x0000000710800000|  0%| F|  |TAMS 0x0000000710700000, 0x0000000710700000| Untracked 
| 264|0x0000000710800000, 0x0000000710800000, 0x0000000710900000|  0%| F|  |TAMS 0x0000000710800000, 0x0000000710800000| Untracked 
| 265|0x0000000710900000, 0x0000000710900000, 0x0000000710a00000|  0%| F|  |TAMS 0x0000000710900000, 0x0000000710900000| Untracked 
| 266|0x0000000710a00000, 0x0000000710a00000, 0x0000000710b00000|  0%| F|  |TAMS 0x0000000710a00000, 0x0000000710a00000| Untracked 
| 267|0x0000000710b00000, 0x0000000710b00000, 0x0000000710c00000|  0%| F|  |TAMS 0x0000000710b00000, 0x0000000710b00000| Untracked 
| 268|0x0000000710c00000, 0x0000000710c00000, 0x0000000710d00000|  0%| F|  |TAMS 0x0000000710c00000, 0x0000000710c00000| Untracked 
| 269|0x0000000710d00000, 0x0000000710d00000, 0x0000000710e00000|  0%| F|  |TAMS 0x0000000710d00000, 0x0000000710d00000| Untracked 
| 270|0x0000000710e00000, 0x0000000710e00000, 0x0000000710f00000|  0%| F|  |TAMS 0x0000000710e00000, 0x0000000710e00000| Untracked 
| 271|0x0000000710f00000, 0x0000000710f00000, 0x0000000711000000|  0%| F|  |TAMS 0x0000000710f00000, 0x0000000710f00000| Untracked 
| 272|0x0000000711000000, 0x0000000711000000, 0x0000000711100000|  0%| F|  |TAMS 0x0000000711000000, 0x0000000711000000| Untracked 
| 273|0x0000000711100000, 0x0000000711100000, 0x0000000711200000|  0%| F|  |TAMS 0x0000000711100000, 0x0000000711100000| Untracked 
| 274|0x0000000711200000, 0x0000000711200000, 0x0000000711300000|  0%| F|  |TAMS 0x0000000711200000, 0x0000000711200000| Untracked 
| 275|0x0000000711300000, 0x0000000711300000, 0x0000000711400000|  0%| F|  |TAMS 0x0000000711300000, 0x0000000711300000| Untracked 
| 276|0x0000000711400000, 0x0000000711400000, 0x0000000711500000|  0%| F|  |TAMS 0x0000000711400000, 0x0000000711400000| Untracked 
| 277|0x0000000711500000, 0x0000000711500000, 0x0000000711600000|  0%| F|  |TAMS 0x0000000711500000, 0x0000000711500000| Untracked 
| 278|0x0000000711600000, 0x0000000711600000, 0x0000000711700000|  0%| F|  |TAMS 0x0000000711600000, 0x0000000711600000| Untracked 
| 279|0x0000000711700000, 0x0000000711700000, 0x0000000711800000|  0%| F|  |TAMS 0x0000000711700000, 0x0000000711700000| Untracked 
| 280|0x0000000711800000, 0x0000000711800000, 0x0000000711900000|  0%| F|  |TAMS 0x0000000711800000, 0x0000000711800000| Untracked 
| 281|0x0000000711900000, 0x0000000711900000, 0x0000000711a00000|  0%| F|  |TAMS 0x0000000711900000, 0x0000000711900000| Untracked 
| 282|0x0000000711a00000, 0x0000000711a00000, 0x0000000711b00000|  0%| F|  |TAMS 0x0000000711a00000, 0x0000000711a00000| Untracked 
| 283|0x0000000711b00000, 0x0000000711b00000, 0x0000000711c00000|  0%| F|  |TAMS 0x0000000711b00000, 0x0000000711b00000| Untracked 
| 284|0x0000000711c00000, 0x0000000711c00000, 0x0000000711d00000|  0%| F|  |TAMS 0x0000000711c00000, 0x0000000711c00000| Untracked 
| 285|0x0000000711d00000, 0x0000000711d00000, 0x0000000711e00000|  0%| F|  |TAMS 0x0000000711d00000, 0x0000000711d00000| Untracked 
| 286|0x0000000711e00000, 0x0000000711e00000, 0x0000000711f00000|  0%| F|  |TAMS 0x0000000711e00000, 0x0000000711e00000| Untracked 
| 287|0x0000000711f00000, 0x0000000711f00000, 0x0000000712000000|  0%| F|  |TAMS 0x0000000711f00000, 0x0000000711f00000| Untracked 
| 288|0x0000000712000000, 0x0000000712000000, 0x0000000712100000|  0%| F|  |TAMS 0x0000000712000000, 0x0000000712000000| Untracked 
| 289|0x0000000712100000, 0x0000000712100000, 0x0000000712200000|  0%| F|  |TAMS 0x0000000712100000, 0x0000000712100000| Untracked 
| 290|0x0000000712200000, 0x0000000712200000, 0x0000000712300000|  0%| F|  |TAMS 0x0000000712200000, 0x0000000712200000| Untracked 
| 291|0x0000000712300000, 0x0000000712300000, 0x0000000712400000|  0%| F|  |TAMS 0x0000000712300000, 0x0000000712300000| Untracked 
| 292|0x0000000712400000, 0x0000000712400000, 0x0000000712500000|  0%| F|  |TAMS 0x0000000712400000, 0x0000000712400000| Untracked 
| 293|0x0000000712500000, 0x0000000712500000, 0x0000000712600000|  0%| F|  |TAMS 0x0000000712500000, 0x0000000712500000| Untracked 
| 294|0x0000000712600000, 0x0000000712700000, 0x0000000712700000|100%| E|  |TAMS 0x0000000712600000, 0x0000000712600000| Complete 
| 295|0x0000000712700000, 0x0000000712800000, 0x0000000712800000|100%| E|CS|TAMS 0x0000000712700000, 0x0000000712700000| Complete 
| 296|0x0000000712800000, 0x0000000712900000, 0x0000000712900000|100%| E|CS|TAMS 0x0000000712800000, 0x0000000712800000| Complete 
| 297|0x0000000712900000, 0x0000000712a00000, 0x0000000712a00000|100%| E|CS|TAMS 0x0000000712900000, 0x0000000712900000| Complete 
| 298|0x0000000712a00000, 0x0000000712b00000, 0x0000000712b00000|100%| E|CS|TAMS 0x0000000712a00000, 0x0000000712a00000| Complete 
| 299|0x0000000712b00000, 0x0000000712c00000, 0x0000000712c00000|100%| E|CS|TAMS 0x0000000712b00000, 0x0000000712b00000| Complete 
| 300|0x0000000712c00000, 0x0000000712d00000, 0x0000000712d00000|100%| E|CS|TAMS 0x0000000712c00000, 0x0000000712c00000| Complete 
| 301|0x0000000712d00000, 0x0000000712e00000, 0x0000000712e00000|100%| E|CS|TAMS 0x0000000712d00000, 0x0000000712d00000| Complete 
| 302|0x0000000712e00000, 0x0000000712f00000, 0x0000000712f00000|100%| E|CS|TAMS 0x0000000712e00000, 0x0000000712e00000| Complete 
| 303|0x0000000712f00000, 0x0000000713000000, 0x0000000713000000|100%| E|CS|TAMS 0x0000000712f00000, 0x0000000712f00000| Complete 
| 304|0x0000000713000000, 0x0000000713100000, 0x0000000713100000|100%| E|CS|TAMS 0x0000000713000000, 0x0000000713000000| Complete 
| 305|0x0000000713100000, 0x0000000713200000, 0x0000000713200000|100%| E|CS|TAMS 0x0000000713100000, 0x0000000713100000| Complete 
| 306|0x0000000713200000, 0x0000000713300000, 0x0000000713300000|100%| E|CS|TAMS 0x0000000713200000, 0x0000000713200000| Complete 
| 307|0x0000000713300000, 0x0000000713400000, 0x0000000713400000|100%| E|CS|TAMS 0x0000000713300000, 0x0000000713300000| Complete 

Card table byte_map: [0x00000001031a8000,0x00000001039a8000] _byte_map_base: 0x00000000ff9a8000

Marking Bits (Prev, Next): (CMBitMap*) 0x00007fc208831018, (CMBitMap*) 0x00007fc208831050
 Prev Bits: [0x00000001041a8000, 0x00000001081a8000)
 Next Bits: [0x000000011ff1a000, 0x0000000123f1a000)

Polling page: 0x00000001019ea000

Metaspace:

Usage:
  Non-class:     45.21 MB capacity,    44.58 MB ( 99%) used,   502.04 KB (  1%) free+waste,   145.31 KB ( <1%) overhead. 
      Class:      6.51 MB capacity,     6.07 MB ( 93%) used,   386.90 KB (  6%) free+waste,    66.50 KB ( <1%) overhead. 
       Both:     51.72 MB capacity,    50.65 MB ( 98%) used,   888.94 KB (  2%) free+waste,   211.81 KB ( <1%) overhead. 

Virtual space:
  Non-class space:       46.00 MB reserved,      45.42 MB ( 99%) committed 
      Class space:        1.00 GB reserved,       6.62 MB ( <1%) committed 
             Both:        1.04 GB reserved,      52.05 MB (  5%) committed 

Chunk freelists:
   Non-Class:  10.00 KB
       Class:  2.62 KB
        Both:  12.62 KB

CodeHeap 'non-profiled nmethods': size=120032Kb used=2423Kb max_used=2423Kb free=117609Kb
 bounds [0x00000001189e2000, 0x0000000118c52000, 0x000000011ff1a000]
CodeHeap 'profiled nmethods': size=120032Kb used=11806Kb max_used=11806Kb free=108226Kb
 bounds [0x00000001114aa000, 0x000000011203a000, 0x00000001189e2000]
CodeHeap 'non-nmethods': size=5696Kb used=1185Kb max_used=1243Kb free=4511Kb
 bounds [0x0000000110f1a000, 0x000000011118a000, 0x00000001114aa000]
 total_blobs=6904 nmethods=5184 adapters=448
 compilation: enabled
              stopped_count=0, restarted_count=0
 full_count=0

Compilation events (10 events):
Event: 6.752 Thread 0x00007fc20803a000 nmethod 5434 0x0000000118a83190 code [0x0000000118a83360, 0x0000000118a83698]
Event: 6.752 Thread 0x00007fc20803a000 5184   !   4       org.springframework.core.annotation.AnnotationsScanner::processMethodHierarchy (286 bytes)
Event: 6.758 Thread 0x00007fc20781a000 5453   !   2       java.lang.StringCoding::decode (300 bytes)
Event: 6.760 Thread 0x00007fc20781a000 nmethod 5453 0x0000000112031c90 code [0x0000000112031fc0, 0x0000000112033028]
Event: 6.768 Thread 0x00007fc20781a000 5454       2       sun.reflect.annotation.AnnotationParser::contains (36 bytes)
Event: 6.768 Thread 0x00007fc20781a000 nmethod 5454 0x0000000112033890 code [0x0000000112033a40, 0x0000000112033c10]
Event: 6.808 Thread 0x00007fc20781a000 5455       1       java.util.zip.ZipEntry::getName (5 bytes)
Event: 6.808 Thread 0x00007fc20781a000 nmethod 5455 0x0000000118a6dd10 code [0x0000000118a6dec0, 0x0000000118a6dfd0]
Event: 6.853 Thread 0x00007fc20781a000 5456       2       java.util.jar.JarFile$JarFileEntry::getRealName (5 bytes)
Event: 6.853 Thread 0x00007fc20781a000 nmethod 5456 0x0000000112033d10 code [0x0000000112033ec0, 0x0000000112034010]

GC Heap History (10 events):
Event: 1.545 GC heap before
{Heap before GC invocations=3 (full 0):
 garbage-first heap   total 262144K, used 19974K [0x0000000700000000, 0x0000000800000000)
  region size 1024K, 17 young (17408K), 3 survivors (3072K)
 Metaspace       used 20705K, capacity 21153K, committed 21552K, reserved 1069056K
  class space    used 2192K, capacity 2337K, committed 2432K, reserved 1048576K
}
Event: 1.553 GC heap after
{Heap after GC invocations=4 (full 0):
 garbage-first heap   total 262144K, used 8313K [0x0000000700000000, 0x0000000800000000)
  region size 1024K, 3 young (3072K), 3 survivors (3072K)
 Metaspace       used 20705K, capacity 21153K, committed 21552K, reserved 1069056K
  class space    used 2192K, capacity 2337K, committed 2432K, reserved 1048576K
}
Event: 2.516 GC heap before
{Heap before GC invocations=5 (full 0):
 garbage-first heap   total 262144K, used 74873K [0x0000000700000000, 0x0000000800000000)
  region size 1024K, 68 young (69632K), 3 survivors (3072K)
 Metaspace       used 29341K, capacity 30017K, committed 30256K, reserved 1075200K
  class space    used 3378K, capacity 3658K, committed 3712K, reserved 1048576K
}
Event: 2.521 GC heap after
{Heap after GC invocations=6 (full 0):
 garbage-first heap   total 262144K, used 10962K [0x0000000700000000, 0x0000000800000000)
  region size 1024K, 6 young (6144K), 6 survivors (6144K)
 Metaspace       used 29341K, capacity 30017K, committed 30256K, reserved 1075200K
  class space    used 3378K, capacity 3658K, committed 3712K, reserved 1048576K
}
Event: 3.404 GC heap before
{Heap before GC invocations=6 (full 0):
 garbage-first heap   total 262144K, used 95954K [0x0000000700000000, 0x0000000800000000)
  region size 1024K, 91 young (93184K), 6 survivors (6144K)
 Metaspace       used 34965K, capacity 35777K, committed 35888K, reserved 1081344K
  class space    used 4095K, capacity 4428K, committed 4480K, reserved 1048576K
}
Event: 3.418 GC heap after
{Heap after GC invocations=7 (full 0):
 garbage-first heap   total 315392K, used 14018K [0x0000000700000000, 0x0000000800000000)
  region size 1024K, 9 young (9216K), 9 survivors (9216K)
 Metaspace       used 34965K, capacity 35777K, committed 35888K, reserved 1081344K
  class space    used 4095K, capacity 4428K, committed 4480K, reserved 1048576K
}
Event: 4.768 GC heap before
{Heap before GC invocations=8 (full 0):
 garbage-first heap   total 315392K, used 193218K [0x0000000700000000, 0x0000000800000000)
  region size 1024K, 184 young (188416K), 9 survivors (9216K)
 Metaspace       used 44358K, capacity 45318K, committed 45744K, reserved 1089536K
  class space    used 5172K, capacity 5555K, committed 5632K, reserved 1048576K
}
Event: 4.783 GC heap after
{Heap after GC invocations=9 (full 0):
 garbage-first heap   total 315392K, used 21994K [0x0000000700000000, 0x0000000800000000)
  region size 1024K, 16 young (16384K), 16 survivors (16384K)
 Metaspace       used 44358K, capacity 45318K, committed 45744K, reserved 1089536K
  class space    used 5172K, capacity 5555K, committed 5632K, reserved 1048576K
}
Event: 6.770 GC heap before
{Heap before GC invocations=9 (full 0):
 garbage-first heap   total 315392K, used 194026K [0x0000000700000000, 0x0000000800000000)
  region size 1024K, 184 young (188416K), 16 survivors (16384K)
 Metaspace       used 50262K, capacity 51421K, committed 51632K, reserved 1095680K
  class space    used 5894K, capacity 6346K, committed 6400K, reserved 1048576K
}
Event: 6.787 GC heap after
{Heap after GC invocations=10 (full 0):
 garbage-first heap   total 315392K, used 26730K [0x0000000700000000, 0x0000000800000000)
  region size 1024K, 17 young (17408K), 17 survivors (17408K)
 Metaspace       used 50262K, capacity 51421K, committed 51632K, reserved 1095680K
  class space    used 5894K, capacity 6346K, committed 6400K, reserved 1048576K
}

Deoptimization events (10 events):
Event: 6.322 Thread 0x00007fc207808000 Uncommon trap: reason=unstable_if action=reinterpret pc=0x0000000118a75bdc method=java.util.concurrent.ConcurrentHashMap.transfer([Ljava/util/concurrent/ConcurrentHashMap$Node;[Ljava/util/concurrent/ConcurrentHashMap$Node;)V @ 352 c2
Event: 6.426 Thread 0x00007fc207808000 Uncommon trap: reason=unstable_if action=reinterpret pc=0x0000000118c2b378 method=org.springframework.core.annotation.AnnotationsScanner.isWithoutHierarchy(Ljava/lang/reflect/AnnotatedElement;Lorg/springframework/core/annotation/MergedAnnotations$SearchSt
Event: 6.549 Thread 0x00007fc207808000 Uncommon trap: reason=speculate_class_check action=maybe_recompile pc=0x0000000118a5c64c method=java.lang.reflect.Executable.declaredAnnotations()Ljava/util/Map; @ 23 c2
Event: 6.566 Thread 0x00007fc207808000 Uncommon trap: reason=speculate_class_check action=maybe_recompile pc=0x0000000118a5c64c method=java.lang.reflect.Executable.declaredAnnotations()Ljava/util/Map; @ 23 c2
Event: 6.637 Thread 0x00007fc207808000 Uncommon trap: reason=unstable_if action=reinterpret pc=0x0000000118b834d8 method=java.lang.PublicMethods$MethodList.filter([Ljava/lang/reflect/Method;Ljava/lang/String;[Ljava/lang/Class;Z)Ljava/lang/PublicMethods$MethodList; @ 43 c2
Event: 6.710 Thread 0x00007fc207808000 Uncommon trap: reason=unstable_if action=reinterpret pc=0x0000000118c35834 method=org.springframework.beans.factory.support.AbstractBeanFactory.isTypeMatch(Ljava/lang/String;Lorg/springframework/core/ResolvableType;Z)Z @ 34 c2
Event: 6.731 Thread 0x00007fc207808000 Uncommon trap: reason=array_check action=maybe_recompile pc=0x0000000118a6e53c method=java.util.AbstractCollection.toArray([Ljava/lang/Object;)[Ljava/lang/Object; @ 116 c2
Event: 6.731 Thread 0x00007fc207808000 Uncommon trap: reason=array_check action=maybe_recompile pc=0x0000000118a6e53c method=java.util.AbstractCollection.toArray([Ljava/lang/Object;)[Ljava/lang/Object; @ 116 c2
Event: 6.731 Thread 0x00007fc207808000 Uncommon trap: reason=array_check action=maybe_recompile pc=0x0000000118a6e53c method=java.util.AbstractCollection.toArray([Ljava/lang/Object;)[Ljava/lang/Object; @ 116 c2
Event: 6.731 Thread 0x00007fc207808000 Uncommon trap: reason=array_check action=maybe_recompile pc=0x0000000118a6e53c method=java.util.AbstractCollection.toArray([Ljava/lang/Object;)[Ljava/lang/Object; @ 116 c2

Classes redefined (0 events):
No events

Internal exceptions (10 events):
Event: 6.656 Thread 0x00007fc207808000 Exception <a 'java/lang/ClassNotFoundException'{0x00000007094e37a0}: org/springframework/beans/factory/AwareCustomizer> (0x00000007094e37a0) thrown at [/scratch/mesos/slaves/83bb4d84-382c-4ead-b585-d8ef0018fefe-S19331/frameworks/1735e8a2-a1db-478c-8104-60
Event: 6.656 Thread 0x00007fc207808000 Exception <a 'java/lang/ClassNotFoundException'{0x00000007094f3968}: org/springframework/beans/factory/InitializingBeanCustomizer> (0x00000007094f3968) thrown at [/scratch/mesos/slaves/83bb4d84-382c-4ead-b585-d8ef0018fefe-S19331/frameworks/1735e8a2-a1db-4
Event: 6.656 Thread 0x00007fc207808000 Exception <a 'java/lang/ClassNotFoundException'{0x0000000709304130}: org/springframework/beans/factory/DisposableBeanCustomizer> (0x0000000709304130) thrown at [/scratch/mesos/slaves/83bb4d84-382c-4ead-b585-d8ef0018fefe-S19331/frameworks/1735e8a2-a1db-478
Event: 6.657 Thread 0x00007fc207808000 Exception <a 'java/lang/ClassNotFoundException'{0x000000070931f858}: java/lang/ObjectCustomizer> (0x000000070931f858) thrown at [/scratch/mesos/slaves/83bb4d84-382c-4ead-b585-d8ef0018fefe-S19331/frameworks/1735e8a2-a1db-478c-8104-60c8b0af87dd-0196/executo
Event: 6.658 Thread 0x00007fc207808000 Exception <a 'java/lang/ClassNotFoundException'{0x0000000709336060}: org/springframework/web/multipart/support/StandardServletMultipartResolverCustomizer> (0x0000000709336060) thrown at [/scratch/mesos/slaves/83bb4d84-382c-4ead-b585-d8ef0018fefe-S19331/fr
Event: 6.658 Thread 0x00007fc207808000 Exception <a 'java/lang/ClassNotFoundException'{0x000000070934a750}: org/springframework/web/multipart/MultipartResolverCustomizer> (0x000000070934a750) thrown at [/scratch/mesos/slaves/83bb4d84-382c-4ead-b585-d8ef0018fefe-S19331/frameworks/1735e8a2-a1db-
Event: 6.733 Thread 0x00007fc207808000 Exception <a 'java/lang/ClassNotFoundException'{0x0000000708f3e718}: java/lang/ObjectCustomizer> (0x0000000708f3e718) thrown at [/scratch/mesos/slaves/83bb4d84-382c-4ead-b585-d8ef0018fefe-S19331/frameworks/1735e8a2-a1db-478c-8104-60c8b0af87dd-0196/executo
Event: 6.733 Thread 0x00007fc207808000 Exception <a 'java/lang/ClassNotFoundException'{0x0000000708f4f1b0}: com/hsbc/activity/HelloWorldTestCustomizer> (0x0000000708f4f1b0) thrown at [/scratch/mesos/slaves/83bb4d84-382c-4ead-b585-d8ef0018fefe-S19331/frameworks/1735e8a2-a1db-478c-8104-60c8b0af8
Event: 6.741 Thread 0x00007fc207808000 Exception <a 'java/lang/NoSuchMethodError'{0x0000000708fe2640}: java.lang.invoke.DirectMethodHandle$Holder.invokeSpecial(Ljava/lang/Object;Ljava/lang/Object;Ljava/lang/Object;Ljava/lang/Object;Ljava/lang/Object;I)Ljava/lang/Object;> (0x0000000708fe2640) t
Event: 6.741 Thread 0x00007fc207808000 Exception <a 'java/lang/NoSuchMethodError'{0x0000000708fe5a88}: java.lang.invoke.Invokers$Holder.linkToTargetMethod(Ljava/lang/Object;Ljava/lang/Object;Ljava/lang/Object;ILjava/lang/Object;)Ljava/lang/Object;> (0x0000000708fe5a88) thrown at [/scratch/meso

Events (10 events):
Event: 6.895 loading class net/bytebuddy/implementation/attribute/MethodAttributeAppender$ForInstrumentedMethod
Event: 6.895 loading class net/bytebuddy/implementation/attribute/MethodAttributeAppender$ForInstrumentedMethod done
Event: 6.895 loading class net/bytebuddy/implementation/attribute/MethodAttributeAppender
Event: 6.895 loading class net/bytebuddy/implementation/attribute/MethodAttributeAppender done
Event: 6.896 loading class net/bytebuddy/implementation/attribute/MethodAttributeAppender$ForInstrumentedMethod$1
Event: 6.896 loading class net/bytebuddy/implementation/attribute/MethodAttributeAppender$ForInstrumentedMethod$1 done
Event: 6.896 loading class net/bytebuddy/implementation/attribute/MethodAttributeAppender$ForInstrumentedMethod$2
Event: 6.896 loading class net/bytebuddy/implementation/attribute/MethodAttributeAppender$ForInstrumentedMethod$2 done
Event: 6.896 loading class net/bytebuddy/dynamic/Transformer$NoOp
Event: 6.896 loading class net/bytebuddy/dynamic/Transformer$NoOp done


Dynamic libraries:
0x00007fff3b96e000 	/System/Library/Frameworks/Cocoa.framework/Versions/A/Cocoa
0x00007fff47f94000 	/System/Library/Frameworks/Security.framework/Versions/A/Security
0x00007fff3a5ac000 	/System/Library/Frameworks/ApplicationServices.framework/Versions/A/ApplicationServices
0x00007fff63ecd000 	/usr/lib/libz.1.dylib
0x00007fff61dfa000 	/usr/lib/libSystem.B.dylib
0x00007fff3c121000 	/System/Library/Frameworks/CoreFoundation.framework/Versions/A/CoreFoundation
0x00007fff3e285000 	/System/Library/Frameworks/Foundation.framework/Versions/C/Foundation
0x00007fff634b3000 	/usr/lib/libobjc.A.dylib
0x00007fff396fc000 	/System/Library/Frameworks/AppKit.framework/Versions/C/AppKit
0x00007fff3bce6000 	/System/Library/Frameworks/CoreData.framework/Versions/A/CoreData
0x00007fff5b6af000 	/System/Library/PrivateFrameworks/RemoteViewServices.framework/Versions/A/RemoteViewServices
0x00007fff5fe2b000 	/System/Library/PrivateFrameworks/UIFoundation.framework/Versions/A/UIFoundation
0x00007fff504ab000 	/System/Library/PrivateFrameworks/DFRFoundation.framework/Versions/A/DFRFoundation
0x00007fff408f2000 	/System/Library/Frameworks/Metal.framework/Versions/A/Metal
0x00007fff50648000 	/System/Library/PrivateFrameworks/DesktopServicesPriv.framework/Versions/A/DesktopServicesPriv
0x00007fff62a00000 	/usr/lib/libenergytrace.dylib
0x00007fff5de97000 	/System/Library/PrivateFrameworks/SkyLight.framework/Versions/A/SkyLight
0x00007fff3c5c6000 	/System/Library/Frameworks/CoreGraphics.framework/Versions/A/CoreGraphics
0x00007fff61df5000 	/usr/lib/libScreenReader.dylib
0x00007fff38696000 	/System/Library/Frameworks/Accelerate.framework/Versions/A/Accelerate
0x00007fff3ea00000 	/System/Library/Frameworks/IOSurface.framework/Versions/A/IOSurface
0x00007fff3aaf7000 	/System/Library/Frameworks/AudioToolbox.framework/Versions/A/AudioToolbox
0x00007fff3ad87000 	/System/Library/Frameworks/AudioUnit.framework/Versions/A/AudioUnit
0x00007fff50543000 	/System/Library/PrivateFrameworks/DataDetectorsCore.framework/Versions/A/DataDetectorsCore
0x00007fff3b461000 	/System/Library/Frameworks/Carbon.framework/Versions/A/Frameworks/HIToolbox.framework/Versions/A/HIToolbox
0x00007fff62b5a000 	/usr/lib/libicucore.A.dylib
0x00007fff4750f000 	/System/Library/Frameworks/QuartzCore.framework/Versions/A/QuartzCore
0x00007fff5d138000 	/System/Library/PrivateFrameworks/SignpostNotification.framework/Versions/A/SignpostNotification
0x00007fff3b847000 	/System/Library/Frameworks/Carbon.framework/Versions/A/Frameworks/SpeechRecognition.framework/Versions/A/SpeechRecognition
0x00007fff61f56000 	/usr/lib/libauto.dylib
0x00007fff63dbc000 	/usr/lib/libxml2.2.dylib
0x00007fff500fb000 	/System/Library/PrivateFrameworks/CoreUI.framework/Versions/A/CoreUI
0x00007fff3bbc2000 	/System/Library/Frameworks/CoreAudio.framework/Versions/A/CoreAudio
0x00007fff3e0bf000 	/System/Library/Frameworks/DiskArbitration.framework/Versions/A/DiskArbitration
0x00007fff62dce000 	/usr/lib/liblangid.dylib
0x00007fff57bb6000 	/System/Library/PrivateFrameworks/MultitouchSupport.framework/Versions/A/MultitouchSupport
0x00007fff3e963000 	/System/Library/Frameworks/IOKit.framework/Versions/A/IOKit
0x00007fff61a84000 	/usr/lib/libDiagnosticMessagesClient.dylib
0x00007fff3d29c000 	/System/Library/Frameworks/CoreServices.framework/Versions/A/CoreServices
0x00007fff596eb000 	/System/Library/PrivateFrameworks/PerformanceAnalysis.framework/Versions/A/PerformanceAnalysis
0x00007fff466ac000 	/System/Library/Frameworks/OpenGL.framework/Versions/A/OpenGL
0x00007fff3b97c000 	/System/Library/Frameworks/ColorSync.framework/Versions/A/ColorSync
0x00007fff3cbd8000 	/System/Library/Frameworks/CoreImage.framework/Versions/A/CoreImage
0x00007fff3dc2d000 	/System/Library/Frameworks/CoreText.framework/Versions/A/CoreText
0x00007fff3ea5e000 	/System/Library/Frameworks/ImageIO.framework/Versions/A/ImageIO
0x00007fff4cda7000 	/System/Library/PrivateFrameworks/Backup.framework/Versions/A/Backup
0x00007fff61ea6000 	/usr/lib/libarchive.2.dylib
0x00007fff3b0aa000 	/System/Library/Frameworks/CFNetwork.framework/Versions/A/CFNetwork
0x00007fff48727000 	/System/Library/Frameworks/SystemConfiguration.framework/Versions/A/SystemConfiguration
0x00007fff619ad000 	/usr/lib/libCRFSuite.dylib
0x00007fff62030000 	/usr/lib/libc++.1.dylib
0x00007fff62087000 	/usr/lib/libc++abi.dylib
0x00007fff63f7b000 	/usr/lib/system/libcache.dylib
0x00007fff63f80000 	/usr/lib/system/libcommonCrypto.dylib
0x00007fff63f8b000 	/usr/lib/system/libcompiler_rt.dylib
0x00007fff63f93000 	/usr/lib/system/libcopyfile.dylib
0x00007fff63f9d000 	/usr/lib/system/libcorecrypto.dylib
0x00007fff640aa000 	/usr/lib/system/libdispatch.dylib
0x00007fff640e4000 	/usr/lib/system/libdyld.dylib
0x00007fff64102000 	/usr/lib/system/libkeymgr.dylib
0x00007fff64110000 	/usr/lib/system/liblaunch.dylib
0x00007fff64111000 	/usr/lib/system/libmacho.dylib
0x00007fff64116000 	/usr/lib/system/libquarantine.dylib
0x00007fff64119000 	/usr/lib/system/libremovefile.dylib
0x00007fff6411b000 	/usr/lib/system/libsystem_asl.dylib
0x00007fff64133000 	/usr/lib/system/libsystem_blocks.dylib
0x00007fff64134000 	/usr/lib/system/libsystem_c.dylib
0x00007fff641be000 	/usr/lib/system/libsystem_configuration.dylib
0x00007fff641c2000 	/usr/lib/system/libsystem_coreservices.dylib
0x00007fff641c6000 	/usr/lib/system/libsystem_darwin.dylib
0x00007fff641c8000 	/usr/lib/system/libsystem_dnssd.dylib
0x00007fff641cf000 	/usr/lib/system/libsystem_info.dylib
0x00007fff64240000 	/usr/lib/system/libsystem_m.dylib
0x00007fff6428c000 	/usr/lib/system/libsystem_malloc.dylib
0x00007fff642ac000 	/usr/lib/system/libsystem_network.dylib
0x00007fff643dd000 	/usr/lib/system/libsystem_networkextension.dylib
0x00007fff643e8000 	/usr/lib/system/libsystem_notify.dylib
0x00007fff64406000 	/usr/lib/system/libsystem_sandbox.dylib
0x00007fff6440a000 	/usr/lib/system/libsystem_secinit.dylib
0x00007fff64219000 	/usr/lib/system/libsystem_kernel.dylib
0x00007fff643f2000 	/usr/lib/system/libsystem_platform.dylib
0x00007fff643fa000 	/usr/lib/system/libsystem_pthread.dylib
0x00007fff6440c000 	/usr/lib/system/libsystem_symptoms.dylib
0x00007fff64414000 	/usr/lib/system/libsystem_trace.dylib
0x00007fff6442a000 	/usr/lib/system/libunwind.dylib
0x00007fff64430000 	/usr/lib/system/libxpc.dylib
0x00007fff618c0000 	/usr/lib/closure/libclosured.dylib
0x00007fff62011000 	/usr/lib/libbsm.0.dylib
0x00007fff64103000 	/usr/lib/system/libkxld.dylib
0x00007fff61cbe000 	/usr/lib/libOpenScriptingUtil.dylib
0x00007fff62380000 	/usr/lib/libcoretls.dylib
0x00007fff62399000 	/usr/lib/libcoretls_cfhelpers.dylib
0x00007fff638b4000 	/usr/lib/libpam.2.dylib
0x00007fff639df000 	/usr/lib/libsqlite3.dylib
0x00007fff63dab000 	/usr/lib/libxar.1.dylib
0x00007fff62022000 	/usr/lib/libbz2.1.0.dylib
0x00007fff62dd0000 	/usr/lib/liblzma.5.dylib
0x00007fff632b1000 	/usr/lib/libnetwork.dylib
0x00007fff61e8f000 	/usr/lib/libapple_nghttp2.dylib
0x00007fff638bb000 	/usr/lib/libpcap.A.dylib
0x00007fff61f57000 	/usr/lib/libboringssl.dylib
0x00007fff63d46000 	/usr/lib/libusrtcp.dylib
0x00007fff61e8e000 	/usr/lib/libapple_crypto.dylib
0x00007fff3d61f000 	/System/Library/Frameworks/CoreServices.framework/Versions/A/Frameworks/FSEvents.framework/Versions/A/FSEvents
0x00007fff3d312000 	/System/Library/Frameworks/CoreServices.framework/Versions/A/Frameworks/CarbonCore.framework/Versions/A/CarbonCore
0x00007fff3d7e7000 	/System/Library/Frameworks/CoreServices.framework/Versions/A/Frameworks/Metadata.framework/Versions/A/Metadata
0x00007fff3d898000 	/System/Library/Frameworks/CoreServices.framework/Versions/A/Frameworks/OSServices.framework/Versions/A/OSServices
0x00007fff3d8f9000 	/System/Library/Frameworks/CoreServices.framework/Versions/A/Frameworks/SearchKit.framework/Versions/A/SearchKit
0x00007fff3d29d000 	/System/Library/Frameworks/CoreServices.framework/Versions/A/Frameworks/AE.framework/Versions/A/AE
0x00007fff3d628000 	/System/Library/Frameworks/CoreServices.framework/Versions/A/Frameworks/LaunchServices.framework/Versions/A/LaunchServices
0x00007fff3d5ea000 	/System/Library/Frameworks/CoreServices.framework/Versions/A/Frameworks/DictionaryServices.framework/Versions/A/DictionaryServices
0x00007fff3d968000 	/System/Library/Frameworks/CoreServices.framework/Versions/A/Frameworks/SharedFileList.framework/Versions/A/SharedFileList
0x00007fff41b28000 	/System/Library/Frameworks/NetFS.framework/Versions/A/NetFS
0x00007fff57e47000 	/System/Library/PrivateFrameworks/NetAuth.framework/Versions/A/NetAuth
0x00007fff61757000 	/System/Library/PrivateFrameworks/login.framework/Versions/A/Frameworks/loginsupport.framework/Versions/A/loginsupport
0x00007fff5faa8000 	/System/Library/PrivateFrameworks/TCC.framework/Versions/A/TCC
0x00007fff62eb1000 	/usr/lib/libmecabra.dylib
0x00007fff3a5ad000 	/System/Library/Frameworks/ApplicationServices.framework/Versions/A/Frameworks/ATS.framework/Versions/A/ATS
0x00007fff3a95c000 	/System/Library/Frameworks/ApplicationServices.framework/Versions/A/Frameworks/ColorSyncLegacy.framework/Versions/A/ColorSyncLegacy
0x00007fff3aa00000 	/System/Library/Frameworks/ApplicationServices.framework/Versions/A/Frameworks/HIServices.framework/Versions/A/HIServices
0x00007fff3aa53000 	/System/Library/Frameworks/ApplicationServices.framework/Versions/A/Frameworks/LangAnalysis.framework/Versions/A/LangAnalysis
0x00007fff3aa62000 	/System/Library/Frameworks/ApplicationServices.framework/Versions/A/Frameworks/PrintCore.framework/Versions/A/PrintCore
0x00007fff3aaaf000 	/System/Library/Frameworks/ApplicationServices.framework/Versions/A/Frameworks/QD.framework/Versions/A/QD
0x00007fff3aaea000 	/System/Library/Frameworks/ApplicationServices.framework/Versions/A/Frameworks/SpeechSynthesis.framework/Versions/A/SpeechSynthesis
0x00007fff3c03d000 	/System/Library/Frameworks/CoreDisplay.framework/Versions/A/CoreDisplay
0x00007fff386ae000 	/System/Library/Frameworks/Accelerate.framework/Versions/A/Frameworks/vImage.framework/Versions/A/vImage
0x00007fff39408000 	/System/Library/Frameworks/Accelerate.framework/Versions/A/Frameworks/vecLib.framework/Versions/A/vecLib
0x00007fff391a8000 	/System/Library/Frameworks/Accelerate.framework/Versions/A/Frameworks/vecLib.framework/Versions/A/libvDSP.dylib
0x00007fff38d08000 	/System/Library/Frameworks/Accelerate.framework/Versions/A/Frameworks/vecLib.framework/Versions/A/libBNNS.dylib
0x00007fff3910d000 	/System/Library/Frameworks/Accelerate.framework/Versions/A/Frameworks/vecLib.framework/Versions/A/libQuadrature.dylib
0x00007fff39356000 	/System/Library/Frameworks/Accelerate.framework/Versions/A/Frameworks/vecLib.framework/Versions/A/libvMisc.dylib
0x00007fff38d37000 	/System/Library/Frameworks/Accelerate.framework/Versions/A/Frameworks/vecLib.framework/Versions/A/libLAPACK.dylib
0x00007fff38bad000 	/System/Library/Frameworks/Accelerate.framework/Versions/A/Frameworks/vecLib.framework/Versions/A/libBLAS.dylib
0x00007fff390f7000 	/System/Library/Frameworks/Accelerate.framework/Versions/A/Frameworks/vecLib.framework/Versions/A/libLinearAlgebra.dylib
0x00007fff39113000 	/System/Library/Frameworks/Accelerate.framework/Versions/A/Frameworks/vecLib.framework/Versions/A/libSparse.dylib
0x00007fff39194000 	/System/Library/Frameworks/Accelerate.framework/Versions/A/Frameworks/vecLib.framework/Versions/A/libSparseBLAS.dylib
0x00007fff54c82000 	/System/Library/PrivateFrameworks/GPUWrangler.framework/Versions/A/GPUWrangler
0x00007fff56416000 	/System/Library/PrivateFrameworks/IOAccelerator.framework/Versions/A/IOAccelerator
0x00007fff56421000 	/System/Library/PrivateFrameworks/IOPresentment.framework/Versions/A/IOPresentment
0x00007fff504bd000 	/System/Library/PrivateFrameworks/DSExternalDisplay.framework/Versions/A/DSExternalDisplay
0x00007fff45b2b000 	/System/Library/Frameworks/OpenGL.framework/Versions/A/Libraries/libCoreFSCache.dylib
0x00007fff3dd7e000 	/System/Library/Frameworks/CoreVideo.framework/Versions/A/CoreVideo
0x00007fff559fd000 	/System/Library/PrivateFrameworks/GraphVisualizer.framework/Versions/A/GraphVisualizer
0x00007fff40b29000 	/System/Library/Frameworks/MetalPerformanceShaders.framework/Versions/A/MetalPerformanceShaders
0x00007fff61abc000 	/usr/lib/libFosl_dynamic.dylib
0x00007fff5158c000 	/System/Library/PrivateFrameworks/FaceCore.framework/Versions/A/FaceCore
0x00007fff44926000 	/System/Library/Frameworks/OpenCL.framework/Versions/A/OpenCL
0x00007fff620be000 	/usr/lib/libcompression.dylib
0x00007fff3a6ac000 	/System/Library/Frameworks/ApplicationServices.framework/Versions/A/Frameworks/ATS.framework/Versions/A/Resources/libFontParser.dylib
0x00007fff3a7cf000 	/System/Library/Frameworks/ApplicationServices.framework/Versions/A/Frameworks/ATS.framework/Versions/A/Resources/libFontRegistry.dylib
0x00007fff3ecc6000 	/System/Library/Frameworks/ImageIO.framework/Versions/A/Resources/libJPEG.dylib
0x00007fff3efef000 	/System/Library/Frameworks/ImageIO.framework/Versions/A/Resources/libTIFF.dylib
0x00007fff3efc5000 	/System/Library/Frameworks/ImageIO.framework/Versions/A/Resources/libPng.dylib
0x00007fff3ebd9000 	/System/Library/Frameworks/ImageIO.framework/Versions/A/Resources/libGIF.dylib
0x00007fff3ebde000 	/System/Library/Frameworks/ImageIO.framework/Versions/A/Resources/libJP2.dylib
0x00007fff3efec000 	/System/Library/Frameworks/ImageIO.framework/Versions/A/Resources/libRadiance.dylib
0x00007fff4c4d1000 	/System/Library/PrivateFrameworks/AppleJPEG.framework/Versions/A/AppleJPEG
0x00007fff40990000 	/System/Library/Frameworks/MetalPerformanceShaders.framework/Frameworks/MPSCore.framework/Versions/A/MPSCore
0x00007fff409ac000 	/System/Library/Frameworks/MetalPerformanceShaders.framework/Frameworks/MPSImage.framework/Versions/A/MPSImage
0x00007fff40a41000 	/System/Library/Frameworks/MetalPerformanceShaders.framework/Frameworks/MPSNeuralNetwork.framework/Versions/A/MPSNeuralNetwork
0x00007fff40a1c000 	/System/Library/Frameworks/MetalPerformanceShaders.framework/Frameworks/MPSMatrix.framework/Versions/A/MPSMatrix
0x00007fff57918000 	/System/Library/PrivateFrameworks/MetalTools.framework/Versions/A/MetalTools
0x00007fff45cf6000 	/System/Library/Frameworks/OpenGL.framework/Versions/A/Libraries/libGLU.dylib
0x00007fff45b36000 	/System/Library/Frameworks/OpenGL.framework/Versions/A/Libraries/libGFXShared.dylib
0x00007fff45b40000 	/System/Library/Frameworks/OpenGL.framework/Versions/A/Libraries/libGL.dylib
0x00007fff45b4c000 	/System/Library/Frameworks/OpenGL.framework/Versions/A/Libraries/libGLImage.dylib
0x00007fff45b28000 	/System/Library/Frameworks/OpenGL.framework/Versions/A/Libraries/libCVMSPluginSupport.dylib
0x00007fff45b31000 	/System/Library/Frameworks/OpenGL.framework/Versions/A/Libraries/libCoreVMClient.dylib
0x00007fff6286b000 	/usr/lib/libcups.2.dylib
0x00007fff3fef7000 	/System/Library/Frameworks/Kerberos.framework/Versions/A/Kerberos
0x00007fff3e6bd000 	/System/Library/Frameworks/GSS.framework/Versions/A/GSS
0x00007fff63972000 	/usr/lib/libresolv.9.dylib
0x00007fff62a68000 	/usr/lib/libiconv.2.dylib
0x00007fff55a8f000 	/System/Library/PrivateFrameworks/Heimdal.framework/Versions/A/Heimdal
0x00007fff62a37000 	/usr/lib/libheimdal-asn1.dylib
0x00007fff4499e000 	/System/Library/Frameworks/OpenDirectory.framework/Versions/A/OpenDirectory
0x00007fff4e7e8000 	/System/Library/PrivateFrameworks/CommonAuth.framework/Versions/A/CommonAuth
0x00007fff44981000 	/System/Library/Frameworks/OpenDirectory.framework/Versions/A/Frameworks/CFOpenDirectory.framework/Versions/A/CFOpenDirectory
0x00007fff482c0000 	/System/Library/Frameworks/SecurityFoundation.framework/Versions/A/SecurityFoundation
0x00007fff4b694000 	/System/Library/PrivateFrameworks/APFS.framework/Versions/A/APFS
0x00007fff63da7000 	/usr/lib/libutil.dylib
0x00007fff4c554000 	/System/Library/PrivateFrameworks/AppleSauce.framework/Versions/A/AppleSauce
0x00007fff56bfe000 	/System/Library/PrivateFrameworks/LinguisticData.framework/Versions/A/LinguisticData
0x00007fff62dea000 	/usr/lib/libmarisa.dylib
0x00007fff56bb8000 	/System/Library/PrivateFrameworks/Lexicon.framework/Versions/A/Lexicon
0x00007fff619e7000 	/usr/lib/libChineseTokenizer.dylib
0x00007fff620ad000 	/usr/lib/libcmph.dylib
0x00007fff56ac2000 	/System/Library/PrivateFrameworks/LanguageModeling.framework/Versions/A/LanguageModeling
0x00007fff4f305000 	/System/Library/PrivateFrameworks/CoreEmoji.framework/Versions/A/CoreEmoji
0x00007fff4837e000 	/System/Library/Frameworks/ServiceManagement.framework/Versions/A/ServiceManagement
0x00007fff4cd9f000 	/System/Library/PrivateFrameworks/BackgroundTaskManagement.framework/Versions/A/BackgroundTaskManagement
0x00007fff63ea4000 	/usr/lib/libxslt.1.dylib
0x00007fff3b771000 	/System/Library/Frameworks/Carbon.framework/Versions/A/Frameworks/Ink.framework/Versions/A/Ink
0x00007fff5fcbd000 	/System/Library/PrivateFrameworks/TextureIO.framework/Versions/A/TextureIO
0x00007fff61ed1000 	/usr/lib/libate.dylib
0x00007fff5041c000 	/System/Library/PrivateFrameworks/CrashReporterSupport.framework/Versions/A/CrashReporterSupport
0x00007fff5cff8000 	/System/Library/PrivateFrameworks/Sharing.framework/Versions/A/Sharing
0x00007fff56803000 	/System/Library/PrivateFrameworks/IconServices.framework/Versions/A/IconServices
0x00007fff4c9cf000 	/System/Library/PrivateFrameworks/AuthKit.framework/Versions/A/AuthKit
0x00007fff4c354000 	/System/Library/PrivateFrameworks/Apple80211.framework/Versions/A/Apple80211
0x00007fff50231000 	/System/Library/PrivateFrameworks/CoreUtils.framework/Versions/A/CoreUtils
0x00007fff3ddb9000 	/System/Library/Frameworks/CoreWLAN.framework/Versions/A/CoreWLAN
0x00007fff3e7ff000 	/System/Library/Frameworks/IOBluetooth.framework/Versions/A/IOBluetooth
0x00007fff5b4ba000 	/System/Library/PrivateFrameworks/ProtocolBuffer.framework/Versions/A/ProtocolBuffer
0x00007fff57b11000 	/System/Library/PrivateFrameworks/MobileKeyBag.framework/Versions/A/MobileKeyBag
0x00007fff4faa9000 	/System/Library/PrivateFrameworks/CorePhoneNumbers.framework/Versions/A/CorePhoneNumbers
0x00007fff4c48c000 	/System/Library/PrivateFrameworks/AppleIDAuthSupport.framework/Versions/A/AppleIDAuthSupport
0x00007fff56aae000 	/System/Library/PrivateFrameworks/KeychainCircle.framework/Versions/A/KeychainCircle
0x00007fff503b7000 	/System/Library/PrivateFrameworks/CoreWiFi.framework/Versions/A/CoreWiFi
0x00007fff3bcbc000 	/System/Library/Frameworks/CoreBluetooth.framework/Versions/A/CoreBluetooth
0x00007fff50607000 	/System/Library/PrivateFrameworks/DebugSymbols.framework/Versions/A/DebugSymbols
0x00007fff4ffe7000 	/System/Library/PrivateFrameworks/CoreSymbolication.framework/Versions/A/CoreSymbolication
0x00007fff5f4af000 	/System/Library/PrivateFrameworks/Symbolication.framework/Versions/A/Symbolication
0x00007fff4c37e000 	/System/Library/PrivateFrameworks/AppleFSCompression.framework/Versions/A/AppleFSCompression
0x00007fff5e8fc000 	/System/Library/PrivateFrameworks/SpeechRecognitionCore.framework/Versions/A/SpeechRecognitionCore
0x00007fff34699000 	/System/Library/CoreServices/Encodings/libSimplifiedChineseConverter.dylib
0x0000000100c5f000 	/Library/Java/JavaVirtualMachines/jdk-11.0.1.jdk/Contents/Home/lib/server/libjvm.dylib
0x00000001019dd000 	/Library/Java/JavaVirtualMachines/jdk-11.0.1.jdk/Contents/Home/lib/libverify.dylib
0x0000000102302000 	/Library/Java/JavaVirtualMachines/jdk-11.0.1.jdk/Contents/Home/lib/libjava.dylib
0x000000010232f000 	/Library/Java/JavaVirtualMachines/jdk-11.0.1.jdk/Contents/Home/lib/libinstrument.dylib
0x00000001019f5000 	/Library/Java/JavaVirtualMachines/jdk-11.0.1.jdk/Contents/Home/lib/libzip.dylib
0x00000001023bf000 	/Library/Java/JavaVirtualMachines/jdk-11.0.1.jdk/Contents/Home/lib/libjimage.dylib
0x000000010883d000 	/Library/Java/JavaVirtualMachines/jdk-11.0.1.jdk/Contents/Home/lib/libnio.dylib
0x000000010884b000 	/Library/Java/JavaVirtualMachines/jdk-11.0.1.jdk/Contents/Home/lib/./libnet.dylib
0x00000001019fd000 	/Library/Java/JavaVirtualMachines/jdk-11.0.1.jdk/Contents/Home/lib/libextnet.dylib
0x0000000108b55000 	/Library/Java/JavaVirtualMachines/jdk-11.0.1.jdk/Contents/Home/lib/libmanagement.dylib
0x0000000108b5a000 	/Library/Java/JavaVirtualMachines/jdk-11.0.1.jdk/Contents/Home/lib/libmanagement_ext.dylib


VM Arguments:
jvm_args: -ea -Didea.test.cyclic.buffer.size=1048576 -javaagent:/Applications/IntelliJ IDEA.app/Contents/lib/idea_rt.jar=54094:/Applications/IntelliJ IDEA.app/Contents/bin -Dfile.encoding=UTF-8 
java_command: com.intellij.rt.junit.JUnitStarter -ideVersion5 -junit4 com.hsbc.activity.HelloWorldTest,completeTask
java_class_path (initial): /Applications/IntelliJ IDEA.app/Contents/lib/idea_rt.jar:/Applications/IntelliJ IDEA.app/Contents/plugins/junit/lib/junit5-rt.jar:/Applications/IntelliJ IDEA.app/Contents/plugins/junit/lib/junit-rt.jar:/Users/wangxuefeng/workspace/activity/target/test-classes:/Users/wangxuefeng/workspace/activity/target/classes:/Users/wangxuefeng/.m2/repository/org/springframework/boot/spring-boot-starter-web/2.3.1.RELEASE/spring-boot-starter-web-2.3.1.RELEASE.jar:/Users/wangxuefeng/.m2/repository/org/springframework/boot/spring-boot-starter/2.3.1.RELEASE/spring-boot-starter-2.3.1.RELEASE.jar:/Users/wangxuefeng/.m2/repository/org/springframework/boot/spring-boot-starter-logging/2.3.1.RELEASE/spring-boot-starter-logging-2.3.1.RELEASE.jar:/Users/wangxuefeng/.m2/repository/ch/qos/logback/logback-classic/1.2.3/logback-classic-1.2.3.jar:/Users/wangxuefeng/.m2/repository/ch/qos/logback/logback-core/1.2.3/logback-core-1.2.3.jar:/Users/wangxuefeng/.m2/repository/org/apache/logging/log4j/log4j-to-slf4j/2.13.3/log4j-to-slf4j-2.13.3.jar:/Users/wangxuefeng/.m2/repository/org/apache/logging/log4j/log4j-api/2.13.3/log4j-api-2.13.3.jar:/Users/wangxuefeng/.m2/repository/org/slf4j/jul-to-slf4j/1.7.30/jul-to-slf4j-1.7.30.jar:/Users/wangxuefeng/.m2/repository/jakarta/annotation/jakarta.annotation-api/1.3.5/jakarta.annotation-api-1.3.5.jar:/Users/wangxuefeng/.m2/repository/org/yaml/snakeyaml/1.26/snakeyaml-1.26.jar:/Users/wangxuefeng/.m2/repository/org/springframework/boot/spring-boot-starter-json/2.3.1.RELEASE/spring-boot-starter-json-2.3.1.RELEASE.jar:/Users/wangxuefeng/.m2/repository/com/fasterxml/jackson/core/jackson-databind/2.11.0/jackson-databind-2.11.0.jar:/Users/wangxuefeng/.m2/repository/com/fasterxml/jackson/core/jackson-annotations/2.11.0/jackson-annotations-2.11.0.jar:/Users/wangxuefeng/.m2/repository/com/fasterxml/jackson/core/jackson-core/2.11.0/jackson-core-2.11.0.jar:/Users/wangxuefeng/.m2/repository/com/fasterxml/jackson/datatype/jackson-datatype-jdk8/2.11
Launcher Type: SUN_STANDARD

[Global flags]
     intx CICompilerCount                          = 3                                         {product} {ergonomic}
     uint ConcGCThreads                            = 1                                         {product} {ergonomic}
     uint G1ConcRefinementThreads                  = 4                                         {product} {ergonomic}
   size_t G1HeapRegionSize                         = 1048576                                   {product} {ergonomic}
    uintx GCDrainStackTargetSize                   = 64                                        {product} {ergonomic}
   size_t InitialHeapSize                          = 268435456                                 {product} {ergonomic}
   size_t MarkStackSize                            = 4194304                                   {product} {ergonomic}
   size_t MaxHeapSize                              = 4294967296                                {product} {ergonomic}
   size_t MaxNewSize                               = 2576351232                                {product} {ergonomic}
   size_t MinHeapDeltaBytes                        = 1048576                                   {product} {ergonomic}
    uintx NonNMethodCodeHeapSize                   = 5830092                                {pd product} {ergonomic}
    uintx NonProfiledCodeHeapSize                  = 122914074                              {pd product} {ergonomic}
    uintx ProfiledCodeHeapSize                     = 122914074                              {pd product} {ergonomic}
    uintx ReservedCodeCacheSize                    = 251658240                              {pd product} {ergonomic}
     bool SegmentedCodeCache                       = true                                      {product} {ergonomic}
     bool UseCompressedClassPointers               = true                                 {lp64_product} {ergonomic}
     bool UseCompressedOops                        = true                                 {lp64_product} {ergonomic}
     bool UseG1GC                                  = true                                      {product} {ergonomic}

Logging:
Log output configuration:
 #0: stdout all=warning uptime,level,tags
 #1: stderr all=off uptime,level,tags

Environment Variables:
PATH=/usr/local/bin:/usr/bin:/bin:/usr/sbin:/sbin:/Library/Frameworks/Mono.framework/Versions/Current/Commands:/Users/wangxuefeng/mysoft/apache-maven-3.6.0/bin
SHELL=/bin/bash

Signal Handlers:
SIGSEGV: [libjvm.dylib+0x7525b4], sa_mask[0]=11111111011111110111111111111111, sa_flags=SA_ONSTACK|SA_RESTART|SA_SIGINFO
SIGBUS: [libjvm.dylib+0x7525b4], sa_mask[0]=11111111011111110111111111111111, sa_flags=SA_RESTART|SA_SIGINFO
SIGFPE: [libjvm.dylib+0x7525b4], sa_mask[0]=11111111011111110111111111111111, sa_flags=SA_RESTART|SA_SIGINFO
SIGPIPE: [libjvm.dylib+0x602b72], sa_mask[0]=11111111011111110111111111111111, sa_flags=SA_RESTART|SA_SIGINFO
SIGXFSZ: [libjvm.dylib+0x602b72], sa_mask[0]=11111111011111110111111111111111, sa_flags=SA_RESTART|SA_SIGINFO
SIGILL: [libjvm.dylib+0x7525b4], sa_mask[0]=11111111011111110111111111111111, sa_flags=SA_RESTART|SA_SIGINFO
SIGUSR2: [libjvm.dylib+0x603157], sa_mask[0]=00100000000000000000000000000000, sa_flags=SA_RESTART|SA_SIGINFO
SIGHUP: [libjvm.dylib+0x601bb3], sa_mask[0]=11111111011111110111111111111111, sa_flags=SA_RESTART|SA_SIGINFO
SIGINT: [libjvm.dylib+0x601bb3], sa_mask[0]=11111111011111110111111111111111, sa_flags=SA_RESTART|SA_SIGINFO
SIGTERM: [libjvm.dylib+0x601bb3], sa_mask[0]=11111111011111110111111111111111, sa_flags=SA_RESTART|SA_SIGINFO
SIGQUIT: [libjvm.dylib+0x601bb3], sa_mask[0]=11111111011111110111111111111111, sa_flags=SA_RESTART|SA_SIGINFO


---------------  S Y S T E M  ---------------

OS:uname:Darwin 17.7.0 Darwin Kernel Version 17.7.0: Sun Dec  1 19:19:56 PST 2019; root:xnu-4570.71.63~1/RELEASE_X86_64 x86_64
rlimit: STACK 8192k, CORE 0k, NPROC 1418, NOFILE 10240, AS infinity, DATA infinity, FSIZE infinity
load average:2.77 2.25 2.14

CPU:total 4 (initial active 4) (4 cores per cpu, 1 threads per core) family 6 model 60 stepping 3, cmov, cx8, fxsr, mmx, sse, sse2, sse3, ssse3, sse4.1, sse4.2, popcnt, avx, avx2, aes, clmul, erms, lzcnt, tsc, tscinvbit, bmi1, bmi2, fma

Memory: 4k page, physical 16777216k(3336420k free)

vm_info: Java HotSpot(TM) 64-Bit Server VM (11.0.1+13-LTS) for bsd-amd64 JRE (11.0.1+13-LTS), built on Oct  6 2018 12:16:08 by "mach5one" with gcc 4.2.1 Compatible Apple LLVM 9.1.0 (clang-902.0.39.2)

END.
