#
# A fatal error has been detected by the Java Runtime Environment:
#
#  SIGBUS (0xa) at pc=0x000000010c912c87, pid=3393, tid=33811
#
# JRE version: Java(TM) SE Runtime Environment (11.0.1+13) (build 11.0.1+13-LTS)
# Java VM: Java HotSpot(TM) 64-Bit Server VM (11.0.1+13-LTS, mixed mode, tiered, compressed oops, g1 gc, bsd-amd64)
# Problematic frame:
# j  ch.qos.logback.classic.Logger.recursiveReset()V+41
#
# No core dump will be written. Core dumps have been disabled. To enable core dumping, try "ulimit -c unlimited" before starting Java again
#
# If you would like to submit a bug report, please visit:
#   http://bugreport.java.com/bugreport/crash.jsp
#

---------------  S U M M A R Y ------------

Command Line: -agentlib:jdwp=transport=dt_socket,address=127.0.0.1:55698,suspend=y,server=n -XX:TieredStopAtLevel=1 -Xverify:none -Dspring.output.ansi.enabled=always -Dcom.sun.management.jmxremote -Dspring.jmx.enabled=true -Dspring.liveBeansView.mbeanDomain -Dspring.application.admin.enabled=true -javaagent:/Users/wangxuefeng/Library/Caches/IntelliJIdea2019.3/captureAgent/debugger-agent.jar -Dfile.encoding=UTF-8 com.hsbc.activity.ActivityApplication

Host: iMac14,3 x86_64 2900 MHz, 4 cores, 16G, Darwin 17.7.0
Time: Mon Jun 29 16:03:55 2020 CST elapsed time: 46 seconds (0d 0h 0m 46s)

---------------  T H R E A D  ---------------

Current thread (0x00007fc0118dc000):  JavaThread "restartedMain" [_thread_in_Java, id=33811, stack(0x0000700008380000,0x0000700008480000)]

Stack: [0x0000700008380000,0x0000700008480000],  sp=0x000070000847e770,  free space=1017k
Native frames: (J=compiled Java code, A=aot compiled Java code, j=interpreted, Vv=VM code, C=native code)
j  ch.qos.logback.classic.Logger.recursiveReset()V+41
j  ch.qos.logback.classic.Logger.recursiveReset()V+51
j  ch.qos.logback.classic.Logger.recursiveReset()V+51
j  ch.qos.logback.classic.Logger.recursiveReset()V+51
j  ch.qos.logback.classic.Logger.recursiveReset()V+51
j  ch.qos.logback.classic.LoggerContext.reset()V+26
j  ch.qos.logback.classic.LoggerContext.stop()V+1
j  org.springframework.boot.logging.logback.LogbackLoggingSystem.stopAndReset(Lch/qos/logback/classic/LoggerContext;)V+1
j  org.springframework.boot.logging.logback.LogbackLoggingSystem.loadConfiguration(Lorg/springframework/boot/logging/LoggingInitializationContext;Ljava/lang/String;Lorg/springframework/boot/logging/LogFile;)V+16
j  org.springframework.boot.logging.AbstractLoggingSystem.initializeWithSpecificConfig(Lorg/springframework/boot/logging/LoggingInitializationContext;Ljava/lang/String;Lorg/springframework/boot/logging/LogFile;)V+9
j  org.springframework.boot.logging.AbstractLoggingSystem.initialize(Lorg/springframework/boot/logging/LoggingInitializationContext;Ljava/lang/String;Lorg/springframework/boot/logging/LogFile;)V+11
j  org.springframework.boot.logging.logback.LogbackLoggingSystem.initialize(Lorg/springframework/boot/logging/LoggingInitializationContext;Ljava/lang/String;Lorg/springframework/boot/logging/LogFile;)V+20
j  org.springframework.boot.context.logging.LoggingApplicationListener.initializeSystem(Lorg/springframework/core/env/ConfigurableEnvironment;Lorg/springframework/boot/logging/LoggingSystem;Lorg/springframework/boot/logging/LogFile;)V+57
j  org.springframework.boot.context.logging.LoggingApplicationListener.initialize(Lorg/springframework/core/env/ConfigurableEnvironment;Ljava/lang/ClassLoader;)V+62
j  org.springframework.boot.context.logging.LoggingApplicationListener.onApplicationEnvironmentPreparedEvent(Lorg/springframework/boot/context/event/ApplicationEnvironmentPreparedEvent;)V+33
j  org.springframework.boot.context.logging.LoggingApplicationListener.onApplicationEvent(Lorg/springframework/context/ApplicationEvent;)V+30
j  org.springframework.context.event.SimpleApplicationEventMulticaster.doInvokeListener(Lorg/springframework/context/ApplicationListener;Lorg/springframework/context/ApplicationEvent;)V+2
j  org.springframework.context.event.SimpleApplicationEventMulticaster.invokeListener(Lorg/springframework/context/ApplicationListener;Lorg/springframework/context/ApplicationEvent;)V+34
j  org.springframework.context.event.SimpleApplicationEventMulticaster.multicastEvent(Lorg/springframework/context/ApplicationEvent;Lorg/springframework/core/ResolvableType;)V+83
j  org.springframework.context.event.SimpleApplicationEventMulticaster.multicastEvent(Lorg/springframework/context/ApplicationEvent;)V+7
j  org.springframework.boot.context.event.EventPublishingRunListener.environmentPrepared(Lorg/springframework/core/env/ConfigurableEnvironment;)V+20
j  org.springframework.boot.SpringApplicationRunListeners.environmentPrepared(Lorg/springframework/core/env/ConfigurableEnvironment;)V+31
j  org.springframework.boot.SpringApplication.prepareEnvironment(Lorg/springframework/boot/SpringApplicationRunListeners;Lorg/springframework/boot/ApplicationArguments;)Lorg/springframework/core/env/ConfigurableEnvironment;+22
j  org.springframework.boot.SpringApplication.run([Ljava/lang/String;)Lorg/springframework/context/ConfigurableApplicationContext;+54
j  org.springframework.boot.SpringApplication.run([Ljava/lang/Class;[Ljava/lang/String;)Lorg/springframework/context/ConfigurableApplicationContext;+9
j  org.springframework.boot.SpringApplication.run(Ljava/lang/Class;[Ljava/lang/String;)Lorg/springframework/context/ConfigurableApplicationContext;+9
j  com.hsbc.activity.ActivityApplication.main([Ljava/lang/String;)V+3
v  ~StubRoutines::call_stub
V  [libjvm.dylib+0x3a7512]  JavaCalls::call_helper(JavaValue*, methodHandle const&, JavaCallArguments*, Thread*)+0x21a
V  [libjvm.dylib+0x65d2bf]  invoke(InstanceKlass*, methodHandle const&, Handle, bool, objArrayHandle, BasicType, objArrayHandle, bool, Thread*)+0x4e6
V  [libjvm.dylib+0x65cd8f]  Reflection::invoke_method(oopDesc*, Handle, objArrayHandle, Thread*)+0xf5
V  [libjvm.dylib+0x42e175]  JVM_InvokeMethod+0x20a
J 2491  jdk.internal.reflect.NativeMethodAccessorImpl.invoke0(Ljava/lang/reflect/Method;Ljava/lang/Object;[Ljava/lang/Object;)Ljava/lang/Object; java.base@11.0.1 (0 bytes) @ 0x000000010d37bc40 [0x000000010d37bb40+0x0000000000000100]
J 2490 c1 jdk.internal.reflect.NativeMethodAccessorImpl.invoke(Ljava/lang/Object;[Ljava/lang/Object;)Ljava/lang/Object; java.base@11.0.1 (104 bytes) @ 0x000000010d37d964 [0x000000010d37d540+0x0000000000000424]
J 2489 c1 jdk.internal.reflect.DelegatingMethodAccessorImpl.invoke(Ljava/lang/Object;[Ljava/lang/Object;)Ljava/lang/Object; java.base@11.0.1 (10 bytes) @ 0x000000010d37c024 [0x000000010d37bfc0+0x0000000000000064]
J 2494 c1 java.lang.reflect.Method.invoke(Ljava/lang/Object;[Ljava/lang/Object;)Ljava/lang/Object; java.base@11.0.1 (65 bytes) @ 0x000000010d37cb84 [0x000000010d37ca60+0x0000000000000124]
j  org.springframework.boot.devtools.restart.RestartLauncher.run()V+42
v  ~StubRoutines::call_stub
V  [libjvm.dylib+0x3a7512]  JavaCalls::call_helper(JavaValue*, methodHandle const&, JavaCallArguments*, Thread*)+0x21a
V  [libjvm.dylib+0x3a695c]  JavaCalls::call_virtual(JavaValue*, Klass*, Symbol*, Symbol*, JavaCallArguments*, Thread*)+0xee
V  [libjvm.dylib+0x3a6a18]  JavaCalls::call_virtual(JavaValue*, Handle, Klass*, Symbol*, Symbol*, Thread*)+0x62
V  [libjvm.dylib+0x42a620]  thread_entry(JavaThread*, Thread*)+0x78
V  [libjvm.dylib+0x700342]  JavaThread::thread_main_inner()+0x82
V  [libjvm.dylib+0x70018d]  JavaThread::run()+0x1ab
V  [libjvm.dylib+0x600ad3]  thread_native_entry(Thread*)+0x135
C  [libsystem_pthread.dylib+0x3661]  _pthread_body+0x154
C  [libsystem_pthread.dylib+0x350d]  _pthread_body+0x0
C  [libsystem_pthread.dylib+0x2bf9]  thread_start+0xd


siginfo: si_signo: 10 (SIGBUS), si_code: 2 (BUS_ADRERR), si_addr: 0x000000074b47ffe0

Register to memory mapping:

RAX=0x0000000800143630 is pointing into metadata
RBX=0x0 is NULL
RCX=0x0000000127139c10 is pointing into metadata
RDX=
[error occurred during error reporting (printing register info), id 0xb, SIGSEGV (0xb) at pc=0x00000001023044fe]

Registers:
RAX=0x0000000800143630, RBX=0x0000000000000000, RCX=0x0000000127139c10, RDX=0x000000074b47ffd8
RSP=0x000070000847e770, RBP=0x000070000847e7b8, RSI=0x0000000705214650, RDI=0x0000000000000000
R8 =0x0000000000007006, R9 =0x00007fc013927890, R10=0x00000001029822e0, R11=0x000000010d258100
R12=0x0000000000000000, R13=0x000000012713e1b6, R14=0x000070000847e7d8, R15=0x00007fc0118dc000
RIP=0x000000010c912c87, EFLAGS=0x0000000000010246, ERR=0x0000000000000004
  TRAPNO=0x000000000000000e

Top of Stack: (sp=0x000070000847e770)
0x000070000847e770:   000070000847e770 000000012713e1b1
0x000070000847e780:   000070000847e7d8 0000000127142640
0x000070000847e790:   0000000000000000 000000070058f8f8
0x000070000847e7a0:   000000012713e1f8 0000000000000000
0x000070000847e7b0:   000070000847e7d8 000070000847e828
0x000070000847e7c0:   000000010c8f2d1c 0000000700612938
0x000070000847e7d0:   0000000705214650 0000000700611840
0x000070000847e7e0:   000070000847e7e0 000000012713e1bb
0x000070000847e7f0:   000070000847e848 0000000127142640
0x000070000847e800:   0000000000000000 000000070058f8f8
0x000070000847e810:   000000012713e1f8 000070000847e7d8
0x000070000847e820:   000070000847e848 000070000847e898
0x000070000847e830:   000000010c8f2d1c 0000000700611840
0x000070000847e840:   00000007052145f0 00000007006118c0
0x000070000847e850:   000070000847e850 000000012713e1bb
0x000070000847e860:   000070000847e8b8 0000000127142640
0x000070000847e870:   0000000000000000 000000070058f8f8
0x000070000847e880:   000000012713e1f8 000070000847e848
0x000070000847e890:   000070000847e8b8 000070000847e908
0x000070000847e8a0:   000000010c8f2d1c 00000007006118c0
0x000070000847e8b0:   0000000705213ca8 00000007004d0208
0x000070000847e8c0:   000070000847e8c0 000000012713e1bb
0x000070000847e8d0:   000070000847e928 0000000127142640
0x000070000847e8e0:   0000000000000000 000000070058f8f8
0x000070000847e8f0:   000000012713e1f8 000070000847e8b8
0x000070000847e900:   000070000847e928 000070000847e978
0x000070000847e910:   000000010c8f2d1c 00000007004d0208
0x000070000847e920:   0000000705213c90 00000007004d0278
0x000070000847e930:   000070000847e930 000000012713e1bb
0x000070000847e940:   000070000847e998 0000000127142640
0x000070000847e950:   0000000000000000 000000070058f8f8
0x000070000847e960:   000000012713e1f8 000070000847e928 

Instructions: (pc=0x000000010c912c87)
0x000000010c912c67:   00 00 00 00 00 4d 89 97 88 03 00 00 5a eb 11 48
0x000000010c912c77:   8b d0 66 8b 5c d9 40 48 8b 49 28 48 8b 44 d9 08
0x000000010c912c87:   8b 5a 08 49 bc 00 00 00 00 08 00 00 00 49 03 dc
0x000000010c912c97:   4d 33 e4 48 8b 4d d8 48 85 c9 0f 84 8a 00 00 00 

checkcast  192 checkcast  [0x000000010c912b00, 0x000000010c912de0]  736 bytes

---------------  P R O C E S S  ---------------

Threads class SMR info:
_java_thread_list=0x00007fc011412370, length=26, elements={
0x00007fc012008000, 0x00007fc01186b800, 0x00007fc012812000, 0x00007fc0128d4800,
0x00007fc0128d5800, 0x00007fc01186d800, 0x00007fc011913800, 0x00007fc0118bd800,
0x00007fc011914800, 0x00007fc011900800, 0x00007fc011a0e000, 0x00007fc013334000,
0x00007fc012acb000, 0x00007fc011aad000, 0x00007fc011aad800, 0x00007fc011ae2000,
0x00007fc01252b800, 0x00007fc012b42800, 0x00007fc013356800, 0x00007fc0122e1000,
0x00007fc012e15000, 0x00007fc012b62000, 0x00007fc011a7a000, 0x00007fc012f4a000,
0x00007fc012f4e800, 0x00007fc0118dc000
}

Java Threads: ( => current thread )
  0x00007fc012008000 JavaThread "Reference Handler" daemon [_thread_blocked, id=18691, stack(0x0000700006c3b000,0x0000700006d3b000)]
  0x00007fc01186b800 JavaThread "Finalizer" daemon [_thread_blocked, id=18435, stack(0x0000700006d3e000,0x0000700006e3e000)]
  0x00007fc012812000 JavaThread "Signal Dispatcher" daemon [_thread_blocked, id=14599, stack(0x0000700006e41000,0x0000700006f41000)]
  0x00007fc0128d4800 JavaThread "C1 CompilerThread0" daemon [_thread_blocked, id=15363, stack(0x0000700006f44000,0x0000700007044000)]
  0x00007fc0128d5800 JavaThread "Sweeper thread" daemon [_thread_blocked, id=15875, stack(0x0000700007047000,0x0000700007147000)]
  0x00007fc01186d800 JavaThread "Common-Cleaner" daemon [_thread_blocked, id=22019, stack(0x000070000714a000,0x000070000724a000)]
  0x00007fc011913800 JavaThread "JDWP Transport Listener: dt_socket" daemon [_thread_blocked, id=22531, stack(0x000070000724d000,0x000070000734d000)]
  0x00007fc0118bd800 JavaThread "JDWP Event Helper Thread" daemon [_thread_blocked, id=22787, stack(0x0000700007350000,0x0000700007450000)]
  0x00007fc011914800 JavaThread "JDWP Command Reader" daemon [_thread_in_native, id=23299, stack(0x0000700007453000,0x0000700007553000)]
  0x00007fc011900800 JavaThread "Service Thread" daemon [_thread_blocked, id=24067, stack(0x0000700007556000,0x0000700007656000)]
  0x00007fc011a0e000 JavaThread "RMI TCP Accept-0" daemon [_thread_in_native, id=41731, stack(0x0000700007659000,0x0000700007759000)]
  0x00007fc013334000 JavaThread "Attach Listener" daemon [_thread_blocked, id=27139, stack(0x0000700007e71000,0x0000700007f71000)]
  0x00007fc012acb000 JavaThread "RMI TCP Connection(idle)" daemon [_thread_blocked, id=27395, stack(0x0000700007f74000,0x0000700008074000)]
  0x00007fc011aad000 JavaThread "RMI Scheduler(0)" daemon [_thread_blocked, id=37123, stack(0x000070000827d000,0x000070000837d000)]
  0x00007fc011aad800 JavaThread "logback-1" daemon [_thread_blocked, id=26631, stack(0x0000700007d6e000,0x0000700007e6e000)]
  0x00007fc011ae2000 JavaThread "mysql-cj-abandoned-connection-cleanup" daemon [_thread_blocked, id=29443, stack(0x0000700008689000,0x0000700008789000)]
  0x00007fc01252b800 JavaThread "RMI TCP Connection(idle)" daemon [_thread_blocked, id=34311, stack(0x0000700008992000,0x0000700008a92000)]
  0x00007fc012b42800 JavaThread "Live Reload Server" daemon [_thread_in_native, id=33287, stack(0x0000700008ea1000,0x0000700008fa1000)]
  0x00007fc013356800 JavaThread "DestroyJavaVM" [_thread_blocked, id=9219, stack(0x0000000102d7e000,0x0000000102e7e000)]
  0x00007fc0122e1000 JavaThread "RMI TCP Connection(idle)" daemon [_thread_blocked, id=26375, stack(0x0000700007c6b000,0x0000700007d6b000)]
  0x00007fc012e15000 JavaThread "logback-2" daemon [_thread_blocked, id=30475, stack(0x0000700007b68000,0x0000700007c68000)]
  0x00007fc012b62000 JavaThread "logback-3" daemon [_thread_blocked, id=27655, stack(0x0000700008077000,0x0000700008177000)]
  0x00007fc011a7a000 JavaThread "logback-4" daemon [_thread_blocked, id=37639, stack(0x000070000817a000,0x000070000827a000)]
  0x00007fc012f4a000 JavaThread "logback-5" daemon [_thread_blocked, id=26131, stack(0x000070000888f000,0x000070000898f000)]
  0x00007fc012f4e800 JavaThread "Thread-180" [_thread_blocked, id=81935, stack(0x0000700009ccb000,0x0000700009dcb000)]
=>0x00007fc0118dc000 JavaThread "restartedMain" [_thread_in_Java, id=33811, stack(0x0000700008380000,0x0000700008480000)]

Other Threads:
  0x00007fc013013000 VMThread "VM Thread" [stack: 0x0000700006b38000,0x0000700006c38000] [id=19459]
  0x00007fc012077800 WatcherThread [stack: 0x000070000775c000,0x000070000785c000] [id=24579]
  0x00007fc011819800 GCTaskThread "GC Thread#0" [stack: 0x0000700006629000,0x0000700006729000] [id=11523]
  0x00007fc013254000 GCTaskThread "GC Thread#1" [stack: 0x000070000785f000,0x000070000795f000] [id=25091]
  0x00007fc0121a9800 GCTaskThread "GC Thread#2" [stack: 0x0000700007962000,0x0000700007a62000] [id=41475]
  0x00007fc0128f7800 GCTaskThread "GC Thread#3" [stack: 0x0000700007a65000,0x0000700007b65000] [id=25603]
  0x00007fc011856800 ConcurrentGCThread "G1 Main Marker" [stack: 0x000070000672c000,0x000070000682c000] [id=20739]
  0x00007fc013000000 ConcurrentGCThread "G1 Conc#0" [stack: 0x000070000682f000,0x000070000692f000] [id=20227]
  0x00007fc012892000 ConcurrentGCThread "G1 Refine#0" [stack: 0x0000700006932000,0x0000700006a32000] [id=19715]
  0x00007fc012892800 ConcurrentGCThread "G1 Young RemSet Sampling" [stack: 0x0000700006a35000,0x0000700006b35000] [id=12803]

Threads with active compile tasks:

VM state:not at safepoint (normal execution)

VM Mutex/Monitor currently owned by a thread: None

Heap address: 0x0000000700000000, size: 4096 MB, Compressed Oops mode: Zero based, Oop shift amount: 3
Narrow klass base: 0x0000000800000000, Narrow klass shift: 0
Compressed class space size: 1073741824 Address: 0x0000000800000000

Heap:
 garbage-first heap   total 89088K, used 26937K [0x0000000700000000, 0x0000000800000000)
  region size 1024K, 4 young (4096K), 0 survivors (0K)
 Metaspace       used 55492K, capacity 56990K, committed 57216K, reserved 1099776K
  class space    used 6684K, capacity 7258K, committed 7296K, reserved 1048576K
Heap Regions: E=young(eden), S=young(survivor), O=old, HS=humongous(starts), HC=humongous(continues), CS=collection set, F=free, A=archive, TAMS=top-at-mark-start (previous, next)
|   0|0x0000000700000000, 0x00000007000ff2a8, 0x0000000700100000| 99%| O|  |TAMS 0x0000000700000000, 0x0000000700000000| Untracked 
|   1|0x0000000700100000, 0x00000007001ffff0, 0x0000000700200000| 99%| O|  |TAMS 0x0000000700100000, 0x0000000700100000| Untracked 
|   2|0x0000000700200000, 0x00000007002fd128, 0x0000000700300000| 98%| O|  |TAMS 0x0000000700200000, 0x0000000700200000| Untracked 
|   3|0x0000000700300000, 0x00000007003ffff8, 0x0000000700400000| 99%| O|  |TAMS 0x0000000700300000, 0x0000000700300000| Untracked 
|   4|0x0000000700400000, 0x00000007004fffe0, 0x0000000700500000| 99%| O|  |TAMS 0x0000000700400000, 0x0000000700400000| Untracked 
|   5|0x0000000700500000, 0x00000007005fffb8, 0x0000000700600000| 99%| O|  |TAMS 0x0000000700500000, 0x0000000700500000| Untracked 
|   6|0x0000000700600000, 0x00000007006ffff0, 0x0000000700700000| 99%| O|  |TAMS 0x0000000700600000, 0x0000000700600000| Untracked 
|   7|0x0000000700700000, 0x00000007007ffff8, 0x0000000700800000| 99%| O|  |TAMS 0x0000000700700000, 0x0000000700700000| Untracked 
|   8|0x0000000700800000, 0x00000007008fffc8, 0x0000000700900000| 99%| O|  |TAMS 0x0000000700800000, 0x0000000700800000| Untracked 
|   9|0x0000000700900000, 0x00000007009f8830, 0x0000000700a00000| 97%| O|  |TAMS 0x0000000700900000, 0x0000000700900000| Untracked 
|  10|0x0000000700a00000, 0x0000000700affff0, 0x0000000700b00000| 99%| O|  |TAMS 0x0000000700a00000, 0x0000000700a00000| Untracked 
|  11|0x0000000700b00000, 0x0000000700bffff0, 0x0000000700c00000| 99%| O|  |TAMS 0x0000000700b00000, 0x0000000700b00000| Untracked 
|  12|0x0000000700c00000, 0x0000000700cfc910, 0x0000000700d00000| 98%| O|  |TAMS 0x0000000700c00000, 0x0000000700c00000| Untracked 
|  13|0x0000000700d00000, 0x0000000700e00000, 0x0000000700e00000|100%| O|  |TAMS 0x0000000700d00000, 0x0000000700d00000| Untracked 
|  14|0x0000000700e00000, 0x0000000700f00000, 0x0000000700f00000|100%| O|  |TAMS 0x0000000700e00000, 0x0000000700e00000| Untracked 
|  15|0x0000000700f00000, 0x0000000700f37c08, 0x0000000701000000| 21%| O|  |TAMS 0x0000000700f00000, 0x0000000700f00000| Untracked 
|  16|0x0000000701000000, 0x0000000701000000, 0x0000000701100000|  0%| F|  |TAMS 0x0000000701000000, 0x0000000701000000| Untracked 
|  17|0x0000000701100000, 0x0000000701100000, 0x0000000701200000|  0%| F|  |TAMS 0x0000000701100000, 0x0000000701100000| Untracked 
|  18|0x0000000701200000, 0x0000000701200000, 0x0000000701300000|  0%| F|  |TAMS 0x0000000701200000, 0x0000000701200000| Untracked 
|  19|0x0000000701300000, 0x0000000701300000, 0x0000000701400000|  0%| F|  |TAMS 0x0000000701300000, 0x0000000701300000| Untracked 
|  20|0x0000000701400000, 0x0000000701400000, 0x0000000701500000|  0%| F|  |TAMS 0x0000000701400000, 0x0000000701400000| Untracked 
|  21|0x0000000701500000, 0x0000000701500000, 0x0000000701600000|  0%| F|  |TAMS 0x0000000701500000, 0x0000000701500000| Untracked 
|  22|0x0000000701600000, 0x00000007016ffff0, 0x0000000701700000| 99%| O|  |TAMS 0x0000000701600000, 0x0000000701600000| Untracked 
|  23|0x0000000701700000, 0x0000000701700000, 0x0000000701800000|  0%| F|  |TAMS 0x0000000701700000, 0x0000000701700000| Untracked 
|  24|0x0000000701800000, 0x00000007018ffff8, 0x0000000701900000| 99%| O|  |TAMS 0x0000000701800000, 0x0000000701800000| Untracked 
|  25|0x0000000701900000, 0x0000000701900000, 0x0000000701a00000|  0%| F|  |TAMS 0x0000000701900000, 0x0000000701900000| Untracked 
|  26|0x0000000701a00000, 0x0000000701affff0, 0x0000000701b00000| 99%| O|  |TAMS 0x0000000701a00000, 0x0000000701a00000| Untracked 
|  27|0x0000000701b00000, 0x0000000701b00000, 0x0000000701c00000|  0%| F|  |TAMS 0x0000000701b00000, 0x0000000701b00000| Untracked 
|  28|0x0000000701c00000, 0x0000000701c5ab88, 0x0000000701d00000| 35%| O|  |TAMS 0x0000000701c00000, 0x0000000701c00000| Untracked 
|  29|0x0000000701d00000, 0x0000000701d00000, 0x0000000701e00000|  0%| F|  |TAMS 0x0000000701d00000, 0x0000000701d00000| Untracked 
|  30|0x0000000701e00000, 0x0000000701e00000, 0x0000000701f00000|  0%| F|  |TAMS 0x0000000701e00000, 0x0000000701e00000| Untracked 
|  31|0x0000000701f00000, 0x0000000701f00000, 0x0000000702000000|  0%| F|  |TAMS 0x0000000701f00000, 0x0000000701f00000| Untracked 
|  32|0x0000000702000000, 0x0000000702000000, 0x0000000702100000|  0%| F|  |TAMS 0x0000000702000000, 0x0000000702000000| Untracked 
|  33|0x0000000702100000, 0x0000000702100000, 0x0000000702200000|  0%| F|  |TAMS 0x0000000702100000, 0x0000000702100000| Untracked 
|  34|0x0000000702200000, 0x0000000702200000, 0x0000000702300000|  0%| F|  |TAMS 0x0000000702200000, 0x0000000702200000| Untracked 
|  35|0x0000000702300000, 0x0000000702300000, 0x0000000702400000|  0%| F|  |TAMS 0x0000000702300000, 0x0000000702300000| Untracked 
|  36|0x0000000702400000, 0x0000000702400000, 0x0000000702500000|  0%| F|  |TAMS 0x0000000702400000, 0x0000000702400000| Untracked 
|  37|0x0000000702500000, 0x0000000702500000, 0x0000000702600000|  0%| F|  |TAMS 0x0000000702500000, 0x0000000702500000| Untracked 
|  38|0x0000000702600000, 0x0000000702600000, 0x0000000702700000|  0%| F|  |TAMS 0x0000000702600000, 0x0000000702600000| Untracked 
|  39|0x0000000702700000, 0x0000000702700000, 0x0000000702800000|  0%| F|  |TAMS 0x0000000702700000, 0x0000000702700000| Untracked 
|  40|0x0000000702800000, 0x0000000702800000, 0x0000000702900000|  0%| F|  |TAMS 0x0000000702800000, 0x0000000702800000| Untracked 
|  41|0x0000000702900000, 0x0000000702900000, 0x0000000702a00000|  0%| F|  |TAMS 0x0000000702900000, 0x0000000702900000| Untracked 
|  42|0x0000000702a00000, 0x0000000702a00000, 0x0000000702b00000|  0%| F|  |TAMS 0x0000000702a00000, 0x0000000702a00000| Untracked 
|  43|0x0000000702b00000, 0x0000000702b00000, 0x0000000702c00000|  0%| F|  |TAMS 0x0000000702b00000, 0x0000000702b00000| Untracked 
|  44|0x0000000702c00000, 0x0000000702cffff8, 0x0000000702d00000| 99%| O|  |TAMS 0x0000000702c00000, 0x0000000702c00000| Untracked 
|  45|0x0000000702d00000, 0x0000000702d00000, 0x0000000702e00000|  0%| F|  |TAMS 0x0000000702d00000, 0x0000000702d00000| Untracked 
|  46|0x0000000702e00000, 0x0000000702e00000, 0x0000000702f00000|  0%| F|  |TAMS 0x0000000702e00000, 0x0000000702e00000| Untracked 
|  47|0x0000000702f00000, 0x0000000702fffff8, 0x0000000703000000| 99%| O|  |TAMS 0x0000000702f00000, 0x0000000702f00000| Untracked 
|  48|0x0000000703000000, 0x0000000703000000, 0x0000000703100000|  0%| F|  |TAMS 0x0000000703000000, 0x0000000703000000| Untracked 
|  49|0x0000000703100000, 0x0000000703100000, 0x0000000703200000|  0%| F|  |TAMS 0x0000000703100000, 0x0000000703100000| Untracked 
|  50|0x0000000703200000, 0x0000000703200000, 0x0000000703300000|  0%| F|  |TAMS 0x0000000703200000, 0x0000000703200000| Untracked 
|  51|0x0000000703300000, 0x0000000703300000, 0x0000000703400000|  0%| F|  |TAMS 0x0000000703300000, 0x0000000703300000| Untracked 
|  52|0x0000000703400000, 0x00000007034ffff8, 0x0000000703500000| 99%| O|  |TAMS 0x0000000703400000, 0x0000000703400000| Untracked 
|  53|0x0000000703500000, 0x0000000703500000, 0x0000000703600000|  0%| F|  |TAMS 0x0000000703500000, 0x0000000703500000| Untracked 
|  54|0x0000000703600000, 0x0000000703600000, 0x0000000703700000|  0%| F|  |TAMS 0x0000000703600000, 0x0000000703600000| Untracked 
|  55|0x0000000703700000, 0x00000007037fffb8, 0x0000000703800000| 99%| O|  |TAMS 0x0000000703700000, 0x0000000703700000| Untracked 
|  56|0x0000000703800000, 0x0000000703800000, 0x0000000703900000|  0%| F|  |TAMS 0x0000000703800000, 0x0000000703800000| Untracked 
|  57|0x0000000703900000, 0x0000000703900000, 0x0000000703a00000|  0%| F|  |TAMS 0x0000000703900000, 0x0000000703900000| Untracked 
|  58|0x0000000703a00000, 0x0000000703a7d7d8, 0x0000000703b00000| 49%| O|  |TAMS 0x0000000703a00000, 0x0000000703a00000| Untracked 
|  59|0x0000000703b00000, 0x0000000703b00000, 0x0000000703c00000|  0%| F|  |TAMS 0x0000000703b00000, 0x0000000703b00000| Untracked 
|  60|0x0000000703c00000, 0x0000000703c00000, 0x0000000703d00000|  0%| F|  |TAMS 0x0000000703c00000, 0x0000000703c00000| Untracked 
|  61|0x0000000703d00000, 0x0000000703d00000, 0x0000000703e00000|  0%| F|  |TAMS 0x0000000703d00000, 0x0000000703d00000| Untracked 
|  62|0x0000000703e00000, 0x0000000703e00000, 0x0000000703f00000|  0%| F|  |TAMS 0x0000000703e00000, 0x0000000703e00000| Untracked 
|  63|0x0000000703f00000, 0x0000000703f00000, 0x0000000704000000|  0%| F|  |TAMS 0x0000000703f00000, 0x0000000703f00000| Untracked 
|  64|0x0000000704000000, 0x0000000704000000, 0x0000000704100000|  0%| F|  |TAMS 0x0000000704000000, 0x0000000704000000| Untracked 
|  65|0x0000000704100000, 0x0000000704100000, 0x0000000704200000|  0%| F|  |TAMS 0x0000000704100000, 0x0000000704100000| Untracked 
|  66|0x0000000704200000, 0x0000000704200000, 0x0000000704300000|  0%| F|  |TAMS 0x0000000704200000, 0x0000000704200000| Untracked 
|  67|0x0000000704300000, 0x0000000704300000, 0x0000000704400000|  0%| F|  |TAMS 0x0000000704300000, 0x0000000704300000| Untracked 
|  68|0x0000000704400000, 0x0000000704400000, 0x0000000704500000|  0%| F|  |TAMS 0x0000000704400000, 0x0000000704400000| Untracked 
|  69|0x0000000704500000, 0x0000000704500000, 0x0000000704600000|  0%| F|  |TAMS 0x0000000704500000, 0x0000000704500000| Untracked 
|  70|0x0000000704600000, 0x0000000704600000, 0x0000000704700000|  0%| F|  |TAMS 0x0000000704600000, 0x0000000704600000| Untracked 
|  71|0x0000000704700000, 0x0000000704700000, 0x0000000704800000|  0%| F|  |TAMS 0x0000000704700000, 0x0000000704700000| Untracked 
|  72|0x0000000704800000, 0x0000000704800000, 0x0000000704900000|  0%| F|  |TAMS 0x0000000704800000, 0x0000000704800000| Untracked 
|  73|0x0000000704900000, 0x0000000704900000, 0x0000000704a00000|  0%| F|  |TAMS 0x0000000704900000, 0x0000000704900000| Untracked 
|  74|0x0000000704a00000, 0x0000000704a00000, 0x0000000704b00000|  0%| F|  |TAMS 0x0000000704a00000, 0x0000000704a00000| Untracked 
|  75|0x0000000704b00000, 0x0000000704b00000, 0x0000000704c00000|  0%| F|  |TAMS 0x0000000704b00000, 0x0000000704b00000| Untracked 
|  76|0x0000000704c00000, 0x0000000704c00000, 0x0000000704d00000|  0%| F|  |TAMS 0x0000000704c00000, 0x0000000704c00000| Untracked 
|  77|0x0000000704d00000, 0x0000000704d00000, 0x0000000704e00000|  0%| F|  |TAMS 0x0000000704d00000, 0x0000000704d00000| Untracked 
|  78|0x0000000704e00000, 0x0000000704e00000, 0x0000000704f00000|  0%| F|  |TAMS 0x0000000704e00000, 0x0000000704e00000| Untracked 
|  79|0x0000000704f00000, 0x0000000704f00000, 0x0000000705000000|  0%| F|  |TAMS 0x0000000704f00000, 0x0000000704f00000| Untracked 
|  80|0x0000000705000000, 0x0000000705000000, 0x0000000705100000|  0%| F|  |TAMS 0x0000000705000000, 0x0000000705000000| Untracked 
|  81|0x0000000705100000, 0x0000000705100000, 0x0000000705200000|  0%| F|  |TAMS 0x0000000705100000, 0x0000000705100000| Untracked 
|  82|0x0000000705200000, 0x0000000705215828, 0x0000000705300000|  8%| E|  |TAMS 0x0000000705200000, 0x0000000705200000| Complete 
|  83|0x0000000705300000, 0x0000000705400000, 0x0000000705400000|100%| E|CS|TAMS 0x0000000705300000, 0x0000000705300000| Complete 
|  84|0x0000000705400000, 0x0000000705500000, 0x0000000705500000|100%| E|CS|TAMS 0x0000000705400000, 0x0000000705400000| Complete 
|  85|0x0000000705500000, 0x0000000705600000, 0x0000000705600000|100%| E|CS|TAMS 0x0000000705500000, 0x0000000705500000| Complete 
| 287|0x0000000711f00000, 0x0000000711f4d288, 0x0000000712000000| 30%| O|  |TAMS 0x0000000711f00000, 0x0000000711f00000| Untracked 

Card table byte_map: [0x0000000103cb0000,0x00000001044b0000] _byte_map_base: 0x00000001004b0000

Marking Bits (Prev, Next): (CMBitMap*) 0x00007fc011846018, (CMBitMap*) 0x00007fc011846050
 Prev Bits: [0x000000011c0e7000, 0x00000001200e7000)
 Next Bits: [0x00000001200e7000, 0x00000001240e7000)

Polling page: 0x0000000101768000

Metaspace:

Usage:
  Non-class:     48.57 MB capacity,    47.66 MB ( 98%) used,   750.49 KB (  2%) free+waste,   173.50 KB ( <1%) overhead. 
      Class:      7.09 MB capacity,     6.53 MB ( 92%) used,   491.66 KB (  7%) free+waste,    81.56 KB (  1%) overhead. 
       Both:     55.65 MB capacity,    54.19 MB ( 97%) used,     1.21 MB (  2%) free+waste,   255.06 KB ( <1%) overhead. 

Virtual space:
  Non-class space:       50.00 MB reserved,      48.75 MB ( 98%) committed 
      Class space:        1.00 GB reserved,       7.12 MB ( <1%) committed 
             Both:        1.05 GB reserved,      55.88 MB (  5%) committed 

Chunk freelists:
   Non-Class:  8.00 KB
       Class:  768 bytes
        Both:  8.75 KB

CodeHeap 'non-profiled nmethods': size=238948Kb used=11456Kb max_used=11456Kb free=227491Kb
 bounds [0x000000010cf8e000, 0x000000010dace000, 0x000000011b8e7000]
CodeHeap 'non-nmethods': size=6812Kb used=2310Kb max_used=3419Kb free=4501Kb
 bounds [0x000000010c8e7000, 0x000000010cc47000, 0x000000010cf8e000]
 total_blobs=7195 nmethods=6346 adapters=752
 compilation: enabled
              stopped_count=0, restarted_count=0
 full_count=0

Compilation events (10 events):
Event: 46.035 Thread 0x00007fc0128d4800 nmethod 6351 0x000000010dabbb10 code [0x000000010dabbce0, 0x000000010dabbea8]
Event: 46.035 Thread 0x00007fc0128d4800 6352       1       org.springframework.core.io.ClassPathResource::resolveURL (46 bytes)
Event: 46.036 Thread 0x00007fc0128d4800 nmethod 6352 0x000000010dabbf90 code [0x000000010dabc180, 0x000000010dabc378]
Event: 46.037 Thread 0x00007fc0128d4800 6353       1       org.springframework.core.env.PropertySource::getName (5 bytes)
Event: 46.037 Thread 0x00007fc0128d4800 nmethod 6353 0x000000010dabc490 code [0x000000010dabc640, 0x000000010dabc750]
Event: 46.037 Thread 0x00007fc0128d4800 6354       1       org.springframework.core.env.PropertySource::equals (35 bytes)
Event: 46.037 Thread 0x00007fc0128d4800 nmethod 6354 0x000000010dabc810 code [0x000000010dabc9c0, 0x000000010dabcbe8]
Event: 46.040 Thread 0x00007fc0128d4800 6355       1       org.springframework.boot.context.properties.source.ConfigurationPropertySourcesPropertySource::findConfigurationProperty (60 bytes)
Event: 46.040 Thread 0x00007fc0128d4800 nmethod 6355 0x000000010dabcc90 code [0x000000010dabce80, 0x000000010dabd178]
Event: 46.041 Thread 0x00007fc0128d4800 6356       1       ch.qos.logback.classic.Logger::recursiveReset (58 bytes)

GC Heap History (10 events):
Event: 2.583 GC heap before
{Heap before GC invocations=6 (full 0):
 garbage-first heap   total 262144K, used 92586K [0x0000000700000000, 0x0000000800000000)
  region size 1024K, 87 young (89088K), 7 survivors (7168K)
 Metaspace       used 31838K, capacity 32810K, committed 32896K, reserved 1077248K
  class space    used 3778K, capacity 4184K, committed 4224K, reserved 1048576K
}
Event: 2.592 GC heap after
{Heap after GC invocations=7 (full 0):
 garbage-first heap   total 315392K, used 13265K [0x0000000700000000, 0x0000000800000000)
  region size 1024K, 7 young (7168K), 7 survivors (7168K)
 Metaspace       used 31838K, capacity 32810K, committed 32896K, reserved 1077248K
  class space    used 3778K, capacity 4184K, committed 4224K, reserved 1048576K
}
Event: 2.914 GC heap before
{Heap before GC invocations=7 (full 0):
 garbage-first heap   total 315392K, used 36817K [0x0000000700000000, 0x0000000800000000)
  region size 1024K, 31 young (31744K), 7 survivors (7168K)
 Metaspace       used 34584K, capacity 35730K, committed 35840K, reserved 1081344K
  class space    used 4167K, capacity 4598K, committed 4608K, reserved 1048576K
}
Event: 2.927 GC heap after
{Heap after GC invocations=8 (full 0):
 garbage-first heap   total 315392K, used 14599K [0x0000000700000000, 0x0000000800000000)
  region size 1024K, 9 young (9216K), 9 survivors (9216K)
 Metaspace       used 34584K, capacity 35730K, committed 35840K, reserved 1081344K
  class space    used 4167K, capacity 4598K, committed 4608K, reserved 1048576K
}
Event: 4.149 GC heap before
{Heap before GC invocations=9 (full 0):
 garbage-first heap   total 315392K, used 175367K [0x0000000700000000, 0x0000000800000000)
  region size 1024K, 167 young (171008K), 9 survivors (9216K)
 Metaspace       used 44432K, capacity 45717K, committed 46080K, reserved 1089536K
  class space    used 5373K, capacity 5858K, committed 5888K, reserved 1048576K
}
Event: 4.165 GC heap after
{Heap after GC invocations=10 (full 0):
 garbage-first heap   total 315392K, used 21457K [0x0000000700000000, 0x0000000800000000)
  region size 1024K, 15 young (15360K), 15 survivors (15360K)
 Metaspace       used 44432K, capacity 45717K, committed 46080K, reserved 1089536K
  class space    used 5373K, capacity 5858K, committed 5888K, reserved 1048576K
}
Event: 5.594 GC heap before
{Heap before GC invocations=10 (full 0):
 garbage-first heap   total 315392K, used 194513K [0x0000000700000000, 0x0000000800000000)
  region size 1024K, 184 young (188416K), 15 survivors (15360K)
 Metaspace       used 48559K, capacity 49883K, committed 50176K, reserved 1093632K
  class space    used 5868K, capacity 6370K, committed 6400K, reserved 1048576K
}
Event: 5.613 GC heap after
{Heap after GC invocations=11 (full 0):
 garbage-first heap   total 315392K, used 27170K [0x0000000700000000, 0x0000000800000000)
  region size 1024K, 16 young (16384K), 16 survivors (16384K)
 Metaspace       used 48559K, capacity 49883K, committed 50176K, reserved 1093632K
  class space    used 5868K, capacity 6370K, committed 6400K, reserved 1048576K
}
Event: 45.902 GC heap before
{Heap before GC invocations=11 (full 0):
 garbage-first heap   total 315392K, used 125474K [0x0000000700000000, 0x0000000800000000)
  region size 1024K, 109 young (111616K), 16 survivors (16384K)
 Metaspace       used 55496K, capacity 56999K, committed 57216K, reserved 1099776K
  class space    used 6685K, capacity 7261K, committed 7296K, reserved 1048576K
}
Event: 45.987 GC heap after
{Heap after GC invocations=12 (full 1):
 garbage-first heap   total 89088K, used 23865K [0x0000000700000000, 0x0000000800000000)
  region size 1024K, 0 young (0K), 0 survivors (0K)
 Metaspace       used 55487K, capacity 56984K, committed 57216K, reserved 1099776K
  class space    used 6682K, capacity 7256K, committed 7296K, reserved 1048576K
}

Deoptimization events (0 events):
No events

Classes redefined (0 events):
No events

Internal exceptions (10 events):
Event: 12.478 Thread 0x00007fc011b6b800 Exception <a 'java/lang/ClassNotFoundException'{0x000000070eab0e30}: java/util/AbstractMapCustomizer> (0x000000070eab0e30) thrown at [/scratch/mesos/slaves/83bb4d84-382c-4ead-b585-d8ef0018fefe-S19331/frameworks/1735e8a2-a1db-478c-8104-60c8b0af87dd-0196/ex
Event: 12.479 Thread 0x00007fc011b6b800 Exception <a 'java/lang/ClassNotFoundException'{0x000000070eabf0c8}: java/util/HashMapCustomizer> (0x000000070eabf0c8) thrown at [/scratch/mesos/slaves/83bb4d84-382c-4ead-b585-d8ef0018fefe-S19331/frameworks/1735e8a2-a1db-478c-8104-60c8b0af87dd-0196/execut
Event: 12.481 Thread 0x00007fc011b6b800 Exception <a 'java/lang/ClassNotFoundException'{0x000000070eae49e0}: nz/net/ultraq/thymeleaf/context/LayoutContextCustomizer> (0x000000070eae49e0) thrown at [/scratch/mesos/slaves/83bb4d84-382c-4ead-b585-d8ef0018fefe-S19331/frameworks/1735e8a2-a1db-478c-8
Event: 12.484 Thread 0x00007fc011b6b800 Exception <a 'java/lang/ClassNotFoundException'{0x000000070e92a840}: org/thymeleaf/context/WebEngineContextBeanInfo> (0x000000070e92a840) thrown at [/scratch/mesos/slaves/83bb4d84-382c-4ead-b585-d8ef0018fefe-S19331/frameworks/1735e8a2-a1db-478c-8104-60c8b
Event: 12.485 Thread 0x00007fc011b6b800 Exception <a 'java/lang/ClassNotFoundException'{0x000000070e939318}: org/thymeleaf/context/AbstractEngineContextBeanInfo> (0x000000070e939318) thrown at [/scratch/mesos/slaves/83bb4d84-382c-4ead-b585-d8ef0018fefe-S19331/frameworks/1735e8a2-a1db-478c-8104-
Event: 12.486 Thread 0x00007fc011b6b800 Exception <a 'java/lang/ClassNotFoundException'{0x000000070e947e08}: org/thymeleaf/context/AbstractEngineContextCustomizer> (0x000000070e947e08) thrown at [/scratch/mesos/slaves/83bb4d84-382c-4ead-b585-d8ef0018fefe-S19331/frameworks/1735e8a2-a1db-478c-810
Event: 12.487 Thread 0x00007fc011b6b800 Exception <a 'java/lang/ClassNotFoundException'{0x000000070e961c68}: org/thymeleaf/context/WebEngineContextCustomizer> (0x000000070e961c68) thrown at [/scratch/mesos/slaves/83bb4d84-382c-4ead-b585-d8ef0018fefe-S19331/frameworks/1735e8a2-a1db-478c-8104-60c
Event: 45.848 Thread 0x00007fc011bc4800 Exception <a 'java/lang/InterruptedException'{0x000000070d86c4a0}: sleep interrupted> (0x000000070d86c4a0) thrown at [/scratch/mesos/slaves/83bb4d84-382c-4ead-b585-d8ef0018fefe-S19331/frameworks/1735e8a2-a1db-478c-8104-60c8b0af87dd-0196/executors/452f932d
Event: 45.901 Thread 0x00007fc012f4e800 Exception <a 'java/lang/NoSuchMethodError'{0x000000070d86aa70}: java.lang.invoke.DirectMethodHandle$Holder.invokeInterface(Ljava/lang/Object;Ljava/lang/Object;)V> (0x000000070d86aa70) thrown at [/scratch/mesos/slaves/83bb4d84-382c-4ead-b585-d8ef0018fefe-S
Event: 46.022 Thread 0x00007fc0118dc000 Exception <a 'java/io/FileNotFoundException'{0x0000000705406d80}> (0x0000000705406d80) thrown at [/scratch/mesos/slaves/83bb4d84-382c-4ead-b585-d8ef0018fefe-S19331/frameworks/1735e8a2-a1db-478c-8104-60c8b0af87dd-0196/executors/452f932d-9761-444d-b125-c42e

Events (10 events):
Event: 46.038 Thread 0x00007fc0118dc000 DEOPT PACKING pc=0x000000010d1332f4 sp=0x000070000847e2c0
Event: 46.038 Thread 0x00007fc0118dc000 DEOPT UNPACKING pc=0x000000010c91ffba sp=0x000070000847d7d0 mode 1
Event: 46.038 Thread 0x00007fc0118dc000 DEOPT PACKING pc=0x000000010d13501c sp=0x000070000847e430
Event: 46.038 Thread 0x00007fc0118dc000 DEOPT UNPACKING pc=0x000000010c91ffba sp=0x000070000847d908 mode 1
Event: 46.038 Thread 0x00007fc0118dc000 DEOPT PACKING pc=0x000000010d1332f4 sp=0x000070000847eb60
Event: 46.038 Thread 0x00007fc0118dc000 DEOPT UNPACKING pc=0x000000010c91ffba sp=0x000070000847e070 mode 1
Event: 46.038 Thread 0x00007fc0118dc000 DEOPT PACKING pc=0x000000010d49ab44 sp=0x000070000847e390
Event: 46.038 Thread 0x00007fc0118dc000 DEOPT UNPACKING pc=0x000000010c91ffba sp=0x000070000847d920 mode 1
Event: 46.040 loading class java/io/FileOutputStream$1
Event: 46.040 loading class java/io/FileOutputStream$1 done


Dynamic libraries:
0x00007fff476bc000 	/System/Library/Frameworks/Cocoa.framework/Versions/A/Cocoa
0x00007fff53ce2000 	/System/Library/Frameworks/Security.framework/Versions/A/Security
0x00007fff462fa000 	/System/Library/Frameworks/ApplicationServices.framework/Versions/A/ApplicationServices
0x00007fff6fc1b000 	/usr/lib/libz.1.dylib
0x00007fff6db48000 	/usr/lib/libSystem.B.dylib
0x00007fff47e6f000 	/System/Library/Frameworks/CoreFoundation.framework/Versions/A/CoreFoundation
0x00007fff49fd3000 	/System/Library/Frameworks/Foundation.framework/Versions/C/Foundation
0x00007fff6f201000 	/usr/lib/libobjc.A.dylib
0x00007fff4544a000 	/System/Library/Frameworks/AppKit.framework/Versions/C/AppKit
0x00007fff47a34000 	/System/Library/Frameworks/CoreData.framework/Versions/A/CoreData
0x00007fff673fd000 	/System/Library/PrivateFrameworks/RemoteViewServices.framework/Versions/A/RemoteViewServices
0x00007fff6bb79000 	/System/Library/PrivateFrameworks/UIFoundation.framework/Versions/A/UIFoundation
0x00007fff5c1f9000 	/System/Library/PrivateFrameworks/DFRFoundation.framework/Versions/A/DFRFoundation
0x00007fff4c640000 	/System/Library/Frameworks/Metal.framework/Versions/A/Metal
0x00007fff5c396000 	/System/Library/PrivateFrameworks/DesktopServicesPriv.framework/Versions/A/DesktopServicesPriv
0x00007fff6e74e000 	/usr/lib/libenergytrace.dylib
0x00007fff69be5000 	/System/Library/PrivateFrameworks/SkyLight.framework/Versions/A/SkyLight
0x00007fff48314000 	/System/Library/Frameworks/CoreGraphics.framework/Versions/A/CoreGraphics
0x00007fff6db43000 	/usr/lib/libScreenReader.dylib
0x00007fff443e4000 	/System/Library/Frameworks/Accelerate.framework/Versions/A/Accelerate
0x00007fff4a74e000 	/System/Library/Frameworks/IOSurface.framework/Versions/A/IOSurface
0x00007fff46845000 	/System/Library/Frameworks/AudioToolbox.framework/Versions/A/AudioToolbox
0x00007fff46ad5000 	/System/Library/Frameworks/AudioUnit.framework/Versions/A/AudioUnit
0x00007fff5c291000 	/System/Library/PrivateFrameworks/DataDetectorsCore.framework/Versions/A/DataDetectorsCore
0x00007fff471af000 	/System/Library/Frameworks/Carbon.framework/Versions/A/Frameworks/HIToolbox.framework/Versions/A/HIToolbox
0x00007fff6e8a8000 	/usr/lib/libicucore.A.dylib
0x00007fff5325d000 	/System/Library/Frameworks/QuartzCore.framework/Versions/A/QuartzCore
0x00007fff68e86000 	/System/Library/PrivateFrameworks/SignpostNotification.framework/Versions/A/SignpostNotification
0x00007fff47595000 	/System/Library/Frameworks/Carbon.framework/Versions/A/Frameworks/SpeechRecognition.framework/Versions/A/SpeechRecognition
0x00007fff6dca4000 	/usr/lib/libauto.dylib
0x00007fff6fb0a000 	/usr/lib/libxml2.2.dylib
0x00007fff5be49000 	/System/Library/PrivateFrameworks/CoreUI.framework/Versions/A/CoreUI
0x00007fff47910000 	/System/Library/Frameworks/CoreAudio.framework/Versions/A/CoreAudio
0x00007fff49e0d000 	/System/Library/Frameworks/DiskArbitration.framework/Versions/A/DiskArbitration
0x00007fff6eb1c000 	/usr/lib/liblangid.dylib
0x00007fff63904000 	/System/Library/PrivateFrameworks/MultitouchSupport.framework/Versions/A/MultitouchSupport
0x00007fff4a6b1000 	/System/Library/Frameworks/IOKit.framework/Versions/A/IOKit
0x00007fff6d7d2000 	/usr/lib/libDiagnosticMessagesClient.dylib
0x00007fff48fea000 	/System/Library/Frameworks/CoreServices.framework/Versions/A/CoreServices
0x00007fff65439000 	/System/Library/PrivateFrameworks/PerformanceAnalysis.framework/Versions/A/PerformanceAnalysis
0x00007fff523fa000 	/System/Library/Frameworks/OpenGL.framework/Versions/A/OpenGL
0x00007fff476ca000 	/System/Library/Frameworks/ColorSync.framework/Versions/A/ColorSync
0x00007fff48926000 	/System/Library/Frameworks/CoreImage.framework/Versions/A/CoreImage
0x00007fff4997b000 	/System/Library/Frameworks/CoreText.framework/Versions/A/CoreText
0x00007fff4a7ac000 	/System/Library/Frameworks/ImageIO.framework/Versions/A/ImageIO
0x00007fff58af5000 	/System/Library/PrivateFrameworks/Backup.framework/Versions/A/Backup
0x00007fff6dbf4000 	/usr/lib/libarchive.2.dylib
0x00007fff46df8000 	/System/Library/Frameworks/CFNetwork.framework/Versions/A/CFNetwork
0x00007fff54475000 	/System/Library/Frameworks/SystemConfiguration.framework/Versions/A/SystemConfiguration
0x00007fff6d6fb000 	/usr/lib/libCRFSuite.dylib
0x00007fff6dd7e000 	/usr/lib/libc++.1.dylib
0x00007fff6ddd5000 	/usr/lib/libc++abi.dylib
0x00007fff6fcc9000 	/usr/lib/system/libcache.dylib
0x00007fff6fcce000 	/usr/lib/system/libcommonCrypto.dylib
0x00007fff6fcd9000 	/usr/lib/system/libcompiler_rt.dylib
0x00007fff6fce1000 	/usr/lib/system/libcopyfile.dylib
0x00007fff6fceb000 	/usr/lib/system/libcorecrypto.dylib
0x00007fff6fdf8000 	/usr/lib/system/libdispatch.dylib
0x00007fff6fe32000 	/usr/lib/system/libdyld.dylib
0x00007fff6fe50000 	/usr/lib/system/libkeymgr.dylib
0x00007fff6fe5e000 	/usr/lib/system/liblaunch.dylib
0x00007fff6fe5f000 	/usr/lib/system/libmacho.dylib
0x00007fff6fe64000 	/usr/lib/system/libquarantine.dylib
0x00007fff6fe67000 	/usr/lib/system/libremovefile.dylib
0x00007fff6fe69000 	/usr/lib/system/libsystem_asl.dylib
0x00007fff6fe81000 	/usr/lib/system/libsystem_blocks.dylib
0x00007fff6fe82000 	/usr/lib/system/libsystem_c.dylib
0x00007fff6ff0c000 	/usr/lib/system/libsystem_configuration.dylib
0x00007fff6ff10000 	/usr/lib/system/libsystem_coreservices.dylib
0x00007fff6ff14000 	/usr/lib/system/libsystem_darwin.dylib
0x00007fff6ff16000 	/usr/lib/system/libsystem_dnssd.dylib
0x00007fff6ff1d000 	/usr/lib/system/libsystem_info.dylib
0x00007fff6ff8e000 	/usr/lib/system/libsystem_m.dylib
0x00007fff6ffda000 	/usr/lib/system/libsystem_malloc.dylib
0x00007fff6fffa000 	/usr/lib/system/libsystem_network.dylib
0x00007fff7012b000 	/usr/lib/system/libsystem_networkextension.dylib
0x00007fff70136000 	/usr/lib/system/libsystem_notify.dylib
0x00007fff70154000 	/usr/lib/system/libsystem_sandbox.dylib
0x00007fff70158000 	/usr/lib/system/libsystem_secinit.dylib
0x00007fff6ff67000 	/usr/lib/system/libsystem_kernel.dylib
0x00007fff70140000 	/usr/lib/system/libsystem_platform.dylib
0x00007fff70148000 	/usr/lib/system/libsystem_pthread.dylib
0x00007fff7015a000 	/usr/lib/system/libsystem_symptoms.dylib
0x00007fff70162000 	/usr/lib/system/libsystem_trace.dylib
0x00007fff70178000 	/usr/lib/system/libunwind.dylib
0x00007fff7017e000 	/usr/lib/system/libxpc.dylib
0x00007fff6d60e000 	/usr/lib/closure/libclosured.dylib
0x00007fff6dd5f000 	/usr/lib/libbsm.0.dylib
0x00007fff6fe51000 	/usr/lib/system/libkxld.dylib
0x00007fff6da0c000 	/usr/lib/libOpenScriptingUtil.dylib
0x00007fff6e0ce000 	/usr/lib/libcoretls.dylib
0x00007fff6e0e7000 	/usr/lib/libcoretls_cfhelpers.dylib
0x00007fff6f602000 	/usr/lib/libpam.2.dylib
0x00007fff6f72d000 	/usr/lib/libsqlite3.dylib
0x00007fff6faf9000 	/usr/lib/libxar.1.dylib
0x00007fff6dd70000 	/usr/lib/libbz2.1.0.dylib
0x00007fff6eb1e000 	/usr/lib/liblzma.5.dylib
0x00007fff6efff000 	/usr/lib/libnetwork.dylib
0x00007fff6dbdd000 	/usr/lib/libapple_nghttp2.dylib
0x00007fff6f609000 	/usr/lib/libpcap.A.dylib
0x00007fff6dca5000 	/usr/lib/libboringssl.dylib
0x00007fff6fa94000 	/usr/lib/libusrtcp.dylib
0x00007fff6dbdc000 	/usr/lib/libapple_crypto.dylib
0x00007fff4936d000 	/System/Library/Frameworks/CoreServices.framework/Versions/A/Frameworks/FSEvents.framework/Versions/A/FSEvents
0x00007fff49060000 	/System/Library/Frameworks/CoreServices.framework/Versions/A/Frameworks/CarbonCore.framework/Versions/A/CarbonCore
0x00007fff49535000 	/System/Library/Frameworks/CoreServices.framework/Versions/A/Frameworks/Metadata.framework/Versions/A/Metadata
0x00007fff495e6000 	/System/Library/Frameworks/CoreServices.framework/Versions/A/Frameworks/OSServices.framework/Versions/A/OSServices
0x00007fff49647000 	/System/Library/Frameworks/CoreServices.framework/Versions/A/Frameworks/SearchKit.framework/Versions/A/SearchKit
0x00007fff48feb000 	/System/Library/Frameworks/CoreServices.framework/Versions/A/Frameworks/AE.framework/Versions/A/AE
0x00007fff49376000 	/System/Library/Frameworks/CoreServices.framework/Versions/A/Frameworks/LaunchServices.framework/Versions/A/LaunchServices
0x00007fff49338000 	/System/Library/Frameworks/CoreServices.framework/Versions/A/Frameworks/DictionaryServices.framework/Versions/A/DictionaryServices
0x00007fff496b6000 	/System/Library/Frameworks/CoreServices.framework/Versions/A/Frameworks/SharedFileList.framework/Versions/A/SharedFileList
0x00007fff4d876000 	/System/Library/Frameworks/NetFS.framework/Versions/A/NetFS
0x00007fff63b95000 	/System/Library/PrivateFrameworks/NetAuth.framework/Versions/A/NetAuth
0x00007fff6d4a5000 	/System/Library/PrivateFrameworks/login.framework/Versions/A/Frameworks/loginsupport.framework/Versions/A/loginsupport
0x00007fff6b7f6000 	/System/Library/PrivateFrameworks/TCC.framework/Versions/A/TCC
0x00007fff6ebff000 	/usr/lib/libmecabra.dylib
0x00007fff462fb000 	/System/Library/Frameworks/ApplicationServices.framework/Versions/A/Frameworks/ATS.framework/Versions/A/ATS
0x00007fff466aa000 	/System/Library/Frameworks/ApplicationServices.framework/Versions/A/Frameworks/ColorSyncLegacy.framework/Versions/A/ColorSyncLegacy
0x00007fff4674e000 	/System/Library/Frameworks/ApplicationServices.framework/Versions/A/Frameworks/HIServices.framework/Versions/A/HIServices
0x00007fff467a1000 	/System/Library/Frameworks/ApplicationServices.framework/Versions/A/Frameworks/LangAnalysis.framework/Versions/A/LangAnalysis
0x00007fff467b0000 	/System/Library/Frameworks/ApplicationServices.framework/Versions/A/Frameworks/PrintCore.framework/Versions/A/PrintCore
0x00007fff467fd000 	/System/Library/Frameworks/ApplicationServices.framework/Versions/A/Frameworks/QD.framework/Versions/A/QD
0x00007fff46838000 	/System/Library/Frameworks/ApplicationServices.framework/Versions/A/Frameworks/SpeechSynthesis.framework/Versions/A/SpeechSynthesis
0x00007fff47d8b000 	/System/Library/Frameworks/CoreDisplay.framework/Versions/A/CoreDisplay
0x00007fff443fc000 	/System/Library/Frameworks/Accelerate.framework/Versions/A/Frameworks/vImage.framework/Versions/A/vImage
0x00007fff45156000 	/System/Library/Frameworks/Accelerate.framework/Versions/A/Frameworks/vecLib.framework/Versions/A/vecLib
0x00007fff44ef6000 	/System/Library/Frameworks/Accelerate.framework/Versions/A/Frameworks/vecLib.framework/Versions/A/libvDSP.dylib
0x00007fff44a56000 	/System/Library/Frameworks/Accelerate.framework/Versions/A/Frameworks/vecLib.framework/Versions/A/libBNNS.dylib
0x00007fff44e5b000 	/System/Library/Frameworks/Accelerate.framework/Versions/A/Frameworks/vecLib.framework/Versions/A/libQuadrature.dylib
0x00007fff450a4000 	/System/Library/Frameworks/Accelerate.framework/Versions/A/Frameworks/vecLib.framework/Versions/A/libvMisc.dylib
0x00007fff44a85000 	/System/Library/Frameworks/Accelerate.framework/Versions/A/Frameworks/vecLib.framework/Versions/A/libLAPACK.dylib
0x00007fff448fb000 	/System/Library/Frameworks/Accelerate.framework/Versions/A/Frameworks/vecLib.framework/Versions/A/libBLAS.dylib
0x00007fff44e45000 	/System/Library/Frameworks/Accelerate.framework/Versions/A/Frameworks/vecLib.framework/Versions/A/libLinearAlgebra.dylib
0x00007fff44e61000 	/System/Library/Frameworks/Accelerate.framework/Versions/A/Frameworks/vecLib.framework/Versions/A/libSparse.dylib
0x00007fff44ee2000 	/System/Library/Frameworks/Accelerate.framework/Versions/A/Frameworks/vecLib.framework/Versions/A/libSparseBLAS.dylib
0x00007fff609d0000 	/System/Library/PrivateFrameworks/GPUWrangler.framework/Versions/A/GPUWrangler
0x00007fff62164000 	/System/Library/PrivateFrameworks/IOAccelerator.framework/Versions/A/IOAccelerator
0x00007fff6216f000 	/System/Library/PrivateFrameworks/IOPresentment.framework/Versions/A/IOPresentment
0x00007fff5c20b000 	/System/Library/PrivateFrameworks/DSExternalDisplay.framework/Versions/A/DSExternalDisplay
0x00007fff51879000 	/System/Library/Frameworks/OpenGL.framework/Versions/A/Libraries/libCoreFSCache.dylib
0x00007fff49acc000 	/System/Library/Frameworks/CoreVideo.framework/Versions/A/CoreVideo
0x00007fff6174b000 	/System/Library/PrivateFrameworks/GraphVisualizer.framework/Versions/A/GraphVisualizer
0x00007fff4c877000 	/System/Library/Frameworks/MetalPerformanceShaders.framework/Versions/A/MetalPerformanceShaders
0x00007fff6d80a000 	/usr/lib/libFosl_dynamic.dylib
0x00007fff5d2da000 	/System/Library/PrivateFrameworks/FaceCore.framework/Versions/A/FaceCore
0x00007fff50674000 	/System/Library/Frameworks/OpenCL.framework/Versions/A/OpenCL
0x00007fff6de0c000 	/usr/lib/libcompression.dylib
0x00007fff463fa000 	/System/Library/Frameworks/ApplicationServices.framework/Versions/A/Frameworks/ATS.framework/Versions/A/Resources/libFontParser.dylib
0x00007fff4651d000 	/System/Library/Frameworks/ApplicationServices.framework/Versions/A/Frameworks/ATS.framework/Versions/A/Resources/libFontRegistry.dylib
0x00007fff4aa14000 	/System/Library/Frameworks/ImageIO.framework/Versions/A/Resources/libJPEG.dylib
0x00007fff4ad3d000 	/System/Library/Frameworks/ImageIO.framework/Versions/A/Resources/libTIFF.dylib
0x00007fff4ad13000 	/System/Library/Frameworks/ImageIO.framework/Versions/A/Resources/libPng.dylib
0x00007fff4a927000 	/System/Library/Frameworks/ImageIO.framework/Versions/A/Resources/libGIF.dylib
0x00007fff4a92c000 	/System/Library/Frameworks/ImageIO.framework/Versions/A/Resources/libJP2.dylib
0x00007fff4ad3a000 	/System/Library/Frameworks/ImageIO.framework/Versions/A/Resources/libRadiance.dylib
0x00007fff5821f000 	/System/Library/PrivateFrameworks/AppleJPEG.framework/Versions/A/AppleJPEG
0x00007fff4c6de000 	/System/Library/Frameworks/MetalPerformanceShaders.framework/Frameworks/MPSCore.framework/Versions/A/MPSCore
0x00007fff4c6fa000 	/System/Library/Frameworks/MetalPerformanceShaders.framework/Frameworks/MPSImage.framework/Versions/A/MPSImage
0x00007fff4c78f000 	/System/Library/Frameworks/MetalPerformanceShaders.framework/Frameworks/MPSNeuralNetwork.framework/Versions/A/MPSNeuralNetwork
0x00007fff4c76a000 	/System/Library/Frameworks/MetalPerformanceShaders.framework/Frameworks/MPSMatrix.framework/Versions/A/MPSMatrix
0x00007fff63666000 	/System/Library/PrivateFrameworks/MetalTools.framework/Versions/A/MetalTools
0x00007fff51a44000 	/System/Library/Frameworks/OpenGL.framework/Versions/A/Libraries/libGLU.dylib
0x00007fff51884000 	/System/Library/Frameworks/OpenGL.framework/Versions/A/Libraries/libGFXShared.dylib
0x00007fff5188e000 	/System/Library/Frameworks/OpenGL.framework/Versions/A/Libraries/libGL.dylib
0x00007fff5189a000 	/System/Library/Frameworks/OpenGL.framework/Versions/A/Libraries/libGLImage.dylib
0x00007fff51876000 	/System/Library/Frameworks/OpenGL.framework/Versions/A/Libraries/libCVMSPluginSupport.dylib
0x00007fff5187f000 	/System/Library/Frameworks/OpenGL.framework/Versions/A/Libraries/libCoreVMClient.dylib
0x00007fff6e5b9000 	/usr/lib/libcups.2.dylib
0x00007fff4bc45000 	/System/Library/Frameworks/Kerberos.framework/Versions/A/Kerberos
0x00007fff4a40b000 	/System/Library/Frameworks/GSS.framework/Versions/A/GSS
0x00007fff6f6c0000 	/usr/lib/libresolv.9.dylib
0x00007fff6e7b6000 	/usr/lib/libiconv.2.dylib
0x00007fff617dd000 	/System/Library/PrivateFrameworks/Heimdal.framework/Versions/A/Heimdal
0x00007fff6e785000 	/usr/lib/libheimdal-asn1.dylib
0x00007fff506ec000 	/System/Library/Frameworks/OpenDirectory.framework/Versions/A/OpenDirectory
0x00007fff5a536000 	/System/Library/PrivateFrameworks/CommonAuth.framework/Versions/A/CommonAuth
0x00007fff506cf000 	/System/Library/Frameworks/OpenDirectory.framework/Versions/A/Frameworks/CFOpenDirectory.framework/Versions/A/CFOpenDirectory
0x00007fff5400e000 	/System/Library/Frameworks/SecurityFoundation.framework/Versions/A/SecurityFoundation
0x00007fff573e2000 	/System/Library/PrivateFrameworks/APFS.framework/Versions/A/APFS
0x00007fff6faf5000 	/usr/lib/libutil.dylib
0x00007fff582a2000 	/System/Library/PrivateFrameworks/AppleSauce.framework/Versions/A/AppleSauce
0x00007fff6294c000 	/System/Library/PrivateFrameworks/LinguisticData.framework/Versions/A/LinguisticData
0x00007fff6eb38000 	/usr/lib/libmarisa.dylib
0x00007fff62906000 	/System/Library/PrivateFrameworks/Lexicon.framework/Versions/A/Lexicon
0x00007fff6d735000 	/usr/lib/libChineseTokenizer.dylib
0x00007fff6ddfb000 	/usr/lib/libcmph.dylib
0x00007fff62810000 	/System/Library/PrivateFrameworks/LanguageModeling.framework/Versions/A/LanguageModeling
0x00007fff5b053000 	/System/Library/PrivateFrameworks/CoreEmoji.framework/Versions/A/CoreEmoji
0x00007fff540cc000 	/System/Library/Frameworks/ServiceManagement.framework/Versions/A/ServiceManagement
0x00007fff58aed000 	/System/Library/PrivateFrameworks/BackgroundTaskManagement.framework/Versions/A/BackgroundTaskManagement
0x00007fff6fbf2000 	/usr/lib/libxslt.1.dylib
0x00007fff474bf000 	/System/Library/Frameworks/Carbon.framework/Versions/A/Frameworks/Ink.framework/Versions/A/Ink
0x00007fff6ba0b000 	/System/Library/PrivateFrameworks/TextureIO.framework/Versions/A/TextureIO
0x00007fff6dc1f000 	/usr/lib/libate.dylib
0x00007fff5c16a000 	/System/Library/PrivateFrameworks/CrashReporterSupport.framework/Versions/A/CrashReporterSupport
0x00007fff68d46000 	/System/Library/PrivateFrameworks/Sharing.framework/Versions/A/Sharing
0x00007fff62551000 	/System/Library/PrivateFrameworks/IconServices.framework/Versions/A/IconServices
0x00007fff5871d000 	/System/Library/PrivateFrameworks/AuthKit.framework/Versions/A/AuthKit
0x00007fff580a2000 	/System/Library/PrivateFrameworks/Apple80211.framework/Versions/A/Apple80211
0x00007fff5bf7f000 	/System/Library/PrivateFrameworks/CoreUtils.framework/Versions/A/CoreUtils
0x00007fff49b07000 	/System/Library/Frameworks/CoreWLAN.framework/Versions/A/CoreWLAN
0x00007fff4a54d000 	/System/Library/Frameworks/IOBluetooth.framework/Versions/A/IOBluetooth
0x00007fff67208000 	/System/Library/PrivateFrameworks/ProtocolBuffer.framework/Versions/A/ProtocolBuffer
0x00007fff6385f000 	/System/Library/PrivateFrameworks/MobileKeyBag.framework/Versions/A/MobileKeyBag
0x00007fff5b7f7000 	/System/Library/PrivateFrameworks/CorePhoneNumbers.framework/Versions/A/CorePhoneNumbers
0x00007fff581da000 	/System/Library/PrivateFrameworks/AppleIDAuthSupport.framework/Versions/A/AppleIDAuthSupport
0x00007fff627fc000 	/System/Library/PrivateFrameworks/KeychainCircle.framework/Versions/A/KeychainCircle
0x00007fff5c105000 	/System/Library/PrivateFrameworks/CoreWiFi.framework/Versions/A/CoreWiFi
0x00007fff47a0a000 	/System/Library/Frameworks/CoreBluetooth.framework/Versions/A/CoreBluetooth
0x00007fff5c355000 	/System/Library/PrivateFrameworks/DebugSymbols.framework/Versions/A/DebugSymbols
0x00007fff5bd35000 	/System/Library/PrivateFrameworks/CoreSymbolication.framework/Versions/A/CoreSymbolication
0x00007fff6b1fd000 	/System/Library/PrivateFrameworks/Symbolication.framework/Versions/A/Symbolication
0x00007fff580cc000 	/System/Library/PrivateFrameworks/AppleFSCompression.framework/Versions/A/AppleFSCompression
0x00007fff6a64a000 	/System/Library/PrivateFrameworks/SpeechRecognitionCore.framework/Versions/A/SpeechRecognitionCore
0x00007fff403e7000 	/System/Library/CoreServices/Encodings/libSimplifiedChineseConverter.dylib
0x0000000102000000 	/Library/Java/JavaVirtualMachines/jdk-11.0.1.jdk/Contents/Home/lib/server/libjvm.dylib
0x000000010172e000 	/Library/Java/JavaVirtualMachines/jdk-11.0.1.jdk/Contents/Home/lib/libverify.dylib
0x000000010173a000 	/Library/Java/JavaVirtualMachines/jdk-11.0.1.jdk/Contents/Home/lib/libjava.dylib
0x000000010176a000 	/Library/Java/JavaVirtualMachines/jdk-11.0.1.jdk/Contents/Home/lib/libjdwp.dylib
0x00000001017a2000 	/Library/Java/JavaVirtualMachines/jdk-11.0.1.jdk/Contents/Home/lib/libinstrument.dylib
0x0000000102ec0000 	/Library/Java/JavaVirtualMachines/jdk-11.0.1.jdk/Contents/Home/lib/libzip.dylib
0x0000000102ec8000 	/Library/Java/JavaVirtualMachines/jdk-11.0.1.jdk/Contents/Home/lib/libjimage.dylib
0x000000010451c000 	/Library/Java/JavaVirtualMachines/jdk-11.0.1.jdk/Contents/Home/lib/libdt_socket.dylib
0x0000000104522000 	/Library/Java/JavaVirtualMachines/jdk-11.0.1.jdk/Contents/Home/lib/libnio.dylib
0x0000000126e4b000 	/Library/Java/JavaVirtualMachines/jdk-11.0.1.jdk/Contents/Home/lib/./libnet.dylib
0x0000000126ee7000 	/Library/Java/JavaVirtualMachines/jdk-11.0.1.jdk/Contents/Home/lib/libmanagement.dylib
0x0000000126eec000 	/Library/Java/JavaVirtualMachines/jdk-11.0.1.jdk/Contents/Home/lib/libmanagement_ext.dylib
0x00000001270f2000 	/Library/Java/JavaVirtualMachines/jdk-11.0.1.jdk/Contents/Home/lib/libextnet.dylib


VM Arguments:
jvm_args: -agentlib:jdwp=transport=dt_socket,address=127.0.0.1:55698,suspend=y,server=n -XX:TieredStopAtLevel=1 -Xverify:none -Dspring.output.ansi.enabled=always -Dcom.sun.management.jmxremote -Dspring.jmx.enabled=true -Dspring.liveBeansView.mbeanDomain -Dspring.application.admin.enabled=true -javaagent:/Users/wangxuefeng/Library/Caches/IntelliJIdea2019.3/captureAgent/debugger-agent.jar -Dfile.encoding=UTF-8 
java_command: com.hsbc.activity.ActivityApplication
java_class_path (initial): /Users/wangxuefeng/workspace/activity/target/classes:/Users/wangxuefeng/.m2/repository/org/springframework/boot/spring-boot-starter-web/2.3.1.RELEASE/spring-boot-starter-web-2.3.1.RELEASE.jar:/Users/wangxuefeng/.m2/repository/org/springframework/boot/spring-boot-starter/2.3.1.RELEASE/spring-boot-starter-2.3.1.RELEASE.jar:/Users/wangxuefeng/.m2/repository/org/springframework/boot/spring-boot-starter-logging/2.3.1.RELEASE/spring-boot-starter-logging-2.3.1.RELEASE.jar:/Users/wangxuefeng/.m2/repository/ch/qos/logback/logback-classic/1.2.3/logback-classic-1.2.3.jar:/Users/wangxuefeng/.m2/repository/ch/qos/logback/logback-core/1.2.3/logback-core-1.2.3.jar:/Users/wangxuefeng/.m2/repository/org/apache/logging/log4j/log4j-to-slf4j/2.13.3/log4j-to-slf4j-2.13.3.jar:/Users/wangxuefeng/.m2/repository/org/apache/logging/log4j/log4j-api/2.13.3/log4j-api-2.13.3.jar:/Users/wangxuefeng/.m2/repository/org/slf4j/jul-to-slf4j/1.7.30/jul-to-slf4j-1.7.30.jar:/Users/wangxuefeng/.m2/repository/jakarta/annotation/jakarta.annotation-api/1.3.5/jakarta.annotation-api-1.3.5.jar:/Users/wangxuefeng/.m2/repository/org/yaml/snakeyaml/1.26/snakeyaml-1.26.jar:/Users/wangxuefeng/.m2/repository/org/springframework/boot/spring-boot-starter-json/2.3.1.RELEASE/spring-boot-starter-json-2.3.1.RELEASE.jar:/Users/wangxuefeng/.m2/repository/com/fasterxml/jackson/core/jackson-databind/2.11.0/jackson-databind-2.11.0.jar:/Users/wangxuefeng/.m2/repository/com/fasterxml/jackson/core/jackson-annotations/2.11.0/jackson-annotations-2.11.0.jar:/Users/wangxuefeng/.m2/repository/com/fasterxml/jackson/core/jackson-core/2.11.0/jackson-core-2.11.0.jar:/Users/wangxuefeng/.m2/repository/com/fasterxml/jackson/datatype/jackson-datatype-jdk8/2.11.0/jackson-datatype-jdk8-2.11.0.jar:/Users/wangxuefeng/.m2/repository/com/fasterxml/jackson/datatype/jackson-datatype-jsr310/2.11.0/jackson-datatype-jsr310-2.11.0.jar:/Users/wangxuefeng/.m2/repository/com/fasterxml/jackson/module/jackson-module-parameter-names
Launcher Type: SUN_STANDARD

[Global flags]
     bool BytecodeVerificationLocal                = false                                     {product} {command line}
     bool BytecodeVerificationRemote               = false                                     {product} {command line}
     intx CICompilerCount                          = 3                                         {product} {ergonomic}
     uint ConcGCThreads                            = 1                                         {product} {ergonomic}
     uint G1ConcRefinementThreads                  = 4                                         {product} {ergonomic}
   size_t G1HeapRegionSize                         = 1048576                                   {product} {ergonomic}
    uintx GCDrainStackTargetSize                   = 64                                        {product} {ergonomic}
   size_t InitialHeapSize                          = 268435456                                 {product} {ergonomic}
     bool ManagementServer                         = true                                      {product} {command line}
   size_t MarkStackSize                            = 4194304                                   {product} {ergonomic}
   size_t MaxHeapSize                              = 4294967296                                {product} {ergonomic}
   size_t MaxNewSize                               = 2576351232                                {product} {ergonomic}
   size_t MinHeapDeltaBytes                        = 1048576                                   {product} {ergonomic}
    uintx NonNMethodCodeHeapSize                   = 6973028                                {pd product} {ergonomic}
    uintx NonProfiledCodeHeapSize                  = 244685212                              {pd product} {ergonomic}
    uintx ProfiledCodeHeapSize                     = 0                                      {pd product} {ergonomic}
    uintx ReservedCodeCacheSize                    = 251658240                              {pd product} {ergonomic}
     bool SegmentedCodeCache                       = true                                      {product} {ergonomic}
     intx TieredStopAtLevel                        = 1                                         {product} {command line}
     bool UseCompressedClassPointers               = true                                 {lp64_product} {ergonomic}
     bool UseCompressedOops                        = true                                 {lp64_product} {ergonomic}
     bool UseG1GC                                  = true                                      {product} {ergonomic}

Logging:
Log output configuration:
 #0: stdout all=warning uptime,level,tags
 #1: stderr all=off uptime,level,tags

Environment Variables:
PATH=/usr/local/bin:/usr/bin:/bin:/usr/sbin:/sbin:/Library/Frameworks/Mono.framework/Versions/Current/Commands:/Users/wangxuefeng/mysoft/apache-maven-3.6.0/bin
SHELL=/bin/bash

Signal Handlers:
SIGSEGV: [libjvm.dylib+0x7525b4], sa_mask[0]=11111111011111110111111111111111, sa_flags=SA_ONSTACK|SA_RESTART|SA_SIGINFO
SIGBUS: [libjvm.dylib+0x7525b4], sa_mask[0]=11111111011111110111111111111111, sa_flags=SA_RESTART|SA_SIGINFO
SIGFPE: [libjvm.dylib+0x7525b4], sa_mask[0]=11111111011111110111111111111111, sa_flags=SA_RESTART|SA_SIGINFO
SIGPIPE: [libjvm.dylib+0x602b72], sa_mask[0]=11111111011111110111111111111111, sa_flags=SA_RESTART|SA_SIGINFO
SIGXFSZ: [libjvm.dylib+0x602b72], sa_mask[0]=11111111011111110111111111111111, sa_flags=SA_RESTART|SA_SIGINFO
SIGILL: [libjvm.dylib+0x7525b4], sa_mask[0]=11111111011111110111111111111111, sa_flags=SA_RESTART|SA_SIGINFO
SIGUSR2: [libjvm.dylib+0x603157], sa_mask[0]=00100000000000000000000000000000, sa_flags=SA_RESTART|SA_SIGINFO
SIGHUP: [libjvm.dylib+0x601bb3], sa_mask[0]=11111111011111110111111111111111, sa_flags=SA_RESTART|SA_SIGINFO
SIGINT: [libjvm.dylib+0x601bb3], sa_mask[0]=11111111011111110111111111111111, sa_flags=SA_RESTART|SA_SIGINFO
SIGTERM: [libjvm.dylib+0x601bb3], sa_mask[0]=11111111011111110111111111111111, sa_flags=SA_RESTART|SA_SIGINFO
SIGQUIT: [libjvm.dylib+0x601bb3], sa_mask[0]=11111111011111110111111111111111, sa_flags=SA_RESTART|SA_SIGINFO


---------------  S Y S T E M  ---------------

OS:uname:Darwin 17.7.0 Darwin Kernel Version 17.7.0: Sun Dec  1 19:19:56 PST 2019; root:xnu-4570.71.63~1/RELEASE_X86_64 x86_64
rlimit: STACK 8192k, CORE 0k, NPROC 1418, NOFILE 10240, AS infinity, DATA infinity, FSIZE infinity
load average:2.16 2.20 2.27

CPU:total 4 (initial active 4) (4 cores per cpu, 1 threads per core) family 6 model 60 stepping 3, cmov, cx8, fxsr, mmx, sse, sse2, sse3, ssse3, sse4.1, sse4.2, popcnt, avx, avx2, aes, clmul, erms, lzcnt, tsc, tscinvbit, bmi1, bmi2, fma

Memory: 4k page, physical 16777216k(3962136k free)

vm_info: Java HotSpot(TM) 64-Bit Server VM (11.0.1+13-LTS) for bsd-amd64 JRE (11.0.1+13-LTS), built on Oct  6 2018 12:16:08 by "mach5one" with gcc 4.2.1 Compatible Apple LLVM 9.1.0 (clang-902.0.39.2)

END.
