2020-06-24 11:39:25.367 [main] INFO  com.hsbc.activity.HelloWorldTest - Starting HelloWorldTest on wangxuefengdeiMac.local with PID 10387 (started by wangxuefeng in /Users/wangxuefeng/workspace/activity)
2020-06-24 11:39:25.371 [main] INFO  com.hsbc.activity.HelloWorldTest - The following profiles are active: develop
2020-06-24 11:41:04.641 [main] INFO  com.hsbc.activity.HelloWorldTest - Starting HelloWorldTest on wangxuefengdeiMac.local with PID 10488 (started by wangxuefeng in /Users/wangxuefeng/workspace/activity)
2020-06-24 11:41:04.642 [main] INFO  com.hsbc.activity.HelloWorldTest - The following profiles are active: develop
2020-06-24 11:46:26.152 [main] INFO  com.hsbc.activity.HelloWorldTest - Starting HelloWorldTest on wangxuefengdeiMac.local with PID 10840 (started by wangxuefeng in /Users/wangxuefeng/workspace/activity)
2020-06-24 11:46:26.153 [main] INFO  com.hsbc.activity.HelloWorldTest - The following profiles are active: develop
2020-06-24 11:46:27.961 [main] INFO  o.s.scheduling.concurrent.ThreadPoolTaskExecutor - Initializing ExecutorService 'applicationTaskExecutor'
2020-06-24 11:46:28.386 [main] INFO  com.zaxxer.hikari.HikariDataSource - HikariPool-1 - Starting...
2020-06-24 11:46:28.901 [main] INFO  com.zaxxer.hikari.HikariDataSource - HikariPool-1 - Start completed.
2020-06-24 11:46:29.746 [main] INFO  o.a.e.c.DefaultActiviti5CompatibilityHandlerFactory - Activiti 5 compatibility handler implementation not found or error during instantiation : org.activiti.compatibility.DefaultActiviti5CompatibilityHandler. Activiti 5 backwards compatibility disabled.
2020-06-24 11:46:30.375 [main] INFO  org.activiti.engine.impl.ProcessEngineImpl - ProcessEngine default created
2020-06-24 11:46:30.377 [main] INFO  o.a.e.impl.asyncexecutor.DefaultAsyncJobExecutor - Starting up the default async job executor [org.activiti.spring.SpringAsyncExecutor].
2020-06-24 11:46:30.378 [Thread-157] INFO  o.a.e.impl.asyncexecutor.AcquireTimerJobsRunnable - {} starting to acquire async jobs due
2020-06-24 11:46:30.378 [Thread-156] INFO  o.a.e.i.asyncexecutor.AcquireAsyncJobsDueRunnable - {} starting to acquire async jobs due
2020-06-24 11:46:30.379 [Thread-158] INFO  o.a.e.impl.asyncexecutor.ResetExpiredJobsRunnable - {} starting to reset expired jobs
2020-06-24 11:46:30.760 [main] INFO  com.hsbc.activity.HelloWorldTest - Started HelloWorldTest in 5.266 seconds (JVM running for 6.726)
2020-06-24 11:46:32.033 [SpringContextShutdownHook] INFO  o.a.e.impl.asyncexecutor.DefaultAsyncJobExecutor - Shutting down the default async job executor [org.activiti.spring.SpringAsyncExecutor].
2020-06-24 11:46:32.033 [activiti-acquire-timer-jobs] INFO  o.a.e.impl.asyncexecutor.AcquireTimerJobsRunnable - {} stopped async job due acquisition
2020-06-24 11:46:32.033 [activiti-acquire-async-jobs] INFO  o.a.e.i.asyncexecutor.AcquireAsyncJobsDueRunnable - {} stopped async job due acquisition
2020-06-24 11:46:32.033 [activiti-reset-expired-jobs] INFO  o.a.e.impl.asyncexecutor.ResetExpiredJobsRunnable - {} stopped resetting expired jobs
2020-06-24 11:46:32.037 [SpringContextShutdownHook] INFO  o.s.scheduling.concurrent.ThreadPoolTaskExecutor - Shutting down ExecutorService 'applicationTaskExecutor'
2020-06-24 11:46:32.038 [SpringContextShutdownHook] INFO  com.zaxxer.hikari.HikariDataSource - HikariPool-1 - Shutdown initiated...
2020-06-24 11:46:32.049 [SpringContextShutdownHook] INFO  com.zaxxer.hikari.HikariDataSource - HikariPool-1 - Shutdown completed.
2020-06-24 11:47:50.730 [main] INFO  com.hsbc.activity.HelloWorldTest - Starting HelloWorldTest on wangxuefengdeiMac.local with PID 10938 (started by wangxuefeng in /Users/wangxuefeng/workspace/activity)
2020-06-24 11:47:50.731 [main] INFO  com.hsbc.activity.HelloWorldTest - The following profiles are active: develop
2020-06-24 11:47:52.291 [main] INFO  o.s.scheduling.concurrent.ThreadPoolTaskExecutor - Initializing ExecutorService 'applicationTaskExecutor'
2020-06-24 11:47:52.638 [main] INFO  com.zaxxer.hikari.HikariDataSource - HikariPool-1 - Starting...
2020-06-24 11:47:53.098 [main] INFO  com.zaxxer.hikari.HikariDataSource - HikariPool-1 - Start completed.
2020-06-24 11:47:53.822 [main] INFO  o.a.e.c.DefaultActiviti5CompatibilityHandlerFactory - Activiti 5 compatibility handler implementation not found or error during instantiation : org.activiti.compatibility.DefaultActiviti5CompatibilityHandler. Activiti 5 backwards compatibility disabled.
2020-06-24 11:47:54.465 [main] INFO  org.activiti.engine.impl.ProcessEngineImpl - ProcessEngine default created
2020-06-24 11:47:54.466 [main] INFO  o.a.e.impl.asyncexecutor.DefaultAsyncJobExecutor - Starting up the default async job executor [org.activiti.spring.SpringAsyncExecutor].
2020-06-24 11:47:54.467 [Thread-156] INFO  o.a.e.i.asyncexecutor.AcquireAsyncJobsDueRunnable - {} starting to acquire async jobs due
2020-06-24 11:47:54.468 [Thread-158] INFO  o.a.e.impl.asyncexecutor.ResetExpiredJobsRunnable - {} starting to reset expired jobs
2020-06-24 11:47:54.467 [Thread-157] INFO  o.a.e.impl.asyncexecutor.AcquireTimerJobsRunnable - {} starting to acquire async jobs due
2020-06-24 11:47:54.828 [main] INFO  com.hsbc.activity.HelloWorldTest - Started HelloWorldTest in 4.811 seconds (JVM running for 6.035)
2020-06-24 11:47:56.080 [SpringContextShutdownHook] INFO  o.a.e.impl.asyncexecutor.DefaultAsyncJobExecutor - Shutting down the default async job executor [org.activiti.spring.SpringAsyncExecutor].
2020-06-24 11:47:56.080 [activiti-reset-expired-jobs] INFO  o.a.e.impl.asyncexecutor.ResetExpiredJobsRunnable - {} stopped resetting expired jobs
2020-06-24 11:47:56.081 [activiti-acquire-timer-jobs] INFO  o.a.e.impl.asyncexecutor.AcquireTimerJobsRunnable - {} stopped async job due acquisition
2020-06-24 11:47:56.081 [activiti-acquire-async-jobs] INFO  o.a.e.i.asyncexecutor.AcquireAsyncJobsDueRunnable - {} stopped async job due acquisition
2020-06-24 11:47:56.082 [SpringContextShutdownHook] INFO  o.s.scheduling.concurrent.ThreadPoolTaskExecutor - Shutting down ExecutorService 'applicationTaskExecutor'
2020-06-24 11:47:56.082 [SpringContextShutdownHook] INFO  com.zaxxer.hikari.HikariDataSource - HikariPool-1 - Shutdown initiated...
2020-06-24 11:47:56.093 [SpringContextShutdownHook] INFO  com.zaxxer.hikari.HikariDataSource - HikariPool-1 - Shutdown completed.
2020-06-24 11:50:07.588 [main] INFO  com.hsbc.activity.HelloWorldTest - Starting HelloWorldTest on wangxuefengdeiMac.local with PID 11078 (started by wangxuefeng in /Users/wangxuefeng/workspace/activity)
2020-06-24 11:50:07.589 [main] INFO  com.hsbc.activity.HelloWorldTest - The following profiles are active: develop
2020-06-24 11:50:08.960 [main] INFO  o.s.scheduling.concurrent.ThreadPoolTaskExecutor - Initializing ExecutorService 'applicationTaskExecutor'
2020-06-24 11:50:09.272 [main] INFO  com.zaxxer.hikari.HikariDataSource - HikariPool-1 - Starting...
2020-06-24 11:50:09.758 [main] INFO  com.zaxxer.hikari.HikariDataSource - HikariPool-1 - Start completed.
2020-06-24 11:50:10.588 [main] INFO  o.a.e.c.DefaultActiviti5CompatibilityHandlerFactory - Activiti 5 compatibility handler implementation not found or error during instantiation : org.activiti.compatibility.DefaultActiviti5CompatibilityHandler. Activiti 5 backwards compatibility disabled.
2020-06-24 11:50:11.283 [main] INFO  org.activiti.engine.impl.ProcessEngineImpl - ProcessEngine default created
2020-06-24 11:50:11.284 [main] INFO  o.a.e.impl.asyncexecutor.DefaultAsyncJobExecutor - Starting up the default async job executor [org.activiti.spring.SpringAsyncExecutor].
2020-06-24 11:50:11.285 [Thread-156] INFO  o.a.e.i.asyncexecutor.AcquireAsyncJobsDueRunnable - {} starting to acquire async jobs due
2020-06-24 11:50:11.285 [Thread-157] INFO  o.a.e.impl.asyncexecutor.AcquireTimerJobsRunnable - {} starting to acquire async jobs due
2020-06-24 11:50:11.286 [Thread-158] INFO  o.a.e.impl.asyncexecutor.ResetExpiredJobsRunnable - {} starting to reset expired jobs
2020-06-24 11:50:11.687 [main] INFO  com.hsbc.activity.HelloWorldTest - Started HelloWorldTest in 4.852 seconds (JVM running for 6.238)
2020-06-24 11:50:12.995 [SpringContextShutdownHook] INFO  o.a.e.impl.asyncexecutor.DefaultAsyncJobExecutor - Shutting down the default async job executor [org.activiti.spring.SpringAsyncExecutor].
2020-06-24 11:50:12.995 [activiti-acquire-timer-jobs] INFO  o.a.e.impl.asyncexecutor.AcquireTimerJobsRunnable - {} stopped async job due acquisition
2020-06-24 11:50:12.995 [activiti-acquire-async-jobs] INFO  o.a.e.i.asyncexecutor.AcquireAsyncJobsDueRunnable - {} stopped async job due acquisition
2020-06-24 11:50:12.995 [activiti-reset-expired-jobs] INFO  o.a.e.impl.asyncexecutor.ResetExpiredJobsRunnable - {} stopped resetting expired jobs
2020-06-24 11:50:12.997 [SpringContextShutdownHook] INFO  o.s.scheduling.concurrent.ThreadPoolTaskExecutor - Shutting down ExecutorService 'applicationTaskExecutor'
2020-06-24 11:50:12.997 [SpringContextShutdownHook] INFO  com.zaxxer.hikari.HikariDataSource - HikariPool-1 - Shutdown initiated...
2020-06-24 11:50:13.009 [SpringContextShutdownHook] INFO  com.zaxxer.hikari.HikariDataSource - HikariPool-1 - Shutdown completed.
2020-06-24 12:06:35.192 [main] INFO  com.hsbc.activity.HelloWorldTest - Starting HelloWorldTest on wangxuefengdeiMac.local with PID 12105 (started by wangxuefeng in /Users/wangxuefeng/workspace/activity)
2020-06-24 12:06:35.193 [main] INFO  com.hsbc.activity.HelloWorldTest - The following profiles are active: develop
2020-06-24 12:06:36.641 [main] INFO  o.s.scheduling.concurrent.ThreadPoolTaskExecutor - Initializing ExecutorService 'applicationTaskExecutor'
2020-06-24 12:06:36.857 [main] INFO  com.zaxxer.hikari.HikariDataSource - HikariPool-1 - Starting...
2020-06-24 12:06:38.391 [main] INFO  com.zaxxer.hikari.HikariDataSource - HikariPool-1 - Start completed.
2020-06-24 12:06:39.296 [main] INFO  o.a.e.c.DefaultActiviti5CompatibilityHandlerFactory - Activiti 5 compatibility handler implementation not found or error during instantiation : org.activiti.compatibility.DefaultActiviti5CompatibilityHandler. Activiti 5 backwards compatibility disabled.
2020-06-24 12:06:39.999 [main] INFO  org.activiti.engine.impl.ProcessEngineImpl - ProcessEngine default created
2020-06-24 12:06:40.000 [main] INFO  o.a.e.impl.asyncexecutor.DefaultAsyncJobExecutor - Starting up the default async job executor [org.activiti.spring.SpringAsyncExecutor].
2020-06-24 12:06:40.001 [Thread-156] INFO  o.a.e.i.asyncexecutor.AcquireAsyncJobsDueRunnable - {} starting to acquire async jobs due
2020-06-24 12:06:40.001 [Thread-157] INFO  o.a.e.impl.asyncexecutor.AcquireTimerJobsRunnable - {} starting to acquire async jobs due
2020-06-24 12:06:40.001 [Thread-158] INFO  o.a.e.impl.asyncexecutor.ResetExpiredJobsRunnable - {} starting to reset expired jobs
2020-06-24 12:06:40.996 [main] INFO  com.hsbc.activity.HelloWorldTest - Started HelloWorldTest in 6.768 seconds (JVM running for 8.121)
2020-06-24 12:06:42.501 [SpringContextShutdownHook] INFO  o.a.e.impl.asyncexecutor.DefaultAsyncJobExecutor - Shutting down the default async job executor [org.activiti.spring.SpringAsyncExecutor].
2020-06-24 12:06:42.502 [activiti-acquire-timer-jobs] INFO  o.a.e.impl.asyncexecutor.AcquireTimerJobsRunnable - {} stopped async job due acquisition
2020-06-24 12:06:42.502 [activiti-reset-expired-jobs] INFO  o.a.e.impl.asyncexecutor.ResetExpiredJobsRunnable - {} stopped resetting expired jobs
2020-06-24 12:06:42.502 [activiti-acquire-async-jobs] INFO  o.a.e.i.asyncexecutor.AcquireAsyncJobsDueRunnable - {} stopped async job due acquisition
2020-06-24 12:06:42.503 [SpringContextShutdownHook] INFO  o.s.scheduling.concurrent.ThreadPoolTaskExecutor - Shutting down ExecutorService 'applicationTaskExecutor'
2020-06-24 12:06:42.503 [SpringContextShutdownHook] INFO  com.zaxxer.hikari.HikariDataSource - HikariPool-1 - Shutdown initiated...
2020-06-24 12:06:42.514 [SpringContextShutdownHook] INFO  com.zaxxer.hikari.HikariDataSource - HikariPool-1 - Shutdown completed.
2020-06-24 12:09:06.524 [main] INFO  com.hsbc.activity.HelloWorldTest - Starting HelloWorldTest on wangxuefengdeiMac.local with PID 12262 (started by wangxuefeng in /Users/wangxuefeng/workspace/activity)
2020-06-24 12:09:06.525 [main] INFO  com.hsbc.activity.HelloWorldTest - The following profiles are active: develop
2020-06-24 12:09:07.540 [main] INFO  o.s.scheduling.concurrent.ThreadPoolTaskExecutor - Initializing ExecutorService 'applicationTaskExecutor'
2020-06-24 12:09:07.705 [main] INFO  com.zaxxer.hikari.HikariDataSource - HikariPool-1 - Starting...
2020-06-24 12:09:08.173 [main] INFO  com.zaxxer.hikari.HikariDataSource - HikariPool-1 - Start completed.
2020-06-24 12:09:09.066 [main] INFO  o.a.e.c.DefaultActiviti5CompatibilityHandlerFactory - Activiti 5 compatibility handler implementation not found or error during instantiation : org.activiti.compatibility.DefaultActiviti5CompatibilityHandler. Activiti 5 backwards compatibility disabled.
2020-06-24 12:09:09.303 [main] INFO  org.activiti.engine.impl.db.DbSqlSession - performing create on engine with resource org/activiti/db/create/activiti.mysql.create.engine.sql
2020-06-24 12:09:09.304 [main] INFO  org.activiti.engine.impl.db.DbSqlSession - Found MySQL: majorVersion=5 minorVersion=7
2020-06-24 12:09:15.047 [main] INFO  org.activiti.engine.impl.db.DbSqlSession - performing create on history with resource org/activiti/db/create/activiti.mysql.create.history.sql
2020-06-24 12:09:15.047 [main] INFO  org.activiti.engine.impl.db.DbSqlSession - Found MySQL: majorVersion=5 minorVersion=7
2020-06-24 12:09:17.066 [main] INFO  org.activiti.engine.impl.db.DbSqlSession - performing create on identity with resource org/activiti/db/create/activiti.mysql.create.identity.sql
2020-06-24 12:09:17.066 [main] INFO  org.activiti.engine.impl.db.DbSqlSession - Found MySQL: majorVersion=5 minorVersion=7
2020-06-24 12:09:17.555 [main] INFO  org.activiti.engine.impl.ProcessEngineImpl - ProcessEngine default created
2020-06-24 12:09:17.556 [main] INFO  o.a.e.impl.asyncexecutor.DefaultAsyncJobExecutor - Starting up the default async job executor [org.activiti.spring.SpringAsyncExecutor].
2020-06-24 12:09:17.557 [Thread-156] INFO  o.a.e.i.asyncexecutor.AcquireAsyncJobsDueRunnable - {} starting to acquire async jobs due
2020-06-24 12:09:17.557 [Thread-157] INFO  o.a.e.impl.asyncexecutor.AcquireTimerJobsRunnable - {} starting to acquire async jobs due
2020-06-24 12:09:17.558 [Thread-158] INFO  o.a.e.impl.asyncexecutor.ResetExpiredJobsRunnable - {} starting to reset expired jobs
2020-06-24 12:09:18.553 [main] INFO  com.hsbc.activity.HelloWorldTest - Started HelloWorldTest in 12.947 seconds (JVM running for 14.27)
2020-06-24 12:09:20.230 [SpringContextShutdownHook] INFO  o.a.e.impl.asyncexecutor.DefaultAsyncJobExecutor - Shutting down the default async job executor [org.activiti.spring.SpringAsyncExecutor].
2020-06-24 12:09:20.230 [activiti-acquire-timer-jobs] INFO  o.a.e.impl.asyncexecutor.AcquireTimerJobsRunnable - {} stopped async job due acquisition
2020-06-24 12:09:20.230 [activiti-reset-expired-jobs] INFO  o.a.e.impl.asyncexecutor.ResetExpiredJobsRunnable - {} stopped resetting expired jobs
2020-06-24 12:09:20.230 [activiti-acquire-async-jobs] INFO  o.a.e.i.asyncexecutor.AcquireAsyncJobsDueRunnable - {} stopped async job due acquisition
2020-06-24 12:09:20.232 [SpringContextShutdownHook] INFO  o.s.scheduling.concurrent.ThreadPoolTaskExecutor - Shutting down ExecutorService 'applicationTaskExecutor'
2020-06-24 12:09:20.232 [SpringContextShutdownHook] INFO  com.zaxxer.hikari.HikariDataSource - HikariPool-1 - Shutdown initiated...
2020-06-24 12:09:20.242 [SpringContextShutdownHook] INFO  com.zaxxer.hikari.HikariDataSource - HikariPool-1 - Shutdown completed.
2020-06-24 12:12:37.449 [main] INFO  com.hsbc.activity.HelloWorldTest - Starting HelloWorldTest on wangxuefengdeiMac.local with PID 12475 (started by wangxuefeng in /Users/wangxuefeng/workspace/activity)
2020-06-24 12:12:37.450 [main] INFO  com.hsbc.activity.HelloWorldTest - The following profiles are active: develop
2020-06-24 12:12:38.615 [main] INFO  o.s.scheduling.concurrent.ThreadPoolTaskExecutor - Initializing ExecutorService 'applicationTaskExecutor'
2020-06-24 12:12:38.795 [main] INFO  com.zaxxer.hikari.HikariDataSource - HikariPool-1 - Starting...
2020-06-24 12:12:39.427 [main] INFO  com.zaxxer.hikari.HikariDataSource - HikariPool-1 - Start completed.
2020-06-24 12:12:40.167 [main] INFO  o.a.e.c.DefaultActiviti5CompatibilityHandlerFactory - Activiti 5 compatibility handler implementation not found or error during instantiation : org.activiti.compatibility.DefaultActiviti5CompatibilityHandler. Activiti 5 backwards compatibility disabled.
2020-06-24 12:12:40.883 [main] INFO  org.activiti.engine.impl.ProcessEngineImpl - ProcessEngine default created
2020-06-24 12:12:40.885 [main] INFO  o.a.e.impl.asyncexecutor.DefaultAsyncJobExecutor - Starting up the default async job executor [org.activiti.spring.SpringAsyncExecutor].
2020-06-24 12:12:40.886 [Thread-156] INFO  o.a.e.i.asyncexecutor.AcquireAsyncJobsDueRunnable - {} starting to acquire async jobs due
2020-06-24 12:12:40.888 [Thread-158] INFO  o.a.e.impl.asyncexecutor.ResetExpiredJobsRunnable - {} starting to reset expired jobs
2020-06-24 12:12:40.886 [Thread-157] INFO  o.a.e.impl.asyncexecutor.AcquireTimerJobsRunnable - {} starting to acquire async jobs due
2020-06-24 12:12:41.891 [main] INFO  com.hsbc.activity.HelloWorldTest - Started HelloWorldTest in 5.326 seconds (JVM running for 6.368)
2020-06-24 12:12:43.347 [SpringContextShutdownHook] INFO  o.a.e.impl.asyncexecutor.DefaultAsyncJobExecutor - Shutting down the default async job executor [org.activiti.spring.SpringAsyncExecutor].
2020-06-24 12:12:43.348 [activiti-acquire-async-jobs] INFO  o.a.e.i.asyncexecutor.AcquireAsyncJobsDueRunnable - {} stopped async job due acquisition
2020-06-24 12:12:43.348 [activiti-reset-expired-jobs] INFO  o.a.e.impl.asyncexecutor.ResetExpiredJobsRunnable - {} stopped resetting expired jobs
2020-06-24 12:12:43.348 [activiti-acquire-timer-jobs] INFO  o.a.e.impl.asyncexecutor.AcquireTimerJobsRunnable - {} stopped async job due acquisition
2020-06-24 12:12:43.349 [SpringContextShutdownHook] INFO  o.s.scheduling.concurrent.ThreadPoolTaskExecutor - Shutting down ExecutorService 'applicationTaskExecutor'
2020-06-24 12:12:43.349 [SpringContextShutdownHook] INFO  com.zaxxer.hikari.HikariDataSource - HikariPool-1 - Shutdown initiated...
2020-06-24 12:12:43.360 [SpringContextShutdownHook] INFO  com.zaxxer.hikari.HikariDataSource - HikariPool-1 - Shutdown completed.
2020-06-24 12:22:15.217 [main] INFO  com.hsbc.activity.HelloWorldTest - Starting HelloWorldTest on wangxuefengdeiMac.local with PID 13088 (started by wangxuefeng in /Users/wangxuefeng/workspace/activity)
2020-06-24 12:22:15.219 [main] INFO  com.hsbc.activity.HelloWorldTest - The following profiles are active: develop
2020-06-24 12:22:16.349 [main] INFO  o.s.scheduling.concurrent.ThreadPoolTaskExecutor - Initializing ExecutorService 'applicationTaskExecutor'
2020-06-24 12:22:16.530 [main] INFO  com.zaxxer.hikari.HikariDataSource - HikariPool-1 - Starting...
2020-06-24 12:22:17.216 [main] INFO  com.zaxxer.hikari.HikariDataSource - HikariPool-1 - Start completed.
2020-06-24 12:22:17.989 [main] INFO  o.a.e.c.DefaultActiviti5CompatibilityHandlerFactory - Activiti 5 compatibility handler implementation not found or error during instantiation : org.activiti.compatibility.DefaultActiviti5CompatibilityHandler. Activiti 5 backwards compatibility disabled.
2020-06-24 12:22:18.331 [main] INFO  org.activiti.engine.impl.db.DbSqlSession - performing create on engine with resource org/activiti/db/create/activiti.mysql.create.engine.sql
2020-06-24 12:22:18.331 [main] INFO  org.activiti.engine.impl.db.DbSqlSession - Found MySQL: majorVersion=5 minorVersion=7
2020-06-24 12:22:27.175 [main] INFO  org.activiti.engine.impl.db.DbSqlSession - performing create on history with resource org/activiti/db/create/activiti.mysql.create.history.sql
2020-06-24 12:22:27.175 [main] INFO  org.activiti.engine.impl.db.DbSqlSession - Found MySQL: majorVersion=5 minorVersion=7
2020-06-24 12:22:30.136 [main] INFO  org.activiti.engine.impl.db.DbSqlSession - performing create on identity with resource org/activiti/db/create/activiti.mysql.create.identity.sql
2020-06-24 12:22:30.136 [main] INFO  org.activiti.engine.impl.db.DbSqlSession - Found MySQL: majorVersion=5 minorVersion=7
2020-06-24 12:22:30.783 [main] INFO  org.activiti.engine.impl.ProcessEngineImpl - ProcessEngine default created
2020-06-24 12:22:30.784 [main] INFO  o.a.e.impl.asyncexecutor.DefaultAsyncJobExecutor - Starting up the default async job executor [org.activiti.spring.SpringAsyncExecutor].
2020-06-24 12:22:30.785 [Thread-157] INFO  o.a.e.impl.asyncexecutor.AcquireTimerJobsRunnable - {} starting to acquire async jobs due
2020-06-24 12:22:30.785 [Thread-158] INFO  o.a.e.impl.asyncexecutor.ResetExpiredJobsRunnable - {} starting to reset expired jobs
2020-06-24 12:22:30.785 [Thread-156] INFO  o.a.e.i.asyncexecutor.AcquireAsyncJobsDueRunnable - {} starting to acquire async jobs due
2020-06-24 12:22:32.915 [main] INFO  com.hsbc.activity.HelloWorldTest - Started HelloWorldTest in 18.425 seconds (JVM running for 19.604)
2020-06-24 12:22:37.860 [SpringContextShutdownHook] INFO  o.a.e.impl.asyncexecutor.DefaultAsyncJobExecutor - Shutting down the default async job executor [org.activiti.spring.SpringAsyncExecutor].
2020-06-24 12:22:37.860 [activiti-reset-expired-jobs] INFO  o.a.e.impl.asyncexecutor.ResetExpiredJobsRunnable - {} stopped resetting expired jobs
2020-06-24 12:22:37.860 [activiti-acquire-async-jobs] INFO  o.a.e.i.asyncexecutor.AcquireAsyncJobsDueRunnable - {} stopped async job due acquisition
2020-06-24 12:22:37.861 [activiti-acquire-timer-jobs] INFO  o.a.e.impl.asyncexecutor.AcquireTimerJobsRunnable - {} stopped async job due acquisition
2020-06-24 12:22:37.862 [SpringContextShutdownHook] INFO  o.s.scheduling.concurrent.ThreadPoolTaskExecutor - Shutting down ExecutorService 'applicationTaskExecutor'
2020-06-24 12:22:37.862 [SpringContextShutdownHook] INFO  com.zaxxer.hikari.HikariDataSource - HikariPool-1 - Shutdown initiated...
2020-06-24 12:22:37.873 [SpringContextShutdownHook] INFO  com.zaxxer.hikari.HikariDataSource - HikariPool-1 - Shutdown completed.
2020-06-24 14:17:06.809 [main] INFO  com.hsbc.activity.HelloWorldTest - Starting HelloWorldTest on wangxuefengdeiMac.local with PID 15639 (started by wangxuefeng in /Users/wangxuefeng/workspace/activity)
2020-06-24 14:17:06.810 [main] INFO  com.hsbc.activity.HelloWorldTest - The following profiles are active: develop
2020-06-24 14:17:07.890 [main] INFO  o.s.scheduling.concurrent.ThreadPoolTaskExecutor - Initializing ExecutorService 'applicationTaskExecutor'
2020-06-24 14:17:08.070 [main] INFO  com.zaxxer.hikari.HikariDataSource - HikariPool-1 - Starting...
2020-06-24 14:17:08.548 [main] INFO  com.zaxxer.hikari.HikariDataSource - HikariPool-1 - Start completed.
2020-06-24 14:17:09.366 [main] INFO  o.a.e.c.DefaultActiviti5CompatibilityHandlerFactory - Activiti 5 compatibility handler implementation not found or error during instantiation : org.activiti.compatibility.DefaultActiviti5CompatibilityHandler. Activiti 5 backwards compatibility disabled.
2020-06-24 14:17:10.014 [main] INFO  org.activiti.engine.impl.ProcessEngineImpl - ProcessEngine default created
2020-06-24 14:17:10.015 [main] INFO  o.a.e.impl.asyncexecutor.DefaultAsyncJobExecutor - Starting up the default async job executor [org.activiti.spring.SpringAsyncExecutor].
2020-06-24 14:17:10.016 [Thread-156] INFO  o.a.e.i.asyncexecutor.AcquireAsyncJobsDueRunnable - {} starting to acquire async jobs due
2020-06-24 14:17:10.017 [Thread-158] INFO  o.a.e.impl.asyncexecutor.ResetExpiredJobsRunnable - {} starting to reset expired jobs
2020-06-24 14:17:10.016 [Thread-157] INFO  o.a.e.impl.asyncexecutor.AcquireTimerJobsRunnable - {} starting to acquire async jobs due
2020-06-24 14:17:10.877 [main] INFO  com.hsbc.activity.HelloWorldTest - Started HelloWorldTest in 4.733 seconds (JVM running for 6.035)
2020-06-24 14:17:11.356 [SpringContextShutdownHook] INFO  o.a.e.impl.asyncexecutor.DefaultAsyncJobExecutor - Shutting down the default async job executor [org.activiti.spring.SpringAsyncExecutor].
2020-06-24 14:17:11.356 [activiti-acquire-timer-jobs] INFO  o.a.e.impl.asyncexecutor.AcquireTimerJobsRunnable - {} stopped async job due acquisition
2020-06-24 14:17:11.356 [activiti-acquire-async-jobs] INFO  o.a.e.i.asyncexecutor.AcquireAsyncJobsDueRunnable - {} stopped async job due acquisition
2020-06-24 14:17:11.356 [activiti-reset-expired-jobs] INFO  o.a.e.impl.asyncexecutor.ResetExpiredJobsRunnable - {} stopped resetting expired jobs
2020-06-24 14:17:11.357 [SpringContextShutdownHook] INFO  o.s.scheduling.concurrent.ThreadPoolTaskExecutor - Shutting down ExecutorService 'applicationTaskExecutor'
2020-06-24 14:17:11.358 [SpringContextShutdownHook] INFO  com.zaxxer.hikari.HikariDataSource - HikariPool-1 - Shutdown initiated...
2020-06-24 14:17:11.370 [SpringContextShutdownHook] INFO  com.zaxxer.hikari.HikariDataSource - HikariPool-1 - Shutdown completed.
2020-06-24 14:18:26.279 [main] INFO  com.hsbc.activity.HelloWorldTest - Starting HelloWorldTest on wangxuefengdeiMac.local with PID 15724 (started by wangxuefeng in /Users/wangxuefeng/workspace/activity)
2020-06-24 14:18:26.280 [main] INFO  com.hsbc.activity.HelloWorldTest - The following profiles are active: develop
2020-06-24 14:18:27.404 [main] INFO  o.s.scheduling.concurrent.ThreadPoolTaskExecutor - Initializing ExecutorService 'applicationTaskExecutor'
2020-06-24 14:18:27.593 [main] INFO  com.zaxxer.hikari.HikariDataSource - HikariPool-1 - Starting...
2020-06-24 14:18:28.069 [main] INFO  com.zaxxer.hikari.HikariDataSource - HikariPool-1 - Start completed.
2020-06-24 14:18:28.786 [main] INFO  o.a.e.c.DefaultActiviti5CompatibilityHandlerFactory - Activiti 5 compatibility handler implementation not found or error during instantiation : org.activiti.compatibility.DefaultActiviti5CompatibilityHandler. Activiti 5 backwards compatibility disabled.
2020-06-24 14:18:29.422 [main] INFO  org.activiti.engine.impl.ProcessEngineImpl - ProcessEngine default created
2020-06-24 14:18:29.423 [main] INFO  o.a.e.impl.asyncexecutor.DefaultAsyncJobExecutor - Starting up the default async job executor [org.activiti.spring.SpringAsyncExecutor].
2020-06-24 14:18:29.424 [Thread-156] INFO  o.a.e.i.asyncexecutor.AcquireAsyncJobsDueRunnable - {} starting to acquire async jobs due
2020-06-24 14:18:29.425 [Thread-158] INFO  o.a.e.impl.asyncexecutor.ResetExpiredJobsRunnable - {} starting to reset expired jobs
2020-06-24 14:18:29.424 [Thread-157] INFO  o.a.e.impl.asyncexecutor.AcquireTimerJobsRunnable - {} starting to acquire async jobs due
2020-06-24 14:18:30.286 [main] INFO  com.hsbc.activity.HelloWorldTest - Started HelloWorldTest in 4.741 seconds (JVM running for 5.965)
2020-06-24 14:18:30.780 [SpringContextShutdownHook] INFO  o.a.e.impl.asyncexecutor.DefaultAsyncJobExecutor - Shutting down the default async job executor [org.activiti.spring.SpringAsyncExecutor].
2020-06-24 14:18:30.780 [activiti-acquire-timer-jobs] INFO  o.a.e.impl.asyncexecutor.AcquireTimerJobsRunnable - {} stopped async job due acquisition
2020-06-24 14:18:30.780 [activiti-acquire-async-jobs] INFO  o.a.e.i.asyncexecutor.AcquireAsyncJobsDueRunnable - {} stopped async job due acquisition
2020-06-24 14:18:30.780 [activiti-reset-expired-jobs] INFO  o.a.e.impl.asyncexecutor.ResetExpiredJobsRunnable - {} stopped resetting expired jobs
2020-06-24 14:18:30.782 [SpringContextShutdownHook] INFO  o.s.scheduling.concurrent.ThreadPoolTaskExecutor - Shutting down ExecutorService 'applicationTaskExecutor'
2020-06-24 14:18:30.782 [SpringContextShutdownHook] INFO  com.zaxxer.hikari.HikariDataSource - HikariPool-1 - Shutdown initiated...
2020-06-24 14:18:30.792 [SpringContextShutdownHook] INFO  com.zaxxer.hikari.HikariDataSource - HikariPool-1 - Shutdown completed.
2020-06-24 14:28:04.384 [main] INFO  com.hsbc.activity.HelloWorldTest - Starting HelloWorldTest on wangxuefengdeiMac.local with PID 16311 (started by wangxuefeng in /Users/wangxuefeng/workspace/activity)
2020-06-24 14:28:04.386 [main] INFO  com.hsbc.activity.HelloWorldTest - The following profiles are active: develop
2020-06-24 14:28:05.647 [main] INFO  o.s.scheduling.concurrent.ThreadPoolTaskExecutor - Initializing ExecutorService 'applicationTaskExecutor'
2020-06-24 14:28:05.836 [main] INFO  com.zaxxer.hikari.HikariDataSource - HikariPool-1 - Starting...
2020-06-24 14:28:06.341 [main] INFO  com.zaxxer.hikari.HikariDataSource - HikariPool-1 - Start completed.
2020-06-24 14:28:07.209 [main] INFO  o.a.e.c.DefaultActiviti5CompatibilityHandlerFactory - Activiti 5 compatibility handler implementation not found or error during instantiation : org.activiti.compatibility.DefaultActiviti5CompatibilityHandler. Activiti 5 backwards compatibility disabled.
2020-06-24 14:28:07.881 [main] INFO  org.activiti.engine.impl.ProcessEngineImpl - ProcessEngine default created
2020-06-24 14:28:07.882 [main] INFO  o.a.e.impl.asyncexecutor.DefaultAsyncJobExecutor - Starting up the default async job executor [org.activiti.spring.SpringAsyncExecutor].
2020-06-24 14:28:07.883 [Thread-156] INFO  o.a.e.i.asyncexecutor.AcquireAsyncJobsDueRunnable - {} starting to acquire async jobs due
2020-06-24 14:28:07.883 [Thread-157] INFO  o.a.e.impl.asyncexecutor.AcquireTimerJobsRunnable - {} starting to acquire async jobs due
2020-06-24 14:28:07.884 [Thread-158] INFO  o.a.e.impl.asyncexecutor.ResetExpiredJobsRunnable - {} starting to reset expired jobs
2020-06-24 14:28:08.934 [main] INFO  com.hsbc.activity.HelloWorldTest - Started HelloWorldTest in 5.526 seconds (JVM running for 6.708)
2020-06-24 14:28:41.510 [main] INFO  com.hsbc.activity.HelloWorldTest - Starting HelloWorldTest on wangxuefengdeiMac.local with PID 16350 (started by wangxuefeng in /Users/wangxuefeng/workspace/activity)
2020-06-24 14:28:41.511 [main] INFO  com.hsbc.activity.HelloWorldTest - The following profiles are active: develop
2020-06-24 14:28:42.653 [main] INFO  o.s.scheduling.concurrent.ThreadPoolTaskExecutor - Initializing ExecutorService 'applicationTaskExecutor'
2020-06-24 14:28:42.821 [main] INFO  com.zaxxer.hikari.HikariDataSource - HikariPool-1 - Starting...
2020-06-24 14:28:43.319 [main] INFO  com.zaxxer.hikari.HikariDataSource - HikariPool-1 - Start completed.
2020-06-24 14:28:44.017 [main] INFO  o.a.e.c.DefaultActiviti5CompatibilityHandlerFactory - Activiti 5 compatibility handler implementation not found or error during instantiation : org.activiti.compatibility.DefaultActiviti5CompatibilityHandler. Activiti 5 backwards compatibility disabled.
2020-06-24 14:28:44.724 [main] INFO  org.activiti.engine.impl.ProcessEngineImpl - ProcessEngine default created
2020-06-24 14:28:44.725 [main] INFO  o.a.e.impl.asyncexecutor.DefaultAsyncJobExecutor - Starting up the default async job executor [org.activiti.spring.SpringAsyncExecutor].
2020-06-24 14:28:44.726 [Thread-156] INFO  o.a.e.i.asyncexecutor.AcquireAsyncJobsDueRunnable - {} starting to acquire async jobs due
2020-06-24 14:28:44.727 [Thread-158] INFO  o.a.e.impl.asyncexecutor.ResetExpiredJobsRunnable - {} starting to reset expired jobs
2020-06-24 14:28:44.726 [Thread-157] INFO  o.a.e.impl.asyncexecutor.AcquireTimerJobsRunnable - {} starting to acquire async jobs due
2020-06-24 14:28:45.681 [main] INFO  com.hsbc.activity.HelloWorldTest - Started HelloWorldTest in 4.869 seconds (JVM running for 5.981)
2020-06-24 14:28:47.766 [SpringContextShutdownHook] INFO  o.a.e.impl.asyncexecutor.DefaultAsyncJobExecutor - Shutting down the default async job executor [org.activiti.spring.SpringAsyncExecutor].
2020-06-24 14:28:47.766 [activiti-reset-expired-jobs] INFO  o.a.e.impl.asyncexecutor.ResetExpiredJobsRunnable - {} stopped resetting expired jobs
2020-06-24 14:28:47.766 [activiti-acquire-timer-jobs] INFO  o.a.e.impl.asyncexecutor.AcquireTimerJobsRunnable - {} stopped async job due acquisition
2020-06-24 14:28:47.766 [activiti-acquire-async-jobs] INFO  o.a.e.i.asyncexecutor.AcquireAsyncJobsDueRunnable - {} stopped async job due acquisition
2020-06-24 14:28:47.768 [SpringContextShutdownHook] INFO  o.s.scheduling.concurrent.ThreadPoolTaskExecutor - Shutting down ExecutorService 'applicationTaskExecutor'
2020-06-24 14:28:47.768 [SpringContextShutdownHook] INFO  com.zaxxer.hikari.HikariDataSource - HikariPool-1 - Shutdown initiated...
2020-06-24 14:28:47.778 [SpringContextShutdownHook] INFO  com.zaxxer.hikari.HikariDataSource - HikariPool-1 - Shutdown completed.
2020-06-24 14:28:56.854 [main] INFO  com.hsbc.activity.HelloWorldTest - Starting HelloWorldTest on wangxuefengdeiMac.local with PID 16367 (started by wangxuefeng in /Users/wangxuefeng/workspace/activity)
2020-06-24 14:28:56.855 [main] INFO  com.hsbc.activity.HelloWorldTest - The following profiles are active: develop
2020-06-24 14:28:57.995 [main] INFO  o.s.scheduling.concurrent.ThreadPoolTaskExecutor - Initializing ExecutorService 'applicationTaskExecutor'
2020-06-24 14:28:58.199 [main] INFO  com.zaxxer.hikari.HikariDataSource - HikariPool-1 - Starting...
2020-06-24 14:28:58.682 [main] INFO  com.zaxxer.hikari.HikariDataSource - HikariPool-1 - Start completed.
2020-06-24 14:28:59.380 [main] INFO  o.a.e.c.DefaultActiviti5CompatibilityHandlerFactory - Activiti 5 compatibility handler implementation not found or error during instantiation : org.activiti.compatibility.DefaultActiviti5CompatibilityHandler. Activiti 5 backwards compatibility disabled.
2020-06-24 14:29:00.029 [main] INFO  org.activiti.engine.impl.ProcessEngineImpl - ProcessEngine default created
2020-06-24 14:29:00.030 [main] INFO  o.a.e.impl.asyncexecutor.DefaultAsyncJobExecutor - Starting up the default async job executor [org.activiti.spring.SpringAsyncExecutor].
2020-06-24 14:29:00.031 [Thread-156] INFO  o.a.e.i.asyncexecutor.AcquireAsyncJobsDueRunnable - {} starting to acquire async jobs due
2020-06-24 14:29:00.032 [Thread-158] INFO  o.a.e.impl.asyncexecutor.ResetExpiredJobsRunnable - {} starting to reset expired jobs
2020-06-24 14:29:00.031 [Thread-157] INFO  o.a.e.impl.asyncexecutor.AcquireTimerJobsRunnable - {} starting to acquire async jobs due
2020-06-24 14:29:00.897 [main] INFO  com.hsbc.activity.HelloWorldTest - Started HelloWorldTest in 4.74 seconds (JVM running for 5.838)
2020-06-24 14:29:01.551 [SpringContextShutdownHook] INFO  o.a.e.impl.asyncexecutor.DefaultAsyncJobExecutor - Shutting down the default async job executor [org.activiti.spring.SpringAsyncExecutor].
2020-06-24 14:29:01.552 [activiti-acquire-timer-jobs] INFO  o.a.e.impl.asyncexecutor.AcquireTimerJobsRunnable - {} stopped async job due acquisition
2020-06-24 14:29:01.552 [activiti-acquire-async-jobs] INFO  o.a.e.i.asyncexecutor.AcquireAsyncJobsDueRunnable - {} stopped async job due acquisition
2020-06-24 14:29:01.552 [activiti-reset-expired-jobs] INFO  o.a.e.impl.asyncexecutor.ResetExpiredJobsRunnable - {} stopped resetting expired jobs
2020-06-24 14:29:01.553 [SpringContextShutdownHook] INFO  o.s.scheduling.concurrent.ThreadPoolTaskExecutor - Shutting down ExecutorService 'applicationTaskExecutor'
2020-06-24 14:29:01.553 [SpringContextShutdownHook] INFO  com.zaxxer.hikari.HikariDataSource - HikariPool-1 - Shutdown initiated...
2020-06-24 14:29:01.563 [SpringContextShutdownHook] INFO  com.zaxxer.hikari.HikariDataSource - HikariPool-1 - Shutdown completed.
2020-06-24 14:33:12.190 [main] INFO  com.hsbc.activity.HelloWorldTest - Starting HelloWorldTest on wangxuefengdeiMac.local with PID 16637 (started by wangxuefeng in /Users/wangxuefeng/workspace/activity)
2020-06-24 14:33:12.191 [main] INFO  com.hsbc.activity.HelloWorldTest - The following profiles are active: develop
2020-06-24 14:33:13.740 [main] INFO  o.s.scheduling.concurrent.ThreadPoolTaskExecutor - Initializing ExecutorService 'applicationTaskExecutor'
2020-06-24 14:33:13.948 [main] INFO  com.zaxxer.hikari.HikariDataSource - HikariPool-1 - Starting...
2020-06-24 14:33:14.437 [main] INFO  com.zaxxer.hikari.HikariDataSource - HikariPool-1 - Start completed.
2020-06-24 14:33:15.224 [main] INFO  o.a.e.c.DefaultActiviti5CompatibilityHandlerFactory - Activiti 5 compatibility handler implementation not found or error during instantiation : org.activiti.compatibility.DefaultActiviti5CompatibilityHandler. Activiti 5 backwards compatibility disabled.
2020-06-24 14:33:15.879 [main] INFO  org.activiti.engine.impl.ProcessEngineImpl - ProcessEngine default created
2020-06-24 14:33:15.880 [main] INFO  o.a.e.impl.asyncexecutor.DefaultAsyncJobExecutor - Starting up the default async job executor [org.activiti.spring.SpringAsyncExecutor].
2020-06-24 14:33:15.881 [Thread-156] INFO  o.a.e.i.asyncexecutor.AcquireAsyncJobsDueRunnable - {} starting to acquire async jobs due
2020-06-24 14:33:15.881 [Thread-158] INFO  o.a.e.impl.asyncexecutor.ResetExpiredJobsRunnable - {} starting to reset expired jobs
2020-06-24 14:33:15.881 [Thread-157] INFO  o.a.e.impl.asyncexecutor.AcquireTimerJobsRunnable - {} starting to acquire async jobs due
2020-06-24 14:33:16.751 [main] INFO  com.hsbc.activity.HelloWorldTest - Started HelloWorldTest in 5.308 seconds (JVM running for 6.339)
2020-06-24 14:33:17.266 [SpringContextShutdownHook] INFO  o.a.e.impl.asyncexecutor.DefaultAsyncJobExecutor - Shutting down the default async job executor [org.activiti.spring.SpringAsyncExecutor].
2020-06-24 14:33:17.266 [activiti-acquire-timer-jobs] INFO  o.a.e.impl.asyncexecutor.AcquireTimerJobsRunnable - {} stopped async job due acquisition
2020-06-24 14:33:17.266 [activiti-acquire-async-jobs] INFO  o.a.e.i.asyncexecutor.AcquireAsyncJobsDueRunnable - {} stopped async job due acquisition
2020-06-24 14:33:17.266 [activiti-reset-expired-jobs] INFO  o.a.e.impl.asyncexecutor.ResetExpiredJobsRunnable - {} stopped resetting expired jobs
2020-06-24 14:33:17.268 [SpringContextShutdownHook] INFO  o.s.scheduling.concurrent.ThreadPoolTaskExecutor - Shutting down ExecutorService 'applicationTaskExecutor'
2020-06-24 14:33:17.268 [SpringContextShutdownHook] INFO  com.zaxxer.hikari.HikariDataSource - HikariPool-1 - Shutdown initiated...
2020-06-24 14:33:17.278 [SpringContextShutdownHook] INFO  com.zaxxer.hikari.HikariDataSource - HikariPool-1 - Shutdown completed.
2020-06-24 14:33:49.589 [main] INFO  com.hsbc.activity.HelloWorldTest - Starting HelloWorldTest on wangxuefengdeiMac.local with PID 16682 (started by wangxuefeng in /Users/wangxuefeng/workspace/activity)
2020-06-24 14:33:49.590 [main] INFO  com.hsbc.activity.HelloWorldTest - The following profiles are active: develop
2020-06-24 14:33:50.690 [main] INFO  o.s.scheduling.concurrent.ThreadPoolTaskExecutor - Initializing ExecutorService 'applicationTaskExecutor'
2020-06-24 14:33:50.905 [main] INFO  com.zaxxer.hikari.HikariDataSource - HikariPool-1 - Starting...
2020-06-24 14:33:51.453 [main] INFO  com.zaxxer.hikari.HikariDataSource - HikariPool-1 - Start completed.
2020-06-24 14:33:52.250 [main] INFO  o.a.e.c.DefaultActiviti5CompatibilityHandlerFactory - Activiti 5 compatibility handler implementation not found or error during instantiation : org.activiti.compatibility.DefaultActiviti5CompatibilityHandler. Activiti 5 backwards compatibility disabled.
2020-06-24 14:33:53.531 [main] INFO  org.activiti.engine.impl.ProcessEngineImpl - ProcessEngine default created
2020-06-24 14:33:53.532 [main] INFO  o.a.e.impl.asyncexecutor.DefaultAsyncJobExecutor - Starting up the default async job executor [org.activiti.spring.SpringAsyncExecutor].
2020-06-24 14:33:53.534 [Thread-156] INFO  o.a.e.i.asyncexecutor.AcquireAsyncJobsDueRunnable - {} starting to acquire async jobs due
2020-06-24 14:33:53.534 [Thread-158] INFO  o.a.e.impl.asyncexecutor.ResetExpiredJobsRunnable - {} starting to reset expired jobs
2020-06-24 14:33:53.534 [Thread-157] INFO  o.a.e.impl.asyncexecutor.AcquireTimerJobsRunnable - {} starting to acquire async jobs due
2020-06-24 14:33:55.840 [main] INFO  com.hsbc.activity.HelloWorldTest - Started HelloWorldTest in 6.965 seconds (JVM running for 8.062)
2020-06-24 14:34:01.756 [SpringContextShutdownHook] INFO  o.a.e.impl.asyncexecutor.DefaultAsyncJobExecutor - Shutting down the default async job executor [org.activiti.spring.SpringAsyncExecutor].
2020-06-24 14:34:01.756 [activiti-reset-expired-jobs] INFO  o.a.e.impl.asyncexecutor.ResetExpiredJobsRunnable - {} stopped resetting expired jobs
2020-06-24 14:34:01.756 [activiti-acquire-async-jobs] INFO  o.a.e.i.asyncexecutor.AcquireAsyncJobsDueRunnable - {} stopped async job due acquisition
2020-06-24 14:34:01.756 [activiti-acquire-timer-jobs] INFO  o.a.e.impl.asyncexecutor.AcquireTimerJobsRunnable - {} stopped async job due acquisition
2020-06-24 14:34:01.758 [SpringContextShutdownHook] INFO  o.s.scheduling.concurrent.ThreadPoolTaskExecutor - Shutting down ExecutorService 'applicationTaskExecutor'
2020-06-24 14:34:01.758 [SpringContextShutdownHook] INFO  com.zaxxer.hikari.HikariDataSource - HikariPool-1 - Shutdown initiated...
2020-06-24 14:34:01.769 [SpringContextShutdownHook] INFO  com.zaxxer.hikari.HikariDataSource - HikariPool-1 - Shutdown completed.
2020-06-24 14:34:59.833 [main] INFO  com.hsbc.activity.HelloWorldTest - Starting HelloWorldTest on wangxuefengdeiMac.local with PID 16753 (started by wangxuefeng in /Users/wangxuefeng/workspace/activity)
2020-06-24 14:34:59.834 [main] INFO  com.hsbc.activity.HelloWorldTest - The following profiles are active: develop
2020-06-24 14:35:01.160 [main] INFO  o.s.scheduling.concurrent.ThreadPoolTaskExecutor - Initializing ExecutorService 'applicationTaskExecutor'
2020-06-24 14:35:01.495 [main] INFO  com.zaxxer.hikari.HikariDataSource - HikariPool-1 - Starting...
2020-06-24 14:35:02.125 [main] INFO  com.zaxxer.hikari.HikariDataSource - HikariPool-1 - Start completed.
2020-06-24 14:35:02.929 [main] INFO  o.a.e.c.DefaultActiviti5CompatibilityHandlerFactory - Activiti 5 compatibility handler implementation not found or error during instantiation : org.activiti.compatibility.DefaultActiviti5CompatibilityHandler. Activiti 5 backwards compatibility disabled.
2020-06-24 14:35:03.708 [main] INFO  org.activiti.engine.impl.ProcessEngineImpl - ProcessEngine default created
2020-06-24 14:35:03.709 [main] INFO  o.a.e.impl.asyncexecutor.DefaultAsyncJobExecutor - Starting up the default async job executor [org.activiti.spring.SpringAsyncExecutor].
2020-06-24 14:35:03.711 [Thread-158] INFO  o.a.e.impl.asyncexecutor.ResetExpiredJobsRunnable - {} starting to reset expired jobs
2020-06-24 14:35:03.710 [Thread-156] INFO  o.a.e.i.asyncexecutor.AcquireAsyncJobsDueRunnable - {} starting to acquire async jobs due
2020-06-24 14:35:03.710 [Thread-157] INFO  o.a.e.impl.asyncexecutor.AcquireTimerJobsRunnable - {} starting to acquire async jobs due
2020-06-24 14:35:04.681 [main] INFO  com.hsbc.activity.HelloWorldTest - Started HelloWorldTest in 5.614 seconds (JVM running for 7.024)
2020-06-24 14:35:05.306 [SpringContextShutdownHook] INFO  o.a.e.impl.asyncexecutor.DefaultAsyncJobExecutor - Shutting down the default async job executor [org.activiti.spring.SpringAsyncExecutor].
2020-06-24 14:35:05.307 [activiti-acquire-timer-jobs] INFO  o.a.e.impl.asyncexecutor.AcquireTimerJobsRunnable - {} stopped async job due acquisition
2020-06-24 14:35:05.307 [activiti-reset-expired-jobs] INFO  o.a.e.impl.asyncexecutor.ResetExpiredJobsRunnable - {} stopped resetting expired jobs
2020-06-24 14:35:05.307 [activiti-acquire-async-jobs] INFO  o.a.e.i.asyncexecutor.AcquireAsyncJobsDueRunnable - {} stopped async job due acquisition
2020-06-24 14:35:05.308 [SpringContextShutdownHook] INFO  o.s.scheduling.concurrent.ThreadPoolTaskExecutor - Shutting down ExecutorService 'applicationTaskExecutor'
2020-06-24 14:35:05.308 [SpringContextShutdownHook] INFO  com.zaxxer.hikari.HikariDataSource - HikariPool-1 - Shutdown initiated...
2020-06-24 14:35:05.318 [SpringContextShutdownHook] INFO  com.zaxxer.hikari.HikariDataSource - HikariPool-1 - Shutdown completed.
2020-06-24 14:35:45.633 [main] INFO  com.hsbc.activity.HelloWorldTest - Starting HelloWorldTest on wangxuefengdeiMac.local with PID 16801 (started by wangxuefeng in /Users/wangxuefeng/workspace/activity)
2020-06-24 14:35:45.634 [main] INFO  com.hsbc.activity.HelloWorldTest - The following profiles are active: develop
2020-06-24 14:35:46.825 [main] INFO  o.s.scheduling.concurrent.ThreadPoolTaskExecutor - Initializing ExecutorService 'applicationTaskExecutor'
2020-06-24 14:35:47.004 [main] INFO  com.zaxxer.hikari.HikariDataSource - HikariPool-1 - Starting...
2020-06-24 14:35:47.497 [main] INFO  com.zaxxer.hikari.HikariDataSource - HikariPool-1 - Start completed.
2020-06-24 14:35:48.272 [main] INFO  o.a.e.c.DefaultActiviti5CompatibilityHandlerFactory - Activiti 5 compatibility handler implementation not found or error during instantiation : org.activiti.compatibility.DefaultActiviti5CompatibilityHandler. Activiti 5 backwards compatibility disabled.
2020-06-24 14:35:48.935 [main] INFO  org.activiti.engine.impl.ProcessEngineImpl - ProcessEngine default created
2020-06-24 14:35:48.936 [main] INFO  o.a.e.impl.asyncexecutor.DefaultAsyncJobExecutor - Starting up the default async job executor [org.activiti.spring.SpringAsyncExecutor].
2020-06-24 14:35:48.937 [Thread-156] INFO  o.a.e.i.asyncexecutor.AcquireAsyncJobsDueRunnable - {} starting to acquire async jobs due
2020-06-24 14:35:48.937 [Thread-157] INFO  o.a.e.impl.asyncexecutor.AcquireTimerJobsRunnable - {} starting to acquire async jobs due
2020-06-24 14:35:48.938 [Thread-158] INFO  o.a.e.impl.asyncexecutor.ResetExpiredJobsRunnable - {} starting to reset expired jobs
2020-06-24 14:35:49.893 [main] INFO  com.hsbc.activity.HelloWorldTest - Started HelloWorldTest in 5.038 seconds (JVM running for 6.188)
2020-06-24 14:35:52.378 [SpringContextShutdownHook] INFO  o.a.e.impl.asyncexecutor.DefaultAsyncJobExecutor - Shutting down the default async job executor [org.activiti.spring.SpringAsyncExecutor].
2020-06-24 14:35:52.378 [activiti-acquire-timer-jobs] INFO  o.a.e.impl.asyncexecutor.AcquireTimerJobsRunnable - {} stopped async job due acquisition
2020-06-24 14:35:52.378 [activiti-acquire-async-jobs] INFO  o.a.e.i.asyncexecutor.AcquireAsyncJobsDueRunnable - {} stopped async job due acquisition
2020-06-24 14:35:52.379 [activiti-reset-expired-jobs] INFO  o.a.e.impl.asyncexecutor.ResetExpiredJobsRunnable - {} stopped resetting expired jobs
2020-06-24 14:35:52.380 [SpringContextShutdownHook] INFO  o.s.scheduling.concurrent.ThreadPoolTaskExecutor - Shutting down ExecutorService 'applicationTaskExecutor'
2020-06-24 14:35:52.380 [SpringContextShutdownHook] INFO  com.zaxxer.hikari.HikariDataSource - HikariPool-1 - Shutdown initiated...
2020-06-24 14:35:52.391 [SpringContextShutdownHook] INFO  com.zaxxer.hikari.HikariDataSource - HikariPool-1 - Shutdown completed.
2020-06-24 14:53:01.538 [restartedMain] INFO  com.hsbc.activity.ActivityApplication - Starting ActivityApplication on wangxuefengdeiMac.local with PID 17859 (/Users/wangxuefeng/workspace/activity/target/classes started by wangxuefeng in /Users/wangxuefeng/workspace/activity)
2020-06-24 14:53:01.539 [restartedMain] INFO  com.hsbc.activity.ActivityApplication - The following profiles are active: develop
2020-06-24 14:53:01.592 [restartedMain] INFO  o.s.b.d.env.DevToolsPropertyDefaultsPostProcessor - Devtools property defaults active! Set 'spring.devtools.add-properties' to 'false' to disable
2020-06-24 14:53:01.592 [restartedMain] INFO  o.s.b.d.env.DevToolsPropertyDefaultsPostProcessor - For additional web related logging consider setting the 'logging.level.web' property to 'DEBUG'
2020-06-24 14:53:02.850 [restartedMain] INFO  o.s.boot.web.embedded.tomcat.TomcatWebServer - Tomcat initialized with port(s): 7100 (http)
2020-06-24 14:53:02.859 [restartedMain] INFO  org.apache.coyote.http11.Http11NioProtocol - Initializing ProtocolHandler ["http-nio-7100"]
2020-06-24 14:53:02.859 [restartedMain] INFO  org.apache.catalina.core.StandardService - Starting service [Tomcat]
2020-06-24 14:53:02.860 [restartedMain] INFO  org.apache.catalina.core.StandardEngine - Starting Servlet engine: [Apache Tomcat/9.0.36]
2020-06-24 14:53:02.922 [restartedMain] INFO  o.a.c.core.ContainerBase.[Tomcat].[localhost].[/] - Initializing Spring embedded WebApplicationContext
2020-06-24 14:53:02.922 [restartedMain] INFO  o.s.b.w.s.c.ServletWebServerApplicationContext - Root WebApplicationContext: initialization completed in 1132 ms
2020-06-24 14:53:03.088 [restartedMain] INFO  o.s.scheduling.concurrent.ThreadPoolTaskExecutor - Initializing ExecutorService 'applicationTaskExecutor'
2020-06-24 14:53:03.171 [restartedMain] INFO  com.zaxxer.hikari.HikariDataSource - HikariPool-1 - Starting...
2020-06-24 14:53:03.685 [restartedMain] INFO  com.zaxxer.hikari.HikariDataSource - HikariPool-1 - Start completed.
2020-06-24 14:53:04.365 [restartedMain] INFO  o.a.e.c.DefaultActiviti5CompatibilityHandlerFactory - Activiti 5 compatibility handler implementation not found or error during instantiation : org.activiti.compatibility.DefaultActiviti5CompatibilityHandler. Activiti 5 backwards compatibility disabled.
2020-06-24 14:53:04.377 [restartedMain] INFO  org.activiti.engine.impl.db.DbSqlSession - performing drop on engine with resource org/activiti/db/drop/activiti.mysql.drop.engine.sql
2020-06-24 14:53:04.417 [restartedMain] INFO  org.activiti.engine.impl.db.DbSqlSession - Found MySQL: majorVersion=5 minorVersion=7
2020-06-24 14:53:08.746 [restartedMain] INFO  org.activiti.engine.impl.db.DbSqlSession - performing drop on history with resource org/activiti/db/drop/activiti.mysql.drop.history.sql
2020-06-24 14:53:08.746 [restartedMain] INFO  org.activiti.engine.impl.db.DbSqlSession - Found MySQL: majorVersion=5 minorVersion=7
2020-06-24 14:53:10.555 [restartedMain] INFO  org.activiti.engine.impl.db.DbSqlSession - performing drop on identity with resource org/activiti/db/drop/activiti.mysql.drop.identity.sql
2020-06-24 14:53:10.555 [restartedMain] INFO  org.activiti.engine.impl.db.DbSqlSession - Found MySQL: majorVersion=5 minorVersion=7
2020-06-24 14:53:11.272 [restartedMain] INFO  org.activiti.engine.impl.db.DbSqlSession - performing create on engine with resource org/activiti/db/create/activiti.mysql.create.engine.sql
2020-06-24 14:53:11.273 [restartedMain] INFO  org.activiti.engine.impl.db.DbSqlSession - Found MySQL: majorVersion=5 minorVersion=7
2020-06-24 14:53:17.702 [restartedMain] INFO  org.activiti.engine.impl.db.DbSqlSession - performing create on history with resource org/activiti/db/create/activiti.mysql.create.history.sql
2020-06-24 14:53:17.702 [restartedMain] INFO  org.activiti.engine.impl.db.DbSqlSession - Found MySQL: majorVersion=5 minorVersion=7
2020-06-24 14:53:20.076 [restartedMain] INFO  org.activiti.engine.impl.db.DbSqlSession - performing create on identity with resource org/activiti/db/create/activiti.mysql.create.identity.sql
2020-06-24 14:53:20.076 [restartedMain] INFO  org.activiti.engine.impl.db.DbSqlSession - Found MySQL: majorVersion=5 minorVersion=7
2020-06-24 14:53:20.599 [restartedMain] INFO  org.activiti.engine.impl.ProcessEngineImpl - ProcessEngine default created
2020-06-24 14:53:20.600 [restartedMain] INFO  o.a.e.impl.asyncexecutor.DefaultAsyncJobExecutor - Starting up the default async job executor [org.activiti.spring.SpringAsyncExecutor].
2020-06-24 14:53:20.601 [Thread-168] INFO  o.a.e.impl.asyncexecutor.AcquireTimerJobsRunnable - {} starting to acquire async jobs due
2020-06-24 14:53:20.602 [Thread-169] INFO  o.a.e.impl.asyncexecutor.ResetExpiredJobsRunnable - {} starting to reset expired jobs
2020-06-24 14:53:20.601 [Thread-167] INFO  o.a.e.i.asyncexecutor.AcquireAsyncJobsDueRunnable - {} starting to acquire async jobs due
2020-06-24 14:53:21.246 [restartedMain] INFO  o.s.b.d.autoconfigure.OptionalLiveReloadServer - LiveReload server is running on port 35729
2020-06-24 14:53:21.271 [restartedMain] INFO  org.apache.coyote.http11.Http11NioProtocol - Starting ProtocolHandler ["http-nio-7100"]
2020-06-24 14:53:21.291 [restartedMain] INFO  o.s.boot.web.embedded.tomcat.TomcatWebServer - Tomcat started on port(s): 7100 (http) with context path ''
2020-06-24 14:53:21.318 [restartedMain] INFO  com.hsbc.activity.ActivityApplication - Started ActivityApplication in 20.417 seconds (JVM running for 22.383)
2020-06-24 14:58:22.478 [Thread-171] INFO  o.a.e.impl.asyncexecutor.DefaultAsyncJobExecutor - Shutting down the default async job executor [org.activiti.spring.SpringAsyncExecutor].
2020-06-24 14:58:22.478 [activiti-acquire-timer-jobs] INFO  o.a.e.impl.asyncexecutor.AcquireTimerJobsRunnable - {} stopped async job due acquisition
2020-06-24 14:58:22.478 [activiti-reset-expired-jobs] INFO  o.a.e.impl.asyncexecutor.ResetExpiredJobsRunnable - {} stopped resetting expired jobs
2020-06-24 14:58:22.478 [activiti-acquire-async-jobs] INFO  o.a.e.i.asyncexecutor.AcquireAsyncJobsDueRunnable - {} stopped async job due acquisition
2020-06-24 14:58:22.479 [Thread-171] INFO  o.s.scheduling.concurrent.ThreadPoolTaskExecutor - Shutting down ExecutorService 'applicationTaskExecutor'
2020-06-24 14:58:22.479 [Thread-171] INFO  com.zaxxer.hikari.HikariDataSource - HikariPool-1 - Shutdown initiated...
2020-06-24 14:58:22.481 [Thread-171] INFO  com.zaxxer.hikari.HikariDataSource - HikariPool-1 - Shutdown completed.
2020-06-24 14:58:22.766 [restartedMain] INFO  com.hsbc.activity.ActivityApplication - Starting ActivityApplication on wangxuefengdeiMac.local with PID 17859 (/Users/wangxuefeng/workspace/activity/target/classes started by wangxuefeng in /Users/wangxuefeng/workspace/activity)
2020-06-24 14:58:22.767 [restartedMain] INFO  com.hsbc.activity.ActivityApplication - The following profiles are active: develop
2020-06-24 14:58:23.281 [restartedMain] INFO  o.s.boot.web.embedded.tomcat.TomcatWebServer - Tomcat initialized with port(s): 7100 (http)
2020-06-24 14:58:23.282 [restartedMain] INFO  org.apache.coyote.http11.Http11NioProtocol - Initializing ProtocolHandler ["http-nio-7100"]
2020-06-24 14:58:23.282 [restartedMain] INFO  org.apache.catalina.core.StandardService - Starting service [Tomcat]
2020-06-24 14:58:23.282 [restartedMain] INFO  org.apache.catalina.core.StandardEngine - Starting Servlet engine: [Apache Tomcat/9.0.36]
2020-06-24 14:58:23.301 [restartedMain] INFO  o.a.c.core.ContainerBase.[Tomcat].[localhost].[/] - Initializing Spring embedded WebApplicationContext
2020-06-24 14:58:23.301 [restartedMain] INFO  o.s.b.w.s.c.ServletWebServerApplicationContext - Root WebApplicationContext: initialization completed in 531 ms
2020-06-24 14:58:23.446 [restartedMain] INFO  o.s.scheduling.concurrent.ThreadPoolTaskExecutor - Initializing ExecutorService 'applicationTaskExecutor'
2020-06-24 14:58:23.603 [restartedMain] INFO  com.zaxxer.hikari.HikariDataSource - HikariPool-2 - Starting...
2020-06-24 14:58:23.983 [restartedMain] INFO  com.zaxxer.hikari.HikariDataSource - HikariPool-2 - Start completed.
2020-06-24 14:58:24.295 [restartedMain] INFO  o.a.e.c.DefaultActiviti5CompatibilityHandlerFactory - Activiti 5 compatibility handler implementation not found or error during instantiation : org.activiti.compatibility.DefaultActiviti5CompatibilityHandler. Activiti 5 backwards compatibility disabled.
2020-06-24 14:58:24.973 [restartedMain] INFO  org.activiti.engine.impl.ProcessEngineImpl - ProcessEngine default created
2020-06-24 14:58:24.973 [restartedMain] INFO  o.a.e.impl.asyncexecutor.DefaultAsyncJobExecutor - Starting up the default async job executor [org.activiti.spring.SpringAsyncExecutor].
2020-06-24 14:58:24.974 [Thread-340] INFO  o.a.e.i.asyncexecutor.AcquireAsyncJobsDueRunnable - {} starting to acquire async jobs due
2020-06-24 14:58:24.974 [Thread-342] INFO  o.a.e.impl.asyncexecutor.ResetExpiredJobsRunnable - {} starting to reset expired jobs
2020-06-24 14:58:24.974 [Thread-341] INFO  o.a.e.impl.asyncexecutor.AcquireTimerJobsRunnable - {} starting to acquire async jobs due
2020-06-24 14:58:25.300 [restartedMain] INFO  o.s.b.d.autoconfigure.OptionalLiveReloadServer - LiveReload server is running on port 35729
2020-06-24 14:58:25.320 [restartedMain] INFO  org.apache.coyote.http11.Http11NioProtocol - Starting ProtocolHandler ["http-nio-7100"]
2020-06-24 14:58:25.327 [restartedMain] INFO  o.s.boot.web.embedded.tomcat.TomcatWebServer - Tomcat started on port(s): 7100 (http) with context path ''
2020-06-24 14:58:25.338 [restartedMain] INFO  com.hsbc.activity.ActivityApplication - Started ActivityApplication in 2.754 seconds (JVM running for 326.402)
2020-06-24 14:58:25.422 [restartedMain] INFO  o.s.b.d.a.ConditionEvaluationDeltaLoggingListener - Condition evaluation unchanged
2020-06-24 14:58:27.819 [main] INFO  com.hsbc.activity.HelloWorldTest - Starting HelloWorldTest on wangxuefengdeiMac.local with PID 18249 (started by wangxuefeng in /Users/wangxuefeng/workspace/activity)
2020-06-24 14:58:27.820 [main] INFO  com.hsbc.activity.HelloWorldTest - The following profiles are active: develop
2020-06-24 14:58:29.343 [main] INFO  o.s.scheduling.concurrent.ThreadPoolTaskExecutor - Initializing ExecutorService 'applicationTaskExecutor'
2020-06-24 14:58:29.800 [main] INFO  com.zaxxer.hikari.HikariDataSource - HikariPool-1 - Starting...
2020-06-24 14:58:30.348 [main] INFO  com.zaxxer.hikari.HikariDataSource - HikariPool-1 - Start completed.
2020-06-24 14:58:31.140 [main] INFO  o.a.e.c.DefaultActiviti5CompatibilityHandlerFactory - Activiti 5 compatibility handler implementation not found or error during instantiation : org.activiti.compatibility.DefaultActiviti5CompatibilityHandler. Activiti 5 backwards compatibility disabled.
2020-06-24 14:58:32.251 [main] INFO  org.activiti.engine.impl.ProcessEngineImpl - ProcessEngine default created
2020-06-24 14:58:32.252 [main] INFO  o.a.e.impl.asyncexecutor.DefaultAsyncJobExecutor - Starting up the default async job executor [org.activiti.spring.SpringAsyncExecutor].
2020-06-24 14:58:32.253 [Thread-156] INFO  o.a.e.i.asyncexecutor.AcquireAsyncJobsDueRunnable - {} starting to acquire async jobs due
2020-06-24 14:58:32.254 [Thread-158] INFO  o.a.e.impl.asyncexecutor.ResetExpiredJobsRunnable - {} starting to reset expired jobs
2020-06-24 14:58:32.253 [Thread-157] INFO  o.a.e.impl.asyncexecutor.AcquireTimerJobsRunnable - {} starting to acquire async jobs due
2020-06-24 14:58:33.260 [main] INFO  com.hsbc.activity.HelloWorldTest - Started HelloWorldTest in 6.949 seconds (JVM running for 8.332)
2020-06-24 14:58:33.575 [SpringContextShutdownHook] INFO  o.a.e.impl.asyncexecutor.DefaultAsyncJobExecutor - Shutting down the default async job executor [org.activiti.spring.SpringAsyncExecutor].
2020-06-24 14:58:33.576 [activiti-reset-expired-jobs] INFO  o.a.e.impl.asyncexecutor.ResetExpiredJobsRunnable - {} stopped resetting expired jobs
2020-06-24 14:58:33.576 [activiti-acquire-timer-jobs] INFO  o.a.e.impl.asyncexecutor.AcquireTimerJobsRunnable - {} stopped async job due acquisition
2020-06-24 14:58:33.576 [activiti-acquire-async-jobs] INFO  o.a.e.i.asyncexecutor.AcquireAsyncJobsDueRunnable - {} stopped async job due acquisition
2020-06-24 14:58:33.577 [SpringContextShutdownHook] INFO  o.s.scheduling.concurrent.ThreadPoolTaskExecutor - Shutting down ExecutorService 'applicationTaskExecutor'
2020-06-24 14:58:33.577 [SpringContextShutdownHook] INFO  com.zaxxer.hikari.HikariDataSource - HikariPool-1 - Shutdown initiated...
2020-06-24 14:58:33.587 [SpringContextShutdownHook] INFO  com.zaxxer.hikari.HikariDataSource - HikariPool-1 - Shutdown completed.
2020-06-24 14:59:04.662 [SpringContextShutdownHook] INFO  o.a.e.impl.asyncexecutor.DefaultAsyncJobExecutor - Shutting down the default async job executor [org.activiti.spring.SpringAsyncExecutor].
2020-06-24 14:59:04.662 [activiti-reset-expired-jobs] INFO  o.a.e.impl.asyncexecutor.ResetExpiredJobsRunnable - {} stopped resetting expired jobs
2020-06-24 14:59:04.662 [activiti-acquire-async-jobs] INFO  o.a.e.i.asyncexecutor.AcquireAsyncJobsDueRunnable - {} stopped async job due acquisition
2020-06-24 14:59:04.662 [activiti-acquire-timer-jobs] INFO  o.a.e.impl.asyncexecutor.AcquireTimerJobsRunnable - {} stopped async job due acquisition
2020-06-24 14:59:04.663 [SpringContextShutdownHook] INFO  o.s.scheduling.concurrent.ThreadPoolTaskExecutor - Shutting down ExecutorService 'applicationTaskExecutor'
2020-06-24 14:59:04.663 [SpringContextShutdownHook] INFO  com.zaxxer.hikari.HikariDataSource - HikariPool-2 - Shutdown initiated...
2020-06-24 14:59:04.665 [SpringContextShutdownHook] INFO  com.zaxxer.hikari.HikariDataSource - HikariPool-2 - Shutdown completed.
2020-06-24 14:59:12.949 [main] INFO  com.hsbc.activity.HelloWorldTest - Starting HelloWorldTest on wangxuefengdeiMac.local with PID 18304 (started by wangxuefeng in /Users/wangxuefeng/workspace/activity)
2020-06-24 14:59:12.950 [main] INFO  com.hsbc.activity.HelloWorldTest - The following profiles are active: develop
2020-06-24 14:59:14.278 [main] INFO  o.s.scheduling.concurrent.ThreadPoolTaskExecutor - Initializing ExecutorService 'applicationTaskExecutor'
2020-06-24 14:59:14.480 [main] INFO  com.zaxxer.hikari.HikariDataSource - HikariPool-1 - Starting...
2020-06-24 14:59:15.036 [main] INFO  com.zaxxer.hikari.HikariDataSource - HikariPool-1 - Start completed.
2020-06-24 14:59:15.760 [main] INFO  o.a.e.c.DefaultActiviti5CompatibilityHandlerFactory - Activiti 5 compatibility handler implementation not found or error during instantiation : org.activiti.compatibility.DefaultActiviti5CompatibilityHandler. Activiti 5 backwards compatibility disabled.
2020-06-24 14:59:16.534 [main] INFO  org.activiti.engine.impl.ProcessEngineImpl - ProcessEngine default created
2020-06-24 14:59:16.535 [main] INFO  o.a.e.impl.asyncexecutor.DefaultAsyncJobExecutor - Starting up the default async job executor [org.activiti.spring.SpringAsyncExecutor].
2020-06-24 14:59:16.536 [Thread-156] INFO  o.a.e.i.asyncexecutor.AcquireAsyncJobsDueRunnable - {} starting to acquire async jobs due
2020-06-24 14:59:16.536 [Thread-157] INFO  o.a.e.impl.asyncexecutor.AcquireTimerJobsRunnable - {} starting to acquire async jobs due
2020-06-24 14:59:16.536 [Thread-158] INFO  o.a.e.impl.asyncexecutor.ResetExpiredJobsRunnable - {} starting to reset expired jobs
2020-06-24 14:59:17.483 [main] INFO  com.hsbc.activity.HelloWorldTest - Started HelloWorldTest in 5.472 seconds (JVM running for 6.748)
2020-06-24 14:59:17.791 [SpringContextShutdownHook] INFO  o.a.e.impl.asyncexecutor.DefaultAsyncJobExecutor - Shutting down the default async job executor [org.activiti.spring.SpringAsyncExecutor].
2020-06-24 14:59:17.791 [activiti-reset-expired-jobs] INFO  o.a.e.impl.asyncexecutor.ResetExpiredJobsRunnable - {} stopped resetting expired jobs
2020-06-24 14:59:17.791 [activiti-acquire-timer-jobs] INFO  o.a.e.impl.asyncexecutor.AcquireTimerJobsRunnable - {} stopped async job due acquisition
2020-06-24 14:59:17.791 [activiti-acquire-async-jobs] INFO  o.a.e.i.asyncexecutor.AcquireAsyncJobsDueRunnable - {} stopped async job due acquisition
2020-06-24 14:59:17.792 [SpringContextShutdownHook] INFO  o.s.scheduling.concurrent.ThreadPoolTaskExecutor - Shutting down ExecutorService 'applicationTaskExecutor'
2020-06-24 14:59:17.793 [SpringContextShutdownHook] INFO  com.zaxxer.hikari.HikariDataSource - HikariPool-1 - Shutdown initiated...
2020-06-24 14:59:17.804 [SpringContextShutdownHook] INFO  com.zaxxer.hikari.HikariDataSource - HikariPool-1 - Shutdown completed.
2020-06-24 15:00:54.032 [main] INFO  com.hsbc.activity.HelloWorldTest - Starting HelloWorldTest on wangxuefengdeiMac.local with PID 18412 (started by wangxuefeng in /Users/wangxuefeng/workspace/activity)
2020-06-24 15:00:54.033 [main] INFO  com.hsbc.activity.HelloWorldTest - The following profiles are active: develop
2020-06-24 15:00:55.292 [main] INFO  o.s.scheduling.concurrent.ThreadPoolTaskExecutor - Initializing ExecutorService 'applicationTaskExecutor'
2020-06-24 15:00:55.486 [main] INFO  com.zaxxer.hikari.HikariDataSource - HikariPool-1 - Starting...
2020-06-24 15:00:56.160 [main] INFO  com.zaxxer.hikari.HikariDataSource - HikariPool-1 - Start completed.
2020-06-24 15:00:56.912 [main] INFO  o.a.e.c.DefaultActiviti5CompatibilityHandlerFactory - Activiti 5 compatibility handler implementation not found or error during instantiation : org.activiti.compatibility.DefaultActiviti5CompatibilityHandler. Activiti 5 backwards compatibility disabled.
2020-06-24 15:00:57.651 [main] INFO  org.activiti.engine.impl.ProcessEngineImpl - ProcessEngine default created
2020-06-24 15:00:57.652 [main] INFO  o.a.e.impl.asyncexecutor.DefaultAsyncJobExecutor - Starting up the default async job executor [org.activiti.spring.SpringAsyncExecutor].
2020-06-24 15:00:57.653 [Thread-156] INFO  o.a.e.i.asyncexecutor.AcquireAsyncJobsDueRunnable - {} starting to acquire async jobs due
2020-06-24 15:00:57.653 [Thread-157] INFO  o.a.e.impl.asyncexecutor.AcquireTimerJobsRunnable - {} starting to acquire async jobs due
2020-06-24 15:00:57.654 [Thread-158] INFO  o.a.e.impl.asyncexecutor.ResetExpiredJobsRunnable - {} starting to reset expired jobs
2020-06-24 15:00:58.717 [main] INFO  com.hsbc.activity.HelloWorldTest - Started HelloWorldTest in 5.631 seconds (JVM running for 6.729)
2020-06-24 15:01:00.875 [SpringContextShutdownHook] INFO  o.a.e.impl.asyncexecutor.DefaultAsyncJobExecutor - Shutting down the default async job executor [org.activiti.spring.SpringAsyncExecutor].
2020-06-24 15:01:00.875 [activiti-reset-expired-jobs] INFO  o.a.e.impl.asyncexecutor.ResetExpiredJobsRunnable - {} stopped resetting expired jobs
2020-06-24 15:01:00.875 [activiti-acquire-timer-jobs] INFO  o.a.e.impl.asyncexecutor.AcquireTimerJobsRunnable - {} stopped async job due acquisition
2020-06-24 15:01:00.875 [activiti-acquire-async-jobs] INFO  o.a.e.i.asyncexecutor.AcquireAsyncJobsDueRunnable - {} stopped async job due acquisition
2020-06-24 15:01:00.876 [SpringContextShutdownHook] INFO  o.s.scheduling.concurrent.ThreadPoolTaskExecutor - Shutting down ExecutorService 'applicationTaskExecutor'
2020-06-24 15:01:00.877 [SpringContextShutdownHook] INFO  com.zaxxer.hikari.HikariDataSource - HikariPool-1 - Shutdown initiated...
2020-06-24 15:01:00.892 [SpringContextShutdownHook] INFO  com.zaxxer.hikari.HikariDataSource - HikariPool-1 - Shutdown completed.
2020-06-24 15:04:22.742 [main] INFO  com.hsbc.activity.HelloWorldTest - Starting HelloWorldTest on wangxuefengdeiMac.local with PID 18641 (started by wangxuefeng in /Users/wangxuefeng/workspace/activity)
2020-06-24 15:04:22.743 [main] INFO  com.hsbc.activity.HelloWorldTest - The following profiles are active: develop
2020-06-24 15:04:23.898 [main] INFO  o.s.scheduling.concurrent.ThreadPoolTaskExecutor - Initializing ExecutorService 'applicationTaskExecutor'
2020-06-24 15:04:24.108 [main] INFO  com.zaxxer.hikari.HikariDataSource - HikariPool-1 - Starting...
2020-06-24 15:04:24.643 [main] INFO  com.zaxxer.hikari.HikariDataSource - HikariPool-1 - Start completed.
2020-06-24 15:04:25.389 [main] INFO  o.a.e.c.DefaultActiviti5CompatibilityHandlerFactory - Activiti 5 compatibility handler implementation not found or error during instantiation : org.activiti.compatibility.DefaultActiviti5CompatibilityHandler. Activiti 5 backwards compatibility disabled.
2020-06-24 15:04:26.196 [main] INFO  org.activiti.engine.impl.ProcessEngineImpl - ProcessEngine default created
2020-06-24 15:04:26.197 [main] INFO  o.a.e.impl.asyncexecutor.DefaultAsyncJobExecutor - Starting up the default async job executor [org.activiti.spring.SpringAsyncExecutor].
2020-06-24 15:04:26.198 [Thread-156] INFO  o.a.e.i.asyncexecutor.AcquireAsyncJobsDueRunnable - {} starting to acquire async jobs due
2020-06-24 15:04:26.198 [Thread-157] INFO  o.a.e.impl.asyncexecutor.AcquireTimerJobsRunnable - {} starting to acquire async jobs due
2020-06-24 15:04:26.198 [Thread-158] INFO  o.a.e.impl.asyncexecutor.ResetExpiredJobsRunnable - {} starting to reset expired jobs
2020-06-24 15:04:27.188 [main] INFO  com.hsbc.activity.HelloWorldTest - Started HelloWorldTest in 5.256 seconds (JVM running for 6.35)
2020-06-24 15:04:28.606 [SpringContextShutdownHook] INFO  o.a.e.impl.asyncexecutor.DefaultAsyncJobExecutor - Shutting down the default async job executor [org.activiti.spring.SpringAsyncExecutor].
2020-06-24 15:04:28.608 [activiti-acquire-timer-jobs] INFO  o.a.e.impl.asyncexecutor.AcquireTimerJobsRunnable - {} stopped async job due acquisition
2020-06-24 15:04:28.608 [activiti-reset-expired-jobs] INFO  o.a.e.impl.asyncexecutor.ResetExpiredJobsRunnable - {} stopped resetting expired jobs
2020-06-24 15:04:28.608 [activiti-acquire-async-jobs] INFO  o.a.e.i.asyncexecutor.AcquireAsyncJobsDueRunnable - {} stopped async job due acquisition
2020-06-24 15:04:28.609 [SpringContextShutdownHook] INFO  o.s.scheduling.concurrent.ThreadPoolTaskExecutor - Shutting down ExecutorService 'applicationTaskExecutor'
2020-06-24 15:04:28.610 [SpringContextShutdownHook] INFO  com.zaxxer.hikari.HikariDataSource - HikariPool-1 - Shutdown initiated...
2020-06-24 15:04:28.620 [SpringContextShutdownHook] INFO  com.zaxxer.hikari.HikariDataSource - HikariPool-1 - Shutdown completed.
2020-06-24 15:17:09.099 [main] INFO  com.hsbc.activity.core.factory.ActivitiProcessTest - Starting ActivitiProcessTest on wangxuefengdeiMac.local with PID 19424 (started by wangxuefeng in /Users/wangxuefeng/workspace/activity)
2020-06-24 15:17:09.100 [main] INFO  com.hsbc.activity.core.factory.ActivitiProcessTest - The following profiles are active: develop
2020-06-24 15:17:10.140 [main] INFO  o.s.scheduling.concurrent.ThreadPoolTaskExecutor - Initializing ExecutorService 'applicationTaskExecutor'
2020-06-24 15:17:10.290 [main] INFO  com.zaxxer.hikari.HikariDataSource - HikariPool-1 - Starting...
2020-06-24 15:17:10.771 [main] INFO  com.zaxxer.hikari.HikariDataSource - HikariPool-1 - Start completed.
2020-06-24 15:17:11.581 [main] INFO  o.a.e.c.DefaultActiviti5CompatibilityHandlerFactory - Activiti 5 compatibility handler implementation not found or error during instantiation : org.activiti.compatibility.DefaultActiviti5CompatibilityHandler. Activiti 5 backwards compatibility disabled.
2020-06-24 15:17:12.285 [main] INFO  org.activiti.engine.impl.ProcessEngineImpl - ProcessEngine default created
2020-06-24 15:17:12.286 [main] INFO  o.a.e.impl.asyncexecutor.DefaultAsyncJobExecutor - Starting up the default async job executor [org.activiti.spring.SpringAsyncExecutor].
2020-06-24 15:17:12.287 [Thread-156] INFO  o.a.e.i.asyncexecutor.AcquireAsyncJobsDueRunnable - {} starting to acquire async jobs due
2020-06-24 15:17:12.288 [Thread-158] INFO  o.a.e.impl.asyncexecutor.ResetExpiredJobsRunnable - {} starting to reset expired jobs
2020-06-24 15:17:12.287 [Thread-157] INFO  o.a.e.impl.asyncexecutor.AcquireTimerJobsRunnable - {} starting to acquire async jobs due
2020-06-24 15:17:13.296 [main] INFO  com.hsbc.activity.core.factory.ActivitiProcessTest - Started ActivitiProcessTest in 4.736 seconds (JVM running for 6.075)
2020-06-24 15:17:13.860 [SpringContextShutdownHook] INFO  o.a.e.impl.asyncexecutor.DefaultAsyncJobExecutor - Shutting down the default async job executor [org.activiti.spring.SpringAsyncExecutor].
2020-06-24 15:17:13.860 [activiti-reset-expired-jobs] INFO  o.a.e.impl.asyncexecutor.ResetExpiredJobsRunnable - {} stopped resetting expired jobs
2020-06-24 15:17:13.860 [activiti-acquire-timer-jobs] INFO  o.a.e.impl.asyncexecutor.AcquireTimerJobsRunnable - {} stopped async job due acquisition
2020-06-24 15:17:13.860 [activiti-acquire-async-jobs] INFO  o.a.e.i.asyncexecutor.AcquireAsyncJobsDueRunnable - {} stopped async job due acquisition
2020-06-24 15:17:13.861 [SpringContextShutdownHook] INFO  o.s.scheduling.concurrent.ThreadPoolTaskExecutor - Shutting down ExecutorService 'applicationTaskExecutor'
2020-06-24 15:17:13.862 [SpringContextShutdownHook] INFO  com.zaxxer.hikari.HikariDataSource - HikariPool-1 - Shutdown initiated...
2020-06-24 15:17:13.872 [SpringContextShutdownHook] INFO  com.zaxxer.hikari.HikariDataSource - HikariPool-1 - Shutdown completed.
2020-06-24 15:18:14.885 [main] INFO  com.hsbc.activity.core.factory.ActivitiProcessTest - Starting ActivitiProcessTest on wangxuefengdeiMac.local with PID 19492 (started by wangxuefeng in /Users/wangxuefeng/workspace/activity)
2020-06-24 15:18:14.886 [main] INFO  com.hsbc.activity.core.factory.ActivitiProcessTest - The following profiles are active: develop
2020-06-24 15:18:16.039 [main] INFO  o.s.scheduling.concurrent.ThreadPoolTaskExecutor - Initializing ExecutorService 'applicationTaskExecutor'
2020-06-24 15:18:16.217 [main] INFO  com.zaxxer.hikari.HikariDataSource - HikariPool-1 - Starting...
2020-06-24 15:18:16.748 [main] INFO  com.zaxxer.hikari.HikariDataSource - HikariPool-1 - Start completed.
2020-06-24 15:18:17.517 [main] INFO  o.a.e.c.DefaultActiviti5CompatibilityHandlerFactory - Activiti 5 compatibility handler implementation not found or error during instantiation : org.activiti.compatibility.DefaultActiviti5CompatibilityHandler. Activiti 5 backwards compatibility disabled.
2020-06-24 15:18:18.479 [main] INFO  org.activiti.engine.impl.ProcessEngineImpl - ProcessEngine default created
2020-06-24 15:18:18.480 [main] INFO  o.a.e.impl.asyncexecutor.DefaultAsyncJobExecutor - Starting up the default async job executor [org.activiti.spring.SpringAsyncExecutor].
2020-06-24 15:18:18.481 [Thread-156] INFO  o.a.e.i.asyncexecutor.AcquireAsyncJobsDueRunnable - {} starting to acquire async jobs due
2020-06-24 15:18:18.481 [Thread-157] INFO  o.a.e.impl.asyncexecutor.AcquireTimerJobsRunnable - {} starting to acquire async jobs due
2020-06-24 15:18:18.482 [Thread-158] INFO  o.a.e.impl.asyncexecutor.ResetExpiredJobsRunnable - {} starting to reset expired jobs
2020-06-24 15:18:19.403 [main] INFO  com.hsbc.activity.core.factory.ActivitiProcessTest - Started ActivitiProcessTest in 5.011 seconds (JVM running for 6.435)
2020-06-24 15:18:19.908 [SpringContextShutdownHook] INFO  o.a.e.impl.asyncexecutor.DefaultAsyncJobExecutor - Shutting down the default async job executor [org.activiti.spring.SpringAsyncExecutor].
2020-06-24 15:18:19.908 [activiti-acquire-timer-jobs] INFO  o.a.e.impl.asyncexecutor.AcquireTimerJobsRunnable - {} stopped async job due acquisition
2020-06-24 15:18:19.908 [activiti-acquire-async-jobs] INFO  o.a.e.i.asyncexecutor.AcquireAsyncJobsDueRunnable - {} stopped async job due acquisition
2020-06-24 15:18:19.908 [activiti-reset-expired-jobs] INFO  o.a.e.impl.asyncexecutor.ResetExpiredJobsRunnable - {} stopped resetting expired jobs
2020-06-24 15:18:19.909 [SpringContextShutdownHook] INFO  o.s.scheduling.concurrent.ThreadPoolTaskExecutor - Shutting down ExecutorService 'applicationTaskExecutor'
2020-06-24 15:18:19.909 [SpringContextShutdownHook] INFO  com.zaxxer.hikari.HikariDataSource - HikariPool-1 - Shutdown initiated...
2020-06-24 15:18:19.919 [SpringContextShutdownHook] INFO  com.zaxxer.hikari.HikariDataSource - HikariPool-1 - Shutdown completed.
2020-06-24 15:19:00.322 [main] INFO  com.hsbc.activity.core.factory.ActivitiProcessTest - Starting ActivitiProcessTest on wangxuefengdeiMac.local with PID 19539 (started by wangxuefeng in /Users/wangxuefeng/workspace/activity)
2020-06-24 15:19:00.323 [main] INFO  com.hsbc.activity.core.factory.ActivitiProcessTest - The following profiles are active: develop
2020-06-24 15:19:02.036 [main] INFO  o.s.scheduling.concurrent.ThreadPoolTaskExecutor - Initializing ExecutorService 'applicationTaskExecutor'
2020-06-24 15:19:02.211 [main] INFO  com.zaxxer.hikari.HikariDataSource - HikariPool-1 - Starting...
2020-06-24 15:19:03.017 [main] INFO  com.zaxxer.hikari.HikariDataSource - HikariPool-1 - Start completed.
2020-06-24 15:19:03.766 [main] INFO  o.a.e.c.DefaultActiviti5CompatibilityHandlerFactory - Activiti 5 compatibility handler implementation not found or error during instantiation : org.activiti.compatibility.DefaultActiviti5CompatibilityHandler. Activiti 5 backwards compatibility disabled.
2020-06-24 15:19:04.602 [main] INFO  org.activiti.engine.impl.ProcessEngineImpl - ProcessEngine default created
2020-06-24 15:19:04.603 [main] INFO  o.a.e.impl.asyncexecutor.DefaultAsyncJobExecutor - Starting up the default async job executor [org.activiti.spring.SpringAsyncExecutor].
2020-06-24 15:19:04.604 [Thread-157] INFO  o.a.e.impl.asyncexecutor.AcquireTimerJobsRunnable - {} starting to acquire async jobs due
2020-06-24 15:19:04.605 [Thread-158] INFO  o.a.e.impl.asyncexecutor.ResetExpiredJobsRunnable - {} starting to reset expired jobs
2020-06-24 15:19:04.604 [Thread-156] INFO  o.a.e.i.asyncexecutor.AcquireAsyncJobsDueRunnable - {} starting to acquire async jobs due
2020-06-24 15:19:05.608 [main] INFO  com.hsbc.activity.core.factory.ActivitiProcessTest - Started ActivitiProcessTest in 5.822 seconds (JVM running for 7.191)
2020-06-24 15:19:06.127 [SpringContextShutdownHook] INFO  o.a.e.impl.asyncexecutor.DefaultAsyncJobExecutor - Shutting down the default async job executor [org.activiti.spring.SpringAsyncExecutor].
2020-06-24 15:19:06.127 [activiti-acquire-timer-jobs] INFO  o.a.e.impl.asyncexecutor.AcquireTimerJobsRunnable - {} stopped async job due acquisition
2020-06-24 15:19:06.127 [activiti-reset-expired-jobs] INFO  o.a.e.impl.asyncexecutor.ResetExpiredJobsRunnable - {} stopped resetting expired jobs
2020-06-24 15:19:06.127 [activiti-acquire-async-jobs] INFO  o.a.e.i.asyncexecutor.AcquireAsyncJobsDueRunnable - {} stopped async job due acquisition
2020-06-24 15:19:06.128 [SpringContextShutdownHook] INFO  o.s.scheduling.concurrent.ThreadPoolTaskExecutor - Shutting down ExecutorService 'applicationTaskExecutor'
2020-06-24 15:19:06.129 [SpringContextShutdownHook] INFO  com.zaxxer.hikari.HikariDataSource - HikariPool-1 - Shutdown initiated...
2020-06-24 15:19:06.139 [SpringContextShutdownHook] INFO  com.zaxxer.hikari.HikariDataSource - HikariPool-1 - Shutdown completed.
2020-06-24 16:14:03.968 [main] INFO  com.hsbc.activity.core.factory.ActivitiProcessTest - Starting ActivitiProcessTest on wangxuefengdeiMac.local with PID 22712 (started by wangxuefeng in /Users/wangxuefeng/workspace/activity)
2020-06-24 16:14:03.969 [main] INFO  com.hsbc.activity.core.factory.ActivitiProcessTest - The following profiles are active: develop
2020-06-24 16:14:05.118 [main] INFO  o.s.scheduling.concurrent.ThreadPoolTaskExecutor - Initializing ExecutorService 'applicationTaskExecutor'
2020-06-24 16:14:05.294 [main] INFO  com.zaxxer.hikari.HikariDataSource - HikariPool-1 - Starting...
2020-06-24 16:14:05.772 [main] INFO  com.zaxxer.hikari.HikariDataSource - HikariPool-1 - Start completed.
2020-06-24 16:14:06.553 [main] INFO  o.a.e.c.DefaultActiviti5CompatibilityHandlerFactory - Activiti 5 compatibility handler implementation not found or error during instantiation : org.activiti.compatibility.DefaultActiviti5CompatibilityHandler. Activiti 5 backwards compatibility disabled.
2020-06-24 16:14:07.197 [main] INFO  org.activiti.engine.impl.ProcessEngineImpl - ProcessEngine default created
2020-06-24 16:14:07.198 [main] INFO  o.a.e.impl.asyncexecutor.DefaultAsyncJobExecutor - Starting up the default async job executor [org.activiti.spring.SpringAsyncExecutor].
2020-06-24 16:14:07.214 [Thread-156] INFO  o.a.e.i.asyncexecutor.AcquireAsyncJobsDueRunnable - {} starting to acquire async jobs due
2020-06-24 16:14:07.215 [Thread-158] INFO  o.a.e.impl.asyncexecutor.ResetExpiredJobsRunnable - {} starting to reset expired jobs
2020-06-24 16:14:07.214 [Thread-157] INFO  o.a.e.impl.asyncexecutor.AcquireTimerJobsRunnable - {} starting to acquire async jobs due
2020-06-24 16:14:08.081 [main] INFO  com.hsbc.activity.core.factory.ActivitiProcessTest - Started ActivitiProcessTest in 4.706 seconds (JVM running for 5.92)
2020-06-24 16:14:08.915 [SpringContextShutdownHook] INFO  o.a.e.impl.asyncexecutor.DefaultAsyncJobExecutor - Shutting down the default async job executor [org.activiti.spring.SpringAsyncExecutor].
2020-06-24 16:14:08.916 [activiti-reset-expired-jobs] INFO  o.a.e.impl.asyncexecutor.ResetExpiredJobsRunnable - {} stopped resetting expired jobs
2020-06-24 16:14:08.916 [activiti-acquire-async-jobs] INFO  o.a.e.i.asyncexecutor.AcquireAsyncJobsDueRunnable - {} stopped async job due acquisition
2020-06-24 16:14:08.916 [activiti-acquire-timer-jobs] INFO  o.a.e.impl.asyncexecutor.AcquireTimerJobsRunnable - {} stopped async job due acquisition
2020-06-24 16:14:08.917 [SpringContextShutdownHook] INFO  o.s.scheduling.concurrent.ThreadPoolTaskExecutor - Shutting down ExecutorService 'applicationTaskExecutor'
2020-06-24 16:14:08.917 [SpringContextShutdownHook] INFO  com.zaxxer.hikari.HikariDataSource - HikariPool-1 - Shutdown initiated...
2020-06-24 16:14:08.927 [SpringContextShutdownHook] INFO  com.zaxxer.hikari.HikariDataSource - HikariPool-1 - Shutdown completed.
2020-06-24 16:17:55.149 [main] INFO  com.hsbc.activity.core.factory.ActivitiProcessTest - Starting ActivitiProcessTest on wangxuefengdeiMac.local with PID 22974 (started by wangxuefeng in /Users/wangxuefeng/workspace/activity)
2020-06-24 16:17:55.150 [main] INFO  com.hsbc.activity.core.factory.ActivitiProcessTest - The following profiles are active: develop
2020-06-24 16:17:56.282 [main] INFO  o.s.scheduling.concurrent.ThreadPoolTaskExecutor - Initializing ExecutorService 'applicationTaskExecutor'
2020-06-24 16:17:56.474 [main] INFO  com.zaxxer.hikari.HikariDataSource - HikariPool-1 - Starting...
2020-06-24 16:17:57.336 [main] INFO  com.zaxxer.hikari.HikariDataSource - HikariPool-1 - Start completed.
2020-06-24 16:17:58.058 [main] INFO  o.a.e.c.DefaultActiviti5CompatibilityHandlerFactory - Activiti 5 compatibility handler implementation not found or error during instantiation : org.activiti.compatibility.DefaultActiviti5CompatibilityHandler. Activiti 5 backwards compatibility disabled.
2020-06-24 16:17:59.438 [main] INFO  org.activiti.engine.impl.ProcessEngineImpl - ProcessEngine default created
2020-06-24 16:17:59.439 [main] INFO  o.a.e.impl.asyncexecutor.DefaultAsyncJobExecutor - Starting up the default async job executor [org.activiti.spring.SpringAsyncExecutor].
2020-06-24 16:17:59.440 [Thread-156] INFO  o.a.e.i.asyncexecutor.AcquireAsyncJobsDueRunnable - {} starting to acquire async jobs due
2020-06-24 16:17:59.440 [Thread-157] INFO  o.a.e.impl.asyncexecutor.AcquireTimerJobsRunnable - {} starting to acquire async jobs due
2020-06-24 16:17:59.440 [Thread-158] INFO  o.a.e.impl.asyncexecutor.ResetExpiredJobsRunnable - {} starting to reset expired jobs
2020-06-24 16:18:00.734 [main] INFO  com.hsbc.activity.core.factory.ActivitiProcessTest - Started ActivitiProcessTest in 6.272 seconds (JVM running for 7.774)
2020-06-24 16:18:02.439 [SpringContextShutdownHook] INFO  o.a.e.impl.asyncexecutor.DefaultAsyncJobExecutor - Shutting down the default async job executor [org.activiti.spring.SpringAsyncExecutor].
2020-06-24 16:18:02.439 [activiti-reset-expired-jobs] INFO  o.a.e.impl.asyncexecutor.ResetExpiredJobsRunnable - {} stopped resetting expired jobs
2020-06-24 16:18:02.439 [activiti-acquire-timer-jobs] INFO  o.a.e.impl.asyncexecutor.AcquireTimerJobsRunnable - {} stopped async job due acquisition
2020-06-24 16:18:02.439 [activiti-acquire-async-jobs] INFO  o.a.e.i.asyncexecutor.AcquireAsyncJobsDueRunnable - {} stopped async job due acquisition
2020-06-24 16:18:02.440 [SpringContextShutdownHook] INFO  o.s.scheduling.concurrent.ThreadPoolTaskExecutor - Shutting down ExecutorService 'applicationTaskExecutor'
2020-06-24 16:18:02.441 [SpringContextShutdownHook] INFO  com.zaxxer.hikari.HikariDataSource - HikariPool-1 - Shutdown initiated...
2020-06-24 16:18:02.451 [SpringContextShutdownHook] INFO  com.zaxxer.hikari.HikariDataSource - HikariPool-1 - Shutdown completed.
2020-06-24 16:18:33.828 [main] INFO  com.hsbc.activity.core.factory.ActivitiProcessTest - Starting ActivitiProcessTest on wangxuefengdeiMac.local with PID 23015 (started by wangxuefeng in /Users/wangxuefeng/workspace/activity)
2020-06-24 16:18:33.829 [main] INFO  com.hsbc.activity.core.factory.ActivitiProcessTest - The following profiles are active: develop
2020-06-24 16:18:34.964 [main] INFO  o.s.scheduling.concurrent.ThreadPoolTaskExecutor - Initializing ExecutorService 'applicationTaskExecutor'
2020-06-24 16:18:35.127 [main] INFO  com.zaxxer.hikari.HikariDataSource - HikariPool-1 - Starting...
2020-06-24 16:18:35.670 [main] INFO  com.zaxxer.hikari.HikariDataSource - HikariPool-1 - Start completed.
2020-06-24 16:18:36.391 [main] INFO  o.a.e.c.DefaultActiviti5CompatibilityHandlerFactory - Activiti 5 compatibility handler implementation not found or error during instantiation : org.activiti.compatibility.DefaultActiviti5CompatibilityHandler. Activiti 5 backwards compatibility disabled.
2020-06-24 16:18:37.183 [main] INFO  org.activiti.engine.impl.ProcessEngineImpl - ProcessEngine default created
2020-06-24 16:18:37.184 [main] INFO  o.a.e.impl.asyncexecutor.DefaultAsyncJobExecutor - Starting up the default async job executor [org.activiti.spring.SpringAsyncExecutor].
2020-06-24 16:18:37.185 [Thread-156] INFO  o.a.e.i.asyncexecutor.AcquireAsyncJobsDueRunnable - {} starting to acquire async jobs due
2020-06-24 16:18:37.185 [Thread-157] INFO  o.a.e.impl.asyncexecutor.AcquireTimerJobsRunnable - {} starting to acquire async jobs due
2020-06-24 16:18:37.186 [Thread-158] INFO  o.a.e.impl.asyncexecutor.ResetExpiredJobsRunnable - {} starting to reset expired jobs
2020-06-24 16:18:38.130 [main] INFO  com.hsbc.activity.core.factory.ActivitiProcessTest - Started ActivitiProcessTest in 4.806 seconds (JVM running for 6.061)
2020-06-24 16:18:38.967 [SpringContextShutdownHook] INFO  o.a.e.impl.asyncexecutor.DefaultAsyncJobExecutor - Shutting down the default async job executor [org.activiti.spring.SpringAsyncExecutor].
2020-06-24 16:18:38.968 [activiti-acquire-timer-jobs] INFO  o.a.e.impl.asyncexecutor.AcquireTimerJobsRunnable - {} stopped async job due acquisition
2020-06-24 16:18:38.968 [activiti-acquire-async-jobs] INFO  o.a.e.i.asyncexecutor.AcquireAsyncJobsDueRunnable - {} stopped async job due acquisition
2020-06-24 16:18:38.968 [activiti-reset-expired-jobs] INFO  o.a.e.impl.asyncexecutor.ResetExpiredJobsRunnable - {} stopped resetting expired jobs
2020-06-24 16:18:38.969 [SpringContextShutdownHook] INFO  o.s.scheduling.concurrent.ThreadPoolTaskExecutor - Shutting down ExecutorService 'applicationTaskExecutor'
2020-06-24 16:18:38.969 [SpringContextShutdownHook] INFO  com.zaxxer.hikari.HikariDataSource - HikariPool-1 - Shutdown initiated...
2020-06-24 16:18:38.979 [SpringContextShutdownHook] INFO  com.zaxxer.hikari.HikariDataSource - HikariPool-1 - Shutdown completed.
